[0.241s] Invoking command in '/home/jetsonnx/ros2_ws/build/sllidar_ros2': CMAKE_PREFIX_PATH=${CMAKE_PREFIX_PATH}:/opt/ros/foxy /usr/bin/cmake /home/jetsonnx/ros2_ws/src/sllidar_ros2 -DAMENT_CMAKE_SYMLINK_INSTALL=1 -DCMAKE_INSTALL_PREFIX=/home/jetsonnx/ros2_ws/install/sllidar_ros2
[1.428s] -- The C compiler identification is GNU 9.4.0
[2.322s] -- The CXX compiler identification is GNU 9.4.0
[2.496s] -- Check for working C compiler: /usr/bin/cc
[2.872s] -- Check for working C compiler: /usr/bin/cc -- works
[3.018s] -- Detecting C compiler ABI info
[3.681s] -- Detecting C compiler ABI info - done
[3.889s] -- Detecting C compile features
[3.892s] -- Detecting C compile features - done
[3.910s] -- Check for working CXX compiler: /usr/bin/c++
[4.552s] -- Check for working CXX compiler: /usr/bin/c++ -- works
[4.560s] -- Detecting CXX compiler ABI info
[5.087s] -- Detecting CXX compiler ABI info - done
[5.154s] -- Detecting CXX compile features
[5.157s] -- Detecting CXX compile features - done
[5.311s] -- Found ament_cmake: 0.9.12 (/opt/ros/foxy/share/ament_cmake/cmake)
[5.574s] -- Found PythonInterp: /usr/bin/python3 (found suitable version "3.8.10", minimum required is "3") 
[5.574s] -- Using PYTHON_EXECUTABLE: /usr/bin/python3
[6.792s] -- Override CMake install command with custom implementation using symlinks instead of copying resources
[7.093s] -- Found rclcpp: 2.4.3 (/opt/ros/foxy/share/rclcpp/cmake)
[7.527s] -- Using all available rosidl_typesupport_c: rosidl_typesupport_fastrtps_c;rosidl_typesupport_introspection_c
[7.708s] -- Found rosidl_adapter: 1.3.1 (/opt/ros/foxy/share/rosidl_adapter/cmake)
[8.653s] -- Found OpenSSL: /usr/lib/aarch64-linux-gnu/libcrypto.so (found version "1.1.1f")  
[8.911s] -- Found FastRTPS: /opt/ros/foxy/include  
[9.978s] -- Using all available rosidl_typesupport_cpp: rosidl_typesupport_fastrtps_cpp;rosidl_typesupport_introspection_cpp
[10.679s] -- Found rmw_implementation_cmake: 1.0.4 (/opt/ros/foxy/share/rmw_implementation_cmake/cmake)
[10.688s] -- Using RMW implementation 'rmw_fastrtps_cpp' as default
[10.695s] -- Looking for pthread.h
[11.217s] -- Looking for pthread.h - found
[11.219s] -- Performing Test CMAKE_HAVE_LIBC_PTHREAD
[11.718s] -- Performing Test CMAKE_HAVE_LIBC_PTHREAD - Failed
[11.720s] -- Looking for pthread_create in pthreads
[12.312s] -- Looking for pthread_create in pthreads - not found
[12.315s] -- Looking for pthread_create in pthread
[12.643s] -- Looking for pthread_create in pthread - found
[12.650s] -- Found Threads: TRUE  
[14.675s] -- Found sensor_msgs: 2.0.5 (/opt/ros/foxy/share/sensor_msgs/cmake)
[15.506s] -- Found std_srvs: 2.0.5 (/opt/ros/foxy/share/std_srvs/cmake)
[16.273s] -- Configuring done
[16.354s] -- Generating done
[16.362s] -- Build files have been written to: /home/jetsonnx/ros2_ws/build/sllidar_ros2
[16.401s] Invoked command in '/home/jetsonnx/ros2_ws/build/sllidar_ros2' returned '0': CMAKE_PREFIX_PATH=${CMAKE_PREFIX_PATH}:/opt/ros/foxy /usr/bin/cmake /home/jetsonnx/ros2_ws/src/sllidar_ros2 -DAMENT_CMAKE_SYMLINK_INSTALL=1 -DCMAKE_INSTALL_PREFIX=/home/jetsonnx/ros2_ws/install/sllidar_ros2
[16.416s] Invoking command in '/home/jetsonnx/ros2_ws/build/sllidar_ros2': CMAKE_PREFIX_PATH=${CMAKE_PREFIX_PATH}:/opt/ros/foxy /usr/bin/cmake --build /home/jetsonnx/ros2_ws/build/sllidar_ros2 -- -j4 -l4
[16.595s] [35m[1mScanning dependencies of target sllidar_client[0m
[16.598s] [35m[1mScanning dependencies of target sllidar_node[0m
[17.159s] [  5%] [32mBuilding CXX object CMakeFiles/sllidar_client.dir/src/sllidar_client.cpp.o[0m
[17.185s] [ 10%] [32mBuilding CXX object CMakeFiles/sllidar_node.dir/src/sllidar_node.cpp.o[0m
[17.200s] [ 15%] [32mBuilding CXX object CMakeFiles/sllidar_node.dir/sdk/src/arch/linux/net_socket.cpp.o[0m
[17.214s] [ 20%] [32mBuilding CXX object CMakeFiles/sllidar_node.dir/sdk/src/arch/linux/net_serial.cpp.o[0m
[19.168s] [01m[K/home/jetsonnx/ros2_ws/src/sllidar_ros2/sdk/src/arch/linux/net_serial.cpp:[m[K In member function ‘[01m[Kbool rp::arch::net::raw_serial::open(const char*, uint32_t, uint32_t)[m[K’:
[19.169s] [01m[K/home/jetsonnx/ros2_ws/src/sllidar_ros2/sdk/src/arch/linux/net_serial.cpp:97:74:[m[K [01;35m[Kwarning: [m[Kunused parameter ‘[01m[Kflags[m[K’ [[01;35m[K-Wunused-parameter[m[K]
[19.169s]    97 | bool raw_serial::open(const char * portname, uint32_t baudrate, [01;35m[Kuint32_t flags[m[K)
[19.169s]       |                                                                 [01;35m[K~~~~~~~~~^~~~~[m[K
[19.172s] [01m[K/home/jetsonnx/ros2_ws/src/sllidar_ros2/sdk/src/arch/linux/net_serial.cpp:[m[K In member function ‘[01m[Kvirtual void rp::arch::net::raw_serial::flush(_u32)[m[K’:
[19.173s] [01m[K/home/jetsonnx/ros2_ws/src/sllidar_ros2/sdk/src/arch/linux/net_serial.cpp:281:30:[m[K [01;35m[Kwarning: [m[Kunused parameter ‘[01m[Kflags[m[K’ [[01;35m[K-Wunused-parameter[m[K]
[19.173s]   281 | void raw_serial::flush( [01;35m[K_u32 flags[m[K)
[19.173s]       |                         [01;35m[K~~~~~^~~~~[m[K
[19.174s] [01m[K/home/jetsonnx/ros2_ws/src/sllidar_ros2/sdk/src/arch/linux/net_serial.cpp:[m[K In member function ‘[01m[Kvirtual int rp::arch::net::raw_serial::waitforsent(_u32, size_t*)[m[K’:
[19.175s] [01m[K/home/jetsonnx/ros2_ws/src/sllidar_ros2/sdk/src/arch/linux/net_serial.cpp:286:34:[m[K [01;35m[Kwarning: [m[Kunused parameter ‘[01m[Ktimeout[m[K’ [[01;35m[K-Wunused-parameter[m[K]
[19.175s]   286 | int raw_serial::waitforsent([01;35m[K_u32 timeout[m[K, size_t * returned_size)
[19.175s]       |                             [01;35m[K~~~~~^~~~~~~[m[K
[19.176s] [01m[K/home/jetsonnx/ros2_ws/src/sllidar_ros2/sdk/src/arch/linux/net_serial.cpp:[m[K In member function ‘[01m[Kvirtual int rp::arch::net::raw_serial::waitforrecv(_u32, size_t*)[m[K’:
[19.176s] [01m[K/home/jetsonnx/ros2_ws/src/sllidar_ros2/sdk/src/arch/linux/net_serial.cpp:292:34:[m[K [01;35m[Kwarning: [m[Kunused parameter ‘[01m[Ktimeout[m[K’ [[01;35m[K-Wunused-parameter[m[K]
[19.177s]   292 | int raw_serial::waitforrecv([01;35m[K_u32 timeout[m[K, size_t * returned_size)
[19.177s]       |                             [01;35m[K~~~~~^~~~~~~[m[K
[19.183s] [01m[K/home/jetsonnx/ros2_ws/src/sllidar_ros2/sdk/src/arch/linux/net_serial.cpp:[m[K In member function ‘[01m[Kvirtual void rp::arch::net::raw_serial::cancelOperation()[m[K’:
[19.183s] [01m[K/home/jetsonnx/ros2_ws/src/sllidar_ros2/sdk/src/arch/linux/net_serial.cpp:427:5:[m[K [01;35m[Kwarning: [m[Kvalue computed is not used [[01;35m[K-Wunused-value[m[K]
[19.184s]   427 |     [01;35m[K(int)::write(_selfpipe[1], "x", 1)[m[K;
[19.184s]       |     [01;35m[K^~~~~~~~~~~~~~~~~~~~~~~~~~~~~~~~~~[m[K
[19.505s] In file included from [01m[K/home/jetsonnx/ros2_ws/src/sllidar_ros2/./sdk/include/rplidar_protocol.h:36[m[K,
[19.506s]                  from [01m[K/home/jetsonnx/ros2_ws/src/sllidar_ros2/./sdk/include/rplidar.h:39[m[K,
[19.506s]                  from [01m[K/home/jetsonnx/ros2_ws/src/sllidar_ros2/./sdk/src/sdkcommon.h:49[m[K,
[19.506s]                  from [01m[K/home/jetsonnx/ros2_ws/src/sllidar_ros2/sdk/src/arch/linux/net_socket.cpp:10[m[K:
[19.507s] [01m[K/home/jetsonnx/ros2_ws/src/sllidar_ros2/./sdk/include/sl_lidar_protocol.h:66:16:[m[K [01;35m[Kwarning: [m[KISO C++ forbids zero-size array ‘[01m[Kdata[m[K’ [[01;35m[K-Wpedantic[m[K]
[19.507s]    66 |     sl_u8 data[[01;35m[K0[m[K];
[19.507s]       |                [01;35m[K^[m[K
[19.508s] In file included from [01m[K/home/jetsonnx/ros2_ws/src/sllidar_ros2/./sdk/include/rplidar_cmd.h:36[m[K,
[19.508s]                  from [01m[K/home/jetsonnx/ros2_ws/src/sllidar_ros2/./sdk/include/rplidar.h:40[m[K,
[19.508s]                  from [01m[K/home/jetsonnx/ros2_ws/src/sllidar_ros2/./sdk/src/sdkcommon.h:49[m[K,
[19.509s]                  from [01m[K/home/jetsonnx/ros2_ws/src/sllidar_ros2/sdk/src/arch/linux/net_socket.cpp:10[m[K:
[19.509s] [01m[K/home/jetsonnx/ros2_ws/src/sllidar_ros2/./sdk/include/sl_lidar_cmd.h:324:20:[m[K [01;35m[Kwarning: [m[KISO C++ forbids zero-size array ‘[01m[Kpayload[m[K’ [[01;35m[K-Wpedantic[m[K]
[19.510s]   324 |     sl_u8  payload[[01;35m[K0[m[K];
[19.510s]       |                    [01;35m[K^[m[K
[19.711s] In file included from [01m[K/home/jetsonnx/ros2_ws/src/sllidar_ros2/./sdk/src/arch/linux/arch_linux.h:42[m[K,
[19.711s]                  from [01m[K/home/jetsonnx/ros2_ws/src/sllidar_ros2/./sdk/src/sdkcommon.h:41[m[K,
[19.714s]                  from [01m[K/home/jetsonnx/ros2_ws/src/sllidar_ros2/sdk/src/arch/linux/net_socket.cpp:10[m[K:
[19.714s] [01m[K/home/jetsonnx/ros2_ws/src/sllidar_ros2/sdk/src/arch/linux/net_socket.cpp:[m[K In member function ‘[01m[Kvirtual u_result rp::arch::net::DGramSocketImpl::sendTo(const rp::net::SocketAddress*, const void*, size_t)[m[K’:
[19.714s] [01m[K/home/jetsonnx/ros2_ws/src/sllidar_ros2/sdk/src/arch/linux/net_socket.cpp:733:24:[m[K [01;35m[Kwarning: [m[Kcomparison of integer expressions of different signedness: ‘[01m[Kint[m[K’ and ‘[01m[Ksize_t[m[K’ {aka ‘[01m[Klong unsigned int[m[K’} [[01;35m[K-Wsign-compare[m[K]
[19.715s]   733 |             assert([01;35m[Kans == len[m[K);
[19.715s]       |                    [01;35m[K~~~~^~~~~~[m[K
[19.834s] [ 25%] [32mBuilding CXX object CMakeFiles/sllidar_node.dir/sdk/src/arch/linux/timer.cpp.o[0m
[20.458s] [ 30%] [32mBuilding CXX object CMakeFiles/sllidar_node.dir/sdk/src/dataunpacker/dataunpacker.cpp.o[0m
[21.392s] [ 35%] [32mBuilding CXX object CMakeFiles/sllidar_node.dir/sdk/src/dataunpacker/unpacker/handler_capsules.cpp.o[0m
[21.792s] In file included from [01m[K/home/jetsonnx/ros2_ws/src/sllidar_ros2/./sdk/include/rplidar_protocol.h:36[m[K,
[21.792s]                  from [01m[K/home/jetsonnx/ros2_ws/src/sllidar_ros2/./sdk/include/rplidar.h:39[m[K,
[21.793s]                  from [01m[K/home/jetsonnx/ros2_ws/src/sllidar_ros2/./sdk/src/sdkcommon.h:49[m[K,
[21.793s]                  from [01m[K/home/jetsonnx/ros2_ws/src/sllidar_ros2/sdk/src/dataunpacker/dataunnpacker_commondef.h:41[m[K,
[21.793s]                  from [01m[K/home/jetsonnx/ros2_ws/src/sllidar_ros2/sdk/src/dataunpacker/dataunpacker.cpp:39[m[K:
[21.794s] [01m[K/home/jetsonnx/ros2_ws/src/sllidar_ros2/./sdk/include/sl_lidar_protocol.h:66:16:[m[K [01;35m[Kwarning: [m[KISO C++ forbids zero-size array ‘[01m[Kdata[m[K’ [[01;35m[K-Wpedantic[m[K]
[21.794s]    66 |     sl_u8 data[[01;35m[K0[m[K];
[21.794s]       |                [01;35m[K^[m[K
[21.799s] In file included from [01m[K/home/jetsonnx/ros2_ws/src/sllidar_ros2/./sdk/include/rplidar_cmd.h:36[m[K,
[21.801s]                  from [01m[K/home/jetsonnx/ros2_ws/src/sllidar_ros2/./sdk/include/rplidar.h:40[m[K,
[21.801s]                  from [01m[K/home/jetsonnx/ros2_ws/src/sllidar_ros2/./sdk/src/sdkcommon.h:49[m[K,
[21.802s]                  from [01m[K/home/jetsonnx/ros2_ws/src/sllidar_ros2/sdk/src/dataunpacker/dataunnpacker_commondef.h:41[m[K,
[21.802s]                  from [01m[K/home/jetsonnx/ros2_ws/src/sllidar_ros2/sdk/src/dataunpacker/dataunpacker.cpp:39[m[K:
[21.802s] [01m[K/home/jetsonnx/ros2_ws/src/sllidar_ros2/./sdk/include/sl_lidar_cmd.h:324:20:[m[K [01;35m[Kwarning: [m[KISO C++ forbids zero-size array ‘[01m[Kpayload[m[K’ [[01;35m[K-Wpedantic[m[K]
[21.803s]   324 |     sl_u8  payload[[01;35m[K0[m[K];
[21.803s]       |                    [01;35m[K^[m[K
[22.304s] In file included from [01m[K/home/jetsonnx/ros2_ws/src/sllidar_ros2/sdk/src/dataunpacker/dataunpacker.cpp:40[m[K:
[22.304s] [01m[K/home/jetsonnx/ros2_ws/src/sllidar_ros2/sdk/src/dataunpacker/dataunpacker.h:[m[K In member function ‘[01m[Kvirtual void sl::internal::LIDARSampleDataListener::onCustomSampleDataDecoded(_u8, _u32, const void*, size_t)[m[K’:
[22.305s] [01m[K/home/jetsonnx/ros2_ws/src/sllidar_ros2/sdk/src/dataunpacker/dataunpacker.h:54:45:[m[K [01;35m[Kwarning: [m[Kunused parameter ‘[01m[KansType[m[K’ [[01;35m[K-Wunused-parameter[m[K]
[22.305s]    54 |  virtual void onCustomSampleDataDecoded([01;35m[K_u8 ansType[m[K, _u32 customCode, const void* data, size_t size) {}
[22.305s]       |                                         [01;35m[K~~~~^~~~~~~[m[K
[22.306s] [01m[K/home/jetsonnx/ros2_ws/src/sllidar_ros2/sdk/src/dataunpacker/dataunpacker.h:54:59:[m[K [01;35m[Kwarning: [m[Kunused parameter ‘[01m[KcustomCode[m[K’ [[01;35m[K-Wunused-parameter[m[K]
[22.306s]    54 |  virtual void onCustomSampleDataDecoded(_u8 ansType, [01;35m[K_u32 customCode[m[K, const void* data, size_t size) {}
[22.306s]       |                                                      [01;35m[K~~~~~^~~~~~~~~~[m[K
[22.307s] [01m[K/home/jetsonnx/ros2_ws/src/sllidar_ros2/sdk/src/dataunpacker/dataunpacker.h:54:83:[m[K [01;35m[Kwarning: [m[Kunused parameter ‘[01m[Kdata[m[K’ [[01;35m[K-Wunused-parameter[m[K]
[22.307s]    54 |  virtual void onCustomSampleDataDecoded(_u8 ansType, _u32 customCode, [01;35m[Kconst void* data[m[K, size_t size) {}
[22.307s]       |                                                                       [01;35m[K~~~~~~~~~~~~^~~~[m[K
[22.308s] [01m[K/home/jetsonnx/ros2_ws/src/sllidar_ros2/sdk/src/dataunpacker/dataunpacker.h:54:96:[m[K [01;35m[Kwarning: [m[Kunused parameter ‘[01m[Ksize[m[K’ [[01;35m[K-Wunused-parameter[m[K]
[22.308s]    54 |  virtual void onCustomSampleDataDecoded(_u8 ansType, _u32 customCode, const void* data, [01;35m[Ksize_t size[m[K) {}
[22.308s]       |                                                                                         [01;35m[K~~~~~~~^~~~[m[K
[22.309s] [01m[K/home/jetsonnx/ros2_ws/src/sllidar_ros2/sdk/src/dataunpacker/dataunpacker.h:[m[K In member function ‘[01m[Kvirtual void sl::internal::LIDARSampleDataListener::onDecodingError(int, _u8, const void*, size_t)[m[K’:
[22.309s] [01m[K/home/jetsonnx/ros2_ws/src/sllidar_ros2/sdk/src/dataunpacker/dataunpacker.h:56:35:[m[K [01;35m[Kwarning: [m[Kunused parameter ‘[01m[KerrMsg[m[K’ [[01;35m[K-Wunused-parameter[m[K]
[22.310s]    56 |  virtual void onDecodingError([01;35m[Kint errMsg[m[K, _u8 ansType, const void* payload, size_t size) {}
[22.310s]       |                               [01;35m[K~~~~^~~~~~[m[K
[22.310s] [01m[K/home/jetsonnx/ros2_ws/src/sllidar_ros2/sdk/src/dataunpacker/dataunpacker.h:56:47:[m[K [01;35m[Kwarning: [m[Kunused parameter ‘[01m[KansType[m[K’ [[01;35m[K-Wunused-parameter[m[K]
[22.310s]    56 |  virtual void onDecodingError(int errMsg, [01;35m[K_u8 ansType[m[K, const void* payload, size_t size) {}
[22.311s]       |                                           [01;35m[K~~~~^~~~~~~[m[K
[22.311s] [01m[K/home/jetsonnx/ros2_ws/src/sllidar_ros2/sdk/src/dataunpacker/dataunpacker.h:56:68:[m[K [01;35m[Kwarning: [m[Kunused parameter ‘[01m[Kpayload[m[K’ [[01;35m[K-Wunused-parameter[m[K]
[22.311s]    56 |  virtual void onDecodingError(int errMsg, _u8 ansType, [01;35m[Kconst void* payload[m[K, size_t size) {}
[22.312s]       |                                                        [01;35m[K~~~~~~~~~~~~^~~~~~~[m[K
[22.312s] [01m[K/home/jetsonnx/ros2_ws/src/sllidar_ros2/sdk/src/dataunpacker/dataunpacker.h:56:84:[m[K [01;35m[Kwarning: [m[Kunused parameter ‘[01m[Ksize[m[K’ [[01;35m[K-Wunused-parameter[m[K]
[22.312s]    56 |  virtual void onDecodingError(int errMsg, _u8 ansType, const void* payload, [01;35m[Ksize_t size[m[K) {}
[22.313s]       |                                                                             [01;35m[K~~~~~~~^~~~[m[K
[22.792s] In file included from [01m[K/home/jetsonnx/ros2_ws/src/sllidar_ros2/./sdk/include/rplidar_protocol.h:36[m[K,
[22.793s]                  from [01m[K/home/jetsonnx/ros2_ws/src/sllidar_ros2/./sdk/include/rplidar.h:39[m[K,
[22.793s]                  from [01m[K/home/jetsonnx/ros2_ws/src/sllidar_ros2/./sdk/src/sdkcommon.h:49[m[K,
[22.794s]                  from [01m[K/home/jetsonnx/ros2_ws/src/sllidar_ros2/sdk/src/dataunpacker/unpacker/../dataunnpacker_commondef.h:41[m[K,
[22.795s]                  from [01m[K/home/jetsonnx/ros2_ws/src/sllidar_ros2/sdk/src/dataunpacker/unpacker/handler_capsules.cpp:39[m[K:
[22.796s] [01m[K/home/jetsonnx/ros2_ws/src/sllidar_ros2/./sdk/include/sl_lidar_protocol.h:66:16:[m[K [01;35m[Kwarning: [m[KISO C++ forbids zero-size array ‘[01m[Kdata[m[K’ [[01;35m[K-Wpedantic[m[K]
[22.796s]    66 |     sl_u8 data[[01;35m[K0[m[K];
[22.797s]       |                [01;35m[K^[m[K
[22.802s] In file included from [01m[K/home/jetsonnx/ros2_ws/src/sllidar_ros2/./sdk/include/rplidar_cmd.h:36[m[K,
[22.802s]                  from [01m[K/home/jetsonnx/ros2_ws/src/sllidar_ros2/./sdk/include/rplidar.h:40[m[K,
[22.803s]                  from [01m[K/home/jetsonnx/ros2_ws/src/sllidar_ros2/./sdk/src/sdkcommon.h:49[m[K,
[22.804s]                  from [01m[K/home/jetsonnx/ros2_ws/src/sllidar_ros2/sdk/src/dataunpacker/unpacker/../dataunnpacker_commondef.h:41[m[K,
[22.805s]                  from [01m[K/home/jetsonnx/ros2_ws/src/sllidar_ros2/sdk/src/dataunpacker/unpacker/handler_capsules.cpp:39[m[K:
[22.805s] [01m[K/home/jetsonnx/ros2_ws/src/sllidar_ros2/./sdk/include/sl_lidar_cmd.h:324:20:[m[K [01;35m[Kwarning: [m[KISO C++ forbids zero-size array ‘[01m[Kpayload[m[K’ [[01;35m[K-Wpedantic[m[K]
[22.806s]   324 |     sl_u8  payload[[01;35m[K0[m[K];
[22.806s]       |                    [01;35m[K^[m[K
[23.361s] In file included from [01m[K/home/jetsonnx/ros2_ws/src/sllidar_ros2/sdk/src/dataunpacker/unpacker/handler_capsules.cpp:40[m[K:
[23.362s] [01m[K/home/jetsonnx/ros2_ws/src/sllidar_ros2/sdk/src/dataunpacker/unpacker/../dataunpacker.h:[m[K In member function ‘[01m[Kvirtual void sl::internal::LIDARSampleDataListener::onCustomSampleDataDecoded(_u8, _u32, const void*, size_t)[m[K’:
[23.362s] [01m[K/home/jetsonnx/ros2_ws/src/sllidar_ros2/sdk/src/dataunpacker/unpacker/../dataunpacker.h:54:45:[m[K [01;35m[Kwarning: [m[Kunused parameter ‘[01m[KansType[m[K’ [[01;35m[K-Wunused-parameter[m[K]
[23.362s]    54 |  virtual void onCustomSampleDataDecoded([01;35m[K_u8 ansType[m[K, _u32 customCode, const void* data, size_t size) {}
[23.363s]       |                                         [01;35m[K~~~~^~~~~~~[m[K
[23.363s] [01m[K/home/jetsonnx/ros2_ws/src/sllidar_ros2/sdk/src/dataunpacker/unpacker/../dataunpacker.h:54:59:[m[K [01;35m[Kwarning: [m[Kunused parameter ‘[01m[KcustomCode[m[K’ [[01;35m[K-Wunused-parameter[m[K]
[23.364s]    54 |  virtual void onCustomSampleDataDecoded(_u8 ansType, [01;35m[K_u32 customCode[m[K, const void* data, size_t size) {}
[23.364s]       |                                                      [01;35m[K~~~~~^~~~~~~~~~[m[K
[23.364s] [01m[K/home/jetsonnx/ros2_ws/src/sllidar_ros2/sdk/src/dataunpacker/unpacker/../dataunpacker.h:54:83:[m[K [01;35m[Kwarning: [m[Kunused parameter ‘[01m[Kdata[m[K’ [[01;35m[K-Wunused-parameter[m[K]
[23.365s]    54 |  virtual void onCustomSampleDataDecoded(_u8 ansType, _u32 customCode, [01;35m[Kconst void* data[m[K, size_t size) {}
[23.365s]       |                                                                       [01;35m[K~~~~~~~~~~~~^~~~[m[K
[23.366s] [01m[K/home/jetsonnx/ros2_ws/src/sllidar_ros2/sdk/src/dataunpacker/unpacker/../dataunpacker.h:54:96:[m[K [01;35m[Kwarning: [m[Kunused parameter ‘[01m[Ksize[m[K’ [[01;35m[K-Wunused-parameter[m[K]
[23.366s]    54 |  virtual void onCustomSampleDataDecoded(_u8 ansType, _u32 customCode, const void* data, [01;35m[Ksize_t size[m[K) {}
[23.366s]       |                                                                                         [01;35m[K~~~~~~~^~~~[m[K
[23.367s] [01m[K/home/jetsonnx/ros2_ws/src/sllidar_ros2/sdk/src/dataunpacker/unpacker/../dataunpacker.h:[m[K In member function ‘[01m[Kvirtual void sl::internal::LIDARSampleDataListener::onDecodingError(int, _u8, const void*, size_t)[m[K’:
[23.367s] [01m[K/home/jetsonnx/ros2_ws/src/sllidar_ros2/sdk/src/dataunpacker/unpacker/../dataunpacker.h:56:35:[m[K [01;35m[Kwarning: [m[Kunused parameter ‘[01m[KerrMsg[m[K’ [[01;35m[K-Wunused-parameter[m[K]
[23.367s]    56 |  virtual void onDecodingError([01;35m[Kint errMsg[m[K, _u8 ansType, const void* payload, size_t size) {}
[23.368s]       |                               [01;35m[K~~~~^~~~~~[m[K
[23.369s] [01m[K/home/jetsonnx/ros2_ws/src/sllidar_ros2/sdk/src/dataunpacker/unpacker/../dataunpacker.h:56:47:[m[K [01;35m[Kwarning: [m[Kunused parameter ‘[01m[KansType[m[K’ [[01;35m[K-Wunused-parameter[m[K]
[23.369s]    56 |  virtual void onDecodingError(int errMsg, [01;35m[K_u8 ansType[m[K, const void* payload, size_t size) {}
[23.370s]       |                                           [01;35m[K~~~~^~~~~~~[m[K
[23.370s] [01m[K/home/jetsonnx/ros2_ws/src/sllidar_ros2/sdk/src/dataunpacker/unpacker/../dataunpacker.h:56:68:[m[K [01;35m[Kwarning: [m[Kunused parameter ‘[01m[Kpayload[m[K’ [[01;35m[K-Wunused-parameter[m[K]
[23.370s]    56 |  virtual void onDecodingError(int errMsg, _u8 ansType, [01;35m[Kconst void* payload[m[K, size_t size) {}
[23.371s]       |                                                        [01;35m[K~~~~~~~~~~~~^~~~~~~[m[K
[23.371s] [01m[K/home/jetsonnx/ros2_ws/src/sllidar_ros2/sdk/src/dataunpacker/unpacker/../dataunpacker.h:56:84:[m[K [01;35m[Kwarning: [m[Kunused parameter ‘[01m[Ksize[m[K’ [[01;35m[K-Wunused-parameter[m[K]
[23.371s]    56 |  virtual void onDecodingError(int errMsg, _u8 ansType, const void* payload, [01;35m[Ksize_t size[m[K) {}
[23.372s]       |                                                                             [01;35m[K~~~~~~~^~~~[m[K
[23.429s] [01m[K/home/jetsonnx/ros2_ws/src/sllidar_ros2/sdk/src/dataunpacker/unpacker/handler_capsules.cpp:[m[K In member function ‘[01m[Kvoid sl::internal::unpacker::UnpackerHandler_DenseCapsuleNode::_onScanNodeDenseCapsuleData(rplidar_response_dense_capsule_measurement_nodes_t&, sl::internal::LIDARSampleDataUnpackerInner*)[m[K’:
[23.429s] [01m[K/home/jetsonnx/ros2_ws/src/sllidar_ros2/sdk/src/dataunpacker/unpacker/handler_capsules.cpp:763:108:[m[K [01;35m[Kwarning: [m[Ktype qualifiers ignored on cast result type [[01;35m[K-Wignored-qualifiers[m[K]
[23.429s]   763 |             const int dist = static_cast<const int>(_cached_previous_dense_capsuledata.cabins[pos].distance[01;35m[K)[m[K;
[23.430s]       |                                                                                                            [01;35m[K^[m[K
[23.510s] [ 40%] [32mBuilding CXX object CMakeFiles/sllidar_node.dir/sdk/src/dataunpacker/unpacker/handler_hqnode.cpp.o[0m
[24.313s] [ 45%] [32mBuilding CXX object CMakeFiles/sllidar_node.dir/sdk/src/dataunpacker/unpacker/handler_normalnode.cpp.o[0m
[24.863s] In file included from [01m[K/home/jetsonnx/ros2_ws/src/sllidar_ros2/./sdk/include/rplidar_protocol.h:36[m[K,
[24.863s]                  from [01m[K/home/jetsonnx/ros2_ws/src/sllidar_ros2/./sdk/include/rplidar.h:39[m[K,
[24.864s]                  from [01m[K/home/jetsonnx/ros2_ws/src/sllidar_ros2/./sdk/src/sdkcommon.h:49[m[K,
[24.864s]                  from [01m[K/home/jetsonnx/ros2_ws/src/sllidar_ros2/sdk/src/dataunpacker/unpacker/../dataunnpacker_commondef.h:41[m[K,
[24.864s]                  from [01m[K/home/jetsonnx/ros2_ws/src/sllidar_ros2/sdk/src/dataunpacker/unpacker/handler_hqnode.cpp:39[m[K:
[24.865s] [01m[K/home/jetsonnx/ros2_ws/src/sllidar_ros2/./sdk/include/sl_lidar_protocol.h:66:16:[m[K [01;35m[Kwarning: [m[KISO C++ forbids zero-size array ‘[01m[Kdata[m[K’ [[01;35m[K-Wpedantic[m[K]
[24.866s]    66 |     sl_u8 data[[01;35m[K0[m[K];
[24.866s]       |                [01;35m[K^[m[K
[24.871s] In file included from [01m[K/home/jetsonnx/ros2_ws/src/sllidar_ros2/./sdk/include/rplidar_cmd.h:36[m[K,
[24.872s]                  from [01m[K/home/jetsonnx/ros2_ws/src/sllidar_ros2/./sdk/include/rplidar.h:40[m[K,
[24.872s]                  from [01m[K/home/jetsonnx/ros2_ws/src/sllidar_ros2/./sdk/src/sdkcommon.h:49[m[K,
[24.873s]                  from [01m[K/home/jetsonnx/ros2_ws/src/sllidar_ros2/sdk/src/dataunpacker/unpacker/../dataunnpacker_commondef.h:41[m[K,
[24.873s]                  from [01m[K/home/jetsonnx/ros2_ws/src/sllidar_ros2/sdk/src/dataunpacker/unpacker/handler_hqnode.cpp:39[m[K:
[24.873s] [01m[K/home/jetsonnx/ros2_ws/src/sllidar_ros2/./sdk/include/sl_lidar_cmd.h:324:20:[m[K [01;35m[Kwarning: [m[KISO C++ forbids zero-size array ‘[01m[Kpayload[m[K’ [[01;35m[K-Wpedantic[m[K]
[24.874s]   324 |     sl_u8  payload[[01;35m[K0[m[K];
[24.874s]       |                    [01;35m[K^[m[K
[24.932s] In file included from [01m[K/home/jetsonnx/ros2_ws/src/sllidar_ros2/./sdk/include/sl_lidar_cmd.h:41[m[K,
[24.933s]                  from [01m[K/home/jetsonnx/ros2_ws/src/sllidar_ros2/./sdk/include/sl_lidar_driver.h:54[m[K,
[24.933s]                  from [01m[K/home/jetsonnx/ros2_ws/src/sllidar_ros2/./sdk/include/sl_lidar.h:36[m[K,
[24.933s]                  from [01m[K/home/jetsonnx/ros2_ws/src/sllidar_ros2/src/sllidar_node.cpp:38[m[K:
[24.933s] [01m[K/home/jetsonnx/ros2_ws/src/sllidar_ros2/./sdk/include/sl_lidar_protocol.h:66:16:[m[K [01;35m[Kwarning: [m[KISO C++ forbids zero-size array ‘[01m[Kdata[m[K’ [[01;35m[K-Wpedantic[m[K]
[24.934s]    66 |     sl_u8 data[[01;35m[K0[m[K];
[24.934s]       |                [01;35m[K^[m[K
[24.936s] In file included from [01m[K/home/jetsonnx/ros2_ws/src/sllidar_ros2/./sdk/include/sl_lidar_driver.h:54[m[K,
[24.936s]                  from [01m[K/home/jetsonnx/ros2_ws/src/sllidar_ros2/./sdk/include/sl_lidar.h:36[m[K,
[24.937s]                  from [01m[K/home/jetsonnx/ros2_ws/src/sllidar_ros2/src/sllidar_node.cpp:38[m[K:
[24.937s] [01m[K/home/jetsonnx/ros2_ws/src/sllidar_ros2/./sdk/include/sl_lidar_cmd.h:324:20:[m[K [01;35m[Kwarning: [m[KISO C++ forbids zero-size array ‘[01m[Kpayload[m[K’ [[01;35m[K-Wpedantic[m[K]
[24.938s]   324 |     sl_u8  payload[[01;35m[K0[m[K];
[24.938s]       |                    [01;35m[K^[m[K
[25.375s] In file included from [01m[K/home/jetsonnx/ros2_ws/src/sllidar_ros2/sdk/src/dataunpacker/unpacker/handler_hqnode.cpp:40[m[K:
[25.376s] [01m[K/home/jetsonnx/ros2_ws/src/sllidar_ros2/sdk/src/dataunpacker/unpacker/../dataunpacker.h:[m[K In member function ‘[01m[Kvirtual void sl::internal::LIDARSampleDataListener::onCustomSampleDataDecoded(_u8, _u32, const void*, size_t)[m[K’:
[25.377s] [01m[K/home/jetsonnx/ros2_ws/src/sllidar_ros2/sdk/src/dataunpacker/unpacker/../dataunpacker.h:54:45:[m[K [01;35m[Kwarning: [m[Kunused parameter ‘[01m[KansType[m[K’ [[01;35m[K-Wunused-parameter[m[K]
[25.378s]    54 |  virtual void onCustomSampleDataDecoded([01;35m[K_u8 ansType[m[K, _u32 customCode, const void* data, size_t size) {}
[25.378s]       |                                         [01;35m[K~~~~^~~~~~~[m[K
[25.378s] [01m[K/home/jetsonnx/ros2_ws/src/sllidar_ros2/sdk/src/dataunpacker/unpacker/../dataunpacker.h:54:59:[m[K [01;35m[Kwarning: [m[Kunused parameter ‘[01m[KcustomCode[m[K’ [[01;35m[K-Wunused-parameter[m[K]
[25.379s]    54 |  virtual void onCustomSampleDataDecoded(_u8 ansType, [01;35m[K_u32 customCode[m[K, const void* data, size_t size) {}
[25.379s]       |                                                      [01;35m[K~~~~~^~~~~~~~~~[m[K
[25.379s] [01m[K/home/jetsonnx/ros2_ws/src/sllidar_ros2/sdk/src/dataunpacker/unpacker/../dataunpacker.h:54:83:[m[K [01;35m[Kwarning: [m[Kunused parameter ‘[01m[Kdata[m[K’ [[01;35m[K-Wunused-parameter[m[K]
[25.380s]    54 |  virtual void onCustomSampleDataDecoded(_u8 ansType, _u32 customCode, [01;35m[Kconst void* data[m[K, size_t size) {}
[25.380s]       |                                                                       [01;35m[K~~~~~~~~~~~~^~~~[m[K
[25.380s] [01m[K/home/jetsonnx/ros2_ws/src/sllidar_ros2/sdk/src/dataunpacker/unpacker/../dataunpacker.h:54:96:[m[K [01;35m[Kwarning: [m[Kunused parameter ‘[01m[Ksize[m[K’ [[01;35m[K-Wunused-parameter[m[K]
[25.381s]    54 |  virtual void onCustomSampleDataDecoded(_u8 ansType, _u32 customCode, const void* data, [01;35m[Ksize_t size[m[K) {}
[25.381s]       |                                                                                         [01;35m[K~~~~~~~^~~~[m[K
[25.381s] [01m[K/home/jetsonnx/ros2_ws/src/sllidar_ros2/sdk/src/dataunpacker/unpacker/../dataunpacker.h:[m[K In member function ‘[01m[Kvirtual void sl::internal::LIDARSampleDataListener::onDecodingError(int, _u8, const void*, size_t)[m[K’:
[25.382s] [01m[K/home/jetsonnx/ros2_ws/src/sllidar_ros2/sdk/src/dataunpacker/unpacker/../dataunpacker.h:56:35:[m[K [01;35m[Kwarning: [m[Kunused parameter ‘[01m[KerrMsg[m[K’ [[01;35m[K-Wunused-parameter[m[K]
[25.382s]    56 |  virtual void onDecodingError([01;35m[Kint errMsg[m[K, _u8 ansType, const void* payload, size_t size) {}
[25.382s]       |                               [01;35m[K~~~~^~~~~~[m[K
[25.383s] [01m[K/home/jetsonnx/ros2_ws/src/sllidar_ros2/sdk/src/dataunpacker/unpacker/../dataunpacker.h:56:47:[m[K [01;35m[Kwarning: [m[Kunused parameter ‘[01m[KansType[m[K’ [[01;35m[K-Wunused-parameter[m[K]
[25.383s]    56 |  virtual void onDecodingError(int errMsg, [01;35m[K_u8 ansType[m[K, const void* payload, size_t size) {}
[25.383s]       |                                           [01;35m[K~~~~^~~~~~~[m[K
[25.384s] [01m[K/home/jetsonnx/ros2_ws/src/sllidar_ros2/sdk/src/dataunpacker/unpacker/../dataunpacker.h:56:68:[m[K [01;35m[Kwarning: [m[Kunused parameter ‘[01m[Kpayload[m[K’ [[01;35m[K-Wunused-parameter[m[K]
[25.384s]    56 |  virtual void onDecodingError(int errMsg, _u8 ansType, [01;35m[Kconst void* payload[m[K, size_t size) {}
[25.384s]       |                                                        [01;35m[K~~~~~~~~~~~~^~~~~~~[m[K
[25.385s] [01m[K/home/jetsonnx/ros2_ws/src/sllidar_ros2/sdk/src/dataunpacker/unpacker/../dataunpacker.h:56:84:[m[K [01;35m[Kwarning: [m[Kunused parameter ‘[01m[Ksize[m[K’ [[01;35m[K-Wunused-parameter[m[K]
[25.385s]    56 |  virtual void onDecodingError(int errMsg, _u8 ansType, const void* payload, [01;35m[Ksize_t size[m[K) {}
[25.385s]       |                                                                             [01;35m[K~~~~~~~^~~~[m[K
[25.665s] In file included from [01m[K/home/jetsonnx/ros2_ws/src/sllidar_ros2/./sdk/include/rplidar_protocol.h:36[m[K,
[25.665s]                  from [01m[K/home/jetsonnx/ros2_ws/src/sllidar_ros2/./sdk/include/rplidar.h:39[m[K,
[25.666s]                  from [01m[K/home/jetsonnx/ros2_ws/src/sllidar_ros2/./sdk/src/sdkcommon.h:49[m[K,
[25.666s]                  from [01m[K/home/jetsonnx/ros2_ws/src/sllidar_ros2/sdk/src/dataunpacker/unpacker/../dataunnpacker_commondef.h:41[m[K,
[25.666s]                  from [01m[K/home/jetsonnx/ros2_ws/src/sllidar_ros2/sdk/src/dataunpacker/unpacker/handler_normalnode.cpp:39[m[K:
[25.667s] [01m[K/home/jetsonnx/ros2_ws/src/sllidar_ros2/./sdk/include/sl_lidar_protocol.h:66:16:[m[K [01;35m[Kwarning: [m[KISO C++ forbids zero-size array ‘[01m[Kdata[m[K’ [[01;35m[K-Wpedantic[m[K]
[25.667s]    66 |     sl_u8 data[[01;35m[K0[m[K];
[25.667s]       |                [01;35m[K^[m[K
[25.673s] In file included from [01m[K/home/jetsonnx/ros2_ws/src/sllidar_ros2/./sdk/include/rplidar_cmd.h:36[m[K,
[25.673s]                  from [01m[K/home/jetsonnx/ros2_ws/src/sllidar_ros2/./sdk/include/rplidar.h:40[m[K,
[25.673s]                  from [01m[K/home/jetsonnx/ros2_ws/src/sllidar_ros2/./sdk/src/sdkcommon.h:49[m[K,
[25.674s]                  from [01m[K/home/jetsonnx/ros2_ws/src/sllidar_ros2/sdk/src/dataunpacker/unpacker/../dataunnpacker_commondef.h:41[m[K,
[25.674s]                  from [01m[K/home/jetsonnx/ros2_ws/src/sllidar_ros2/sdk/src/dataunpacker/unpacker/handler_normalnode.cpp:39[m[K:
[25.674s] [01m[K/home/jetsonnx/ros2_ws/src/sllidar_ros2/./sdk/include/sl_lidar_cmd.h:324:20:[m[K [01;35m[Kwarning: [m[KISO C++ forbids zero-size array ‘[01m[Kpayload[m[K’ [[01;35m[K-Wpedantic[m[K]
[25.675s]   324 |     sl_u8  payload[[01;35m[K0[m[K];
[25.675s]       |                    [01;35m[K^[m[K
[26.010s] [ 50%] [32mBuilding CXX object CMakeFiles/sllidar_node.dir/sdk/src/hal/thread.cpp.o[0m
[26.201s] In file included from [01m[K/home/jetsonnx/ros2_ws/src/sllidar_ros2/sdk/src/dataunpacker/unpacker/handler_normalnode.cpp:40[m[K:
[26.201s] [01m[K/home/jetsonnx/ros2_ws/src/sllidar_ros2/sdk/src/dataunpacker/unpacker/../dataunpacker.h:[m[K In member function ‘[01m[Kvirtual void sl::internal::LIDARSampleDataListener::onCustomSampleDataDecoded(_u8, _u32, const void*, size_t)[m[K’:
[26.202s] [01m[K/home/jetsonnx/ros2_ws/src/sllidar_ros2/sdk/src/dataunpacker/unpacker/../dataunpacker.h:54:45:[m[K [01;35m[Kwarning: [m[Kunused parameter ‘[01m[KansType[m[K’ [[01;35m[K-Wunused-parameter[m[K]
[26.202s]    54 |  virtual void onCustomSampleDataDecoded([01;35m[K_u8 ansType[m[K, _u32 customCode, const void* data, size_t size) {}
[26.202s]       |                                         [01;35m[K~~~~^~~~~~~[m[K
[26.203s] [01m[K/home/jetsonnx/ros2_ws/src/sllidar_ros2/sdk/src/dataunpacker/unpacker/../dataunpacker.h:54:59:[m[K [01;35m[Kwarning: [m[Kunused parameter ‘[01m[KcustomCode[m[K’ [[01;35m[K-Wunused-parameter[m[K]
[26.203s]    54 |  virtual void onCustomSampleDataDecoded(_u8 ansType, [01;35m[K_u32 customCode[m[K, const void* data, size_t size) {}
[26.203s]       |                                                      [01;35m[K~~~~~^~~~~~~~~~[m[K
[26.204s] [01m[K/home/jetsonnx/ros2_ws/src/sllidar_ros2/sdk/src/dataunpacker/unpacker/../dataunpacker.h:54:83:[m[K [01;35m[Kwarning: [m[Kunused parameter ‘[01m[Kdata[m[K’ [[01;35m[K-Wunused-parameter[m[K]
[26.204s]    54 |  virtual void onCustomSampleDataDecoded(_u8 ansType, _u32 customCode, [01;35m[Kconst void* data[m[K, size_t size) {}
[26.204s]       |                                                                       [01;35m[K~~~~~~~~~~~~^~~~[m[K
[26.205s] [01m[K/home/jetsonnx/ros2_ws/src/sllidar_ros2/sdk/src/dataunpacker/unpacker/../dataunpacker.h:54:96:[m[K [01;35m[Kwarning: [m[Kunused parameter ‘[01m[Ksize[m[K’ [[01;35m[K-Wunused-parameter[m[K]
[26.205s]    54 |  virtual void onCustomSampleDataDecoded(_u8 ansType, _u32 customCode, const void* data, [01;35m[Ksize_t size[m[K) {}
[26.205s]       |                                                                                         [01;35m[K~~~~~~~^~~~[m[K
[26.206s] [01m[K/home/jetsonnx/ros2_ws/src/sllidar_ros2/sdk/src/dataunpacker/unpacker/../dataunpacker.h:[m[K In member function ‘[01m[Kvirtual void sl::internal::LIDARSampleDataListener::onDecodingError(int, _u8, const void*, size_t)[m[K’:
[26.206s] [01m[K/home/jetsonnx/ros2_ws/src/sllidar_ros2/sdk/src/dataunpacker/unpacker/../dataunpacker.h:56:35:[m[K [01;35m[Kwarning: [m[Kunused parameter ‘[01m[KerrMsg[m[K’ [[01;35m[K-Wunused-parameter[m[K]
[26.206s]    56 |  virtual void onDecodingError([01;35m[Kint errMsg[m[K, _u8 ansType, const void* payload, size_t size) {}
[26.207s]       |                               [01;35m[K~~~~^~~~~~[m[K
[26.207s] [01m[K/home/jetsonnx/ros2_ws/src/sllidar_ros2/sdk/src/dataunpacker/unpacker/../dataunpacker.h:56:47:[m[K [01;35m[Kwarning: [m[Kunused parameter ‘[01m[KansType[m[K’ [[01;35m[K-Wunused-parameter[m[K]
[26.208s]    56 |  virtual void onDecodingError(int errMsg, [01;35m[K_u8 ansType[m[K, const void* payload, size_t size) {}
[26.208s]       |                                           [01;35m[K~~~~^~~~~~~[m[K
[26.208s] [01m[K/home/jetsonnx/ros2_ws/src/sllidar_ros2/sdk/src/dataunpacker/unpacker/../dataunpacker.h:56:68:[m[K [01;35m[Kwarning: [m[Kunused parameter ‘[01m[Kpayload[m[K’ [[01;35m[K-Wunused-parameter[m[K]
[26.209s]    56 |  virtual void onDecodingError(int errMsg, _u8 ansType, [01;35m[Kconst void* payload[m[K, size_t size) {}
[26.209s]       |                                                        [01;35m[K~~~~~~~~~~~~^~~~~~~[m[K
[26.209s] [01m[K/home/jetsonnx/ros2_ws/src/sllidar_ros2/sdk/src/dataunpacker/unpacker/../dataunpacker.h:56:84:[m[K [01;35m[Kwarning: [m[Kunused parameter ‘[01m[Ksize[m[K’ [[01;35m[K-Wunused-parameter[m[K]
[26.210s]    56 |  virtual void onDecodingError(int errMsg, _u8 ansType, const void* payload, [01;35m[Ksize_t size[m[K) {}
[26.211s]       |                                                                             [01;35m[K~~~~~~~^~~~[m[K
[26.852s] [ 55%] [32mBuilding CXX object CMakeFiles/sllidar_node.dir/sdk/src/rplidar_driver.cpp.o[0m
[27.504s] In file included from [01m[K/home/jetsonnx/ros2_ws/src/sllidar_ros2/./sdk/include/rplidar_protocol.h:36[m[K,
[27.505s]                  from [01m[K/home/jetsonnx/ros2_ws/src/sllidar_ros2/./sdk/include/rplidar.h:39[m[K,
[27.505s]                  from [01m[K/home/jetsonnx/ros2_ws/src/sllidar_ros2/./sdk/src/sdkcommon.h:49[m[K,
[27.506s]                  from [01m[K/home/jetsonnx/ros2_ws/src/sllidar_ros2/sdk/src/hal/thread.cpp:35[m[K:
[27.506s] [01m[K/home/jetsonnx/ros2_ws/src/sllidar_ros2/./sdk/include/sl_lidar_protocol.h:66:16:[m[K [01;35m[Kwarning: [m[KISO C++ forbids zero-size array ‘[01m[Kdata[m[K’ [[01;35m[K-Wpedantic[m[K]
[27.506s]    66 |     sl_u8 data[[01;35m[K0[m[K];
[27.507s]       |                [01;35m[K^[m[K
[27.511s] In file included from [01m[K/home/jetsonnx/ros2_ws/src/sllidar_ros2/./sdk/include/rplidar_cmd.h:36[m[K,
[27.511s]                  from [01m[K/home/jetsonnx/ros2_ws/src/sllidar_ros2/./sdk/include/rplidar.h:40[m[K,
[27.511s]                  from [01m[K/home/jetsonnx/ros2_ws/src/sllidar_ros2/./sdk/src/sdkcommon.h:49[m[K,
[27.512s]                  from [01m[K/home/jetsonnx/ros2_ws/src/sllidar_ros2/sdk/src/hal/thread.cpp:35[m[K:
[27.512s] [01m[K/home/jetsonnx/ros2_ws/src/sllidar_ros2/./sdk/include/sl_lidar_cmd.h:324:20:[m[K [01;35m[Kwarning: [m[KISO C++ forbids zero-size array ‘[01m[Kpayload[m[K’ [[01;35m[K-Wpedantic[m[K]
[27.512s]   324 |     sl_u8  payload[[01;35m[K0[m[K];
[27.513s]       |                    [01;35m[K^[m[K
[27.721s] In file included from [01m[K/home/jetsonnx/ros2_ws/src/sllidar_ros2/sdk/src/hal/thread.cpp:43[m[K:
[27.721s] [01m[K/home/jetsonnx/ros2_ws/src/sllidar_ros2/./sdk/src/arch/linux/thread.hpp:[m[K In static member function ‘[01m[Kstatic rp::hal::Thread rp::hal::Thread::create(thread_proc_t, void*)[m[K’:
[27.721s] [01m[K/home/jetsonnx/ros2_ws/src/sllidar_ros2/./sdk/src/arch/linux/thread.hpp:52:77:[m[K [01;35m[Kwarning: [m[Kcast between incompatible function types from ‘[01m[Kthread_proc_t[m[K’ {aka ‘[01m[Klong unsigned int (*)(void*)[m[K’} to ‘[01m[Kvoid* (*)(void*)[m[K’ [[01;35m[K-Wcast-function-type[m[K]
[27.722s]    52 |     pthread_create((pthread_t *)&newborn._handle, NULL, (void * (*)(void *))[01;35m[Kproc[m[K, data);
[27.722s]       |                                                                             [01;35m[K^~~~[m[K
[27.725s] [01m[K/home/jetsonnx/ros2_ws/src/sllidar_ros2/./sdk/src/arch/linux/thread.hpp:[m[K In member function ‘[01m[Ku_result rp::hal::Thread::join(long unsigned int)[m[K’:
[27.726s] [01m[K/home/jetsonnx/ros2_ws/src/sllidar_ros2/./sdk/src/arch/linux/thread.hpp:176:37:[m[K [01;35m[Kwarning: [m[Kunused parameter ‘[01m[Ktimeout[m[K’ [[01;35m[K-Wunused-parameter[m[K]
[27.726s]   176 | u_result Thread::join([01;35m[Kunsigned long timeout[m[K)
[27.726s]       |                       [01;35m[K~~~~~~~~~~~~~~^~~~~~~[m[K
[28.094s] [ 60%] [32mBuilding CXX object CMakeFiles/sllidar_node.dir/sdk/src/sl_async_transceiver.cpp.o[0m
[28.268s] In file included from [01m[K/home/jetsonnx/ros2_ws/src/sllidar_ros2/./sdk/include/rplidar_protocol.h:36[m[K,
[28.269s]                  from [01m[K/home/jetsonnx/ros2_ws/src/sllidar_ros2/./sdk/include/rplidar.h:39[m[K,
[28.269s]                  from [01m[K/home/jetsonnx/ros2_ws/src/sllidar_ros2/sdk/src/sdkcommon.h:49[m[K,
[28.269s]                  from [01m[K/home/jetsonnx/ros2_ws/src/sllidar_ros2/sdk/src/rplidar_driver.cpp:33[m[K:
[28.270s] [01m[K/home/jetsonnx/ros2_ws/src/sllidar_ros2/./sdk/include/sl_lidar_protocol.h:66:16:[m[K [01;35m[Kwarning: [m[KISO C++ forbids zero-size array ‘[01m[Kdata[m[K’ [[01;35m[K-Wpedantic[m[K]
[28.270s]    66 |     sl_u8 data[[01;35m[K0[m[K];
[28.270s]       |                [01;35m[K^[m[K
[28.271s] In file included from [01m[K/home/jetsonnx/ros2_ws/src/sllidar_ros2/./sdk/include/rplidar_cmd.h:36[m[K,
[28.271s]                  from [01m[K/home/jetsonnx/ros2_ws/src/sllidar_ros2/./sdk/include/rplidar.h:40[m[K,
[28.272s]                  from [01m[K/home/jetsonnx/ros2_ws/src/sllidar_ros2/sdk/src/sdkcommon.h:49[m[K,
[28.272s]                  from [01m[K/home/jetsonnx/ros2_ws/src/sllidar_ros2/sdk/src/rplidar_driver.cpp:33[m[K:
[28.272s] [01m[K/home/jetsonnx/ros2_ws/src/sllidar_ros2/./sdk/include/sl_lidar_cmd.h:324:20:[m[K [01;35m[Kwarning: [m[KISO C++ forbids zero-size array ‘[01m[Kpayload[m[K’ [[01;35m[K-Wpedantic[m[K]
[28.273s]   324 |     sl_u8  payload[[01;35m[K0[m[K];
[28.273s]       |                    [01;35m[K^[m[K
[28.610s] [01m[K/home/jetsonnx/ros2_ws/src/sllidar_ros2/sdk/src/rplidar_driver.cpp:[m[K In member function ‘[01m[Ku_result rp::standalone::rplidar::RPlidarDriver::connect(const char*, _u32, _u32)[m[K’:
[28.610s] [01m[K/home/jetsonnx/ros2_ws/src/sllidar_ros2/sdk/src/rplidar_driver.cpp:67:77:[m[K [01;35m[Kwarning: [m[Kunused parameter ‘[01m[Kflag[m[K’ [[01;35m[K-Wunused-parameter[m[K]
[28.611s]    67 |     u_result RPlidarDriver::connect(const char *path, _u32 portOrBaud, [01;35m[K_u32 flag[m[K)
[28.611s]       |                                                                        [01;35m[K~~~~~^~~~[m[K
[28.612s] [01m[K/home/jetsonnx/ros2_ws/src/sllidar_ros2/sdk/src/rplidar_driver.cpp:[m[K In member function ‘[01m[Ku_result rp::standalone::rplidar::RPlidarDriver::reset(_u32)[m[K’:
[28.612s] [01m[K/home/jetsonnx/ros2_ws/src/sllidar_ros2/sdk/src/rplidar_driver.cpp:101:40:[m[K [01;35m[Kwarning: [m[Kunused parameter ‘[01m[Ktimeout[m[K’ [[01;35m[K-Wunused-parameter[m[K]
[28.612s]   101 |     u_result RPlidarDriver::reset([01;35m[K_u32 timeout[m[K)
[28.613s]       |                                   [01;35m[K~~~~~^~~~~~~[m[K
[28.613s] [01m[K/home/jetsonnx/ros2_ws/src/sllidar_ros2/sdk/src/rplidar_driver.cpp:[m[K In member function ‘[01m[Ku_result rp::standalone::rplidar::RPlidarDriver::getScanDataWithInterval(rplidar_response_measurement_node_t*, size_t&)[m[K’:
[28.614s] [01m[K/home/jetsonnx/ros2_ws/src/sllidar_ros2/sdk/src/rplidar_driver.cpp:180:91:[m[K [01;35m[Kwarning: [m[Kunused parameter ‘[01m[Knodebuffer[m[K’ [[01;35m[K-Wunused-parameter[m[K]
[28.614s]   180 |     u_result RPlidarDriver::getScanDataWithInterval([01;35m[Krplidar_response_measurement_node_t * nodebuffer[m[K, size_t & count)
[28.615s]       |                                                     [01;35m[K~~~~~~~~~~~~~~~~~~~~~~~~~~~~~~~~~~~~~~^~~~~~~~~~[m[K
[28.615s] [01m[K/home/jetsonnx/ros2_ws/src/sllidar_ros2/sdk/src/rplidar_driver.cpp:180:112:[m[K [01;35m[Kwarning: [m[Kunused parameter ‘[01m[Kcount[m[K’ [[01;35m[K-Wunused-parameter[m[K]
[28.615s]   180 |     u_result RPlidarDriver::getScanDataWithInterval(rplidar_response_measurement_node_t * nodebuffer, [01;35m[Ksize_t & count[m[K)
[28.616s]       |                                                                                                       [01;35m[K~~~~~~~~~^~~~~[m[K
[29.092s] [ 65%] [32mBuilding CXX object CMakeFiles/sllidar_node.dir/sdk/src/sl_crc.cpp.o[0m
[29.161s] In file included from [01m[K/home/jetsonnx/ros2_ws/src/sllidar_ros2/./sdk/include/sl_lidar_cmd.h:41[m[K,
[29.162s]                  from [01m[K/home/jetsonnx/ros2_ws/src/sllidar_ros2/./sdk/include/sl_crc.h:36[m[K,
[29.163s]                  from [01m[K/home/jetsonnx/ros2_ws/src/sllidar_ros2/sdk/src/sl_crc.cpp:33[m[K:
[29.163s] [01m[K/home/jetsonnx/ros2_ws/src/sllidar_ros2/./sdk/include/sl_lidar_protocol.h:66:16:[m[K [01;35m[Kwarning: [m[KISO C++ forbids zero-size array ‘[01m[Kdata[m[K’ [[01;35m[K-Wpedantic[m[K]
[29.164s]    66 |     sl_u8 data[[01;35m[K0[m[K];
[29.164s]       |                [01;35m[K^[m[K
[29.165s] In file included from [01m[K/home/jetsonnx/ros2_ws/src/sllidar_ros2/./sdk/include/sl_crc.h:36[m[K,
[29.165s]                  from [01m[K/home/jetsonnx/ros2_ws/src/sllidar_ros2/sdk/src/sl_crc.cpp:33[m[K:
[29.165s] [01m[K/home/jetsonnx/ros2_ws/src/sllidar_ros2/./sdk/include/sl_lidar_cmd.h:324:20:[m[K [01;35m[Kwarning: [m[KISO C++ forbids zero-size array ‘[01m[Kpayload[m[K’ [[01;35m[K-Wpedantic[m[K]
[29.166s]   324 |     sl_u8  payload[[01;35m[K0[m[K];
[29.166s]       |                    [01;35m[K^[m[K
[29.433s] [ 70%] [32mBuilding CXX object CMakeFiles/sllidar_node.dir/sdk/src/sl_lidar_driver.cpp.o[0m
[29.438s] In file included from [01m[K/home/jetsonnx/ros2_ws/src/sllidar_ros2/./sdk/include/rplidar_protocol.h:36[m[K,
[29.439s]                  from [01m[K/home/jetsonnx/ros2_ws/src/sllidar_ros2/./sdk/include/rplidar.h:39[m[K,
[29.440s]                  from [01m[K/home/jetsonnx/ros2_ws/src/sllidar_ros2/sdk/src/sdkcommon.h:49[m[K,
[29.441s]                  from [01m[K/home/jetsonnx/ros2_ws/src/sllidar_ros2/sdk/src/sl_async_transceiver.cpp:35[m[K:
[29.441s] [01m[K/home/jetsonnx/ros2_ws/src/sllidar_ros2/./sdk/include/sl_lidar_protocol.h:66:16:[m[K [01;35m[Kwarning: [m[KISO C++ forbids zero-size array ‘[01m[Kdata[m[K’ [[01;35m[K-Wpedantic[m[K]
[29.442s]    66 |     sl_u8 data[[01;35m[K0[m[K];
[29.442s]       |                [01;35m[K^[m[K
[29.447s] In file included from [01m[K/home/jetsonnx/ros2_ws/src/sllidar_ros2/./sdk/include/rplidar_cmd.h:36[m[K,
[29.448s]                  from [01m[K/home/jetsonnx/ros2_ws/src/sllidar_ros2/./sdk/include/rplidar.h:40[m[K,
[29.449s]                  from [01m[K/home/jetsonnx/ros2_ws/src/sllidar_ros2/sdk/src/sdkcommon.h:49[m[K,
[29.449s]                  from [01m[K/home/jetsonnx/ros2_ws/src/sllidar_ros2/sdk/src/sl_async_transceiver.cpp:35[m[K:
[29.450s] [01m[K/home/jetsonnx/ros2_ws/src/sllidar_ros2/./sdk/include/sl_lidar_cmd.h:324:20:[m[K [01;35m[Kwarning: [m[KISO C++ forbids zero-size array ‘[01m[Kpayload[m[K’ [[01;35m[K-Wpedantic[m[K]
[29.451s]   324 |     sl_u8  payload[[01;35m[K0[m[K];
[29.451s]       |                    [01;35m[K^[m[K
[29.868s] In file included from [01m[K/home/jetsonnx/ros2_ws/src/sllidar_ros2/sdk/src/sl_async_transceiver.cpp:44[m[K:
[29.869s] [01m[K/home/jetsonnx/ros2_ws/src/sllidar_ros2/sdk/src/sl_async_transceiver.h:[m[K In member function ‘[01m[Kvirtual void sl::internal::IAsyncProtocolCodec::onChannelError(u_result)[m[K’:
[29.870s] [01m[K/home/jetsonnx/ros2_ws/src/sllidar_ros2/sdk/src/sl_async_transceiver.h:90:41:[m[K [01;35m[Kwarning: [m[Kunused parameter ‘[01m[KerrCode[m[K’ [[01;35m[K-Wunused-parameter[m[K]
[29.870s]    90 |  virtual void   onChannelError([01;35m[Ku_result errCode[m[K) {}
[29.870s]       |                                [01;35m[K~~~~~~~~~^~~~~~~[m[K
[30.524s] [ 75%] [32mBuilding CXX object CMakeFiles/sllidar_node.dir/sdk/src/sl_lidarprotocol_codec.cpp.o[0m
[31.125s] In file included from [01m[K/home/jetsonnx/ros2_ws/src/sllidar_ros2/./sdk/include/rplidar_protocol.h:36[m[K,
[31.126s]                  from [01m[K/home/jetsonnx/ros2_ws/src/sllidar_ros2/./sdk/include/rplidar.h:39[m[K,
[31.126s]                  from [01m[K/home/jetsonnx/ros2_ws/src/sllidar_ros2/sdk/src/sdkcommon.h:49[m[K,
[31.126s]                  from [01m[K/home/jetsonnx/ros2_ws/src/sllidar_ros2/sdk/src/sl_lidar_driver.cpp:33[m[K:
[31.127s] [01m[K/home/jetsonnx/ros2_ws/src/sllidar_ros2/./sdk/include/sl_lidar_protocol.h:66:16:[m[K [01;35m[Kwarning: [m[KISO C++ forbids zero-size array ‘[01m[Kdata[m[K’ [[01;35m[K-Wpedantic[m[K]
[31.127s]    66 |     sl_u8 data[[01;35m[K0[m[K];
[31.128s]       |                [01;35m[K^[m[K
[31.132s] In file included from [01m[K/home/jetsonnx/ros2_ws/src/sllidar_ros2/./sdk/include/rplidar_cmd.h:36[m[K,
[31.132s]                  from [01m[K/home/jetsonnx/ros2_ws/src/sllidar_ros2/./sdk/include/rplidar.h:40[m[K,
[31.133s]                  from [01m[K/home/jetsonnx/ros2_ws/src/sllidar_ros2/sdk/src/sdkcommon.h:49[m[K,
[31.133s]                  from [01m[K/home/jetsonnx/ros2_ws/src/sllidar_ros2/sdk/src/sl_lidar_driver.cpp:33[m[K:
[31.133s] [01m[K/home/jetsonnx/ros2_ws/src/sllidar_ros2/./sdk/include/sl_lidar_cmd.h:324:20:[m[K [01;35m[Kwarning: [m[KISO C++ forbids zero-size array ‘[01m[Kpayload[m[K’ [[01;35m[K-Wpedantic[m[K]
[31.134s]   324 |     sl_u8  payload[[01;35m[K0[m[K];
[31.134s]       |                    [01;35m[K^[m[K
[31.807s] In file included from [01m[K/home/jetsonnx/ros2_ws/src/sllidar_ros2/sdk/src/sl_lidar_driver.cpp:50[m[K:
[31.808s] [01m[K/home/jetsonnx/ros2_ws/src/sllidar_ros2/sdk/src/dataunpacker/dataunpacker.h:[m[K In member function ‘[01m[Kvirtual void sl::internal::LIDARSampleDataListener::onCustomSampleDataDecoded(_u8, _u32, const void*, size_t)[m[K’:
[31.809s] [01m[K/home/jetsonnx/ros2_ws/src/sllidar_ros2/sdk/src/dataunpacker/dataunpacker.h:54:45:[m[K [01;35m[Kwarning: [m[Kunused parameter ‘[01m[KansType[m[K’ [[01;35m[K-Wunused-parameter[m[K]
[31.810s]    54 |  virtual void onCustomSampleDataDecoded([01;35m[K_u8 ansType[m[K, _u32 customCode, const void* data, size_t size) {}
[31.811s]       |                                         [01;35m[K~~~~^~~~~~~[m[K
[31.812s] [01m[K/home/jetsonnx/ros2_ws/src/sllidar_ros2/sdk/src/dataunpacker/dataunpacker.h:54:59:[m[K [01;35m[Kwarning: [m[Kunused parameter ‘[01m[KcustomCode[m[K’ [[01;35m[K-Wunused-parameter[m[K]
[31.812s]    54 |  virtual void onCustomSampleDataDecoded(_u8 ansType, [01;35m[K_u32 customCode[m[K, const void* data, size_t size) {}
[31.813s]       |                                                      [01;35m[K~~~~~^~~~~~~~~~[m[K
[31.815s] [01m[K/home/jetsonnx/ros2_ws/src/sllidar_ros2/sdk/src/dataunpacker/dataunpacker.h:54:83:[m[K [01;35m[Kwarning: [m[Kunused parameter ‘[01m[Kdata[m[K’ [[01;35m[K-Wunused-parameter[m[K]
[31.816s]    54 |  virtual void onCustomSampleDataDecoded(_u8 ansType, _u32 customCode, [01;35m[Kconst void* data[m[K, size_t size) {}
[31.817s]       |                                                                       [01;35m[K~~~~~~~~~~~~^~~~[m[K
[31.817s] [01m[K/home/jetsonnx/ros2_ws/src/sllidar_ros2/sdk/src/dataunpacker/dataunpacker.h:54:96:[m[K [01;35m[Kwarning: [m[Kunused parameter ‘[01m[Ksize[m[K’ [[01;35m[K-Wunused-parameter[m[K]
[31.818s]    54 |  virtual void onCustomSampleDataDecoded(_u8 ansType, _u32 customCode, const void* data, [01;35m[Ksize_t size[m[K) {}
[31.819s]       |                                                                                         [01;35m[K~~~~~~~^~~~[m[K
[31.820s] [01m[K/home/jetsonnx/ros2_ws/src/sllidar_ros2/sdk/src/dataunpacker/dataunpacker.h:[m[K In member function ‘[01m[Kvirtual void sl::internal::LIDARSampleDataListener::onDecodingError(int, _u8, const void*, size_t)[m[K’:
[31.820s] [01m[K/home/jetsonnx/ros2_ws/src/sllidar_ros2/sdk/src/dataunpacker/dataunpacker.h:56:35:[m[K [01;35m[Kwarning: [m[Kunused parameter ‘[01m[KerrMsg[m[K’ [[01;35m[K-Wunused-parameter[m[K]
[31.821s]    56 |  virtual void onDecodingError([01;35m[Kint errMsg[m[K, _u8 ansType, const void* payload, size_t size) {}
[31.822s]       |                               [01;35m[K~~~~^~~~~~[m[K
[31.822s] [01m[K/home/jetsonnx/ros2_ws/src/sllidar_ros2/sdk/src/dataunpacker/dataunpacker.h:56:47:[m[K [01;35m[Kwarning: [m[Kunused parameter ‘[01m[KansType[m[K’ [[01;35m[K-Wunused-parameter[m[K]
[31.824s]    56 |  virtual void onDecodingError(int errMsg, [01;35m[K_u8 ansType[m[K, const void* payload, size_t size) {}
[31.824s]       |                                           [01;35m[K~~~~^~~~~~~[m[K
[31.824s] [01m[K/home/jetsonnx/ros2_ws/src/sllidar_ros2/sdk/src/dataunpacker/dataunpacker.h:56:68:[m[K [01;35m[Kwarning: [m[Kunused parameter ‘[01m[Kpayload[m[K’ [[01;35m[K-Wunused-parameter[m[K]
[31.825s]    56 |  virtual void onDecodingError(int errMsg, _u8 ansType, [01;35m[Kconst void* payload[m[K, size_t size) {}
[31.828s]       |                                                        [01;35m[K~~~~~~~~~~~~^~~~~~~[m[K
[31.829s] [01m[K/home/jetsonnx/ros2_ws/src/sllidar_ros2/sdk/src/dataunpacker/dataunpacker.h:56:84:[m[K [01;35m[Kwarning: [m[Kunused parameter ‘[01m[Ksize[m[K’ [[01;35m[K-Wunused-parameter[m[K]
[31.829s]    56 |  virtual void onDecodingError(int errMsg, _u8 ansType, const void* payload, [01;35m[Ksize_t size[m[K) {}
[31.829s]       |                                                                             [01;35m[K~~~~~~~^~~~[m[K
[31.876s] In file included from [01m[K/home/jetsonnx/ros2_ws/src/sllidar_ros2/sdk/src/sl_lidar_driver.cpp:51[m[K:
[31.877s] [01m[K/home/jetsonnx/ros2_ws/src/sllidar_ros2/sdk/src/sl_async_transceiver.h:[m[K In member function ‘[01m[Kvirtual void sl::internal::IAsyncProtocolCodec::onChannelError(u_result)[m[K’:
[31.878s] [01m[K/home/jetsonnx/ros2_ws/src/sllidar_ros2/sdk/src/sl_async_transceiver.h:90:41:[m[K [01;35m[Kwarning: [m[Kunused parameter ‘[01m[KerrCode[m[K’ [[01;35m[K-Wunused-parameter[m[K]
[31.878s]    90 |  virtual void   onChannelError([01;35m[Ku_result errCode[m[K) {}
[31.879s]       |                                [01;35m[K~~~~~~~~~^~~~~~~[m[K
[31.925s] In file included from [01m[K/home/jetsonnx/ros2_ws/src/sllidar_ros2/./sdk/include/rplidar_protocol.h:36[m[K,
[31.926s]                  from [01m[K/home/jetsonnx/ros2_ws/src/sllidar_ros2/./sdk/include/rplidar.h:39[m[K,
[31.926s]                  from [01m[K/home/jetsonnx/ros2_ws/src/sllidar_ros2/sdk/src/sdkcommon.h:49[m[K,
[31.927s]                  from [01m[K/home/jetsonnx/ros2_ws/src/sllidar_ros2/sdk/src/sl_lidarprotocol_codec.cpp:35[m[K:
[31.927s] [01m[K/home/jetsonnx/ros2_ws/src/sllidar_ros2/./sdk/include/sl_lidar_protocol.h:66:16:[m[K [01;35m[Kwarning: [m[KISO C++ forbids zero-size array ‘[01m[Kdata[m[K’ [[01;35m[K-Wpedantic[m[K]
[31.928s]    66 |     sl_u8 data[[01;35m[K0[m[K];
[31.928s]       |                [01;35m[K^[m[K
[31.929s] In file included from [01m[K/home/jetsonnx/ros2_ws/src/sllidar_ros2/./sdk/include/rplidar_cmd.h:36[m[K,
[31.929s]                  from [01m[K/home/jetsonnx/ros2_ws/src/sllidar_ros2/./sdk/include/rplidar.h:40[m[K,
[31.929s]                  from [01m[K/home/jetsonnx/ros2_ws/src/sllidar_ros2/sdk/src/sdkcommon.h:49[m[K,
[31.930s]                  from [01m[K/home/jetsonnx/ros2_ws/src/sllidar_ros2/sdk/src/sl_lidarprotocol_codec.cpp:35[m[K:
[31.930s] [01m[K/home/jetsonnx/ros2_ws/src/sllidar_ros2/./sdk/include/sl_lidar_cmd.h:324:20:[m[K [01;35m[Kwarning: [m[KISO C++ forbids zero-size array ‘[01m[Kpayload[m[K’ [[01;35m[K-Wpedantic[m[K]
[31.930s]   324 |     sl_u8  payload[[01;35m[K0[m[K];
[31.931s]       |                    [01;35m[K^[m[K
[32.037s] [01m[K/home/jetsonnx/ros2_ws/src/sllidar_ros2/sdk/src/sl_lidar_driver.cpp:[m[K In member function ‘[01m[Kvirtual sl_result sl::SlamtecLidarDriver::reset(sl_u32)[m[K’:
[32.037s] [01m[K/home/jetsonnx/ros2_ws/src/sllidar_ros2/sdk/src/sl_lidar_driver.cpp:511:32:[m[K [01;35m[Kwarning: [m[Kunused parameter ‘[01m[KtimeoutInMs[m[K’ [[01;35m[K-Wunused-parameter[m[K]
[32.038s]   511 |         sl_result reset([01;35m[Ksl_u32 timeoutInMs = DEFAULT_TIMEOUT[m[K)
[32.038s]       |                         [01;35m[K~~~~~~~^~~~~~~~~~~~~~~~~~~~~~~~~~~~~[m[K
[32.058s] [01m[K/home/jetsonnx/ros2_ws/src/sllidar_ros2/sdk/src/sl_lidar_driver.cpp:[m[K In member function ‘[01m[Kvirtual sl_result sl::SlamtecLidarDriver::startScan(bool, bool, sl_u32, sl::LidarScanMode*)[m[K’:
[32.058s] [01m[K/home/jetsonnx/ros2_ws/src/sllidar_ros2/sdk/src/sl_lidar_driver.cpp:586:69:[m[K [01;35m[Kwarning: [m[Kunused parameter ‘[01m[Koptions[m[K’ [[01;35m[K-Wunused-parameter[m[K]
[32.059s]   586 |         sl_result startScan(bool force, bool useTypicalScan, [01;35m[Ksl_u32 options = 0[m[K, LidarScanMode* outUsedScanMode = nullptr)
[32.059s]       |                                                              [01;35m[K~~~~~~~^~~~~~~~~~~[m[K
[32.071s] [01m[K/home/jetsonnx/ros2_ws/src/sllidar_ros2/sdk/src/sl_lidar_driver.cpp:[m[K In member function ‘[01m[Kvirtual sl_result sl::SlamtecLidarDriver::stop(sl_u32)[m[K’:
[32.072s] [01m[K/home/jetsonnx/ros2_ws/src/sllidar_ros2/sdk/src/sl_lidar_driver.cpp:763:31:[m[K [01;35m[Kwarning: [m[Kunused parameter ‘[01m[Ktimeout[m[K’ [[01;35m[K-Wunused-parameter[m[K]
[32.072s]   763 |         sl_result stop([01;35m[Ksl_u32 timeout = DEFAULT_TIMEOUT[m[K)
[32.073s]       |                        [01;35m[K~~~~~~~^~~~~~~~~~~~~~~~~~~~~~~~~[m[K
[32.085s] [01m[K/home/jetsonnx/ros2_ws/src/sllidar_ros2/sdk/src/sl_lidar_driver.cpp:[m[K In member function ‘[01m[Kvirtual sl_result sl::SlamtecLidarDriver::getFrequency(const sl::LidarScanMode&, const sl_lidar_response_measurement_node_hq_t*, size_t, float&)[m[K’:
[32.086s] [01m[K/home/jetsonnx/ros2_ws/src/sllidar_ros2/sdk/src/sl_lidar_driver.cpp:880:110:[m[K [01;35m[Kwarning: [m[Kunused parameter ‘[01m[Knodes[m[K’ [[01;35m[K-Wunused-parameter[m[K]
[32.086s]   880 |         sl_result getFrequency(const LidarScanMode& scanMode, [01;35m[Kconst sl_lidar_response_measurement_node_hq_t* nodes[m[K, size_t count, float& frequency)
[32.087s]       |                                                               [01;35m[K~~~~~~~~~~~~~~~~~~~~~~~~~~~~~~~~~~~~~~~~~~~~~~~^~~~~[m[K
[32.106s] [01m[K/home/jetsonnx/ros2_ws/src/sllidar_ros2/sdk/src/sl_lidar_driver.cpp:[m[K In member function ‘[01m[Kvirtual sl_result sl::SlamtecLidarDriver::getMotorInfo(sl::LidarMotorInfo&, sl_u32)[m[K’:
[32.107s] [01m[K/home/jetsonnx/ros2_ws/src/sllidar_ros2/sdk/src/sl_lidar_driver.cpp:1023:66:[m[K [01;35m[Kwarning: [m[Kunused parameter ‘[01m[KtimeoutInMs[m[K’ [[01;35m[K-Wunused-parameter[m[K]
[32.107s]  1023 |         sl_result getMotorInfo(LidarMotorInfo &motorInfo, [01;35m[Ksl_u32 timeoutInMs[m[K)
[32.107s]       |                                                           [01;35m[K~~~~~~~^~~~~~~~~~~[m[K
[32.121s] [01m[K/home/jetsonnx/ros2_ws/src/sllidar_ros2/sdk/src/sl_lidar_driver.cpp:[m[K In member function ‘[01m[Ku_result sl::SlamtecLidarDriver::getScanModeCount(sl_u16&, sl_u32)[m[K’:
[32.122s] [01m[K/home/jetsonnx/ros2_ws/src/sllidar_ros2/sdk/src/sl_lidar_driver.cpp:1199:61:[m[K [01;35m[Kwarning: [m[Kunused parameter ‘[01m[KtimeoutInMs[m[K’ [[01;35m[K-Wunused-parameter[m[K]
[32.122s]  1199 |         u_result getScanModeCount(sl_u16& modeCount, [01;35m[Ksl_u32 timeoutInMs = DEFAULT_TIMEOUT[m[K)
[32.122s]       |                                                      [01;35m[K~~~~~~~^~~~~~~~~~~~~~~~~~~~~~~~~~~~~[m[K
[32.268s] /home/jetsonnx/ros2_ws/src/sllidar_ros2/sdk/src/sl_lidar_driver.cpp: In instantiation of ‘[01m[Kvoid sl::RawSampleNodeHolder<T>::pushNode(_u64, const T*) [with T = sl_lidar_response_measurement_node_hq_t; _u64 = long unsigned int][m[K’:
[32.269s] [01m[K/home/jetsonnx/ros2_ws/src/sllidar_ros2/sdk/src/sl_lidar_driver.cpp:1648:61:[m[K   required from here
[32.269s] [01m[K/home/jetsonnx/ros2_ws/src/sllidar_ros2/sdk/src/sl_lidar_driver.cpp:202:28:[m[K [01;35m[Kwarning: [m[Kunused parameter ‘[01m[Ktimestamp_uS[m[K’ [[01;35m[K-Wunused-parameter[m[K]
[32.269s]   202 |         void pushNode([01;35m[K_u64 timestamp_uS[m[K, const T* node)
[32.271s]       |                       [01;35m[K~~~~~^~~~~~~~~~~~[m[K
[32.555s] In file included from [01m[K/home/jetsonnx/ros2_ws/src/sllidar_ros2/sdk/src/sl_lidarprotocol_codec.cpp:49[m[K:
[32.555s] [01m[K/home/jetsonnx/ros2_ws/src/sllidar_ros2/sdk/src/sl_async_transceiver.h:[m[K In member function ‘[01m[Kvirtual void sl::internal::IAsyncProtocolCodec::onChannelError(u_result)[m[K’:
[32.556s] [01m[K/home/jetsonnx/ros2_ws/src/sllidar_ros2/sdk/src/sl_async_transceiver.h:90:41:[m[K [01;35m[Kwarning: [m[Kunused parameter ‘[01m[KerrCode[m[K’ [[01;35m[K-Wunused-parameter[m[K]
[32.556s]    90 |  virtual void   onChannelError([01;35m[Ku_result errCode[m[K) {}
[32.556s]       |                                [01;35m[K~~~~~~~~~^~~~~~~[m[K
[32.856s] [01m[K/home/jetsonnx/ros2_ws/src/sllidar_ros2/sdk/src/sl_lidar_driver.cpp:[m[K At global scope:
[32.858s] [01m[K/home/jetsonnx/ros2_ws/src/sllidar_ros2/sdk/src/sl_lidar_driver.cpp:83:17:[m[K [01;35m[Kwarning: [m[K‘[01m[Kvoid sl::convert(const sl_lidar_response_measurement_node_hq_t&, sl_lidar_response_measurement_node_t&)[m[K’ defined but not used [[01;35m[K-Wunused-function[m[K]
[32.858s]    83 |     static void [01;35m[Kconvert[m[K(const sl_lidar_response_measurement_node_hq_t& from, sl_lidar_response_measurement_node_t& to)
[32.858s]       |                 [01;35m[K^~~~~~~[m[K
[32.859s] [01m[K/home/jetsonnx/ros2_ws/src/sllidar_ros2/sdk/src/sl_lidar_driver.cpp:75:17:[m[K [01;35m[Kwarning: [m[K‘[01m[Kvoid sl::convert(const sl_lidar_response_measurement_node_t&, sl_lidar_response_measurement_node_hq_t&)[m[K’ defined but not used [[01;35m[K-Wunused-function[m[K]
[32.859s]    75 |     static void [01;35m[Kconvert[m[K(const sl_lidar_response_measurement_node_t& from, sl_lidar_response_measurement_node_hq_t& to)
[32.860s]       |                 [01;35m[K^~~~~~~[m[K
[32.860s] [01m[K/home/jetsonnx/ros2_ws/src/sllidar_ros2/sdk/src/sl_lidar_driver.cpp:70:17:[m[K [01;35m[Kwarning: [m[K‘[01m[Kvoid sl::printDeprecationWarn(const char*, const char*)[m[K’ defined but not used [[01;35m[K-Wunused-function[m[K]
[32.860s]    70 |     static void [01;35m[KprintDeprecationWarn[m[K(const char* fn, const char* replacement)
[32.861s]       |                 [01;35m[K^~~~~~~~~~~~~~~~~~~~[m[K
[33.094s] [ 80%] [32mBuilding CXX object CMakeFiles/sllidar_node.dir/sdk/src/sl_serial_channel.cpp.o[0m
[34.163s] In file included from [01m[K/home/jetsonnx/ros2_ws/src/sllidar_ros2/./sdk/include/sl_lidar_cmd.h:41[m[K,
[34.164s]                  from [01m[K/home/jetsonnx/ros2_ws/src/sllidar_ros2/./sdk/include/sl_lidar_driver.h:54[m[K,
[34.165s]                  from [01m[K/home/jetsonnx/ros2_ws/src/sllidar_ros2/sdk/src/sl_serial_channel.cpp:33[m[K:
[34.165s] [01m[K/home/jetsonnx/ros2_ws/src/sllidar_ros2/./sdk/include/sl_lidar_protocol.h:66:16:[m[K [01;35m[Kwarning: [m[KISO C++ forbids zero-size array ‘[01m[Kdata[m[K’ [[01;35m[K-Wpedantic[m[K]
[34.166s]    66 |     sl_u8 data[[01;35m[K0[m[K];
[34.169s]       |                [01;35m[K^[m[K
[34.170s] In file included from [01m[K/home/jetsonnx/ros2_ws/src/sllidar_ros2/./sdk/include/sl_lidar_driver.h:54[m[K,
[34.170s]                  from [01m[K/home/jetsonnx/ros2_ws/src/sllidar_ros2/sdk/src/sl_serial_channel.cpp:33[m[K:
[34.170s] [01m[K/home/jetsonnx/ros2_ws/src/sllidar_ros2/./sdk/include/sl_lidar_cmd.h:324:20:[m[K [01;35m[Kwarning: [m[KISO C++ forbids zero-size array ‘[01m[Kpayload[m[K’ [[01;35m[K-Wpedantic[m[K]
[34.171s]   324 |     sl_u8  payload[[01;35m[K0[m[K];
[34.171s]       |                    [01;35m[K^[m[K
[34.714s] [ 85%] [32mBuilding CXX object CMakeFiles/sllidar_node.dir/sdk/src/sl_tcp_channel.cpp.o[0m
[34.788s] [ 90%] [32mBuilding CXX object CMakeFiles/sllidar_node.dir/sdk/src/sl_udp_channel.cpp.o[0m
[35.694s] In file included from [01m[K/home/jetsonnx/ros2_ws/src/sllidar_ros2/./sdk/include/sl_lidar_cmd.h:41[m[K,
[35.696s]                  from [01m[K/home/jetsonnx/ros2_ws/src/sllidar_ros2/./sdk/include/sl_lidar_driver.h:54[m[K,
[35.698s]                  from [01m[K/home/jetsonnx/ros2_ws/src/sllidar_ros2/sdk/src/sl_tcp_channel.cpp:33[m[K:
[35.708s] [01m[K/home/jetsonnx/ros2_ws/src/sllidar_ros2/./sdk/include/sl_lidar_protocol.h:66:16:[m[K [01;35m[Kwarning: [m[KISO C++ forbids zero-size array ‘[01m[Kdata[m[K’ [[01;35m[K-Wpedantic[m[K]
[35.708s]    66 |     sl_u8 data[[01;35m[K0[m[K];
[35.709s]       |                [01;35m[K^[m[K
[35.713s] In file included from [01m[K/home/jetsonnx/ros2_ws/src/sllidar_ros2/./sdk/include/sl_lidar_driver.h:54[m[K,
[35.720s]                  from [01m[K/home/jetsonnx/ros2_ws/src/sllidar_ros2/sdk/src/sl_tcp_channel.cpp:33[m[K:
[35.721s] [01m[K/home/jetsonnx/ros2_ws/src/sllidar_ros2/./sdk/include/sl_lidar_cmd.h:324:20:[m[K [01;35m[Kwarning: [m[KISO C++ forbids zero-size array ‘[01m[Kpayload[m[K’ [[01;35m[K-Wpedantic[m[K]
[35.722s]   324 |     sl_u8  payload[[01;35m[K0[m[K];
[35.723s]       |                    [01;35m[K^[m[K
[35.749s] [01m[K/home/jetsonnx/ros2_ws/src/sllidar_ros2/sdk/src/sl_tcp_channel.cpp:[m[K In member function ‘[01m[Kvoid sl::TcpChannel::setStatus(_u32)[m[K’:
[35.750s] [01m[K/home/jetsonnx/ros2_ws/src/sllidar_ros2/sdk/src/sl_tcp_channel.cpp:109:29:[m[K [01;35m[Kwarning: [m[Kunused parameter ‘[01m[Kflag[m[K’ [[01;35m[K-Wunused-parameter[m[K]
[35.751s]   109 |         void setStatus([01;35m[K_u32 flag[m[K){}
[35.751s]       |                        [01;35m[K~~~~~^~~~[m[K
[35.838s] In file included from [01m[K/home/jetsonnx/ros2_ws/src/sllidar_ros2/./sdk/include/sl_lidar_cmd.h:41[m[K,
[35.839s]                  from [01m[K/home/jetsonnx/ros2_ws/src/sllidar_ros2/./sdk/include/sl_lidar_driver.h:54[m[K,
[35.839s]                  from [01m[K/home/jetsonnx/ros2_ws/src/sllidar_ros2/sdk/src/sl_udp_channel.cpp:33[m[K:
[35.840s] [01m[K/home/jetsonnx/ros2_ws/src/sllidar_ros2/./sdk/include/sl_lidar_protocol.h:66:16:[m[K [01;35m[Kwarning: [m[KISO C++ forbids zero-size array ‘[01m[Kdata[m[K’ [[01;35m[K-Wpedantic[m[K]
[35.840s]    66 |     sl_u8 data[[01;35m[K0[m[K];
[35.840s]       |                [01;35m[K^[m[K
[35.845s] In file included from [01m[K/home/jetsonnx/ros2_ws/src/sllidar_ros2/./sdk/include/sl_lidar_driver.h:54[m[K,
[35.846s]                  from [01m[K/home/jetsonnx/ros2_ws/src/sllidar_ros2/sdk/src/sl_udp_channel.cpp:33[m[K:
[35.846s] [01m[K/home/jetsonnx/ros2_ws/src/sllidar_ros2/./sdk/include/sl_lidar_cmd.h:324:20:[m[K [01;35m[Kwarning: [m[KISO C++ forbids zero-size array ‘[01m[Kpayload[m[K’ [[01;35m[K-Wpedantic[m[K]
[35.846s]   324 |     sl_u8  payload[[01;35m[K0[m[K];
[35.847s]       |                    [01;35m[K^[m[K
[35.868s] [01m[K/home/jetsonnx/ros2_ws/src/sllidar_ros2/sdk/src/sl_udp_channel.cpp:[m[K In member function ‘[01m[Kvoid sl::UdpChannel::setStatus(_u32)[m[K’:
[35.868s] [01m[K/home/jetsonnx/ros2_ws/src/sllidar_ros2/sdk/src/sl_udp_channel.cpp:112:29:[m[K [01;35m[Kwarning: [m[Kunused parameter ‘[01m[Kflag[m[K’ [[01;35m[K-Wunused-parameter[m[K]
[35.869s]   112 |         void setStatus([01;35m[K_u32 flag[m[K){}
[35.869s]       |                        [01;35m[K~~~~~^~~~[m[K
[36.153s] [ 95%] [32m[1mLinking CXX executable sllidar_node[0m
[37.751s] [ 95%] Built target sllidar_node
[40.445s] [100%] [32m[1mLinking CXX executable sllidar_client[0m
[41.407s] [100%] Built target sllidar_client
[41.561s] Invoked command in '/home/jetsonnx/ros2_ws/build/sllidar_ros2' returned '0': CMAKE_PREFIX_PATH=${CMAKE_PREFIX_PATH}:/opt/ros/foxy /usr/bin/cmake --build /home/jetsonnx/ros2_ws/build/sllidar_ros2 -- -j4 -l4
[41.903s] Invoking command in '/home/jetsonnx/ros2_ws/build/sllidar_ros2': CMAKE_PREFIX_PATH=${CMAKE_PREFIX_PATH}:/opt/ros/foxy /usr/bin/cmake --install /home/jetsonnx/ros2_ws/build/sllidar_ros2
[41.935s] -- Install configuration: ""
[41.937s] -- Execute custom install script
[41.942s] -- Symlinking: /home/jetsonnx/ros2_ws/install/sllidar_ros2/share/sllidar_ros2/launch/sllidar_a1_launch.py
[41.981s] -- Symlinking: /home/jetsonnx/ros2_ws/install/sllidar_ros2/share/sllidar_ros2/launch/sllidar_a2m12_launch .py
[42.019s] -- Symlinking: /home/jetsonnx/ros2_ws/install/sllidar_ros2/share/sllidar_ros2/launch/sllidar_a2m7_launch.py
[42.057s] -- Symlinking: /home/jetsonnx/ros2_ws/install/sllidar_ros2/share/sllidar_ros2/launch/sllidar_a2m8_launch.py
[42.098s] -- Symlinking: /home/jetsonnx/ros2_ws/install/sllidar_ros2/share/sllidar_ros2/launch/sllidar_a3_launch.py
[42.137s] -- Symlinking: /home/jetsonnx/ros2_ws/install/sllidar_ros2/share/sllidar_ros2/launch/sllidar_c1_launch.py
[42.177s] -- Symlinking: /home/jetsonnx/ros2_ws/install/sllidar_ros2/share/sllidar_ros2/launch/sllidar_s1_launch.py
[42.216s] -- Symlinking: /home/jetsonnx/ros2_ws/install/sllidar_ros2/share/sllidar_ros2/launch/sllidar_s1_tcp_launch.py
[42.261s] -- Symlinking: /home/jetsonnx/ros2_ws/install/sllidar_ros2/share/sllidar_ros2/launch/sllidar_s2_launch.py
[42.302s] -- Symlinking: /home/jetsonnx/ros2_ws/install/sllidar_ros2/share/sllidar_ros2/launch/sllidar_s2e_launch.py
[42.340s] -- Symlinking: /home/jetsonnx/ros2_ws/install/sllidar_ros2/share/sllidar_ros2/launch/sllidar_s3_launch.py
[42.381s] -- Symlinking: /home/jetsonnx/ros2_ws/install/sllidar_ros2/share/sllidar_ros2/launch/sllidar_t1_launch.py
[42.427s] -- Symlinking: /home/jetsonnx/ros2_ws/install/sllidar_ros2/share/sllidar_ros2/launch/view_sllidar_a1_launch.py
[42.473s] -- Symlinking: /home/jetsonnx/ros2_ws/install/sllidar_ros2/share/sllidar_ros2/launch/view_sllidar_a2m12_launch.py
[42.516s] -- Symlinking: /home/jetsonnx/ros2_ws/install/sllidar_ros2/share/sllidar_ros2/launch/view_sllidar_a2m7_launch.py
[42.566s] -- Symlinking: /home/jetsonnx/ros2_ws/install/sllidar_ros2/share/sllidar_ros2/launch/view_sllidar_a2m8_launch.py
[42.607s] -- Symlinking: /home/jetsonnx/ros2_ws/install/sllidar_ros2/share/sllidar_ros2/launch/view_sllidar_a3_launch.py
[42.655s] -- Symlinking: /home/jetsonnx/ros2_ws/install/sllidar_ros2/share/sllidar_ros2/launch/view_sllidar_c1_launch.py
[42.699s] -- Symlinking: /home/jetsonnx/ros2_ws/install/sllidar_ros2/share/sllidar_ros2/launch/view_sllidar_s1_launch.py
[42.743s] -- Symlinking: /home/jetsonnx/ros2_ws/install/sllidar_ros2/share/sllidar_ros2/launch/view_sllidar_s1_tcp_launch.py
[42.793s] -- Symlinking: /home/jetsonnx/ros2_ws/install/sllidar_ros2/share/sllidar_ros2/launch/view_sllidar_s2_launch.py
[42.837s] -- Symlinking: /home/jetsonnx/ros2_ws/install/sllidar_ros2/share/sllidar_ros2/launch/view_sllidar_s2e_launch.py
[42.880s] -- Symlinking: /home/jetsonnx/ros2_ws/install/sllidar_ros2/share/sllidar_ros2/launch/view_sllidar_s3_launch.py
[42.923s] -- Symlinking: /home/jetsonnx/ros2_ws/install/sllidar_ros2/share/sllidar_ros2/launch/view_sllidar_t1_launch.py
[42.969s] -- Symlinking: /home/jetsonnx/ros2_ws/install/sllidar_ros2/share/sllidar_ros2/rviz/sllidar_ros2.rviz
[43.015s] -- Symlinking: /home/jetsonnx/ros2_ws/install/sllidar_ros2/lib/sllidar_ros2/sllidar_node
[43.060s] -- Symlinking: /home/jetsonnx/ros2_ws/install/sllidar_ros2/lib/sllidar_ros2/sllidar_client
[43.106s] -- Symlinking: /home/jetsonnx/ros2_ws/install/sllidar_ros2/share/ament_index/resource_index/package_run_dependencies/sllidar_ros2
[43.156s] -- Symlinking: /home/jetsonnx/ros2_ws/install/sllidar_ros2/share/ament_index/resource_index/parent_prefix_path/sllidar_ros2
[43.211s] -- Symlinking: /home/jetsonnx/ros2_ws/install/sllidar_ros2/share/sllidar_ros2/environment/ament_prefix_path.sh
[43.259s] -- Symlinking: /home/jetsonnx/ros2_ws/install/sllidar_ros2/share/sllidar_ros2/environment/ament_prefix_path.dsv
[43.300s] -- Symlinking: /home/jetsonnx/ros2_ws/install/sllidar_ros2/share/sllidar_ros2/environment/path.sh
[43.346s] -- Symlinking: /home/jetsonnx/ros2_ws/install/sllidar_ros2/share/sllidar_ros2/environment/path.dsv
[43.393s] -- Symlinking: /home/jetsonnx/ros2_ws/install/sllidar_ros2/share/sllidar_ros2/local_setup.bash
[43.436s] -- Symlinking: /home/jetsonnx/ros2_ws/install/sllidar_ros2/share/sllidar_ros2/local_setup.sh
[43.482s] -- Symlinking: /home/jetsonnx/ros2_ws/install/sllidar_ros2/share/sllidar_ros2/local_setup.zsh
[43.527s] -- Symlinking: /home/jetsonnx/ros2_ws/install/sllidar_ros2/share/sllidar_ros2/local_setup.dsv
[43.571s] -- Symlinking: /home/jetsonnx/ros2_ws/install/sllidar_ros2/share/sllidar_ros2/package.dsv
[43.616s] -- Symlinking: /home/jetsonnx/ros2_ws/install/sllidar_ros2/share/ament_index/resource_index/packages/sllidar_ros2
[43.660s] -- Symlinking: /home/jetsonnx/ros2_ws/install/sllidar_ros2/share/sllidar_ros2/cmake/ament_cmake_export_dependencies-extras.cmake
[43.704s] -- Symlinking: /home/jetsonnx/ros2_ws/install/sllidar_ros2/share/sllidar_ros2/cmake/ament_cmake_export_include_directories-extras.cmake
[43.748s] -- Symlinking: /home/jetsonnx/ros2_ws/install/sllidar_ros2/share/sllidar_ros2/cmake/sllidar_ros2Config.cmake
[43.792s] -- Symlinking: /home/jetsonnx/ros2_ws/install/sllidar_ros2/share/sllidar_ros2/cmake/sllidar_ros2Config-version.cmake
[43.841s] -- Symlinking: /home/jetsonnx/ros2_ws/install/sllidar_ros2/share/sllidar_ros2/package.xml
[43.908s] Invoked command in '/home/jetsonnx/ros2_ws/build/sllidar_ros2' returned '0': CMAKE_PREFIX_PATH=${CMAKE_PREFIX_PATH}:/opt/ros/foxy /usr/bin/cmake --install /home/jetsonnx/ros2_ws/build/sllidar_ros2
