[0.178s] Invoking command in '/home/jetson/ros2_ws/build/inital_pose': CMAKE_PREFIX_PATH=${CMAKE_PREFIX_PATH}:/opt/ros/foxy /usr/bin/cmake --build /home/jetson/ros2_ws/build/inital_pose -- -j8 -l8
[0.436s] [35m[1mScanning dependencies of target initialpose[0m
[0.625s] [ 50%] [32mBuilding CXX object CMakeFiles/initialpose.dir/src/initialpose.cpp.o[0m
[10.462s] [100%] [32m[1mLinking CXX executable initialpose[0m
[10.997s] [100%] Built target initialpose
[11.147s] Invoked command in '/home/jetson/ros2_ws/build/inital_pose' returned '0': CMAKE_PREFIX_PATH=${CMAKE_PREFIX_PATH}:/opt/ros/foxy /usr/bin/cmake --build /home/jetson/ros2_ws/build/inital_pose -- -j8 -l8
[11.270s] Invoking command in '/home/jetson/ros2_ws/build/inital_pose': CMAKE_PREFIX_PATH=${CMAKE_PREFIX_PATH}:/opt/ros/foxy /usr/bin/cmake --install /home/jetson/ros2_ws/build/inital_pose
[11.300s] -- Install configuration: ""
[11.301s] -- Execute custom install script
[11.304s] -- Up-to-date symlink: /home/jetson/ros2_ws/install/inital_pose/lib/inital_pose/initialpose
[11.306s] -- Up-to-date symlink: /home/jetson/ros2_ws/install/inital_pose/share/ament_index/resource_index/package_run_dependencies/inital_pose
[11.307s] -- Up-to-date symlink: /home/jetson/ros2_ws/install/inital_pose/share/ament_index/resource_index/parent_prefix_path/inital_pose
[11.308s] -- Up-to-date symlink: /home/jetson/ros2_ws/install/inital_pose/share/inital_pose/environment/ament_prefix_path.sh
[11.309s] -- Up-to-date symlink: /home/jetson/ros2_ws/install/inital_pose/share/inital_pose/environment/ament_prefix_path.dsv
[11.311s] -- Up-to-date symlink: /home/jetson/ros2_ws/install/inital_pose/share/inital_pose/environment/path.sh
[11.312s] -- Up-to-date symlink: /home/jetson/ros2_ws/install/inital_pose/share/inital_pose/environment/path.dsv
[11.313s] -- Up-to-date symlink: /home/jetson/ros2_ws/install/inital_pose/share/inital_pose/local_setup.bash
[11.314s] -- Up-to-date symlink: /home/jetson/ros2_ws/install/inital_pose/share/inital_pose/local_setup.sh
[11.316s] -- Up-to-date symlink: /home/jetson/ros2_ws/install/inital_pose/share/inital_pose/local_setup.zsh
[11.317s] -- Up-to-date symlink: /home/jetson/ros2_ws/install/inital_pose/share/inital_pose/local_setup.dsv
[11.317s] -- Symlinking: /home/jetson/ros2_ws/install/inital_pose/share/inital_pose/package.dsv
[11.359s] -- Up-to-date symlink: /home/jetson/ros2_ws/install/inital_pose/share/ament_index/resource_index/packages/inital_pose
[11.360s] -- Up-to-date symlink: /home/jetson/ros2_ws/install/inital_pose/share/inital_pose/cmake/ament_cmake_export_dependencies-extras.cmake
[11.361s] -- Up-to-date symlink: /home/jetson/ros2_ws/install/inital_pose/share/inital_pose/cmake/inital_poseConfig.cmake
[11.362s] -- Up-to-date symlink: /home/jetson/ros2_ws/install/inital_pose/share/inital_pose/cmake/inital_poseConfig-version.cmake
[11.363s] -- Up-to-date symlink: /home/jetson/ros2_ws/install/inital_pose/share/inital_pose/package.xml
[11.374s] Invoked command in '/home/jetson/ros2_ws/build/inital_pose' returned '0': CMAKE_PREFIX_PATH=${CMAKE_PREFIX_PATH}:/opt/ros/foxy /usr/bin/cmake --install /home/jetson/ros2_ws/build/inital_pose
