[0.077s] Invoking command in '/home/jetsonnx/ros2_ws/build/sllidar_ros2': CMAKE_PREFIX_PATH=${CMAKE_PREFIX_PATH}:/opt/ros/foxy /usr/bin/cmake --build /home/jetsonnx/ros2_ws/build/sllidar_ros2 -- -j4 -l4
[0.443s] [35m[1mScanning dependencies of target sllidar_node[0m
[0.525s] [ 10%] Built target sllidar_client
[0.832s] [ 15%] [32mBuilding CXX object CMakeFiles/sllidar_node.dir/src/sllidar_node.cpp.o[0m
[6.384s] In file included from [01m[K/home/jetsonnx/ros2_ws/src/sllidar_ros2/./sdk/include/sl_lidar_cmd.h:41[m[K,
[6.385s]                  from [01m[K/home/jetsonnx/ros2_ws/src/sllidar_ros2/./sdk/include/sl_lidar_driver.h:54[m[K,
[6.385s]                  from [01m[K/home/jetsonnx/ros2_ws/src/sllidar_ros2/./sdk/include/sl_lidar.h:36[m[K,
[6.385s]                  from [01m[K/home/jetsonnx/ros2_ws/src/sllidar_ros2/src/sllidar_node.cpp:38[m[K:
[6.386s] [01m[K/home/jetsonnx/ros2_ws/src/sllidar_ros2/./sdk/include/sl_lidar_protocol.h:66:16:[m[K [01;35m[Kwarning: [m[KISO C++ forbids zero-size array ‘[01m[Kdata[m[K’ [[01;35m[K-Wpedantic[m[K]
[6.386s]    66 |     sl_u8 data[[01;35m[K0[m[K];
[6.387s]       |                [01;35m[K^[m[K
[6.387s] In file included from [01m[K/home/jetsonnx/ros2_ws/src/sllidar_ros2/./sdk/include/sl_lidar_driver.h:54[m[K,
[6.387s]                  from [01m[K/home/jetsonnx/ros2_ws/src/sllidar_ros2/./sdk/include/sl_lidar.h:36[m[K,
[6.388s]                  from [01m[K/home/jetsonnx/ros2_ws/src/sllidar_ros2/src/sllidar_node.cpp:38[m[K:
[6.388s] [01m[K/home/jetsonnx/ros2_ws/src/sllidar_ros2/./sdk/include/sl_lidar_cmd.h:324:20:[m[K [01;35m[Kwarning: [m[KISO C++ forbids zero-size array ‘[01m[Kpayload[m[K’ [[01;35m[K-Wpedantic[m[K]
[6.388s]   324 |     sl_u8  payload[[01;35m[K0[m[K];
[6.389s]       |                    [01;35m[K^[m[K
[13.700s] [ 20%] [32m[1mLinking CXX executable sllidar_node[0m
[15.613s] [100%] Built target sllidar_node
[15.760s] Invoked command in '/home/jetsonnx/ros2_ws/build/sllidar_ros2' returned '0': CMAKE_PREFIX_PATH=${CMAKE_PREFIX_PATH}:/opt/ros/foxy /usr/bin/cmake --build /home/jetsonnx/ros2_ws/build/sllidar_ros2 -- -j4 -l4
[16.098s] Invoking command in '/home/jetsonnx/ros2_ws/build/sllidar_ros2': CMAKE_PREFIX_PATH=${CMAKE_PREFIX_PATH}:/opt/ros/foxy /usr/bin/cmake --install /home/jetsonnx/ros2_ws/build/sllidar_ros2
[16.137s] -- Install configuration: ""
[16.139s] -- Execute custom install script
[16.143s] -- Up-to-date symlink: /home/jetsonnx/ros2_ws/install/sllidar_ros2/share/sllidar_ros2/launch/sllidar_a1_launch.py
[16.144s] -- Up-to-date symlink: /home/jetsonnx/ros2_ws/install/sllidar_ros2/share/sllidar_ros2/launch/sllidar_a2m12_launch .py
[16.145s] -- Up-to-date symlink: /home/jetsonnx/ros2_ws/install/sllidar_ros2/share/sllidar_ros2/launch/sllidar_a2m7_launch.py
[16.147s] -- Up-to-date symlink: /home/jetsonnx/ros2_ws/install/sllidar_ros2/share/sllidar_ros2/launch/sllidar_a2m8_launch.py
[16.148s] -- Up-to-date symlink: /home/jetsonnx/ros2_ws/install/sllidar_ros2/share/sllidar_ros2/launch/sllidar_a3_launch.py
[16.149s] -- Up-to-date symlink: /home/jetsonnx/ros2_ws/install/sllidar_ros2/share/sllidar_ros2/launch/sllidar_c1_launch.py
[16.150s] -- Up-to-date symlink: /home/jetsonnx/ros2_ws/install/sllidar_ros2/share/sllidar_ros2/launch/sllidar_s1_launch.py
[16.151s] -- Up-to-date symlink: /home/jetsonnx/ros2_ws/install/sllidar_ros2/share/sllidar_ros2/launch/sllidar_s1_tcp_launch.py
[16.152s] -- Up-to-date symlink: /home/jetsonnx/ros2_ws/install/sllidar_ros2/share/sllidar_ros2/launch/sllidar_s2_launch.py
[16.153s] -- Up-to-date symlink: /home/jetsonnx/ros2_ws/install/sllidar_ros2/share/sllidar_ros2/launch/sllidar_s2e_launch.py
[16.154s] -- Up-to-date symlink: /home/jetsonnx/ros2_ws/install/sllidar_ros2/share/sllidar_ros2/launch/sllidar_s3_launch.py
[16.155s] -- Up-to-date symlink: /home/jetsonnx/ros2_ws/install/sllidar_ros2/share/sllidar_ros2/launch/sllidar_t1_launch.py
[16.156s] -- Up-to-date symlink: /home/jetsonnx/ros2_ws/install/sllidar_ros2/share/sllidar_ros2/launch/view_sllidar_a1_launch.py
[16.157s] -- Up-to-date symlink: /home/jetsonnx/ros2_ws/install/sllidar_ros2/share/sllidar_ros2/launch/view_sllidar_a2m12_launch.py
[16.158s] -- Up-to-date symlink: /home/jetsonnx/ros2_ws/install/sllidar_ros2/share/sllidar_ros2/launch/view_sllidar_a2m7_launch.py
[16.159s] -- Up-to-date symlink: /home/jetsonnx/ros2_ws/install/sllidar_ros2/share/sllidar_ros2/launch/view_sllidar_a2m8_launch.py
[16.160s] -- Up-to-date symlink: /home/jetsonnx/ros2_ws/install/sllidar_ros2/share/sllidar_ros2/launch/view_sllidar_a3_launch.py
[16.160s] -- Up-to-date symlink: /home/jetsonnx/ros2_ws/install/sllidar_ros2/share/sllidar_ros2/launch/view_sllidar_c1_launch.py
[16.161s] -- Up-to-date symlink: /home/jetsonnx/ros2_ws/install/sllidar_ros2/share/sllidar_ros2/launch/view_sllidar_s1_launch.py
[16.162s] -- Up-to-date symlink: /home/jetsonnx/ros2_ws/install/sllidar_ros2/share/sllidar_ros2/launch/view_sllidar_s1_tcp_launch.py
[16.163s] -- Up-to-date symlink: /home/jetsonnx/ros2_ws/install/sllidar_ros2/share/sllidar_ros2/launch/view_sllidar_s2_launch.py
[16.164s] -- Up-to-date symlink: /home/jetsonnx/ros2_ws/install/sllidar_ros2/share/sllidar_ros2/launch/view_sllidar_s2e_launch.py
[16.165s] -- Up-to-date symlink: /home/jetsonnx/ros2_ws/install/sllidar_ros2/share/sllidar_ros2/launch/view_sllidar_s3_launch.py
[16.166s] -- Up-to-date symlink: /home/jetsonnx/ros2_ws/install/sllidar_ros2/share/sllidar_ros2/launch/view_sllidar_t1_launch.py
[16.168s] -- Up-to-date symlink: /home/jetsonnx/ros2_ws/install/sllidar_ros2/share/sllidar_ros2/rviz/sllidar_ros2.rviz
[16.170s] -- Up-to-date symlink: /home/jetsonnx/ros2_ws/install/sllidar_ros2/lib/sllidar_ros2/sllidar_node
[16.171s] -- Up-to-date symlink: /home/jetsonnx/ros2_ws/install/sllidar_ros2/lib/sllidar_ros2/sllidar_client
[16.173s] -- Up-to-date symlink: /home/jetsonnx/ros2_ws/install/sllidar_ros2/share/ament_index/resource_index/package_run_dependencies/sllidar_ros2
[16.175s] -- Up-to-date symlink: /home/jetsonnx/ros2_ws/install/sllidar_ros2/share/ament_index/resource_index/parent_prefix_path/sllidar_ros2
[16.176s] -- Up-to-date symlink: /home/jetsonnx/ros2_ws/install/sllidar_ros2/share/sllidar_ros2/environment/ament_prefix_path.sh
[16.178s] -- Up-to-date symlink: /home/jetsonnx/ros2_ws/install/sllidar_ros2/share/sllidar_ros2/environment/ament_prefix_path.dsv
[16.179s] -- Up-to-date symlink: /home/jetsonnx/ros2_ws/install/sllidar_ros2/share/sllidar_ros2/environment/path.sh
[16.181s] -- Up-to-date symlink: /home/jetsonnx/ros2_ws/install/sllidar_ros2/share/sllidar_ros2/environment/path.dsv
[16.182s] -- Up-to-date symlink: /home/jetsonnx/ros2_ws/install/sllidar_ros2/share/sllidar_ros2/local_setup.bash
[16.184s] -- Up-to-date symlink: /home/jetsonnx/ros2_ws/install/sllidar_ros2/share/sllidar_ros2/local_setup.sh
[16.185s] -- Up-to-date symlink: /home/jetsonnx/ros2_ws/install/sllidar_ros2/share/sllidar_ros2/local_setup.zsh
[16.187s] -- Up-to-date symlink: /home/jetsonnx/ros2_ws/install/sllidar_ros2/share/sllidar_ros2/local_setup.dsv
[16.187s] -- Symlinking: /home/jetsonnx/ros2_ws/install/sllidar_ros2/share/sllidar_ros2/package.dsv
[16.226s] -- Up-to-date symlink: /home/jetsonnx/ros2_ws/install/sllidar_ros2/share/ament_index/resource_index/packages/sllidar_ros2
[16.227s] -- Up-to-date symlink: /home/jetsonnx/ros2_ws/install/sllidar_ros2/share/sllidar_ros2/cmake/ament_cmake_export_dependencies-extras.cmake
[16.228s] -- Up-to-date symlink: /home/jetsonnx/ros2_ws/install/sllidar_ros2/share/sllidar_ros2/cmake/ament_cmake_export_include_directories-extras.cmake
[16.230s] -- Up-to-date symlink: /home/jetsonnx/ros2_ws/install/sllidar_ros2/share/sllidar_ros2/cmake/sllidar_ros2Config.cmake
[16.231s] -- Up-to-date symlink: /home/jetsonnx/ros2_ws/install/sllidar_ros2/share/sllidar_ros2/cmake/sllidar_ros2Config-version.cmake
[16.232s] -- Up-to-date symlink: /home/jetsonnx/ros2_ws/install/sllidar_ros2/share/sllidar_ros2/package.xml
[16.245s] Invoked command in '/home/jetsonnx/ros2_ws/build/sllidar_ros2' returned '0': CMAKE_PREFIX_PATH=${CMAKE_PREFIX_PATH}:/opt/ros/foxy /usr/bin/cmake --install /home/jetsonnx/ros2_ws/build/sllidar_ros2
