[0.163s] Invoking command in '/home/jetsonnx/ros2_ws/build/sllidar_ros2': CMAKE_PREFIX_PATH=${CMAKE_PREFIX_PATH}:/opt/ros/foxy /usr/bin/cmake --build /home/jetsonnx/ros2_ws/build/sllidar_ros2 -- -j4 -l4
[0.519s] [35m[1mScanning dependencies of target sllidar_node[0m
[0.842s] [ 10%] Built target sllidar_client
[1.078s] [ 15%] [32mBuilding CXX object CMakeFiles/sllidar_node.dir/src/sllidar_node.cpp.o[0m
[7.273s] In file included from [01m[K/home/jetsonnx/ros2_ws/src/sllidar_ros2/./sdk/include/sl_lidar_cmd.h:41[m[K,
[7.274s]                  from [01m[K/home/jetsonnx/ros2_ws/src/sllidar_ros2/./sdk/include/sl_lidar_driver.h:54[m[K,
[7.274s]                  from [01m[K/home/jetsonnx/ros2_ws/src/sllidar_ros2/./sdk/include/sl_lidar.h:36[m[K,
[7.275s]                  from [01m[K/home/jetsonnx/ros2_ws/src/sllidar_ros2/src/sllidar_node.cpp:38[m[K:
[7.275s] [01m[K/home/jetsonnx/ros2_ws/src/sllidar_ros2/./sdk/include/sl_lidar_protocol.h:66:16:[m[K [01;35m[Kwarning: [m[KISO C++ forbids zero-size array ‘[01m[Kdata[m[K’ [[01;35m[K-Wpedantic[m[K]
[7.276s]    66 |     sl_u8 data[[01;35m[K0[m[K];
[7.276s]       |                [01;35m[K^[m[K
[7.276s] In file included from [01m[K/home/jetsonnx/ros2_ws/src/sllidar_ros2/./sdk/include/sl_lidar_driver.h:54[m[K,
[7.277s]                  from [01m[K/home/jetsonnx/ros2_ws/src/sllidar_ros2/./sdk/include/sl_lidar.h:36[m[K,
[7.277s]                  from [01m[K/home/jetsonnx/ros2_ws/src/sllidar_ros2/src/sllidar_node.cpp:38[m[K:
[7.278s] [01m[K/home/jetsonnx/ros2_ws/src/sllidar_ros2/./sdk/include/sl_lidar_cmd.h:324:20:[m[K [01;35m[Kwarning: [m[KISO C++ forbids zero-size array ‘[01m[Kpayload[m[K’ [[01;35m[K-Wpedantic[m[K]
[7.278s]   324 |     sl_u8  payload[[01;35m[K0[m[K];
[7.278s]       |                    [01;35m[K^[m[K
[15.571s] [ 20%] [32m[1mLinking CXX executable sllidar_node[0m
[16.472s] [100%] Built target sllidar_node
[16.619s] Invoked command in '/home/jetsonnx/ros2_ws/build/sllidar_ros2' returned '0': CMAKE_PREFIX_PATH=${CMAKE_PREFIX_PATH}:/opt/ros/foxy /usr/bin/cmake --build /home/jetsonnx/ros2_ws/build/sllidar_ros2 -- -j4 -l4
[16.931s] Invoking command in '/home/jetsonnx/ros2_ws/build/sllidar_ros2': CMAKE_PREFIX_PATH=${CMAKE_PREFIX_PATH}:/opt/ros/foxy /usr/bin/cmake --install /home/jetsonnx/ros2_ws/build/sllidar_ros2
[16.987s] -- Install configuration: ""
[16.989s] -- Execute custom install script
[16.993s] -- Up-to-date symlink: /home/jetsonnx/ros2_ws/install/sllidar_ros2/share/sllidar_ros2/launch/sllidar_a1_launch.py
[16.994s] -- Up-to-date symlink: /home/jetsonnx/ros2_ws/install/sllidar_ros2/share/sllidar_ros2/launch/sllidar_a2m12_launch .py
[16.996s] -- Up-to-date symlink: /home/jetsonnx/ros2_ws/install/sllidar_ros2/share/sllidar_ros2/launch/sllidar_a2m7_launch.py
[16.996s] -- Up-to-date symlink: /home/jetsonnx/ros2_ws/install/sllidar_ros2/share/sllidar_ros2/launch/sllidar_a2m8_launch.py
[16.998s] -- Up-to-date symlink: /home/jetsonnx/ros2_ws/install/sllidar_ros2/share/sllidar_ros2/launch/sllidar_a3_launch.py
[16.999s] -- Up-to-date symlink: /home/jetsonnx/ros2_ws/install/sllidar_ros2/share/sllidar_ros2/launch/sllidar_c1_launch.py
[17.000s] -- Up-to-date symlink: /home/jetsonnx/ros2_ws/install/sllidar_ros2/share/sllidar_ros2/launch/sllidar_s1_launch.py
[17.001s] -- Up-to-date symlink: /home/jetsonnx/ros2_ws/install/sllidar_ros2/share/sllidar_ros2/launch/sllidar_s1_tcp_launch.py
[17.002s] -- Up-to-date symlink: /home/jetsonnx/ros2_ws/install/sllidar_ros2/share/sllidar_ros2/launch/sllidar_s2_launch.py
[17.003s] -- Up-to-date symlink: /home/jetsonnx/ros2_ws/install/sllidar_ros2/share/sllidar_ros2/launch/sllidar_s2e_launch.py
[17.004s] -- Up-to-date symlink: /home/jetsonnx/ros2_ws/install/sllidar_ros2/share/sllidar_ros2/launch/sllidar_s3_launch.py
[17.005s] -- Up-to-date symlink: /home/jetsonnx/ros2_ws/install/sllidar_ros2/share/sllidar_ros2/launch/sllidar_t1_launch.py
[17.006s] -- Up-to-date symlink: /home/jetsonnx/ros2_ws/install/sllidar_ros2/share/sllidar_ros2/launch/view_sllidar_a1_launch.py
[17.007s] -- Up-to-date symlink: /home/jetsonnx/ros2_ws/install/sllidar_ros2/share/sllidar_ros2/launch/view_sllidar_a2m12_launch.py
[17.007s] -- Up-to-date symlink: /home/jetsonnx/ros2_ws/install/sllidar_ros2/share/sllidar_ros2/launch/view_sllidar_a2m7_launch.py
[17.008s] -- Up-to-date symlink: /home/jetsonnx/ros2_ws/install/sllidar_ros2/share/sllidar_ros2/launch/view_sllidar_a2m8_launch.py
[17.009s] -- Up-to-date symlink: /home/jetsonnx/ros2_ws/install/sllidar_ros2/share/sllidar_ros2/launch/view_sllidar_a3_launch.py
[17.010s] -- Up-to-date symlink: /home/jetsonnx/ros2_ws/install/sllidar_ros2/share/sllidar_ros2/launch/view_sllidar_c1_launch.py
[17.011s] -- Up-to-date symlink: /home/jetsonnx/ros2_ws/install/sllidar_ros2/share/sllidar_ros2/launch/view_sllidar_s1_launch.py
[17.012s] -- Up-to-date symlink: /home/jetsonnx/ros2_ws/install/sllidar_ros2/share/sllidar_ros2/launch/view_sllidar_s1_tcp_launch.py
[17.013s] -- Up-to-date symlink: /home/jetsonnx/ros2_ws/install/sllidar_ros2/share/sllidar_ros2/launch/view_sllidar_s2_launch.py
[17.014s] -- Up-to-date symlink: /home/jetsonnx/ros2_ws/install/sllidar_ros2/share/sllidar_ros2/launch/view_sllidar_s2e_launch.py
[17.015s] -- Up-to-date symlink: /home/jetsonnx/ros2_ws/install/sllidar_ros2/share/sllidar_ros2/launch/view_sllidar_s3_launch.py
[17.016s] -- Up-to-date symlink: /home/jetsonnx/ros2_ws/install/sllidar_ros2/share/sllidar_ros2/launch/view_sllidar_t1_launch.py
[17.018s] -- Up-to-date symlink: /home/jetsonnx/ros2_ws/install/sllidar_ros2/share/sllidar_ros2/rviz/sllidar_ros2.rviz
[17.020s] -- Up-to-date symlink: /home/jetsonnx/ros2_ws/install/sllidar_ros2/lib/sllidar_ros2/sllidar_node
[17.021s] -- Up-to-date symlink: /home/jetsonnx/ros2_ws/install/sllidar_ros2/lib/sllidar_ros2/sllidar_client
[17.023s] -- Up-to-date symlink: /home/jetsonnx/ros2_ws/install/sllidar_ros2/share/ament_index/resource_index/package_run_dependencies/sllidar_ros2
[17.024s] -- Up-to-date symlink: /home/jetsonnx/ros2_ws/install/sllidar_ros2/share/ament_index/resource_index/parent_prefix_path/sllidar_ros2
[17.025s] -- Up-to-date symlink: /home/jetsonnx/ros2_ws/install/sllidar_ros2/share/sllidar_ros2/environment/ament_prefix_path.sh
[17.027s] -- Up-to-date symlink: /home/jetsonnx/ros2_ws/install/sllidar_ros2/share/sllidar_ros2/environment/ament_prefix_path.dsv
[17.028s] -- Up-to-date symlink: /home/jetsonnx/ros2_ws/install/sllidar_ros2/share/sllidar_ros2/environment/path.sh
[17.030s] -- Up-to-date symlink: /home/jetsonnx/ros2_ws/install/sllidar_ros2/share/sllidar_ros2/environment/path.dsv
[17.031s] -- Up-to-date symlink: /home/jetsonnx/ros2_ws/install/sllidar_ros2/share/sllidar_ros2/local_setup.bash
[17.032s] -- Up-to-date symlink: /home/jetsonnx/ros2_ws/install/sllidar_ros2/share/sllidar_ros2/local_setup.sh
[17.034s] -- Up-to-date symlink: /home/jetsonnx/ros2_ws/install/sllidar_ros2/share/sllidar_ros2/local_setup.zsh
[17.035s] -- Up-to-date symlink: /home/jetsonnx/ros2_ws/install/sllidar_ros2/share/sllidar_ros2/local_setup.dsv
[17.036s] -- Symlinking: /home/jetsonnx/ros2_ws/install/sllidar_ros2/share/sllidar_ros2/package.dsv
[17.076s] -- Up-to-date symlink: /home/jetsonnx/ros2_ws/install/sllidar_ros2/share/ament_index/resource_index/packages/sllidar_ros2
[17.077s] -- Up-to-date symlink: /home/jetsonnx/ros2_ws/install/sllidar_ros2/share/sllidar_ros2/cmake/ament_cmake_export_dependencies-extras.cmake
[17.079s] -- Up-to-date symlink: /home/jetsonnx/ros2_ws/install/sllidar_ros2/share/sllidar_ros2/cmake/ament_cmake_export_include_directories-extras.cmake
[17.080s] -- Up-to-date symlink: /home/jetsonnx/ros2_ws/install/sllidar_ros2/share/sllidar_ros2/cmake/sllidar_ros2Config.cmake
[17.081s] -- Up-to-date symlink: /home/jetsonnx/ros2_ws/install/sllidar_ros2/share/sllidar_ros2/cmake/sllidar_ros2Config-version.cmake
[17.083s] -- Up-to-date symlink: /home/jetsonnx/ros2_ws/install/sllidar_ros2/share/sllidar_ros2/package.xml
[17.103s] Invoked command in '/home/jetsonnx/ros2_ws/build/sllidar_ros2' returned '0': CMAKE_PREFIX_PATH=${CMAKE_PREFIX_PATH}:/opt/ros/foxy /usr/bin/cmake --install /home/jetsonnx/ros2_ws/build/sllidar_ros2
