[0.158s] Invoking command in '/home/jetson/ros2_ws/build/inital_pose': CMAKE_PREFIX_PATH=${CMAKE_PREFIX_PATH}:/opt/ros/foxy /usr/bin/cmake --build /home/jetson/ros2_ws/build/inital_pose -- -j8 -l8
[0.348s] [35m[1mScanning dependencies of target initialpose[0m
[0.554s] [ 50%] [32mBuilding CXX object CMakeFiles/initialpose.dir/src/initialpose.cpp.o[0m
[4.826s] [01m[K/home/jetson/ros2_ws/src/inital_pose/src/initialpose.cpp:45:44:[m[K [01;31m[Kerror: [m[Kredeclaration of ‘[01m[Kgeometry_msgs::msg::PoseWithCovariance InitalposePublisher::pose[m[K’
[4.826s]    45 |     geometry_msgs::msg::PoseWithCovariance [01;31m[Kpose[m[K;
[4.826s]       |                                            [01;31m[K^~~~[m[K
[4.827s] [01m[K/home/jetson/ros2_ws/src/inital_pose/src/initialpose.cpp:44:51:[m[K [01;36m[Knote: [m[Kprevious declaration ‘[01m[Kgeometry_msgs::msg::PoseWithCovarianceStamped InitalposePublisher::pose[m[K’
[4.827s]    44 |     geometry_msgs::msg::PoseWithCovarianceStamped [01;36m[Kpose[m[K;
[4.827s]       |                                                   [01;36m[K^~~~[m[K
[4.827s] [01m[K/home/jetson/ros2_ws/src/inital_pose/src/initialpose.cpp:46:30:[m[K [01;31m[Kerror: [m[Kredeclaration of ‘[01m[Kgeometry_msgs::msg::Pose InitalposePublisher::pose[m[K’
[4.828s]    46 |     geometry_msgs::msg::Pose [01;31m[Kpose[m[K;
[4.828s]       |                              [01;31m[K^~~~[m[K
[4.828s] [01m[K/home/jetson/ros2_ws/src/inital_pose/src/initialpose.cpp:44:51:[m[K [01;36m[Knote: [m[Kprevious declaration ‘[01m[Kgeometry_msgs::msg::PoseWithCovarianceStamped InitalposePublisher::pose[m[K’
[4.828s]    44 |     geometry_msgs::msg::PoseWithCovarianceStamped [01;36m[Kpose[m[K;
[4.829s]       |                                                   [01;36m[K^~~~[m[K
[4.849s] [01m[K/home/jetson/ros2_ws/src/inital_pose/src/initialpose.cpp:[m[K In member function ‘[01m[Kvoid InitalposePublisher::publish_initalpose_msg()[m[K’:
[4.850s] [01m[K/home/jetson/ros2_ws/src/inital_pose/src/initialpose.cpp:38:19:[m[K [01;31m[Kerror: [m[K‘[01m[Kusing _pose_type = struct geometry_msgs::msg::PoseWithCovariance_<std::allocator<void> >[m[K’ {aka ‘[01m[Kstruct geometry_msgs::msg::PoseWithCovariance_<std::allocator<void> >[m[K’} has no member named ‘[01m[Kpose2[m[K’; did you mean ‘[01m[Kpose[m[K’?
[4.850s]    38 |         pose.pose.[01;31m[Kpose2[m[K.position.x=0.0;
[4.850s]       |                   [01;31m[K^~~~~[m[K
[4.851s]       |                   [32m[Kpose[m[K
[4.851s] [01m[K/home/jetson/ros2_ws/src/inital_pose/src/initialpose.cpp:39:19:[m[K [01;31m[Kerror: [m[K‘[01m[Kusing _pose_type = struct geometry_msgs::msg::PoseWithCovariance_<std::allocator<void> >[m[K’ {aka ‘[01m[Kstruct geometry_msgs::msg::PoseWithCovariance_<std::allocator<void> >[m[K’} has no member named ‘[01m[Kpose2[m[K’; did you mean ‘[01m[Kpose[m[K’?
[4.851s]    39 |         pose.pose.[01;31m[Kpose2[m[K.position.y=0.0;
[4.851s]       |                   [01;31m[K^~~~~[m[K
[4.852s]       |                   [32m[Kpose[m[K
[4.852s] [01m[K/home/jetson/ros2_ws/src/inital_pose/src/initialpose.cpp:40:19:[m[K [01;31m[Kerror: [m[K‘[01m[Kusing _pose_type = struct geometry_msgs::msg::PoseWithCovariance_<std::allocator<void> >[m[K’ {aka ‘[01m[Kstruct geometry_msgs::msg::PoseWithCovariance_<std::allocator<void> >[m[K’} has no member named ‘[01m[Kpose2[m[K’; did you mean ‘[01m[Kpose[m[K’?
[4.852s]    40 |         pose.pose.[01;31m[Kpose2[m[K.position.z=0.0;
[4.852s]       |                   [01;31m[K^~~~~[m[K
[4.853s]       |                   [32m[Kpose[m[K
[4.853s] [01m[K/home/jetson/ros2_ws/src/inital_pose/src/initialpose.cpp:41:19:[m[K [01;31m[Kerror: [m[K‘[01m[Kusing _pose_type = struct geometry_msgs::msg::PoseWithCovariance_<std::allocator<void> >[m[K’ {aka ‘[01m[Kstruct geometry_msgs::msg::PoseWithCovariance_<std::allocator<void> >[m[K’} has no member named ‘[01m[Kpose2[m[K’; did you mean ‘[01m[Kpose[m[K’?
[4.853s]    41 |         pose.pose.[01;31m[Kpose2[m[K.orientation.w=0.1;
[4.853s]       |                   [01;31m[K^~~~~[m[K
[4.854s]       |                   [32m[Kpose[m[K
[7.291s] make[2]: *** [CMakeFiles/initialpose.dir/build.make:63: CMakeFiles/initialpose.dir/src/initialpose.cpp.o] Error 1
[7.292s] make[1]: *** [CMakeFiles/Makefile2:78: CMakeFiles/initialpose.dir/all] Error 2
[7.292s] make: *** [Makefile:141: all] Error 2
[7.300s] Invoked command in '/home/jetson/ros2_ws/build/inital_pose' returned '2': CMAKE_PREFIX_PATH=${CMAKE_PREFIX_PATH}:/opt/ros/foxy /usr/bin/cmake --build /home/jetson/ros2_ws/build/inital_pose -- -j8 -l8
