[35m[1mScanning dependencies of target initialpose[0m
[ 50%] [32mBuilding CXX object CMakeFiles/initialpose.dir/src/initialpose.cpp.o[0m
[01m[K/home/jetson/ros2_ws/src/inital_pose/src/initialpose.cpp:70:36:[m[K [01;31m[Kerror: [m[Kexpected ‘[01m[K;[m[K’ at end of member declaration
   70 |     geometry_msgs::msg::Quaternion [01;31m[Korientation[m[K
      |                                    [01;31m[K^~~~~~~~~~~[m[K
      |                                               [32m[K;[m[K
[01m[K/home/jetson/ros2_ws/src/inital_pose/src/initialpose.cpp:71:2:[m[K [01;31m[Kerror: [m[Kexpected ‘[01m[K;[m[K’ after class definition
   71 | }
      |  [01;31m[K^[m[K
      |  [32m[K;[m[K
[01m[K/home/jetson/ros2_ws/src/inital_pose/src/initialpose.cpp:66:5:[m[K [01;31m[Kerror: [m[Kexpected ‘[01m[K;[m[K’ before ‘[01m[Kgeometry_msgs[m[K’
   66 |     [01;31m[Kgeometry_msgs[m[K::msg::PoseWithCovarianceStamped pose;
      |     [01;31m[K^~~~~~~~~~~~~[m[K
[01m[K/home/jetson/ros2_ws/src/inital_pose/src/initialpose.cpp:[m[K In constructor ‘[01m[KInitalposePublisher::InitalposePublisher()[m[K’:
[01m[K/home/jetson/ros2_ws/src/inital_pose/src/initialpose.cpp:50:36:[m[K [01;31m[Kerror: [m[K‘[01m[KQos[m[K’ is not a member of ‘[01m[Krclcpp[m[K’; did you mean ‘[01m[KQoS[m[K’?
   50 |         auto qos_profile = rclcpp::[01;31m[KQos[m[K(rclcpp::KeepLast(10));
      |                                    [01;31m[K^~~[m[K
      |                                    [32m[KQoS[m[K
[01m[K/home/jetson/ros2_ws/src/inital_pose/src/initialpose.cpp:51:9:[m[K [01;31m[Kerror: [m[K‘[01m[Kinitalpose_publisher_[m[K’ was not declared in this scope; did you mean ‘[01m[KInitalposePublisher[m[K’?
   51 |         [01;31m[Kinitalpose_publisher_[m[K = this->create_publisher<geometry_msgs::msg::PoseWithCovarianceStamped>("initalpose",qos_profile);
      |         [01;31m[K^~~~~~~~~~~~~~~~~~~~~[m[K
      |         [32m[KInitalposePublisher[m[K
[01m[K/home/jetson/ros2_ws/src/inital_pose/src/initialpose.cpp:[m[K In member function ‘[01m[Kvoid InitalposePublisher::publish_initalpose_msg()[m[K’:
[01m[K/home/jetson/ros2_ws/src/inital_pose/src/initialpose.cpp:56:9:[m[K [01;31m[Kerror: [m[K‘[01m[Kpose[m[K’ was not declared in this scope; did you mean ‘[01m[Kpose1[m[K’?
   56 |         [01;31m[Kpose[m[K.header.frame_id=fixed_frame;
      |         [01;31m[K^~~~[m[K
      |         [32m[Kpose1[m[K
[01m[K/home/jetson/ros2_ws/src/inital_pose/src/initialpose.cpp:57:41:[m[K [01;31m[Kerror: [m[K‘[01m[Know[m[K’ is not a member of ‘[01m[Krclcpp::Time[m[K’
   57 |         pose.header.stamp=rclcpp::Time::[01;31m[Know[m[K();
      |                                         [01;31m[K^~~[m[K
[01m[K/home/jetson/ros2_ws/src/inital_pose/src/initialpose.cpp:[m[K In function ‘[01m[Kint main(int, char**)[m[K’:
[01m[K/home/jetson/ros2_ws/src/inital_pose/src/initialpose.cpp:76:33:[m[K [01;31m[Kerror: [m[K‘[01m[Kinitalpose_publisher[m[K’ was not declared in this scope; did you mean ‘[01m[KInitalposePublisher[m[K’?
   76 |     auto node =std::make_shared<[01;31m[Kinitalpose_publisher[m[K>();
      |                                 [01;31m[K^~~~~~~~~~~~~~~~~~~~[m[K
      |                                 [32m[KInitalposePublisher[m[K
[01m[K/home/jetson/ros2_ws/src/inital_pose/src/initialpose.cpp:76:55:[m[K [01;31m[Kerror: [m[Kno matching function for call to ‘[01m[Kmake_shared<<expression error> >()[m[K’
   76 |     auto node =std::make_shared<initalpose_publisher>([01;31m[K)[m[K;
      |                                                       [01;31m[K^[m[K
In file included from [01m[K/usr/include/c++/9/memory:81[m[K,
                 from [01m[K/home/jetson/ros2_ws/src/inital_pose/src/initialpose.cpp:3[m[K:
[01m[K/usr/include/c++/9/bits/shared_ptr.h:714:5:[m[K [01;36m[Knote: [m[Kcandidate: ‘[01m[Ktemplate<class _Tp, class ... _Args> std::shared_ptr<_Tp> std::make_shared(_Args&& ...)[m[K’
  714 |     [01;36m[Kmake_shared[m[K(_Args&&... __args)
      |     [01;36m[K^~~~~~~~~~~[m[K
[01m[K/usr/include/c++/9/bits/shared_ptr.h:714:5:[m[K [01;36m[Knote: [m[K  template argument deduction/substitution failed:
[01m[K/home/jetson/ros2_ws/src/inital_pose/src/initialpose.cpp:76:55:[m[K [01;31m[Kerror: [m[Ktemplate argument 1 is invalid
   76 |     auto node =std::make_shared<initalpose_publisher>([01;31m[K)[m[K;
      |                                                       [01;31m[K^[m[K
make[2]: *** [CMakeFiles/initialpose.dir/build.make:63: CMakeFiles/initialpose.dir/src/initialpose.cpp.o] Error 1
make[1]: *** [CMakeFiles/Makefile2:78: CMakeFiles/initialpose.dir/all] Error 2
make: *** [Makefile:141: all] Error 2
