[0.153s] Invoking command in '/home/jetsonnx/ros2_ws/build/sllidar_ros2': CMAKE_PREFIX_PATH=${CMAKE_PREFIX_PATH}:/opt/ros/foxy /usr/bin/cmake --build /home/jetsonnx/ros2_ws/build/sllidar_ros2 -- -j4 -l4
[0.529s] [ 10%] Built target sllidar_client
[0.560s] [100%] Built target sllidar_node
[0.652s] Invoked command in '/home/jetsonnx/ros2_ws/build/sllidar_ros2' returned '0': CMAKE_PREFIX_PATH=${CMAKE_PREFIX_PATH}:/opt/ros/foxy /usr/bin/cmake --build /home/jetsonnx/ros2_ws/build/sllidar_ros2 -- -j4 -l4
[1.042s] Invoking command in '/home/jetsonnx/ros2_ws/build/sllidar_ros2': CMAKE_PREFIX_PATH=${CMAKE_PREFIX_PATH}:/opt/ros/foxy /usr/bin/cmake --install /home/jetsonnx/ros2_ws/build/sllidar_ros2
[1.112s] -- Install configuration: ""
[1.117s] -- Execute custom install script
[1.125s] -- Up-to-date symlink: /home/jetsonnx/ros2_ws/install/sllidar_ros2/share/sllidar_ros2/launch/sllidar_a1_launch.py
[1.127s] -- Up-to-date symlink: /home/jetsonnx/ros2_ws/install/sllidar_ros2/share/sllidar_ros2/launch/sllidar_a2m12_launch .py
[1.129s] -- Up-to-date symlink: /home/jetsonnx/ros2_ws/install/sllidar_ros2/share/sllidar_ros2/launch/sllidar_a2m7_launch.py
[1.131s] -- Up-to-date symlink: /home/jetsonnx/ros2_ws/install/sllidar_ros2/share/sllidar_ros2/launch/sllidar_a2m8_launch.py
[1.133s] -- Up-to-date symlink: /home/jetsonnx/ros2_ws/install/sllidar_ros2/share/sllidar_ros2/launch/sllidar_a3_launch.py
[1.135s] -- Up-to-date symlink: /home/jetsonnx/ros2_ws/install/sllidar_ros2/share/sllidar_ros2/launch/sllidar_c1_launch.py
[1.138s] -- Up-to-date symlink: /home/jetsonnx/ros2_ws/install/sllidar_ros2/share/sllidar_ros2/launch/sllidar_s1_launch.py
[1.140s] -- Up-to-date symlink: /home/jetsonnx/ros2_ws/install/sllidar_ros2/share/sllidar_ros2/launch/sllidar_s1_tcp_launch.py
[1.143s] -- Up-to-date symlink: /home/jetsonnx/ros2_ws/install/sllidar_ros2/share/sllidar_ros2/launch/sllidar_s2_launch.py
[1.144s] -- Up-to-date symlink: /home/jetsonnx/ros2_ws/install/sllidar_ros2/share/sllidar_ros2/launch/sllidar_s2e_launch.py
[1.146s] -- Up-to-date symlink: /home/jetsonnx/ros2_ws/install/sllidar_ros2/share/sllidar_ros2/launch/sllidar_s3_launch.py
[1.148s] -- Up-to-date symlink: /home/jetsonnx/ros2_ws/install/sllidar_ros2/share/sllidar_ros2/launch/sllidar_t1_launch.py
[1.150s] -- Up-to-date symlink: /home/jetsonnx/ros2_ws/install/sllidar_ros2/share/sllidar_ros2/launch/view_sllidar_a1_launch.py
[1.152s] -- Up-to-date symlink: /home/jetsonnx/ros2_ws/install/sllidar_ros2/share/sllidar_ros2/launch/view_sllidar_a2m12_launch.py
[1.154s] -- Up-to-date symlink: /home/jetsonnx/ros2_ws/install/sllidar_ros2/share/sllidar_ros2/launch/view_sllidar_a2m7_launch.py
[1.156s] -- Up-to-date symlink: /home/jetsonnx/ros2_ws/install/sllidar_ros2/share/sllidar_ros2/launch/view_sllidar_a2m8_launch.py
[1.158s] -- Up-to-date symlink: /home/jetsonnx/ros2_ws/install/sllidar_ros2/share/sllidar_ros2/launch/view_sllidar_a3_launch.py
[1.160s] -- Up-to-date symlink: /home/jetsonnx/ros2_ws/install/sllidar_ros2/share/sllidar_ros2/launch/view_sllidar_c1_launch.py
[1.162s] -- Up-to-date symlink: /home/jetsonnx/ros2_ws/install/sllidar_ros2/share/sllidar_ros2/launch/view_sllidar_s1_launch.py
[1.165s] -- Up-to-date symlink: /home/jetsonnx/ros2_ws/install/sllidar_ros2/share/sllidar_ros2/launch/view_sllidar_s1_tcp_launch.py
[1.169s] -- Up-to-date symlink: /home/jetsonnx/ros2_ws/install/sllidar_ros2/share/sllidar_ros2/launch/view_sllidar_s2_launch.py
[1.171s] -- Up-to-date symlink: /home/jetsonnx/ros2_ws/install/sllidar_ros2/share/sllidar_ros2/launch/view_sllidar_s2e_launch.py
[1.173s] -- Up-to-date symlink: /home/jetsonnx/ros2_ws/install/sllidar_ros2/share/sllidar_ros2/launch/view_sllidar_s3_launch.py
[1.177s] -- Up-to-date symlink: /home/jetsonnx/ros2_ws/install/sllidar_ros2/share/sllidar_ros2/launch/view_sllidar_t1_launch.py
[1.182s] -- Up-to-date symlink: /home/jetsonnx/ros2_ws/install/sllidar_ros2/share/sllidar_ros2/rviz/sllidar_ros2.rviz
[1.187s] -- Up-to-date symlink: /home/jetsonnx/ros2_ws/install/sllidar_ros2/lib/sllidar_ros2/sllidar_node
[1.190s] -- Up-to-date symlink: /home/jetsonnx/ros2_ws/install/sllidar_ros2/lib/sllidar_ros2/sllidar_client
[1.195s] -- Up-to-date symlink: /home/jetsonnx/ros2_ws/install/sllidar_ros2/share/ament_index/resource_index/package_run_dependencies/sllidar_ros2
[1.199s] -- Up-to-date symlink: /home/jetsonnx/ros2_ws/install/sllidar_ros2/share/ament_index/resource_index/parent_prefix_path/sllidar_ros2
[1.202s] -- Up-to-date symlink: /home/jetsonnx/ros2_ws/install/sllidar_ros2/share/sllidar_ros2/environment/ament_prefix_path.sh
[1.205s] -- Up-to-date symlink: /home/jetsonnx/ros2_ws/install/sllidar_ros2/share/sllidar_ros2/environment/ament_prefix_path.dsv
[1.208s] -- Up-to-date symlink: /home/jetsonnx/ros2_ws/install/sllidar_ros2/share/sllidar_ros2/environment/path.sh
[1.211s] -- Up-to-date symlink: /home/jetsonnx/ros2_ws/install/sllidar_ros2/share/sllidar_ros2/environment/path.dsv
[1.214s] -- Up-to-date symlink: /home/jetsonnx/ros2_ws/install/sllidar_ros2/share/sllidar_ros2/local_setup.bash
[1.219s] -- Up-to-date symlink: /home/jetsonnx/ros2_ws/install/sllidar_ros2/share/sllidar_ros2/local_setup.sh
[1.222s] -- Up-to-date symlink: /home/jetsonnx/ros2_ws/install/sllidar_ros2/share/sllidar_ros2/local_setup.zsh
[1.225s] -- Up-to-date symlink: /home/jetsonnx/ros2_ws/install/sllidar_ros2/share/sllidar_ros2/local_setup.dsv
[1.231s] -- Symlinking: /home/jetsonnx/ros2_ws/install/sllidar_ros2/share/sllidar_ros2/package.dsv
[1.282s] -- Up-to-date symlink: /home/jetsonnx/ros2_ws/install/sllidar_ros2/share/ament_index/resource_index/packages/sllidar_ros2
[1.285s] -- Up-to-date symlink: /home/jetsonnx/ros2_ws/install/sllidar_ros2/share/sllidar_ros2/cmake/ament_cmake_export_dependencies-extras.cmake
[1.287s] -- Up-to-date symlink: /home/jetsonnx/ros2_ws/install/sllidar_ros2/share/sllidar_ros2/cmake/ament_cmake_export_include_directories-extras.cmake
[1.290s] -- Up-to-date symlink: /home/jetsonnx/ros2_ws/install/sllidar_ros2/share/sllidar_ros2/cmake/sllidar_ros2Config.cmake
[1.292s] -- Up-to-date symlink: /home/jetsonnx/ros2_ws/install/sllidar_ros2/share/sllidar_ros2/cmake/sllidar_ros2Config-version.cmake
[1.292s] -- Up-to-date symlink: /home/jetsonnx/ros2_ws/install/sllidar_ros2/share/sllidar_ros2/package.xml
[1.319s] Invoked command in '/home/jetsonnx/ros2_ws/build/sllidar_ros2' returned '0': CMAKE_PREFIX_PATH=${CMAKE_PREFIX_PATH}:/opt/ros/foxy /usr/bin/cmake --install /home/jetsonnx/ros2_ws/build/sllidar_ros2
