[0.155s] Invoking command in '/home/jetsonnx/ros2_ws/build/odometry_ros2': CMAKE_PREFIX_PATH=${CMAKE_PREFIX_PATH}:/opt/ros/foxy /usr/bin/cmake --build /home/jetsonnx/ros2_ws/build/odometry_ros2 -- -j4 -l4
[0.666s] [100%] Built target odometry_ros2
[0.740s] Invoked command in '/home/jetsonnx/ros2_ws/build/odometry_ros2' returned '0': CMAKE_PREFIX_PATH=${CMAKE_PREFIX_PATH}:/opt/ros/foxy /usr/bin/cmake --build /home/jetsonnx/ros2_ws/build/odometry_ros2 -- -j4 -l4
[0.881s] Invoking command in '/home/jetsonnx/ros2_ws/build/odometry_ros2': CMAKE_PREFIX_PATH=${CMAKE_PREFIX_PATH}:/opt/ros/foxy /usr/bin/cmake --install /home/jetsonnx/ros2_ws/build/odometry_ros2
[0.924s] -- Install configuration: ""
[0.927s] -- Execute custom install script
[0.929s] -- Up-to-date symlink: /home/jetsonnx/ros2_ws/install/odometry_ros2/lib/odometry_ros2/odometry_ros2
[0.930s] -- Up-to-date symlink: /home/jetsonnx/ros2_ws/install/odometry_ros2/share/ament_index/resource_index/package_run_dependencies/odometry_ros2
[0.932s] -- Up-to-date symlink: /home/jetsonnx/ros2_ws/install/odometry_ros2/share/ament_index/resource_index/parent_prefix_path/odometry_ros2
[0.933s] -- Up-to-date symlink: /home/jetsonnx/ros2_ws/install/odometry_ros2/share/odometry_ros2/environment/ament_prefix_path.sh
[0.935s] -- Up-to-date symlink: /home/jetsonnx/ros2_ws/install/odometry_ros2/share/odometry_ros2/environment/ament_prefix_path.dsv
[0.937s] -- Up-to-date symlink: /home/jetsonnx/ros2_ws/install/odometry_ros2/share/odometry_ros2/environment/path.sh
[0.939s] -- Up-to-date symlink: /home/jetsonnx/ros2_ws/install/odometry_ros2/share/odometry_ros2/environment/path.dsv
[0.940s] -- Up-to-date symlink: /home/jetsonnx/ros2_ws/install/odometry_ros2/share/odometry_ros2/local_setup.bash
[0.941s] -- Up-to-date symlink: /home/jetsonnx/ros2_ws/install/odometry_ros2/share/odometry_ros2/local_setup.sh
[0.943s] -- Up-to-date symlink: /home/jetsonnx/ros2_ws/install/odometry_ros2/share/odometry_ros2/local_setup.zsh
[0.945s] -- Up-to-date symlink: /home/jetsonnx/ros2_ws/install/odometry_ros2/share/odometry_ros2/local_setup.dsv
[0.946s] -- Symlinking: /home/jetsonnx/ros2_ws/install/odometry_ros2/share/odometry_ros2/package.dsv
[0.987s] -- Up-to-date symlink: /home/jetsonnx/ros2_ws/install/odometry_ros2/share/ament_index/resource_index/packages/odometry_ros2
[0.989s] -- Up-to-date symlink: /home/jetsonnx/ros2_ws/install/odometry_ros2/share/odometry_ros2/cmake/ament_cmake_export_include_directories-extras.cmake
[0.991s] -- Up-to-date symlink: /home/jetsonnx/ros2_ws/install/odometry_ros2/share/odometry_ros2/cmake/odometry_ros2Config.cmake
[0.991s] -- Up-to-date symlink: /home/jetsonnx/ros2_ws/install/odometry_ros2/share/odometry_ros2/cmake/odometry_ros2Config-version.cmake
[0.992s] -- Up-to-date symlink: /home/jetsonnx/ros2_ws/install/odometry_ros2/share/odometry_ros2/package.xml
[1.005s] Invoked command in '/home/jetsonnx/ros2_ws/build/odometry_ros2' returned '0': CMAKE_PREFIX_PATH=${CMAKE_PREFIX_PATH}:/opt/ros/foxy /usr/bin/cmake --install /home/jetsonnx/ros2_ws/build/odometry_ros2
