[0.180s] Invoking command in '/home/jetson/ros2_ws/build/initial_pose': CMAKE_PREFIX_PATH=${CMAKE_PREFIX_PATH}:/opt/ros/foxy /usr/bin/cmake --build /home/jetson/ros2_ws/build/initial_pose -- -j8 -l8
[0.403s] [35m[1mScanning dependencies of target initialpose[0m
[0.622s] [ 50%] [32mBuilding CXX object CMakeFiles/initialpose.dir/src/initialpose.cpp.o[0m
[16.128s] [100%] [32m[1mLinking CXX executable initialpose[0m
[16.897s] [100%] Built target initialpose
[17.046s] Invoked command in '/home/jetson/ros2_ws/build/initial_pose' returned '0': CMAKE_PREFIX_PATH=${CMAKE_PREFIX_PATH}:/opt/ros/foxy /usr/bin/cmake --build /home/jetson/ros2_ws/build/initial_pose -- -j8 -l8
[17.164s] Invoking command in '/home/jetson/ros2_ws/build/initial_pose': CMAKE_PREFIX_PATH=${CMAKE_PREFIX_PATH}:/opt/ros/foxy /usr/bin/cmake --install /home/jetson/ros2_ws/build/initial_pose
[17.193s] -- Install configuration: ""
[17.195s] -- Execute custom install script
[17.197s] -- Up-to-date symlink: /home/jetson/ros2_ws/install/initial_pose/lib/initial_pose/initialpose
[17.198s] -- Up-to-date symlink: /home/jetson/ros2_ws/install/initial_pose/share/ament_index/resource_index/package_run_dependencies/initial_pose
[17.200s] -- Up-to-date symlink: /home/jetson/ros2_ws/install/initial_pose/share/ament_index/resource_index/parent_prefix_path/initial_pose
[17.201s] -- Up-to-date symlink: /home/jetson/ros2_ws/install/initial_pose/share/initial_pose/environment/ament_prefix_path.sh
[17.202s] -- Up-to-date symlink: /home/jetson/ros2_ws/install/initial_pose/share/initial_pose/environment/ament_prefix_path.dsv
[17.203s] -- Up-to-date symlink: /home/jetson/ros2_ws/install/initial_pose/share/initial_pose/environment/path.sh
[17.204s] -- Up-to-date symlink: /home/jetson/ros2_ws/install/initial_pose/share/initial_pose/environment/path.dsv
[17.205s] -- Up-to-date symlink: /home/jetson/ros2_ws/install/initial_pose/share/initial_pose/local_setup.bash
[17.206s] -- Up-to-date symlink: /home/jetson/ros2_ws/install/initial_pose/share/initial_pose/local_setup.sh
[17.208s] -- Up-to-date symlink: /home/jetson/ros2_ws/install/initial_pose/share/initial_pose/local_setup.zsh
[17.209s] -- Up-to-date symlink: /home/jetson/ros2_ws/install/initial_pose/share/initial_pose/local_setup.dsv
[17.210s] -- Symlinking: /home/jetson/ros2_ws/install/initial_pose/share/initial_pose/package.dsv
[17.245s] -- Up-to-date symlink: /home/jetson/ros2_ws/install/initial_pose/share/ament_index/resource_index/packages/initial_pose
[17.246s] -- Up-to-date symlink: /home/jetson/ros2_ws/install/initial_pose/share/initial_pose/cmake/ament_cmake_export_dependencies-extras.cmake
[17.247s] -- Up-to-date symlink: /home/jetson/ros2_ws/install/initial_pose/share/initial_pose/cmake/initial_poseConfig.cmake
[17.247s] -- Up-to-date symlink: /home/jetson/ros2_ws/install/initial_pose/share/initial_pose/cmake/initial_poseConfig-version.cmake
[17.248s] -- Up-to-date symlink: /home/jetson/ros2_ws/install/initial_pose/share/initial_pose/package.xml
[17.261s] Invoked command in '/home/jetson/ros2_ws/build/initial_pose' returned '0': CMAKE_PREFIX_PATH=${CMAKE_PREFIX_PATH}:/opt/ros/foxy /usr/bin/cmake --install /home/jetson/ros2_ws/build/initial_pose
