[0.611s] DEBUG:colcon:Command line arguments: ['/usr/bin/colcon', 'build', '--symlink-install']
[0.611s] DEBUG:colcon:Parsed command line arguments: Namespace(allow_overriding=[], ament_cmake_args=None, base_paths=['.'], build_base='build', catkin_cmake_args=None, catkin_skip_building_tests=False, cmake_args=None, cmake_clean_cache=False, cmake_clean_first=False, cmake_force_configure=False, cmake_target=None, cmake_target_skip_unavailable=False, continue_on_error=False, event_handlers=None, executor='parallel', ignore_user_meta=False, install_base='install', log_base=None, log_level=None, main=<bound method BuildVerb.main of <colcon_core.verb.build.BuildVerb object at 0xffff8a297520>>, merge_install=False, metas=['./colcon.meta'], packages_above=None, packages_above_and_dependencies=None, packages_above_depth=None, packages_end=None, packages_ignore=None, packages_ignore_regex=None, packages_select=None, packages_select_build_failed=False, packages_select_by_dep=None, packages_select_regex=None, packages_select_test_failures=False, packages_skip=None, packages_skip_build_finished=False, packages_skip_by_dep=None, packages_skip_regex=None, packages_skip_test_passed=False, packages_skip_up_to=None, packages_start=None, packages_up_to=None, packages_up_to_regex=None, parallel_workers=8, paths=None, symlink_install=True, test_result_base=None, verb_extension=<colcon_core.verb.build.BuildVerb object at 0xffff8a297520>, verb_name='build', verb_parser=<colcon_defaults.argument_parser.defaults.DefaultArgumentsDecorator object at 0xffff8a142cd0>)
[1.124s] Level 1:colcon.colcon_core.package_discovery:discover_packages(colcon_meta) check parameters
[1.124s] Level 1:colcon.colcon_core.package_discovery:discover_packages(recursive) check parameters
[1.125s] Level 1:colcon.colcon_core.package_discovery:discover_packages(ignore) check parameters
[1.125s] Level 1:colcon.colcon_core.package_discovery:discover_packages(path) check parameters
[1.125s] Level 1:colcon.colcon_core.package_discovery:discover_packages(colcon_meta) discover
[1.125s] Level 1:colcon.colcon_core.package_discovery:discover_packages(recursive) discover
[1.125s] INFO:colcon.colcon_core.package_discovery:Crawling recursively for packages in '/home/jetson/ros2_ws'
[1.126s] Level 1:colcon.colcon_core.package_identification:_identify(.) by extensions ['ignore', 'ignore_ament_install']
[1.126s] Level 1:colcon.colcon_core.package_identification:_identify(.) by extension 'ignore'
[1.126s] Level 1:colcon.colcon_core.package_identification:_identify(.) by extension 'ignore_ament_install'
[1.126s] Level 1:colcon.colcon_core.package_identification:_identify(.) by extensions ['colcon_pkg']
[1.127s] Level 1:colcon.colcon_core.package_identification:_identify(.) by extension 'colcon_pkg'
[1.127s] Level 1:colcon.colcon_core.package_identification:_identify(.) by extensions ['colcon_meta']
[1.127s] Level 1:colcon.colcon_core.package_identification:_identify(.) by extension 'colcon_meta'
[1.127s] Level 1:colcon.colcon_core.package_identification:_identify(.) by extensions ['ros']
[1.127s] Level 1:colcon.colcon_core.package_identification:_identify(.) by extension 'ros'
[1.164s] Level 1:colcon.colcon_core.package_identification:_identify(.) by extensions ['cmake', 'python']
[1.165s] Level 1:colcon.colcon_core.package_identification:_identify(.) by extension 'cmake'
[1.165s] Level 1:colcon.colcon_core.package_identification:_identify(.) by extension 'python'
[1.165s] Level 1:colcon.colcon_core.package_identification:_identify(.) by extensions ['python_setup_py']
[1.165s] Level 1:colcon.colcon_core.package_identification:_identify(.) by extension 'python_setup_py'
[1.165s] Level 1:colcon.colcon_core.package_identification:_identify(build) by extensions ['ignore', 'ignore_ament_install']
[1.166s] Level 1:colcon.colcon_core.package_identification:_identify(build) by extension 'ignore'
[1.166s] Level 1:colcon.colcon_core.package_identification:_identify(build) ignored
[1.166s] Level 1:colcon.colcon_core.package_identification:_identify(install) by extensions ['ignore', 'ignore_ament_install']
[1.167s] Level 1:colcon.colcon_core.package_identification:_identify(install) by extension 'ignore'
[1.167s] Level 1:colcon.colcon_core.package_identification:_identify(install) ignored
[1.167s] Level 1:colcon.colcon_core.package_identification:_identify(log) by extensions ['ignore', 'ignore_ament_install']
[1.168s] Level 1:colcon.colcon_core.package_identification:_identify(log) by extension 'ignore'
[1.168s] Level 1:colcon.colcon_core.package_identification:_identify(log) ignored
[1.168s] Level 1:colcon.colcon_core.package_identification:_identify(src) by extensions ['ignore', 'ignore_ament_install']
[1.168s] Level 1:colcon.colcon_core.package_identification:_identify(src) by extension 'ignore'
[1.169s] Level 1:colcon.colcon_core.package_identification:_identify(src) by extension 'ignore_ament_install'
[1.169s] Level 1:colcon.colcon_core.package_identification:_identify(src) by extensions ['colcon_pkg']
[1.169s] Level 1:colcon.colcon_core.package_identification:_identify(src) by extension 'colcon_pkg'
[1.169s] Level 1:colcon.colcon_core.package_identification:_identify(src) by extensions ['colcon_meta']
[1.169s] Level 1:colcon.colcon_core.package_identification:_identify(src) by extension 'colcon_meta'
[1.169s] Level 1:colcon.colcon_core.package_identification:_identify(src) by extensions ['ros']
[1.169s] Level 1:colcon.colcon_core.package_identification:_identify(src) by extension 'ros'
[1.170s] Level 1:colcon.colcon_core.package_identification:_identify(src) by extensions ['cmake', 'python']
[1.170s] Level 1:colcon.colcon_core.package_identification:_identify(src) by extension 'cmake'
[1.170s] Level 1:colcon.colcon_core.package_identification:_identify(src) by extension 'python'
[1.170s] Level 1:colcon.colcon_core.package_identification:_identify(src) by extensions ['python_setup_py']
[1.170s] Level 1:colcon.colcon_core.package_identification:_identify(src) by extension 'python_setup_py'
[1.171s] Level 1:colcon.colcon_core.package_identification:_identify(src/dynamixel-workbench-msgs) by extensions ['ignore', 'ignore_ament_install']
[1.171s] Level 1:colcon.colcon_core.package_identification:_identify(src/dynamixel-workbench-msgs) by extension 'ignore'
[1.171s] Level 1:colcon.colcon_core.package_identification:_identify(src/dynamixel-workbench-msgs) by extension 'ignore_ament_install'
[1.171s] Level 1:colcon.colcon_core.package_identification:_identify(src/dynamixel-workbench-msgs) by extensions ['colcon_pkg']
[1.171s] Level 1:colcon.colcon_core.package_identification:_identify(src/dynamixel-workbench-msgs) by extension 'colcon_pkg'
[1.171s] Level 1:colcon.colcon_core.package_identification:_identify(src/dynamixel-workbench-msgs) by extensions ['colcon_meta']
[1.172s] Level 1:colcon.colcon_core.package_identification:_identify(src/dynamixel-workbench-msgs) by extension 'colcon_meta'
[1.172s] Level 1:colcon.colcon_core.package_identification:_identify(src/dynamixel-workbench-msgs) by extensions ['ros']
[1.172s] Level 1:colcon.colcon_core.package_identification:_identify(src/dynamixel-workbench-msgs) by extension 'ros'
[1.172s] Level 1:colcon.colcon_core.package_identification:_identify(src/dynamixel-workbench-msgs) by extensions ['cmake', 'python']
[1.172s] Level 1:colcon.colcon_core.package_identification:_identify(src/dynamixel-workbench-msgs) by extension 'cmake'
[1.172s] Level 1:colcon.colcon_core.package_identification:_identify(src/dynamixel-workbench-msgs) by extension 'python'
[1.173s] Level 1:colcon.colcon_core.package_identification:_identify(src/dynamixel-workbench-msgs) by extensions ['python_setup_py']
[1.173s] Level 1:colcon.colcon_core.package_identification:_identify(src/dynamixel-workbench-msgs) by extension 'python_setup_py'
[1.173s] Level 1:colcon.colcon_core.package_identification:_identify(src/dynamixel-workbench-msgs/dynamixel_workbench_msgs) by extensions ['ignore', 'ignore_ament_install']
[1.174s] Level 1:colcon.colcon_core.package_identification:_identify(src/dynamixel-workbench-msgs/dynamixel_workbench_msgs) by extension 'ignore'
[1.174s] Level 1:colcon.colcon_core.package_identification:_identify(src/dynamixel-workbench-msgs/dynamixel_workbench_msgs) by extension 'ignore_ament_install'
[1.174s] Level 1:colcon.colcon_core.package_identification:_identify(src/dynamixel-workbench-msgs/dynamixel_workbench_msgs) by extensions ['colcon_pkg']
[1.174s] Level 1:colcon.colcon_core.package_identification:_identify(src/dynamixel-workbench-msgs/dynamixel_workbench_msgs) by extension 'colcon_pkg'
[1.174s] Level 1:colcon.colcon_core.package_identification:_identify(src/dynamixel-workbench-msgs/dynamixel_workbench_msgs) by extensions ['colcon_meta']
[1.174s] Level 1:colcon.colcon_core.package_identification:_identify(src/dynamixel-workbench-msgs/dynamixel_workbench_msgs) by extension 'colcon_meta'
[1.175s] Level 1:colcon.colcon_core.package_identification:_identify(src/dynamixel-workbench-msgs/dynamixel_workbench_msgs) by extensions ['ros']
[1.175s] Level 1:colcon.colcon_core.package_identification:_identify(src/dynamixel-workbench-msgs/dynamixel_workbench_msgs) by extension 'ros'
[1.183s] DEBUG:colcon.colcon_core.package_identification:Package 'src/dynamixel-workbench-msgs/dynamixel_workbench_msgs' with type 'ros.ament_cmake' and name 'dynamixel_workbench_msgs'
[1.184s] Level 1:colcon.colcon_core.package_identification:_identify(src/dynamixel_workbench_operators) by extensions ['ignore', 'ignore_ament_install']
[1.184s] Level 1:colcon.colcon_core.package_identification:_identify(src/dynamixel_workbench_operators) by extension 'ignore'
[1.184s] Level 1:colcon.colcon_core.package_identification:_identify(src/dynamixel_workbench_operators) by extension 'ignore_ament_install'
[1.184s] Level 1:colcon.colcon_core.package_identification:_identify(src/dynamixel_workbench_operators) by extensions ['colcon_pkg']
[1.185s] Level 1:colcon.colcon_core.package_identification:_identify(src/dynamixel_workbench_operators) by extension 'colcon_pkg'
[1.185s] Level 1:colcon.colcon_core.package_identification:_identify(src/dynamixel_workbench_operators) by extensions ['colcon_meta']
[1.185s] Level 1:colcon.colcon_core.package_identification:_identify(src/dynamixel_workbench_operators) by extension 'colcon_meta'
[1.185s] Level 1:colcon.colcon_core.package_identification:_identify(src/dynamixel_workbench_operators) by extensions ['ros']
[1.185s] Level 1:colcon.colcon_core.package_identification:_identify(src/dynamixel_workbench_operators) by extension 'ros'
[1.187s] DEBUG:colcon.colcon_core.package_identification:Package 'src/dynamixel_workbench_operators' with type 'ros.ament_cmake' and name 'dynamixel_workbench_operators'
[1.188s] Level 1:colcon.colcon_core.package_identification:_identify(src/inital_pose) by extensions ['ignore', 'ignore_ament_install']
[1.188s] Level 1:colcon.colcon_core.package_identification:_identify(src/inital_pose) by extension 'ignore'
[1.188s] Level 1:colcon.colcon_core.package_identification:_identify(src/inital_pose) by extension 'ignore_ament_install'
[1.188s] Level 1:colcon.colcon_core.package_identification:_identify(src/inital_pose) by extensions ['colcon_pkg']
[1.188s] Level 1:colcon.colcon_core.package_identification:_identify(src/inital_pose) by extension 'colcon_pkg'
[1.189s] Level 1:colcon.colcon_core.package_identification:_identify(src/inital_pose) by extensions ['colcon_meta']
[1.189s] Level 1:colcon.colcon_core.package_identification:_identify(src/inital_pose) by extension 'colcon_meta'
[1.189s] Level 1:colcon.colcon_core.package_identification:_identify(src/inital_pose) by extensions ['ros']
[1.189s] Level 1:colcon.colcon_core.package_identification:_identify(src/inital_pose) by extension 'ros'
[1.191s] DEBUG:colcon.colcon_core.package_identification:Package 'src/inital_pose' with type 'ros.ament_cmake' and name 'inital_pose'
[1.191s] Level 1:colcon.colcon_core.package_identification:_identify(src/sllidar_ros2) by extensions ['ignore', 'ignore_ament_install']
[1.192s] Level 1:colcon.colcon_core.package_identification:_identify(src/sllidar_ros2) by extension 'ignore'
[1.192s] Level 1:colcon.colcon_core.package_identification:_identify(src/sllidar_ros2) by extension 'ignore_ament_install'
[1.192s] Level 1:colcon.colcon_core.package_identification:_identify(src/sllidar_ros2) by extensions ['colcon_pkg']
[1.192s] Level 1:colcon.colcon_core.package_identification:_identify(src/sllidar_ros2) by extension 'colcon_pkg'
[1.192s] Level 1:colcon.colcon_core.package_identification:_identify(src/sllidar_ros2) by extensions ['colcon_meta']
[1.192s] Level 1:colcon.colcon_core.package_identification:_identify(src/sllidar_ros2) by extension 'colcon_meta'
[1.193s] Level 1:colcon.colcon_core.package_identification:_identify(src/sllidar_ros2) by extensions ['ros']
[1.193s] Level 1:colcon.colcon_core.package_identification:_identify(src/sllidar_ros2) by extension 'ros'
[1.195s] DEBUG:colcon.colcon_core.package_identification:Package 'src/sllidar_ros2' with type 'ros.ament_cmake' and name 'sllidar_ros2'
[1.195s] Level 1:colcon.colcon_core.package_identification:_identify(src/turtlebot3_navigation2) by extensions ['ignore', 'ignore_ament_install']
[1.195s] Level 1:colcon.colcon_core.package_identification:_identify(src/turtlebot3_navigation2) by extension 'ignore'
[1.195s] Level 1:colcon.colcon_core.package_identification:_identify(src/turtlebot3_navigation2) by extension 'ignore_ament_install'
[1.196s] Level 1:colcon.colcon_core.package_identification:_identify(src/turtlebot3_navigation2) by extensions ['colcon_pkg']
[1.196s] Level 1:colcon.colcon_core.package_identification:_identify(src/turtlebot3_navigation2) by extension 'colcon_pkg'
[1.196s] Level 1:colcon.colcon_core.package_identification:_identify(src/turtlebot3_navigation2) by extensions ['colcon_meta']
[1.196s] Level 1:colcon.colcon_core.package_identification:_identify(src/turtlebot3_navigation2) by extension 'colcon_meta'
[1.196s] Level 1:colcon.colcon_core.package_identification:_identify(src/turtlebot3_navigation2) by extensions ['ros']
[1.196s] Level 1:colcon.colcon_core.package_identification:_identify(src/turtlebot3_navigation2) by extension 'ros'
[1.198s] DEBUG:colcon.colcon_core.package_identification:Package 'src/turtlebot3_navigation2' with type 'ros.ament_cmake' and name 'turtlebot3_navigation2'
[1.198s] Level 1:colcon.colcon_core.package_discovery:discover_packages(recursive) using defaults
[1.198s] Level 1:colcon.colcon_core.package_discovery:discover_packages(ignore) discover
[1.198s] Level 1:colcon.colcon_core.package_discovery:discover_packages(ignore) using defaults
[1.198s] Level 1:colcon.colcon_core.package_discovery:discover_packages(path) discover
[1.198s] Level 1:colcon.colcon_core.package_discovery:discover_packages(path) using defaults
[1.248s] Level 1:colcon.colcon_core.package_discovery:discover_packages(prefix_path) check parameters
[1.248s] Level 1:colcon.colcon_core.package_discovery:discover_packages(prefix_path) discover
[1.257s] DEBUG:colcon.colcon_installed_package_information.package_discovery:Found 5 installed packages in /home/jetson/ros2_ws/install
[1.263s] DEBUG:colcon.colcon_installed_package_information.package_discovery:Found 293 installed packages in /opt/ros/foxy
[1.295s] Level 1:colcon.colcon_core.package_discovery:discover_packages(prefix_path) using defaults
[1.501s] Level 5:colcon.colcon_core.verb:set package 'dynamixel_workbench_msgs' build argument 'cmake_args' from command line to 'None'
[1.501s] Level 5:colcon.colcon_core.verb:set package 'dynamixel_workbench_msgs' build argument 'cmake_target' from command line to 'None'
[1.501s] Level 5:colcon.colcon_core.verb:set package 'dynamixel_workbench_msgs' build argument 'cmake_target_skip_unavailable' from command line to 'False'
[1.502s] Level 5:colcon.colcon_core.verb:set package 'dynamixel_workbench_msgs' build argument 'cmake_clean_cache' from command line to 'False'
[1.502s] Level 5:colcon.colcon_core.verb:set package 'dynamixel_workbench_msgs' build argument 'cmake_clean_first' from command line to 'False'
[1.502s] Level 5:colcon.colcon_core.verb:set package 'dynamixel_workbench_msgs' build argument 'cmake_force_configure' from command line to 'False'
[1.502s] Level 5:colcon.colcon_core.verb:set package 'dynamixel_workbench_msgs' build argument 'ament_cmake_args' from command line to 'None'
[1.502s] Level 5:colcon.colcon_core.verb:set package 'dynamixel_workbench_msgs' build argument 'catkin_cmake_args' from command line to 'None'
[1.502s] Level 5:colcon.colcon_core.verb:set package 'dynamixel_workbench_msgs' build argument 'catkin_skip_building_tests' from command line to 'False'
[1.502s] DEBUG:colcon.colcon_core.verb:Building package 'dynamixel_workbench_msgs' with the following arguments: {'ament_cmake_args': None, 'build_base': '/home/jetson/ros2_ws/build/dynamixel_workbench_msgs', 'catkin_cmake_args': None, 'catkin_skip_building_tests': False, 'cmake_args': None, 'cmake_clean_cache': False, 'cmake_clean_first': False, 'cmake_force_configure': False, 'cmake_target': None, 'cmake_target_skip_unavailable': False, 'install_base': '/home/jetson/ros2_ws/install/dynamixel_workbench_msgs', 'merge_install': False, 'path': '/home/jetson/ros2_ws/src/dynamixel-workbench-msgs/dynamixel_workbench_msgs', 'symlink_install': True, 'test_result_base': None}
[1.504s] Level 5:colcon.colcon_core.verb:set package 'dynamixel_workbench_operators' build argument 'cmake_args' from command line to 'None'
[1.504s] Level 5:colcon.colcon_core.verb:set package 'dynamixel_workbench_operators' build argument 'cmake_target' from command line to 'None'
[1.504s] Level 5:colcon.colcon_core.verb:set package 'dynamixel_workbench_operators' build argument 'cmake_target_skip_unavailable' from command line to 'False'
[1.504s] Level 5:colcon.colcon_core.verb:set package 'dynamixel_workbench_operators' build argument 'cmake_clean_cache' from command line to 'False'
[1.504s] Level 5:colcon.colcon_core.verb:set package 'dynamixel_workbench_operators' build argument 'cmake_clean_first' from command line to 'False'
[1.504s] Level 5:colcon.colcon_core.verb:set package 'dynamixel_workbench_operators' build argument 'cmake_force_configure' from command line to 'False'
[1.504s] Level 5:colcon.colcon_core.verb:set package 'dynamixel_workbench_operators' build argument 'ament_cmake_args' from command line to 'None'
[1.504s] Level 5:colcon.colcon_core.verb:set package 'dynamixel_workbench_operators' build argument 'catkin_cmake_args' from command line to 'None'
[1.505s] Level 5:colcon.colcon_core.verb:set package 'dynamixel_workbench_operators' build argument 'catkin_skip_building_tests' from command line to 'False'
[1.505s] DEBUG:colcon.colcon_core.verb:Building package 'dynamixel_workbench_operators' with the following arguments: {'ament_cmake_args': None, 'build_base': '/home/jetson/ros2_ws/build/dynamixel_workbench_operators', 'catkin_cmake_args': None, 'catkin_skip_building_tests': False, 'cmake_args': None, 'cmake_clean_cache': False, 'cmake_clean_first': False, 'cmake_force_configure': False, 'cmake_target': None, 'cmake_target_skip_unavailable': False, 'install_base': '/home/jetson/ros2_ws/install/dynamixel_workbench_operators', 'merge_install': False, 'path': '/home/jetson/ros2_ws/src/dynamixel_workbench_operators', 'symlink_install': True, 'test_result_base': None}
[1.506s] Level 5:colcon.colcon_core.verb:set package 'inital_pose' build argument 'cmake_args' from command line to 'None'
[1.506s] Level 5:colcon.colcon_core.verb:set package 'inital_pose' build argument 'cmake_target' from command line to 'None'
[1.506s] Level 5:colcon.colcon_core.verb:set package 'inital_pose' build argument 'cmake_target_skip_unavailable' from command line to 'False'
[1.506s] Level 5:colcon.colcon_core.verb:set package 'inital_pose' build argument 'cmake_clean_cache' from command line to 'False'
[1.506s] Level 5:colcon.colcon_core.verb:set package 'inital_pose' build argument 'cmake_clean_first' from command line to 'False'
[1.506s] Level 5:colcon.colcon_core.verb:set package 'inital_pose' build argument 'cmake_force_configure' from command line to 'False'
[1.506s] Level 5:colcon.colcon_core.verb:set package 'inital_pose' build argument 'ament_cmake_args' from command line to 'None'
[1.506s] Level 5:colcon.colcon_core.verb:set package 'inital_pose' build argument 'catkin_cmake_args' from command line to 'None'
[1.507s] Level 5:colcon.colcon_core.verb:set package 'inital_pose' build argument 'catkin_skip_building_tests' from command line to 'False'
[1.507s] DEBUG:colcon.colcon_core.verb:Building package 'inital_pose' with the following arguments: {'ament_cmake_args': None, 'build_base': '/home/jetson/ros2_ws/build/inital_pose', 'catkin_cmake_args': None, 'catkin_skip_building_tests': False, 'cmake_args': None, 'cmake_clean_cache': False, 'cmake_clean_first': False, 'cmake_force_configure': False, 'cmake_target': None, 'cmake_target_skip_unavailable': False, 'install_base': '/home/jetson/ros2_ws/install/inital_pose', 'merge_install': False, 'path': '/home/jetson/ros2_ws/src/inital_pose', 'symlink_install': True, 'test_result_base': None}
[1.508s] Level 5:colcon.colcon_core.verb:set package 'sllidar_ros2' build argument 'cmake_args' from command line to 'None'
[1.508s] Level 5:colcon.colcon_core.verb:set package 'sllidar_ros2' build argument 'cmake_target' from command line to 'None'
[1.508s] Level 5:colcon.colcon_core.verb:set package 'sllidar_ros2' build argument 'cmake_target_skip_unavailable' from command line to 'False'
[1.508s] Level 5:colcon.colcon_core.verb:set package 'sllidar_ros2' build argument 'cmake_clean_cache' from command line to 'False'
[1.508s] Level 5:colcon.colcon_core.verb:set package 'sllidar_ros2' build argument 'cmake_clean_first' from command line to 'False'
[1.508s] Level 5:colcon.colcon_core.verb:set package 'sllidar_ros2' build argument 'cmake_force_configure' from command line to 'False'
[1.509s] Level 5:colcon.colcon_core.verb:set package 'sllidar_ros2' build argument 'ament_cmake_args' from command line to 'None'
[1.509s] Level 5:colcon.colcon_core.verb:set package 'sllidar_ros2' build argument 'catkin_cmake_args' from command line to 'None'
[1.509s] Level 5:colcon.colcon_core.verb:set package 'sllidar_ros2' build argument 'catkin_skip_building_tests' from command line to 'False'
[1.509s] DEBUG:colcon.colcon_core.verb:Building package 'sllidar_ros2' with the following arguments: {'ament_cmake_args': None, 'build_base': '/home/jetson/ros2_ws/build/sllidar_ros2', 'catkin_cmake_args': None, 'catkin_skip_building_tests': False, 'cmake_args': None, 'cmake_clean_cache': False, 'cmake_clean_first': False, 'cmake_force_configure': False, 'cmake_target': None, 'cmake_target_skip_unavailable': False, 'install_base': '/home/jetson/ros2_ws/install/sllidar_ros2', 'merge_install': False, 'path': '/home/jetson/ros2_ws/src/sllidar_ros2', 'symlink_install': True, 'test_result_base': None}
[1.510s] Level 5:colcon.colcon_core.verb:set package 'turtlebot3_navigation2' build argument 'cmake_args' from command line to 'None'
[1.510s] Level 5:colcon.colcon_core.verb:set package 'turtlebot3_navigation2' build argument 'cmake_target' from command line to 'None'
[1.510s] Level 5:colcon.colcon_core.verb:set package 'turtlebot3_navigation2' build argument 'cmake_target_skip_unavailable' from command line to 'False'
[1.510s] Level 5:colcon.colcon_core.verb:set package 'turtlebot3_navigation2' build argument 'cmake_clean_cache' from command line to 'False'
[1.511s] Level 5:colcon.colcon_core.verb:set package 'turtlebot3_navigation2' build argument 'cmake_clean_first' from command line to 'False'
[1.511s] Level 5:colcon.colcon_core.verb:set package 'turtlebot3_navigation2' build argument 'cmake_force_configure' from command line to 'False'
[1.511s] Level 5:colcon.colcon_core.verb:set package 'turtlebot3_navigation2' build argument 'ament_cmake_args' from command line to 'None'
[1.511s] Level 5:colcon.colcon_core.verb:set package 'turtlebot3_navigation2' build argument 'catkin_cmake_args' from command line to 'None'
[1.511s] Level 5:colcon.colcon_core.verb:set package 'turtlebot3_navigation2' build argument 'catkin_skip_building_tests' from command line to 'False'
[1.511s] DEBUG:colcon.colcon_core.verb:Building package 'turtlebot3_navigation2' with the following arguments: {'ament_cmake_args': None, 'build_base': '/home/jetson/ros2_ws/build/turtlebot3_navigation2', 'catkin_cmake_args': None, 'catkin_skip_building_tests': False, 'cmake_args': None, 'cmake_clean_cache': False, 'cmake_clean_first': False, 'cmake_force_configure': False, 'cmake_target': None, 'cmake_target_skip_unavailable': False, 'install_base': '/home/jetson/ros2_ws/install/turtlebot3_navigation2', 'merge_install': False, 'path': '/home/jetson/ros2_ws/src/turtlebot3_navigation2', 'symlink_install': True, 'test_result_base': None}
[1.511s] INFO:colcon.colcon_core.executor:Executing jobs using 'parallel' executor
[1.515s] DEBUG:colcon.colcon_parallel_executor.executor.parallel:run_until_complete
[1.516s] INFO:colcon.colcon_ros.task.ament_cmake.build:Building ROS package in '/home/jetson/ros2_ws/src/dynamixel-workbench-msgs/dynamixel_workbench_msgs' with build type 'ament_cmake'
[1.517s] INFO:colcon.colcon_cmake.task.cmake.build:Building CMake package in '/home/jetson/ros2_ws/src/dynamixel-workbench-msgs/dynamixel_workbench_msgs'
[1.523s] INFO:colcon.colcon_core.plugin_system:Skipping extension 'colcon_core.shell.bat': Not used on non-Windows systems
[1.524s] INFO:colcon.colcon_core.shell:Skip shell extension 'powershell' for command environment: Not usable outside of PowerShell
[1.525s] DEBUG:colcon.colcon_core.shell:Skip shell extension 'dsv' for command environment
[1.544s] INFO:colcon.colcon_ros.task.ament_cmake.build:Building ROS package in '/home/jetson/ros2_ws/src/dynamixel_workbench_operators' with build type 'ament_cmake'
[1.546s] INFO:colcon.colcon_cmake.task.cmake.build:Building CMake package in '/home/jetson/ros2_ws/src/dynamixel_workbench_operators'
[1.549s] INFO:colcon.colcon_core.shell:Skip shell extension 'powershell' for command environment: Not usable outside of PowerShell
[1.550s] DEBUG:colcon.colcon_core.shell:Skip shell extension 'dsv' for command environment
[1.571s] INFO:colcon.colcon_ros.task.ament_cmake.build:Building ROS package in '/home/jetson/ros2_ws/src/inital_pose' with build type 'ament_cmake'
[1.574s] INFO:colcon.colcon_cmake.task.cmake.build:Building CMake package in '/home/jetson/ros2_ws/src/inital_pose'
[1.577s] INFO:colcon.colcon_core.shell:Skip shell extension 'powershell' for command environment: Not usable outside of PowerShell
[1.578s] DEBUG:colcon.colcon_core.shell:Skip shell extension 'dsv' for command environment
[1.599s] INFO:colcon.colcon_ros.task.ament_cmake.build:Building ROS package in '/home/jetson/ros2_ws/src/sllidar_ros2' with build type 'ament_cmake'
[1.601s] INFO:colcon.colcon_cmake.task.cmake.build:Building CMake package in '/home/jetson/ros2_ws/src/sllidar_ros2'
[1.604s] INFO:colcon.colcon_core.shell:Skip shell extension 'powershell' for command environment: Not usable outside of PowerShell
[1.605s] DEBUG:colcon.colcon_core.shell:Skip shell extension 'dsv' for command environment
[1.626s] INFO:colcon.colcon_ros.task.ament_cmake.build:Building ROS package in '/home/jetson/ros2_ws/src/turtlebot3_navigation2' with build type 'ament_cmake'
[1.629s] INFO:colcon.colcon_cmake.task.cmake.build:Building CMake package in '/home/jetson/ros2_ws/src/turtlebot3_navigation2'
[1.631s] INFO:colcon.colcon_core.shell:Skip shell extension 'powershell' for command environment: Not usable outside of PowerShell
[1.632s] DEBUG:colcon.colcon_core.shell:Skip shell extension 'dsv' for command environment
[1.694s] DEBUG:colcon.colcon_core.event_handler.log_command:Invoking command in '/home/jetson/ros2_ws/build/dynamixel_workbench_msgs': CMAKE_PREFIX_PATH=${CMAKE_PREFIX_PATH}:/opt/ros/foxy /usr/bin/cmake --build /home/jetson/ros2_ws/build/dynamixel_workbench_msgs -- -j8 -l8
[1.703s] DEBUG:colcon.colcon_core.event_handler.log_command:Invoking command in '/home/jetson/ros2_ws/build/dynamixel_workbench_operators': CMAKE_PREFIX_PATH=${CMAKE_PREFIX_PATH}:/opt/ros/foxy /usr/bin/cmake --build /home/jetson/ros2_ws/build/dynamixel_workbench_operators -- -j8 -l8
[1.742s] DEBUG:colcon.colcon_core.event_handler.log_command:Invoking command in '/home/jetson/ros2_ws/build/inital_pose': CMAKE_PREFIX_PATH=${CMAKE_PREFIX_PATH}:/opt/ros/foxy /usr/bin/cmake --build /home/jetson/ros2_ws/build/inital_pose -- -j8 -l8
[1.751s] DEBUG:colcon.colcon_core.event_handler.log_command:Invoking command in '/home/jetson/ros2_ws/build/sllidar_ros2': CMAKE_PREFIX_PATH=${CMAKE_PREFIX_PATH}:/opt/ros/foxy /usr/bin/cmake --build /home/jetson/ros2_ws/build/sllidar_ros2 -- -j8 -l8
[1.794s] DEBUG:colcon.colcon_core.event_handler.log_command:Invoking command in '/home/jetson/ros2_ws/build/turtlebot3_navigation2': CMAKE_PREFIX_PATH=${CMAKE_PREFIX_PATH}:/opt/ros/foxy /usr/bin/cmake --build /home/jetson/ros2_ws/build/turtlebot3_navigation2 -- -j8 -l8
[1.946s] DEBUG:colcon.colcon_core.event_handler.log_command:Invoked command in '/home/jetson/ros2_ws/build/turtlebot3_navigation2' returned '0': CMAKE_PREFIX_PATH=${CMAKE_PREFIX_PATH}:/opt/ros/foxy /usr/bin/cmake --build /home/jetson/ros2_ws/build/turtlebot3_navigation2 -- -j8 -l8
[2.055s] DEBUG:colcon.colcon_core.event_handler.log_command:Invoked command in '/home/jetson/ros2_ws/build/dynamixel_workbench_operators' returned '0': CMAKE_PREFIX_PATH=${CMAKE_PREFIX_PATH}:/opt/ros/foxy /usr/bin/cmake --build /home/jetson/ros2_ws/build/dynamixel_workbench_operators -- -j8 -l8
[2.185s] DEBUG:colcon.colcon_core.event_handler.log_command:Invoking command in '/home/jetson/ros2_ws/build/turtlebot3_navigation2': CMAKE_PREFIX_PATH=${CMAKE_PREFIX_PATH}:/opt/ros/foxy /usr/bin/cmake --install /home/jetson/ros2_ws/build/turtlebot3_navigation2
[2.217s] DEBUG:colcon.colcon_core.event_handler.log_command:Invoking command in '/home/jetson/ros2_ws/build/dynamixel_workbench_operators': CMAKE_PREFIX_PATH=${CMAKE_PREFIX_PATH}:/opt/ros/foxy /usr/bin/cmake --install /home/jetson/ros2_ws/build/dynamixel_workbench_operators
[2.237s] DEBUG:colcon.colcon_core.event_handler.log_command:Invoked command in '/home/jetson/ros2_ws/build/sllidar_ros2' returned '0': CMAKE_PREFIX_PATH=${CMAKE_PREFIX_PATH}:/opt/ros/foxy /usr/bin/cmake --build /home/jetson/ros2_ws/build/sllidar_ros2 -- -j8 -l8
[2.320s] Level 1:colcon.colcon_core.environment:create_environment_scripts_only(turtlebot3_navigation2)
[2.323s] DEBUG:colcon.colcon_core.event_handler.log_command:Invoked command in '/home/jetson/ros2_ws/build/turtlebot3_navigation2' returned '0': CMAKE_PREFIX_PATH=${CMAKE_PREFIX_PATH}:/opt/ros/foxy /usr/bin/cmake --install /home/jetson/ros2_ws/build/turtlebot3_navigation2
[2.336s] Level 1:colcon.colcon_core.environment:checking '/home/jetson/ros2_ws/install/turtlebot3_navigation2' for CMake module files
[2.339s] Level 1:colcon.colcon_core.environment:checking '/home/jetson/ros2_ws/install/turtlebot3_navigation2' for CMake config files
[2.340s] Level 1:colcon.colcon_core.shell:create_environment_hook('turtlebot3_navigation2', 'cmake_prefix_path')
[2.341s] INFO:colcon.colcon_core.shell:Creating environment hook '/home/jetson/ros2_ws/install/turtlebot3_navigation2/share/turtlebot3_navigation2/hook/cmake_prefix_path.ps1'
[2.345s] INFO:colcon.colcon_core.shell:Creating environment descriptor '/home/jetson/ros2_ws/install/turtlebot3_navigation2/share/turtlebot3_navigation2/hook/cmake_prefix_path.dsv'
[2.348s] INFO:colcon.colcon_core.shell:Creating environment hook '/home/jetson/ros2_ws/install/turtlebot3_navigation2/share/turtlebot3_navigation2/hook/cmake_prefix_path.sh'
[2.353s] Level 1:colcon.colcon_core.environment:checking '/home/jetson/ros2_ws/install/turtlebot3_navigation2/bin'
[2.353s] Level 1:colcon.colcon_core.environment:checking '/home/jetson/ros2_ws/install/turtlebot3_navigation2/lib/pkgconfig/turtlebot3_navigation2.pc'
[2.354s] Level 1:colcon.colcon_core.environment:checking '/home/jetson/ros2_ws/install/turtlebot3_navigation2/lib/python3.8/site-packages'
[2.355s] Level 1:colcon.colcon_core.environment:checking '/home/jetson/ros2_ws/install/turtlebot3_navigation2/bin'
[2.356s] INFO:colcon.colcon_core.shell:Creating package script '/home/jetson/ros2_ws/install/turtlebot3_navigation2/share/turtlebot3_navigation2/package.ps1'
[2.359s] INFO:colcon.colcon_core.shell:Creating package descriptor '/home/jetson/ros2_ws/install/turtlebot3_navigation2/share/turtlebot3_navigation2/package.dsv'
[2.360s] INFO:colcon.colcon_core.shell:Creating package script '/home/jetson/ros2_ws/install/turtlebot3_navigation2/share/turtlebot3_navigation2/package.sh'
[2.363s] INFO:colcon.colcon_core.shell:Creating package script '/home/jetson/ros2_ws/install/turtlebot3_navigation2/share/turtlebot3_navigation2/package.bash'
[2.365s] INFO:colcon.colcon_core.shell:Creating package script '/home/jetson/ros2_ws/install/turtlebot3_navigation2/share/turtlebot3_navigation2/package.zsh'
[2.368s] Level 1:colcon.colcon_core.environment:create_file_with_runtime_dependencies(/home/jetson/ros2_ws/install/turtlebot3_navigation2/share/colcon-core/packages/turtlebot3_navigation2)
[2.389s] Level 1:colcon.colcon_core.environment:create_environment_scripts_only(dynamixel_workbench_operators)
[2.393s] Level 1:colcon.colcon_core.environment:checking '/home/jetson/ros2_ws/install/dynamixel_workbench_operators' for CMake module files
[2.394s] DEBUG:colcon.colcon_core.event_handler.log_command:Invoked command in '/home/jetson/ros2_ws/build/dynamixel_workbench_operators' returned '0': CMAKE_PREFIX_PATH=${CMAKE_PREFIX_PATH}:/opt/ros/foxy /usr/bin/cmake --install /home/jetson/ros2_ws/build/dynamixel_workbench_operators
[2.397s] Level 1:colcon.colcon_core.environment:checking '/home/jetson/ros2_ws/install/dynamixel_workbench_operators' for CMake config files
[2.398s] Level 1:colcon.colcon_core.shell:create_environment_hook('dynamixel_workbench_operators', 'cmake_prefix_path')
[2.400s] INFO:colcon.colcon_core.shell:Creating environment hook '/home/jetson/ros2_ws/install/dynamixel_workbench_operators/share/dynamixel_workbench_operators/hook/cmake_prefix_path.ps1'
[2.403s] INFO:colcon.colcon_core.shell:Creating environment descriptor '/home/jetson/ros2_ws/install/dynamixel_workbench_operators/share/dynamixel_workbench_operators/hook/cmake_prefix_path.dsv'
[2.404s] INFO:colcon.colcon_core.shell:Creating environment hook '/home/jetson/ros2_ws/install/dynamixel_workbench_operators/share/dynamixel_workbench_operators/hook/cmake_prefix_path.sh'
[2.407s] Level 1:colcon.colcon_core.environment:checking '/home/jetson/ros2_ws/install/dynamixel_workbench_operators/lib'
[2.409s] Level 1:colcon.colcon_core.environment:checking '/home/jetson/ros2_ws/install/dynamixel_workbench_operators/bin'
[2.409s] Level 1:colcon.colcon_core.environment:checking '/home/jetson/ros2_ws/install/dynamixel_workbench_operators/lib/pkgconfig/dynamixel_workbench_operators.pc'
[2.410s] Level 1:colcon.colcon_core.environment:checking '/home/jetson/ros2_ws/install/dynamixel_workbench_operators/lib/python3.8/site-packages'
[2.411s] Level 1:colcon.colcon_core.environment:checking '/home/jetson/ros2_ws/install/dynamixel_workbench_operators/bin'
[2.412s] INFO:colcon.colcon_core.shell:Creating package script '/home/jetson/ros2_ws/install/dynamixel_workbench_operators/share/dynamixel_workbench_operators/package.ps1'
[2.414s] INFO:colcon.colcon_core.shell:Creating package descriptor '/home/jetson/ros2_ws/install/dynamixel_workbench_operators/share/dynamixel_workbench_operators/package.dsv'
[2.416s] INFO:colcon.colcon_core.shell:Creating package script '/home/jetson/ros2_ws/install/dynamixel_workbench_operators/share/dynamixel_workbench_operators/package.sh'
[2.418s] INFO:colcon.colcon_core.shell:Creating package script '/home/jetson/ros2_ws/install/dynamixel_workbench_operators/share/dynamixel_workbench_operators/package.bash'
[2.419s] INFO:colcon.colcon_core.shell:Creating package script '/home/jetson/ros2_ws/install/dynamixel_workbench_operators/share/dynamixel_workbench_operators/package.zsh'
[2.421s] Level 1:colcon.colcon_core.environment:create_file_with_runtime_dependencies(/home/jetson/ros2_ws/install/dynamixel_workbench_operators/share/colcon-core/packages/dynamixel_workbench_operators)
[2.462s] Level 1:colcon.colcon_core.environment:create_environment_scripts_only(turtlebot3_navigation2)
[2.464s] Level 1:colcon.colcon_core.environment:checking '/home/jetson/ros2_ws/install/turtlebot3_navigation2' for CMake module files
[2.467s] Level 1:colcon.colcon_core.environment:checking '/home/jetson/ros2_ws/install/turtlebot3_navigation2' for CMake config files
[2.469s] Level 1:colcon.colcon_core.shell:create_environment_hook('turtlebot3_navigation2', 'cmake_prefix_path')
[2.470s] INFO:colcon.colcon_core.shell:Creating environment hook '/home/jetson/ros2_ws/install/turtlebot3_navigation2/share/turtlebot3_navigation2/hook/cmake_prefix_path.ps1'
[2.483s] INFO:colcon.colcon_core.shell:Creating environment descriptor '/home/jetson/ros2_ws/install/turtlebot3_navigation2/share/turtlebot3_navigation2/hook/cmake_prefix_path.dsv'
[2.485s] INFO:colcon.colcon_core.shell:Creating environment hook '/home/jetson/ros2_ws/install/turtlebot3_navigation2/share/turtlebot3_navigation2/hook/cmake_prefix_path.sh'
[2.487s] Level 1:colcon.colcon_core.environment:checking '/home/jetson/ros2_ws/install/turtlebot3_navigation2/bin'
[2.488s] Level 1:colcon.colcon_core.environment:checking '/home/jetson/ros2_ws/install/turtlebot3_navigation2/lib/pkgconfig/turtlebot3_navigation2.pc'
[2.489s] Level 1:colcon.colcon_core.environment:checking '/home/jetson/ros2_ws/install/turtlebot3_navigation2/lib/python3.8/site-packages'
[2.490s] Level 1:colcon.colcon_core.environment:checking '/home/jetson/ros2_ws/install/turtlebot3_navigation2/bin'
[2.491s] INFO:colcon.colcon_core.shell:Creating package script '/home/jetson/ros2_ws/install/turtlebot3_navigation2/share/turtlebot3_navigation2/package.ps1'
[2.494s] INFO:colcon.colcon_core.shell:Creating package descriptor '/home/jetson/ros2_ws/install/turtlebot3_navigation2/share/turtlebot3_navigation2/package.dsv'
[2.496s] INFO:colcon.colcon_core.shell:Creating package script '/home/jetson/ros2_ws/install/turtlebot3_navigation2/share/turtlebot3_navigation2/package.sh'
[2.498s] INFO:colcon.colcon_core.shell:Creating package script '/home/jetson/ros2_ws/install/turtlebot3_navigation2/share/turtlebot3_navigation2/package.bash'
[2.499s] INFO:colcon.colcon_core.shell:Creating package script '/home/jetson/ros2_ws/install/turtlebot3_navigation2/share/turtlebot3_navigation2/package.zsh'
[2.501s] Level 1:colcon.colcon_core.environment:create_file_with_runtime_dependencies(/home/jetson/ros2_ws/install/turtlebot3_navigation2/share/colcon-core/packages/turtlebot3_navigation2)
[2.519s] DEBUG:colcon.colcon_core.event_handler.log_command:Invoking command in '/home/jetson/ros2_ws/build/sllidar_ros2': CMAKE_PREFIX_PATH=${CMAKE_PREFIX_PATH}:/opt/ros/foxy /usr/bin/cmake --install /home/jetson/ros2_ws/build/sllidar_ros2
[2.538s] Level 1:colcon.colcon_core.environment:create_environment_scripts_only(dynamixel_workbench_operators)
[2.539s] Level 1:colcon.colcon_core.environment:checking '/home/jetson/ros2_ws/install/dynamixel_workbench_operators' for CMake module files
[2.542s] Level 1:colcon.colcon_core.environment:checking '/home/jetson/ros2_ws/install/dynamixel_workbench_operators' for CMake config files
[2.543s] Level 1:colcon.colcon_core.shell:create_environment_hook('dynamixel_workbench_operators', 'cmake_prefix_path')
[2.544s] INFO:colcon.colcon_core.shell:Creating environment hook '/home/jetson/ros2_ws/install/dynamixel_workbench_operators/share/dynamixel_workbench_operators/hook/cmake_prefix_path.ps1'
[2.546s] INFO:colcon.colcon_core.shell:Creating environment descriptor '/home/jetson/ros2_ws/install/dynamixel_workbench_operators/share/dynamixel_workbench_operators/hook/cmake_prefix_path.dsv'
[2.548s] INFO:colcon.colcon_core.shell:Creating environment hook '/home/jetson/ros2_ws/install/dynamixel_workbench_operators/share/dynamixel_workbench_operators/hook/cmake_prefix_path.sh'
[2.552s] Level 1:colcon.colcon_core.environment:checking '/home/jetson/ros2_ws/install/dynamixel_workbench_operators/lib'
[2.552s] Level 1:colcon.colcon_core.environment:checking '/home/jetson/ros2_ws/install/dynamixel_workbench_operators/bin'
[2.554s] Level 1:colcon.colcon_core.environment:checking '/home/jetson/ros2_ws/install/dynamixel_workbench_operators/lib/pkgconfig/dynamixel_workbench_operators.pc'
[2.555s] Level 1:colcon.colcon_core.environment:checking '/home/jetson/ros2_ws/install/dynamixel_workbench_operators/lib/python3.8/site-packages'
[2.556s] Level 1:colcon.colcon_core.environment:checking '/home/jetson/ros2_ws/install/dynamixel_workbench_operators/bin'
[2.557s] INFO:colcon.colcon_core.shell:Creating package script '/home/jetson/ros2_ws/install/dynamixel_workbench_operators/share/dynamixel_workbench_operators/package.ps1'
[2.561s] INFO:colcon.colcon_core.shell:Creating package descriptor '/home/jetson/ros2_ws/install/dynamixel_workbench_operators/share/dynamixel_workbench_operators/package.dsv'
[2.564s] INFO:colcon.colcon_core.shell:Creating package script '/home/jetson/ros2_ws/install/dynamixel_workbench_operators/share/dynamixel_workbench_operators/package.sh'
[2.568s] INFO:colcon.colcon_core.shell:Creating package script '/home/jetson/ros2_ws/install/dynamixel_workbench_operators/share/dynamixel_workbench_operators/package.bash'
[2.571s] INFO:colcon.colcon_core.shell:Creating package script '/home/jetson/ros2_ws/install/dynamixel_workbench_operators/share/dynamixel_workbench_operators/package.zsh'
[2.574s] Level 1:colcon.colcon_core.environment:create_file_with_runtime_dependencies(/home/jetson/ros2_ws/install/dynamixel_workbench_operators/share/colcon-core/packages/dynamixel_workbench_operators)
[2.641s] Level 1:colcon.colcon_core.environment:create_environment_scripts_only(sllidar_ros2)
[2.642s] Level 1:colcon.colcon_core.environment:checking '/home/jetson/ros2_ws/install/sllidar_ros2' for CMake module files
[2.645s] Level 1:colcon.colcon_core.environment:checking '/home/jetson/ros2_ws/install/sllidar_ros2' for CMake config files
[2.646s] DEBUG:colcon.colcon_core.event_handler.log_command:Invoked command in '/home/jetson/ros2_ws/build/sllidar_ros2' returned '0': CMAKE_PREFIX_PATH=${CMAKE_PREFIX_PATH}:/opt/ros/foxy /usr/bin/cmake --install /home/jetson/ros2_ws/build/sllidar_ros2
[2.648s] Level 1:colcon.colcon_core.shell:create_environment_hook('sllidar_ros2', 'cmake_prefix_path')
[2.649s] INFO:colcon.colcon_core.shell:Creating environment hook '/home/jetson/ros2_ws/install/sllidar_ros2/share/sllidar_ros2/hook/cmake_prefix_path.ps1'
[2.651s] INFO:colcon.colcon_core.shell:Creating environment descriptor '/home/jetson/ros2_ws/install/sllidar_ros2/share/sllidar_ros2/hook/cmake_prefix_path.dsv'
[2.653s] INFO:colcon.colcon_core.shell:Creating environment hook '/home/jetson/ros2_ws/install/sllidar_ros2/share/sllidar_ros2/hook/cmake_prefix_path.sh'
[2.655s] Level 1:colcon.colcon_core.environment:checking '/home/jetson/ros2_ws/install/sllidar_ros2/lib'
[2.655s] Level 1:colcon.colcon_core.environment:checking '/home/jetson/ros2_ws/install/sllidar_ros2/bin'
[2.656s] Level 1:colcon.colcon_core.environment:checking '/home/jetson/ros2_ws/install/sllidar_ros2/lib/pkgconfig/sllidar_ros2.pc'
[2.656s] Level 1:colcon.colcon_core.environment:checking '/home/jetson/ros2_ws/install/sllidar_ros2/lib/python3.8/site-packages'
[2.657s] Level 1:colcon.colcon_core.environment:checking '/home/jetson/ros2_ws/install/sllidar_ros2/bin'
[2.658s] INFO:colcon.colcon_core.shell:Creating package script '/home/jetson/ros2_ws/install/sllidar_ros2/share/sllidar_ros2/package.ps1'
[2.660s] INFO:colcon.colcon_core.shell:Creating package descriptor '/home/jetson/ros2_ws/install/sllidar_ros2/share/sllidar_ros2/package.dsv'
[2.662s] INFO:colcon.colcon_core.shell:Creating package script '/home/jetson/ros2_ws/install/sllidar_ros2/share/sllidar_ros2/package.sh'
[2.663s] INFO:colcon.colcon_core.shell:Creating package script '/home/jetson/ros2_ws/install/sllidar_ros2/share/sllidar_ros2/package.bash'
[2.665s] INFO:colcon.colcon_core.shell:Creating package script '/home/jetson/ros2_ws/install/sllidar_ros2/share/sllidar_ros2/package.zsh'
[2.666s] Level 1:colcon.colcon_core.environment:create_file_with_runtime_dependencies(/home/jetson/ros2_ws/install/sllidar_ros2/share/colcon-core/packages/sllidar_ros2)
[2.691s] DEBUG:colcon.colcon_core.event_handler.log_command:Invoked command in '/home/jetson/ros2_ws/build/inital_pose' returned '2': CMAKE_PREFIX_PATH=${CMAKE_PREFIX_PATH}:/opt/ros/foxy /usr/bin/cmake --build /home/jetson/ros2_ws/build/inital_pose -- -j8 -l8
[2.790s] Level 1:colcon.colcon_core.environment:create_environment_scripts_only(inital_pose)
[2.792s] Level 1:colcon.colcon_core.environment:checking '/home/jetson/ros2_ws/install/inital_pose' for CMake module files
[2.793s] Level 1:colcon.colcon_core.environment:checking '/home/jetson/ros2_ws/install/inital_pose' for CMake config files
[2.795s] Level 1:colcon.colcon_core.environment:checking '/home/jetson/ros2_ws/install/inital_pose/bin'
[2.795s] Level 1:colcon.colcon_core.environment:checking '/home/jetson/ros2_ws/install/inital_pose/lib/pkgconfig/inital_pose.pc'
[2.796s] Level 1:colcon.colcon_core.environment:checking '/home/jetson/ros2_ws/install/inital_pose/lib/python3.8/site-packages'
[2.797s] Level 1:colcon.colcon_core.environment:checking '/home/jetson/ros2_ws/install/inital_pose/bin'
[2.798s] INFO:colcon.colcon_core.shell:Creating package script '/home/jetson/ros2_ws/install/inital_pose/share/inital_pose/package.ps1'
[2.801s] INFO:colcon.colcon_core.shell:Creating package descriptor '/home/jetson/ros2_ws/install/inital_pose/share/inital_pose/package.dsv'
[2.802s] INFO:colcon.colcon_core.shell:Creating package script '/home/jetson/ros2_ws/install/inital_pose/share/inital_pose/package.sh'
[2.804s] INFO:colcon.colcon_core.shell:Creating package script '/home/jetson/ros2_ws/install/inital_pose/share/inital_pose/package.bash'
[2.805s] INFO:colcon.colcon_core.shell:Creating package script '/home/jetson/ros2_ws/install/inital_pose/share/inital_pose/package.zsh'
[2.806s] Level 1:colcon.colcon_core.environment:create_file_with_runtime_dependencies(/home/jetson/ros2_ws/install/inital_pose/share/colcon-core/packages/inital_pose)
[2.918s] DEBUG:colcon.colcon_parallel_executor.executor.parallel:closing loop
[2.919s] DEBUG:colcon.colcon_parallel_executor.executor.parallel:loop closed
[2.919s] DEBUG:colcon.colcon_parallel_executor.executor.parallel:run_until_complete finished with '2'
[2.920s] DEBUG:colcon.colcon_core.event_reactor:joining thread
[2.945s] INFO:colcon.colcon_core.plugin_system:Skipping extension 'colcon_notification.desktop_notification.terminal_notifier': Not used on non-Darwin systems
[2.945s] INFO:colcon.colcon_core.plugin_system:Skipping extension 'colcon_notification.desktop_notification.win32': Not used on non-Windows systems
[2.946s] INFO:colcon.colcon_notification.desktop_notification:Sending desktop notification using 'notify2'
[2.983s] DEBUG:colcon.colcon_notification.desktop_notification.notify2:Failed to initialize notify2: org.freedesktop.DBus.Error.Spawn.ChildExited: Process org.freedesktop.Notifications exited with status 1
[2.983s] DEBUG:colcon.colcon_core.event_reactor:joined thread
[2.984s] INFO:colcon.colcon_core.shell:Creating prefix script '/home/jetson/ros2_ws/install/local_setup.ps1'
[2.987s] INFO:colcon.colcon_core.shell:Creating prefix util module '/home/jetson/ros2_ws/install/_local_setup_util_ps1.py'
[2.991s] INFO:colcon.colcon_core.shell:Creating prefix chain script '/home/jetson/ros2_ws/install/setup.ps1'
[2.995s] INFO:colcon.colcon_core.shell:Creating prefix script '/home/jetson/ros2_ws/install/local_setup.sh'
[2.996s] INFO:colcon.colcon_core.shell:Creating prefix util module '/home/jetson/ros2_ws/install/_local_setup_util_sh.py'
[2.998s] INFO:colcon.colcon_core.shell:Creating prefix chain script '/home/jetson/ros2_ws/install/setup.sh'
[3.001s] INFO:colcon.colcon_core.shell:Creating prefix script '/home/jetson/ros2_ws/install/local_setup.bash'
[3.003s] INFO:colcon.colcon_core.shell:Creating prefix chain script '/home/jetson/ros2_ws/install/setup.bash'
[3.007s] INFO:colcon.colcon_core.shell:Creating prefix script '/home/jetson/ros2_ws/install/local_setup.zsh'
[3.009s] INFO:colcon.colcon_core.shell:Creating prefix chain script '/home/jetson/ros2_ws/install/setup.zsh'
