[0.152s] Invoking command in '/home/jetson/ros2_ws/build/turtlebot3_navigation2': CMAKE_PREFIX_PATH=${CMAKE_PREFIX_PATH}:/opt/ros/foxy /usr/bin/cmake --build /home/jetson/ros2_ws/build/turtlebot3_navigation2 -- -j8 -l8
[0.322s] Invoked command in '/home/jetson/ros2_ws/build/turtlebot3_navigation2' returned '0': CMAKE_PREFIX_PATH=${CMAKE_PREFIX_PATH}:/opt/ros/foxy /usr/bin/cmake --build /home/jetson/ros2_ws/build/turtlebot3_navigation2 -- -j8 -l8
[0.520s] Invoking command in '/home/jetson/ros2_ws/build/turtlebot3_navigation2': CMAKE_PREFIX_PATH=${CMAKE_PREFIX_PATH}:/opt/ros/foxy /usr/bin/cmake --install /home/jetson/ros2_ws/build/turtlebot3_navigation2
[0.557s] -- Install configuration: ""
[0.565s] -- Execute custom install script
[0.568s] -- Up-to-date symlink: /home/jetson/ros2_ws/install/turtlebot3_navigation2/share/turtlebot3_navigation2/launch/navigation2.launch.py
[0.569s] -- Up-to-date symlink: /home/jetson/ros2_ws/install/turtlebot3_navigation2/share/turtlebot3_navigation2/map/map.pgm
[0.569s] -- Up-to-date symlink: /home/jetson/ros2_ws/install/turtlebot3_navigation2/share/turtlebot3_navigation2/map/map.yaml
[0.570s] -- Up-to-date symlink: /home/jetson/ros2_ws/install/turtlebot3_navigation2/share/turtlebot3_navigation2/map/serverconf.yaml
[0.576s] -- Up-to-date symlink: /home/jetson/ros2_ws/install/turtlebot3_navigation2/share/turtlebot3_navigation2/map/turtlebot3_world.pgm
[0.584s] -- Up-to-date symlink: /home/jetson/ros2_ws/install/turtlebot3_navigation2/share/turtlebot3_navigation2/map/turtlebot3_world.yaml
[0.589s] -- Up-to-date symlink: /home/jetson/ros2_ws/install/turtlebot3_navigation2/share/turtlebot3_navigation2/param/burger.yaml
[0.594s] -- Up-to-date symlink: /home/jetson/ros2_ws/install/turtlebot3_navigation2/share/turtlebot3_navigation2/param/waffle.yaml
[0.595s] -- Up-to-date symlink: /home/jetson/ros2_ws/install/turtlebot3_navigation2/share/turtlebot3_navigation2/rviz/tb3_navigation2.rviz
[0.595s] -- Up-to-date symlink: /home/jetson/ros2_ws/install/turtlebot3_navigation2/share/ament_index/resource_index/package_run_dependencies/turtlebot3_navigation2
[0.596s] -- Up-to-date symlink: /home/jetson/ros2_ws/install/turtlebot3_navigation2/share/ament_index/resource_index/parent_prefix_path/turtlebot3_navigation2
[0.597s] -- Up-to-date symlink: /home/jetson/ros2_ws/install/turtlebot3_navigation2/share/turtlebot3_navigation2/environment/ament_prefix_path.sh
[0.597s] -- Up-to-date symlink: /home/jetson/ros2_ws/install/turtlebot3_navigation2/share/turtlebot3_navigation2/environment/ament_prefix_path.dsv
[0.598s] -- Up-to-date symlink: /home/jetson/ros2_ws/install/turtlebot3_navigation2/share/turtlebot3_navigation2/environment/path.sh
[0.598s] -- Up-to-date symlink: /home/jetson/ros2_ws/install/turtlebot3_navigation2/share/turtlebot3_navigation2/environment/path.dsv
[0.599s] -- Up-to-date symlink: /home/jetson/ros2_ws/install/turtlebot3_navigation2/share/turtlebot3_navigation2/local_setup.bash
[0.599s] -- Up-to-date symlink: /home/jetson/ros2_ws/install/turtlebot3_navigation2/share/turtlebot3_navigation2/local_setup.sh
[0.599s] -- Up-to-date symlink: /home/jetson/ros2_ws/install/turtlebot3_navigation2/share/turtlebot3_navigation2/local_setup.zsh
[0.605s] -- Up-to-date symlink: /home/jetson/ros2_ws/install/turtlebot3_navigation2/share/turtlebot3_navigation2/local_setup.dsv
[0.605s] -- Symlinking: /home/jetson/ros2_ws/install/turtlebot3_navigation2/share/turtlebot3_navigation2/package.dsv
[0.621s] -- Up-to-date symlink: /home/jetson/ros2_ws/install/turtlebot3_navigation2/share/ament_index/resource_index/packages/turtlebot3_navigation2
[0.623s] -- Up-to-date symlink: /home/jetson/ros2_ws/install/turtlebot3_navigation2/share/turtlebot3_navigation2/cmake/turtlebot3_navigation2Config.cmake
[0.624s] -- Up-to-date symlink: /home/jetson/ros2_ws/install/turtlebot3_navigation2/share/turtlebot3_navigation2/cmake/turtlebot3_navigation2Config-version.cmake
[0.625s] -- Up-to-date symlink: /home/jetson/ros2_ws/install/turtlebot3_navigation2/share/turtlebot3_navigation2/package.xml
[0.640s] Invoked command in '/home/jetson/ros2_ws/build/turtlebot3_navigation2' returned '0': CMAKE_PREFIX_PATH=${CMAKE_PREFIX_PATH}:/opt/ros/foxy /usr/bin/cmake --install /home/jetson/ros2_ws/build/turtlebot3_navigation2
