[35m[1mScanning dependencies of target initialpose[0m
[ 50%] [32mBuilding CXX object CMakeFiles/initialpose.dir/src/initialpose.cpp.o[0m
[01m[K/home/jetson/ros2_ws/src/inital_pose/src/initialpose.cpp:70:36:[m[K [01;31m[Kerror: [m[Kexpected ‘[01m[K;[m[K’ at end of member declaration
   70 |     geometry_msgs::msg::Quaternion [01;31m[Korientation[m[K
      |                                    [01;31m[K^~~~~~~~~~~[m[K
      |                                               [32m[K;[m[K
[01m[K/home/jetson/ros2_ws/src/inital_pose/src/initialpose.cpp:71:23:[m[K [01;31m[Kerror: [m[K‘[01m[Ksensor_msgs[m[K’ was not declared in this scope
   71 |     rclcpp::Publisher<[01;31m[Ksensor_msgs[m[K::msg::LaserScan>::SharedPtr initalpose_pub;
      |                       [01;31m[K^~~~~~~~~~~[m[K
[01m[K/home/jetson/ros2_ws/src/inital_pose/src/initialpose.cpp:71:50:[m[K [01;31m[Kerror: [m[Ktemplate argument 1 is invalid
   71 |     rclcpp::Publisher<sensor_msgs::msg::LaserScan[01;31m[K>[m[K::SharedPtr initalpose_pub;
      |                                                  [01;31m[K^[m[K
[01m[K/home/jetson/ros2_ws/src/inital_pose/src/initialpose.cpp:71:53:[m[K [01;31m[Kerror: [m[Kexpected ‘[01m[K;[m[K’ at end of member declaration
   71 |     rclcpp::Publisher<sensor_msgs::msg::LaserScan>::[01;31m[KSharedPtr[m[K initalpose_pub;
      |                                                     [01;31m[K^~~~~~~~~[m[K
      |                                                              [32m[K;[m[K
[01m[K/home/jetson/ros2_ws/src/inital_pose/src/initialpose.cpp:71:63:[m[K [01;31m[Kerror: [m[K‘[01m[Kinitalpose_pub[m[K’ does not name a type
   71 |     rclcpp::Publisher<sensor_msgs::msg::LaserScan>::SharedPtr [01;31m[Kinitalpose_pub[m[K;
      |                                                               [01;31m[K^~~~~~~~~~~~~~[m[K
[01m[K/home/jetson/ros2_ws/src/inital_pose/src/initialpose.cpp:72:2:[m[K [01;31m[Kerror: [m[Kexpected ‘[01m[K;[m[K’ after class definition
   72 | }
      |  [01;31m[K^[m[K
      |  [32m[K;[m[K
[01m[K/home/jetson/ros2_ws/src/inital_pose/src/initialpose.cpp:66:5:[m[K [01;31m[Kerror: [m[Kexpected ‘[01m[K;[m[K’ before ‘[01m[Kgeometry_msgs[m[K’
   66 |     [01;31m[Kgeometry_msgs[m[K::msg::PoseWithCovarianceStamped pose;
      |     [01;31m[K^~~~~~~~~~~~~[m[K
[01m[K/home/jetson/ros2_ws/src/inital_pose/src/initialpose.cpp:[m[K In constructor ‘[01m[KInitalposePublisher::InitalposePublisher()[m[K’:
[01m[K/home/jetson/ros2_ws/src/inital_pose/src/initialpose.cpp:50:36:[m[K [01;31m[Kerror: [m[K‘[01m[KQos[m[K’ is not a member of ‘[01m[Krclcpp[m[K’; did you mean ‘[01m[KQoS[m[K’?
   50 |         auto qos_profile = rclcpp::[01;31m[KQos[m[K(rclcpp::KeepLast(10));
      |                                    [01;31m[K^~~[m[K
      |                                    [32m[KQoS[m[K
[01m[K/home/jetson/ros2_ws/src/inital_pose/src/initialpose.cpp:51:9:[m[K [01;31m[Kerror: [m[K‘[01m[Kinitalpose_pub[m[K’ was not declared in this scope
   51 |         [01;31m[Kinitalpose_pub[m[K = this->create_publisher<geometry_msgs::msg::PoseWithCovarianceStamped>("initalpose",qos_profile);
      |         [01;31m[K^~~~~~~~~~~~~~[m[K
[01m[K/home/jetson/ros2_ws/src/inital_pose/src/initialpose.cpp:[m[K In member function ‘[01m[Kvoid InitalposePublisher::publish_initalpose_msg()[m[K’:
[01m[K/home/jetson/ros2_ws/src/inital_pose/src/initialpose.cpp:56:9:[m[K [01;31m[Kerror: [m[K‘[01m[Kpose[m[K’ was not declared in this scope; did you mean ‘[01m[Kpose1[m[K’?
   56 |         [01;31m[Kpose[m[K.header.frame_id=fixed_frame;
      |         [01;31m[K^~~~[m[K
      |         [32m[Kpose1[m[K
[01m[K/home/jetson/ros2_ws/src/inital_pose/src/initialpose.cpp:57:41:[m[K [01;31m[Kerror: [m[K‘[01m[Know[m[K’ is not a member of ‘[01m[Krclcpp::Time[m[K’
   57 |         pose.header.stamp=rclcpp::Time::[01;31m[Know[m[K();
      |                                         [01;31m[K^~~[m[K
make[2]: *** [CMakeFiles/initialpose.dir/build.make:63: CMakeFiles/initialpose.dir/src/initialpose.cpp.o] Error 1
make[1]: *** [CMakeFiles/Makefile2:78: CMakeFiles/initialpose.dir/all] Error 2
make: *** [Makefile:141: all] Error 2
