[0.172s] Invoking command in '/home/jetson/ros2_ws/build/initial_pose': CMAKE_PREFIX_PATH=${CMAKE_PREFIX_PATH}:/opt/ros/foxy /usr/bin/cmake /home/jetson/ros2_ws/src/initial_pose -DAMENT_CMAKE_SYMLINK_INSTALL=1 -DCMAKE_INSTALL_PREFIX=/home/jetson/ros2_ws/install/initial_pose
[0.495s] -- The C compiler identification is GNU 9.4.0
[0.815s] -- The CXX compiler identification is GNU 9.4.0
[0.838s] -- Check for working C compiler: /usr/bin/cc
[1.152s] -- Check for working C compiler: /usr/bin/cc -- works
[1.157s] -- Detecting C compiler ABI info
[1.576s] -- Detecting C compiler ABI info - done
[1.613s] -- Detecting C compile features
[1.614s] -- Detecting C compile features - done
[1.623s] -- Check for working CXX compiler: /usr/bin/c++
[1.951s] -- Check for working CXX compiler: /usr/bin/c++ -- works
[1.955s] -- Detecting CXX compiler ABI info
[2.286s] -- Detecting CXX compiler ABI info - done
[2.325s] -- Detecting CXX compile features
[2.326s] -- Detecting CXX compile features - done
[2.338s] -- Found ament_cmake: 0.9.12 (/opt/ros/foxy/share/ament_cmake/cmake)
[2.430s] -- Found PythonInterp: /usr/bin/python3 (found suitable version "3.8.10", minimum required is "3") 
[2.430s] -- Using PYTHON_EXECUTABLE: /usr/bin/python3
[3.041s] -- Override CMake install command with custom implementation using symlinks instead of copying resources
[3.158s] -- Found rclcpp: 2.4.3 (/opt/ros/foxy/share/rclcpp/cmake)
[3.339s] -- Using all available rosidl_typesupport_c: rosidl_typesupport_fastrtps_c;rosidl_typesupport_introspection_c
[3.368s] -- Found rosidl_adapter: 1.3.1 (/opt/ros/foxy/share/rosidl_adapter/cmake)
[3.730s] -- Found OpenSSL: /usr/lib/aarch64-linux-gnu/libcrypto.so (found version "1.1.1f")  
[3.831s] -- Found FastRTPS: /opt/ros/foxy/include  
[4.121s] -- Using all available rosidl_typesupport_cpp: rosidl_typesupport_fastrtps_cpp;rosidl_typesupport_introspection_cpp
[4.425s] -- Found rmw_implementation_cmake: 1.0.4 (/opt/ros/foxy/share/rmw_implementation_cmake/cmake)
[4.427s] -- Using RMW implementation 'rmw_fastrtps_cpp' as default
[4.427s] -- Looking for pthread.h
[4.738s] -- Looking for pthread.h - found
[4.740s] -- Performing Test CMAKE_HAVE_LIBC_PTHREAD
[5.190s] -- Performing Test CMAKE_HAVE_LIBC_PTHREAD - Failed
[5.192s] -- Looking for pthread_create in pthreads
[5.587s] -- Looking for pthread_create in pthreads - not found
[5.588s] -- Looking for pthread_create in pthread
[5.888s] -- Looking for pthread_create in pthread - found
[5.893s] -- Found Threads: TRUE  
[6.377s] -- Found geometry_msgs: 2.0.5 (/opt/ros/foxy/share/geometry_msgs/cmake)
[6.494s] -- Found ament_lint_auto: 0.9.8 (/opt/ros/foxy/share/ament_lint_auto/cmake)
[6.760s] -- Added test 'copyright' to check source files copyright and LICENSE
[6.765s] -- Added test 'cppcheck' to perform static code analysis on C / C++ code
[6.765s] -- Configured cppcheck include dirs: 
[6.765s] -- Configured cppcheck exclude dirs and/or files: 
[6.769s] -- Added test 'cpplint' to check C / C++ code against the Google style
[6.769s] -- Configured cpplint exclude dirs and/or files: 
[6.772s] -- Added test 'lint_cmake' to check CMake code style
[6.776s] -- Added test 'uncrustify' to check C / C++ code style
[6.777s] -- Configured uncrustify additional arguments: 
[6.779s] -- Added test 'xmllint' to check XML markup files
[6.801s] -- Configuring done
[6.836s] -- Generating done
[6.842s] -- Build files have been written to: /home/jetson/ros2_ws/build/initial_pose
[6.878s] Invoked command in '/home/jetson/ros2_ws/build/initial_pose' returned '0': CMAKE_PREFIX_PATH=${CMAKE_PREFIX_PATH}:/opt/ros/foxy /usr/bin/cmake /home/jetson/ros2_ws/src/initial_pose -DAMENT_CMAKE_SYMLINK_INSTALL=1 -DCMAKE_INSTALL_PREFIX=/home/jetson/ros2_ws/install/initial_pose
[6.888s] Invoking command in '/home/jetson/ros2_ws/build/initial_pose': CMAKE_PREFIX_PATH=${CMAKE_PREFIX_PATH}:/opt/ros/foxy /usr/bin/cmake --build /home/jetson/ros2_ws/build/initial_pose -- -j8 -l8
[7.050s] [35m[1mScanning dependencies of target initialpose[0m
[7.249s] [ 50%] [32mBuilding CXX object CMakeFiles/initialpose.dir/src/initialpose.cpp.o[0m
[11.589s] [01m[K/home/jetson/ros2_ws/src/initial_pose/src/initialpose.cpp:[m[K In constructor ‘[01m[KInitalposePublisher::InitalposePublisher()[m[K’:
[11.589s] [01m[K/home/jetson/ros2_ws/src/initial_pose/src/initialpose.cpp:29:23:[m[K [01;31m[Kerror: [m[Kexpected unqualified-id before ‘[01m[Kthis[m[K’
[11.590s]    29 |         msg_sub=this->[01;31m[Kthis[m[K->create_subscription<std_msgs::msg::String>(
[11.590s]       |                       [01;31m[K^~~~[m[K
[11.596s] [01m[K/home/jetson/ros2_ws/src/initial_pose/src/initialpose.cpp:[m[K In member function ‘[01m[Kvoid InitalposePublisher::subscribe_topic_message(std_msgs::msg::String_<std::allocator<void> >::SharedPtr) const[m[K’:
[11.597s] [01m[K/home/jetson/ros2_ws/src/initial_pose/src/initialpose.cpp:37:29:[m[K [01;31m[Kerror: [m[Kpassing ‘[01m[Kconst string[m[K’ {aka ‘[01m[Kconst std::__cxx11::basic_string<char>[m[K’} as ‘[01m[Kthis[m[K’ argument discards qualifiers [[01;31m[K-fpermissive[m[K]
[11.597s]    37 |         str=msg->data.c_str([01;31m[K)[m[K;
[11.597s]       |                             [01;31m[K^[m[K
[11.598s] In file included from [01m[K/usr/include/c++/9/string:55[m[K,
[11.598s]                  from [01m[K/usr/include/c++/9/stdexcept:39[m[K,
[11.599s]                  from [01m[K/usr/include/c++/9/array:39[m[K,
[11.599s]                  from [01m[K/usr/include/c++/9/tuple:39[m[K,
[11.599s]                  from [01m[K/usr/include/c++/9/functional:54[m[K,
[11.599s]                  from [01m[K/home/jetson/ros2_ws/src/initial_pose/src/initialpose.cpp:2[m[K:
[11.600s] [01m[K/usr/include/c++/9/bits/basic_string.h:708:7:[m[K [01;36m[Knote: [m[K  in call to ‘[01m[Kstd::__cxx11::basic_string<_CharT, _Traits, _Alloc>& std::__cxx11::basic_string<_CharT, _Traits, _Alloc>::operator=(const _CharT*) [with _CharT = char; _Traits = std::char_traits<char>; _Alloc = std::allocator<char>][m[K’
[11.600s]   708 |       [01;36m[Koperator[m[K=(const _CharT* __s)
[11.600s]       |       [01;36m[K^~~~~~~~[m[K
[14.324s] make[2]: *** [CMakeFiles/initialpose.dir/build.make:63: CMakeFiles/initialpose.dir/src/initialpose.cpp.o] Error 1
[14.325s] make[1]: *** [CMakeFiles/Makefile2:78: CMakeFiles/initialpose.dir/all] Error 2
[14.326s] make: *** [Makefile:141: all] Error 2
[14.333s] Invoked command in '/home/jetson/ros2_ws/build/initial_pose' returned '2': CMAKE_PREFIX_PATH=${CMAKE_PREFIX_PATH}:/opt/ros/foxy /usr/bin/cmake --build /home/jetson/ros2_ws/build/initial_pose -- -j8 -l8
