[0.172s] Invoking command in '/home/jetson/ros2_ws/build/inital_pose': CMAKE_PREFIX_PATH=${CMAKE_PREFIX_PATH}:/opt/ros/foxy /usr/bin/cmake --build /home/jetson/ros2_ws/build/inital_pose -- -j8 -l8
[0.368s] [35m[1mScanning dependencies of target initialpose[0m
[0.646s] [ 50%] [32mBuilding CXX object CMakeFiles/initialpose.dir/src/initialpose.cpp.o[0m
[10.275s] [100%] [32m[1mLinking CXX executable initialpose[0m
[10.806s] [100%] Built target initialpose
[10.960s] Invoked command in '/home/jetson/ros2_ws/build/inital_pose' returned '0': CMAKE_PREFIX_PATH=${CMAKE_PREFIX_PATH}:/opt/ros/foxy /usr/bin/cmake --build /home/jetson/ros2_ws/build/inital_pose -- -j8 -l8
[11.083s] Invoking command in '/home/jetson/ros2_ws/build/inital_pose': CMAKE_PREFIX_PATH=${CMAKE_PREFIX_PATH}:/opt/ros/foxy /usr/bin/cmake --install /home/jetson/ros2_ws/build/inital_pose
[11.122s] -- Install configuration: ""
[11.123s] -- Execute custom install script
[11.125s] -- Up-to-date symlink: /home/jetson/ros2_ws/install/inital_pose/lib/inital_pose/initialpose
[11.127s] -- Up-to-date symlink: /home/jetson/ros2_ws/install/inital_pose/share/ament_index/resource_index/package_run_dependencies/inital_pose
[11.128s] -- Up-to-date symlink: /home/jetson/ros2_ws/install/inital_pose/share/ament_index/resource_index/parent_prefix_path/inital_pose
[11.130s] -- Up-to-date symlink: /home/jetson/ros2_ws/install/inital_pose/share/inital_pose/environment/ament_prefix_path.sh
[11.131s] -- Up-to-date symlink: /home/jetson/ros2_ws/install/inital_pose/share/inital_pose/environment/ament_prefix_path.dsv
[11.132s] -- Up-to-date symlink: /home/jetson/ros2_ws/install/inital_pose/share/inital_pose/environment/path.sh
[11.133s] -- Up-to-date symlink: /home/jetson/ros2_ws/install/inital_pose/share/inital_pose/environment/path.dsv
[11.134s] -- Up-to-date symlink: /home/jetson/ros2_ws/install/inital_pose/share/inital_pose/local_setup.bash
[11.137s] -- Up-to-date symlink: /home/jetson/ros2_ws/install/inital_pose/share/inital_pose/local_setup.sh
[11.137s] -- Up-to-date symlink: /home/jetson/ros2_ws/install/inital_pose/share/inital_pose/local_setup.zsh
[11.138s] -- Up-to-date symlink: /home/jetson/ros2_ws/install/inital_pose/share/inital_pose/local_setup.dsv
[11.138s] -- Symlinking: /home/jetson/ros2_ws/install/inital_pose/share/inital_pose/package.dsv
[11.178s] -- Up-to-date symlink: /home/jetson/ros2_ws/install/inital_pose/share/ament_index/resource_index/packages/inital_pose
[11.178s] -- Up-to-date symlink: /home/jetson/ros2_ws/install/inital_pose/share/inital_pose/cmake/ament_cmake_export_dependencies-extras.cmake
[11.180s] -- Up-to-date symlink: /home/jetson/ros2_ws/install/inital_pose/share/inital_pose/cmake/inital_poseConfig.cmake
[11.181s] -- Up-to-date symlink: /home/jetson/ros2_ws/install/inital_pose/share/inital_pose/cmake/inital_poseConfig-version.cmake
[11.182s] -- Up-to-date symlink: /home/jetson/ros2_ws/install/inital_pose/share/inital_pose/package.xml
[11.192s] Invoked command in '/home/jetson/ros2_ws/build/inital_pose' returned '0': CMAKE_PREFIX_PATH=${CMAKE_PREFIX_PATH}:/opt/ros/foxy /usr/bin/cmake --install /home/jetson/ros2_ws/build/inital_pose
