[0.157s] Invoking command in '/home/jetson/ros2_ws/build/inital_pose': CMAKE_PREFIX_PATH=${CMAKE_PREFIX_PATH}:/opt/ros/foxy /usr/bin/cmake --build /home/jetson/ros2_ws/build/inital_pose -- -j8 -l8
[0.350s] [35m[1mScanning dependencies of target initialpose[0m
[0.633s] [ 50%] [32mBuilding CXX object CMakeFiles/initialpose.dir/src/initialpose.cpp.o[0m
[4.875s] [01m[K/home/jetson/ros2_ws/src/inital_pose/src/initialpose.cpp:[m[K In member function ‘[01m[Kvoid InitalposePublisher::publish_initalpose_msg()[m[K’:
[4.876s] [01m[K/home/jetson/ros2_ws/src/inital_pose/src/initialpose.cpp:39:14:[m[K [01;31m[Kerror: [m[K‘[01m[Kusing PoseWithCovarianceStamped = struct geometry_msgs::msg::PoseWithCovarianceStamped_<std::allocator<void> >[m[K’ {aka ‘[01m[Kstruct geometry_msgs::msg::PoseWithCovarianceStamped_<std::allocator<void> >[m[K’} has no member named ‘[01m[Kpose1[m[K’; did you mean ‘[01m[Kpose[m[K’?
[4.876s]    39 |         pose.[01;31m[Kpose1[m[K.pose2.position.x=0.0;
[4.877s]       |              [01;31m[K^~~~~[m[K
[4.877s]       |              [32m[Kpose[m[K
[4.877s] [01m[K/home/jetson/ros2_ws/src/inital_pose/src/initialpose.cpp:40:14:[m[K [01;31m[Kerror: [m[K‘[01m[Kusing PoseWithCovarianceStamped = struct geometry_msgs::msg::PoseWithCovarianceStamped_<std::allocator<void> >[m[K’ {aka ‘[01m[Kstruct geometry_msgs::msg::PoseWithCovarianceStamped_<std::allocator<void> >[m[K’} has no member named ‘[01m[Kpose1[m[K’; did you mean ‘[01m[Kpose[m[K’?
[4.878s]    40 |         pose.[01;31m[Kpose1[m[K.pose2.position.y=0.0;
[4.878s]       |              [01;31m[K^~~~~[m[K
[4.878s]       |              [32m[Kpose[m[K
[4.879s] [01m[K/home/jetson/ros2_ws/src/inital_pose/src/initialpose.cpp:41:14:[m[K [01;31m[Kerror: [m[K‘[01m[Kusing PoseWithCovarianceStamped = struct geometry_msgs::msg::PoseWithCovarianceStamped_<std::allocator<void> >[m[K’ {aka ‘[01m[Kstruct geometry_msgs::msg::PoseWithCovarianceStamped_<std::allocator<void> >[m[K’} has no member named ‘[01m[Kpose1[m[K’; did you mean ‘[01m[Kpose[m[K’?
[4.879s]    41 |         pose.[01;31m[Kpose1[m[K.pose2.position.z=0.0;
[4.879s]       |              [01;31m[K^~~~~[m[K
[4.879s]       |              [32m[Kpose[m[K
[4.880s] [01m[K/home/jetson/ros2_ws/src/inital_pose/src/initialpose.cpp:42:14:[m[K [01;31m[Kerror: [m[K‘[01m[Kusing PoseWithCovarianceStamped = struct geometry_msgs::msg::PoseWithCovarianceStamped_<std::allocator<void> >[m[K’ {aka ‘[01m[Kstruct geometry_msgs::msg::PoseWithCovarianceStamped_<std::allocator<void> >[m[K’} has no member named ‘[01m[Kpose1[m[K’; did you mean ‘[01m[Kpose[m[K’?
[4.880s]    42 |         pose.[01;31m[Kpose1[m[K.pose2.orientation.w=0.1;
[4.880s]       |              [01;31m[K^~~~~[m[K
[4.880s]       |              [32m[Kpose[m[K
[7.365s] make[2]: *** [CMakeFiles/initialpose.dir/build.make:63: CMakeFiles/initialpose.dir/src/initialpose.cpp.o] Error 1
[7.367s] make[1]: *** [CMakeFiles/Makefile2:78: CMakeFiles/initialpose.dir/all] Error 2
[7.368s] make: *** [Makefile:141: all] Error 2
[7.378s] Invoked command in '/home/jetson/ros2_ws/build/inital_pose' returned '2': CMAKE_PREFIX_PATH=${CMAKE_PREFIX_PATH}:/opt/ros/foxy /usr/bin/cmake --build /home/jetson/ros2_ws/build/inital_pose -- -j8 -l8
