[0.592s] DEBUG:colcon:Command line arguments: ['/usr/bin/colcon', 'build', '--symlink-install']
[0.593s] DEBUG:colcon:Parsed command line arguments: Namespace(allow_overriding=[], ament_cmake_args=None, base_paths=['.'], build_base='build', catkin_cmake_args=None, catkin_skip_building_tests=False, cmake_args=None, cmake_clean_cache=False, cmake_clean_first=False, cmake_force_configure=False, cmake_target=None, cmake_target_skip_unavailable=False, continue_on_error=False, event_handlers=None, executor='parallel', ignore_user_meta=False, install_base='install', log_base=None, log_level=None, main=<bound method BuildVerb.main of <colcon_core.verb.build.BuildVerb object at 0xffff801804f0>>, merge_install=False, metas=['./colcon.meta'], packages_above=None, packages_above_and_dependencies=None, packages_above_depth=None, packages_end=None, packages_ignore=None, packages_ignore_regex=None, packages_select=None, packages_select_build_failed=False, packages_select_by_dep=None, packages_select_regex=None, packages_select_test_failures=False, packages_skip=None, packages_skip_build_finished=False, packages_skip_by_dep=None, packages_skip_regex=None, packages_skip_test_passed=False, packages_skip_up_to=None, packages_start=None, packages_up_to=None, packages_up_to_regex=None, parallel_workers=8, paths=None, symlink_install=True, test_result_base=None, verb_extension=<colcon_core.verb.build.BuildVerb object at 0xffff801804f0>, verb_name='build', verb_parser=<colcon_defaults.argument_parser.defaults.DefaultArgumentsDecorator object at 0xffff8002bca0>)
[1.082s] Level 1:colcon.colcon_core.package_discovery:discover_packages(colcon_meta) check parameters
[1.082s] Level 1:colcon.colcon_core.package_discovery:discover_packages(recursive) check parameters
[1.082s] Level 1:colcon.colcon_core.package_discovery:discover_packages(ignore) check parameters
[1.082s] Level 1:colcon.colcon_core.package_discovery:discover_packages(path) check parameters
[1.082s] Level 1:colcon.colcon_core.package_discovery:discover_packages(colcon_meta) discover
[1.083s] Level 1:colcon.colcon_core.package_discovery:discover_packages(recursive) discover
[1.083s] INFO:colcon.colcon_core.package_discovery:Crawling recursively for packages in '/home/jetson/ros2_ws'
[1.083s] Level 1:colcon.colcon_core.package_identification:_identify(.) by extensions ['ignore', 'ignore_ament_install']
[1.084s] Level 1:colcon.colcon_core.package_identification:_identify(.) by extension 'ignore'
[1.084s] Level 1:colcon.colcon_core.package_identification:_identify(.) by extension 'ignore_ament_install'
[1.084s] Level 1:colcon.colcon_core.package_identification:_identify(.) by extensions ['colcon_pkg']
[1.084s] Level 1:colcon.colcon_core.package_identification:_identify(.) by extension 'colcon_pkg'
[1.084s] Level 1:colcon.colcon_core.package_identification:_identify(.) by extensions ['colcon_meta']
[1.084s] Level 1:colcon.colcon_core.package_identification:_identify(.) by extension 'colcon_meta'
[1.085s] Level 1:colcon.colcon_core.package_identification:_identify(.) by extensions ['ros']
[1.085s] Level 1:colcon.colcon_core.package_identification:_identify(.) by extension 'ros'
[1.120s] Level 1:colcon.colcon_core.package_identification:_identify(.) by extensions ['cmake', 'python']
[1.120s] Level 1:colcon.colcon_core.package_identification:_identify(.) by extension 'cmake'
[1.121s] Level 1:colcon.colcon_core.package_identification:_identify(.) by extension 'python'
[1.121s] Level 1:colcon.colcon_core.package_identification:_identify(.) by extensions ['python_setup_py']
[1.121s] Level 1:colcon.colcon_core.package_identification:_identify(.) by extension 'python_setup_py'
[1.121s] Level 1:colcon.colcon_core.package_identification:_identify(build) by extensions ['ignore', 'ignore_ament_install']
[1.122s] Level 1:colcon.colcon_core.package_identification:_identify(build) by extension 'ignore'
[1.122s] Level 1:colcon.colcon_core.package_identification:_identify(build) ignored
[1.122s] Level 1:colcon.colcon_core.package_identification:_identify(install) by extensions ['ignore', 'ignore_ament_install']
[1.123s] Level 1:colcon.colcon_core.package_identification:_identify(install) by extension 'ignore'
[1.123s] Level 1:colcon.colcon_core.package_identification:_identify(install) ignored
[1.123s] Level 1:colcon.colcon_core.package_identification:_identify(log) by extensions ['ignore', 'ignore_ament_install']
[1.124s] Level 1:colcon.colcon_core.package_identification:_identify(log) by extension 'ignore'
[1.124s] Level 1:colcon.colcon_core.package_identification:_identify(log) ignored
[1.124s] Level 1:colcon.colcon_core.package_identification:_identify(src) by extensions ['ignore', 'ignore_ament_install']
[1.124s] Level 1:colcon.colcon_core.package_identification:_identify(src) by extension 'ignore'
[1.125s] Level 1:colcon.colcon_core.package_identification:_identify(src) by extension 'ignore_ament_install'
[1.125s] Level 1:colcon.colcon_core.package_identification:_identify(src) by extensions ['colcon_pkg']
[1.125s] Level 1:colcon.colcon_core.package_identification:_identify(src) by extension 'colcon_pkg'
[1.125s] Level 1:colcon.colcon_core.package_identification:_identify(src) by extensions ['colcon_meta']
[1.125s] Level 1:colcon.colcon_core.package_identification:_identify(src) by extension 'colcon_meta'
[1.125s] Level 1:colcon.colcon_core.package_identification:_identify(src) by extensions ['ros']
[1.125s] Level 1:colcon.colcon_core.package_identification:_identify(src) by extension 'ros'
[1.126s] Level 1:colcon.colcon_core.package_identification:_identify(src) by extensions ['cmake', 'python']
[1.126s] Level 1:colcon.colcon_core.package_identification:_identify(src) by extension 'cmake'
[1.126s] Level 1:colcon.colcon_core.package_identification:_identify(src) by extension 'python'
[1.126s] Level 1:colcon.colcon_core.package_identification:_identify(src) by extensions ['python_setup_py']
[1.126s] Level 1:colcon.colcon_core.package_identification:_identify(src) by extension 'python_setup_py'
[1.127s] Level 1:colcon.colcon_core.package_identification:_identify(src/dynamixel-workbench-msgs) by extensions ['ignore', 'ignore_ament_install']
[1.127s] Level 1:colcon.colcon_core.package_identification:_identify(src/dynamixel-workbench-msgs) by extension 'ignore'
[1.127s] Level 1:colcon.colcon_core.package_identification:_identify(src/dynamixel-workbench-msgs) by extension 'ignore_ament_install'
[1.127s] Level 1:colcon.colcon_core.package_identification:_identify(src/dynamixel-workbench-msgs) by extensions ['colcon_pkg']
[1.127s] Level 1:colcon.colcon_core.package_identification:_identify(src/dynamixel-workbench-msgs) by extension 'colcon_pkg'
[1.128s] Level 1:colcon.colcon_core.package_identification:_identify(src/dynamixel-workbench-msgs) by extensions ['colcon_meta']
[1.128s] Level 1:colcon.colcon_core.package_identification:_identify(src/dynamixel-workbench-msgs) by extension 'colcon_meta'
[1.128s] Level 1:colcon.colcon_core.package_identification:_identify(src/dynamixel-workbench-msgs) by extensions ['ros']
[1.128s] Level 1:colcon.colcon_core.package_identification:_identify(src/dynamixel-workbench-msgs) by extension 'ros'
[1.128s] Level 1:colcon.colcon_core.package_identification:_identify(src/dynamixel-workbench-msgs) by extensions ['cmake', 'python']
[1.128s] Level 1:colcon.colcon_core.package_identification:_identify(src/dynamixel-workbench-msgs) by extension 'cmake'
[1.128s] Level 1:colcon.colcon_core.package_identification:_identify(src/dynamixel-workbench-msgs) by extension 'python'
[1.129s] Level 1:colcon.colcon_core.package_identification:_identify(src/dynamixel-workbench-msgs) by extensions ['python_setup_py']
[1.129s] Level 1:colcon.colcon_core.package_identification:_identify(src/dynamixel-workbench-msgs) by extension 'python_setup_py'
[1.129s] Level 1:colcon.colcon_core.package_identification:_identify(src/dynamixel-workbench-msgs/dynamixel_workbench_msgs) by extensions ['ignore', 'ignore_ament_install']
[1.129s] Level 1:colcon.colcon_core.package_identification:_identify(src/dynamixel-workbench-msgs/dynamixel_workbench_msgs) by extension 'ignore'
[1.130s] Level 1:colcon.colcon_core.package_identification:_identify(src/dynamixel-workbench-msgs/dynamixel_workbench_msgs) by extension 'ignore_ament_install'
[1.130s] Level 1:colcon.colcon_core.package_identification:_identify(src/dynamixel-workbench-msgs/dynamixel_workbench_msgs) by extensions ['colcon_pkg']
[1.130s] Level 1:colcon.colcon_core.package_identification:_identify(src/dynamixel-workbench-msgs/dynamixel_workbench_msgs) by extension 'colcon_pkg'
[1.130s] Level 1:colcon.colcon_core.package_identification:_identify(src/dynamixel-workbench-msgs/dynamixel_workbench_msgs) by extensions ['colcon_meta']
[1.130s] Level 1:colcon.colcon_core.package_identification:_identify(src/dynamixel-workbench-msgs/dynamixel_workbench_msgs) by extension 'colcon_meta'
[1.130s] Level 1:colcon.colcon_core.package_identification:_identify(src/dynamixel-workbench-msgs/dynamixel_workbench_msgs) by extensions ['ros']
[1.130s] Level 1:colcon.colcon_core.package_identification:_identify(src/dynamixel-workbench-msgs/dynamixel_workbench_msgs) by extension 'ros'
[1.138s] DEBUG:colcon.colcon_core.package_identification:Package 'src/dynamixel-workbench-msgs/dynamixel_workbench_msgs' with type 'ros.ament_cmake' and name 'dynamixel_workbench_msgs'
[1.138s] Level 1:colcon.colcon_core.package_identification:_identify(src/dynamixel_workbench_operators) by extensions ['ignore', 'ignore_ament_install']
[1.138s] Level 1:colcon.colcon_core.package_identification:_identify(src/dynamixel_workbench_operators) by extension 'ignore'
[1.139s] Level 1:colcon.colcon_core.package_identification:_identify(src/dynamixel_workbench_operators) by extension 'ignore_ament_install'
[1.139s] Level 1:colcon.colcon_core.package_identification:_identify(src/dynamixel_workbench_operators) by extensions ['colcon_pkg']
[1.139s] Level 1:colcon.colcon_core.package_identification:_identify(src/dynamixel_workbench_operators) by extension 'colcon_pkg'
[1.139s] Level 1:colcon.colcon_core.package_identification:_identify(src/dynamixel_workbench_operators) by extensions ['colcon_meta']
[1.139s] Level 1:colcon.colcon_core.package_identification:_identify(src/dynamixel_workbench_operators) by extension 'colcon_meta'
[1.139s] Level 1:colcon.colcon_core.package_identification:_identify(src/dynamixel_workbench_operators) by extensions ['ros']
[1.139s] Level 1:colcon.colcon_core.package_identification:_identify(src/dynamixel_workbench_operators) by extension 'ros'
[1.142s] DEBUG:colcon.colcon_core.package_identification:Package 'src/dynamixel_workbench_operators' with type 'ros.ament_cmake' and name 'dynamixel_workbench_operators'
[1.142s] Level 1:colcon.colcon_core.package_identification:_identify(src/initial_pose) by extensions ['ignore', 'ignore_ament_install']
[1.142s] Level 1:colcon.colcon_core.package_identification:_identify(src/initial_pose) by extension 'ignore'
[1.142s] Level 1:colcon.colcon_core.package_identification:_identify(src/initial_pose) by extension 'ignore_ament_install'
[1.143s] Level 1:colcon.colcon_core.package_identification:_identify(src/initial_pose) by extensions ['colcon_pkg']
[1.143s] Level 1:colcon.colcon_core.package_identification:_identify(src/initial_pose) by extension 'colcon_pkg'
[1.143s] Level 1:colcon.colcon_core.package_identification:_identify(src/initial_pose) by extensions ['colcon_meta']
[1.143s] Level 1:colcon.colcon_core.package_identification:_identify(src/initial_pose) by extension 'colcon_meta'
[1.143s] Level 1:colcon.colcon_core.package_identification:_identify(src/initial_pose) by extensions ['ros']
[1.143s] Level 1:colcon.colcon_core.package_identification:_identify(src/initial_pose) by extension 'ros'
[1.145s] DEBUG:colcon.colcon_core.package_identification:Package 'src/initial_pose' with type 'ros.ament_cmake' and name 'initial_pose'
[1.146s] Level 1:colcon.colcon_core.package_identification:_identify(src/sllidar_ros2) by extensions ['ignore', 'ignore_ament_install']
[1.146s] Level 1:colcon.colcon_core.package_identification:_identify(src/sllidar_ros2) by extension 'ignore'
[1.146s] Level 1:colcon.colcon_core.package_identification:_identify(src/sllidar_ros2) by extension 'ignore_ament_install'
[1.146s] Level 1:colcon.colcon_core.package_identification:_identify(src/sllidar_ros2) by extensions ['colcon_pkg']
[1.146s] Level 1:colcon.colcon_core.package_identification:_identify(src/sllidar_ros2) by extension 'colcon_pkg'
[1.147s] Level 1:colcon.colcon_core.package_identification:_identify(src/sllidar_ros2) by extensions ['colcon_meta']
[1.147s] Level 1:colcon.colcon_core.package_identification:_identify(src/sllidar_ros2) by extension 'colcon_meta'
[1.147s] Level 1:colcon.colcon_core.package_identification:_identify(src/sllidar_ros2) by extensions ['ros']
[1.147s] Level 1:colcon.colcon_core.package_identification:_identify(src/sllidar_ros2) by extension 'ros'
[1.149s] DEBUG:colcon.colcon_core.package_identification:Package 'src/sllidar_ros2' with type 'ros.ament_cmake' and name 'sllidar_ros2'
[1.149s] Level 1:colcon.colcon_core.package_identification:_identify(src/turtlebot3_navigation2) by extensions ['ignore', 'ignore_ament_install']
[1.149s] Level 1:colcon.colcon_core.package_identification:_identify(src/turtlebot3_navigation2) by extension 'ignore'
[1.150s] Level 1:colcon.colcon_core.package_identification:_identify(src/turtlebot3_navigation2) by extension 'ignore_ament_install'
[1.150s] Level 1:colcon.colcon_core.package_identification:_identify(src/turtlebot3_navigation2) by extensions ['colcon_pkg']
[1.150s] Level 1:colcon.colcon_core.package_identification:_identify(src/turtlebot3_navigation2) by extension 'colcon_pkg'
[1.150s] Level 1:colcon.colcon_core.package_identification:_identify(src/turtlebot3_navigation2) by extensions ['colcon_meta']
[1.150s] Level 1:colcon.colcon_core.package_identification:_identify(src/turtlebot3_navigation2) by extension 'colcon_meta'
[1.150s] Level 1:colcon.colcon_core.package_identification:_identify(src/turtlebot3_navigation2) by extensions ['ros']
[1.150s] Level 1:colcon.colcon_core.package_identification:_identify(src/turtlebot3_navigation2) by extension 'ros'
[1.152s] DEBUG:colcon.colcon_core.package_identification:Package 'src/turtlebot3_navigation2' with type 'ros.ament_cmake' and name 'turtlebot3_navigation2'
[1.152s] Level 1:colcon.colcon_core.package_discovery:discover_packages(recursive) using defaults
[1.152s] Level 1:colcon.colcon_core.package_discovery:discover_packages(ignore) discover
[1.152s] Level 1:colcon.colcon_core.package_discovery:discover_packages(ignore) using defaults
[1.152s] Level 1:colcon.colcon_core.package_discovery:discover_packages(path) discover
[1.153s] Level 1:colcon.colcon_core.package_discovery:discover_packages(path) using defaults
[1.197s] Level 1:colcon.colcon_core.package_discovery:discover_packages(prefix_path) check parameters
[1.197s] Level 1:colcon.colcon_core.package_discovery:discover_packages(prefix_path) discover
[1.206s] DEBUG:colcon.colcon_installed_package_information.package_discovery:Found 6 installed packages in /home/jetson/ros2_ws/install
[1.212s] DEBUG:colcon.colcon_installed_package_information.package_discovery:Found 293 installed packages in /opt/ros/foxy
[1.243s] Level 1:colcon.colcon_core.package_discovery:discover_packages(prefix_path) using defaults
[1.441s] Level 5:colcon.colcon_core.verb:set package 'dynamixel_workbench_msgs' build argument 'cmake_args' from command line to 'None'
[1.442s] Level 5:colcon.colcon_core.verb:set package 'dynamixel_workbench_msgs' build argument 'cmake_target' from command line to 'None'
[1.442s] Level 5:colcon.colcon_core.verb:set package 'dynamixel_workbench_msgs' build argument 'cmake_target_skip_unavailable' from command line to 'False'
[1.442s] Level 5:colcon.colcon_core.verb:set package 'dynamixel_workbench_msgs' build argument 'cmake_clean_cache' from command line to 'False'
[1.442s] Level 5:colcon.colcon_core.verb:set package 'dynamixel_workbench_msgs' build argument 'cmake_clean_first' from command line to 'False'
[1.442s] Level 5:colcon.colcon_core.verb:set package 'dynamixel_workbench_msgs' build argument 'cmake_force_configure' from command line to 'False'
[1.442s] Level 5:colcon.colcon_core.verb:set package 'dynamixel_workbench_msgs' build argument 'ament_cmake_args' from command line to 'None'
[1.442s] Level 5:colcon.colcon_core.verb:set package 'dynamixel_workbench_msgs' build argument 'catkin_cmake_args' from command line to 'None'
[1.443s] Level 5:colcon.colcon_core.verb:set package 'dynamixel_workbench_msgs' build argument 'catkin_skip_building_tests' from command line to 'False'
[1.443s] DEBUG:colcon.colcon_core.verb:Building package 'dynamixel_workbench_msgs' with the following arguments: {'ament_cmake_args': None, 'build_base': '/home/jetson/ros2_ws/build/dynamixel_workbench_msgs', 'catkin_cmake_args': None, 'catkin_skip_building_tests': False, 'cmake_args': None, 'cmake_clean_cache': False, 'cmake_clean_first': False, 'cmake_force_configure': False, 'cmake_target': None, 'cmake_target_skip_unavailable': False, 'install_base': '/home/jetson/ros2_ws/install/dynamixel_workbench_msgs', 'merge_install': False, 'path': '/home/jetson/ros2_ws/src/dynamixel-workbench-msgs/dynamixel_workbench_msgs', 'symlink_install': True, 'test_result_base': None}
[1.444s] Level 5:colcon.colcon_core.verb:set package 'dynamixel_workbench_operators' build argument 'cmake_args' from command line to 'None'
[1.444s] Level 5:colcon.colcon_core.verb:set package 'dynamixel_workbench_operators' build argument 'cmake_target' from command line to 'None'
[1.444s] Level 5:colcon.colcon_core.verb:set package 'dynamixel_workbench_operators' build argument 'cmake_target_skip_unavailable' from command line to 'False'
[1.444s] Level 5:colcon.colcon_core.verb:set package 'dynamixel_workbench_operators' build argument 'cmake_clean_cache' from command line to 'False'
[1.444s] Level 5:colcon.colcon_core.verb:set package 'dynamixel_workbench_operators' build argument 'cmake_clean_first' from command line to 'False'
[1.445s] Level 5:colcon.colcon_core.verb:set package 'dynamixel_workbench_operators' build argument 'cmake_force_configure' from command line to 'False'
[1.445s] Level 5:colcon.colcon_core.verb:set package 'dynamixel_workbench_operators' build argument 'ament_cmake_args' from command line to 'None'
[1.445s] Level 5:colcon.colcon_core.verb:set package 'dynamixel_workbench_operators' build argument 'catkin_cmake_args' from command line to 'None'
[1.445s] Level 5:colcon.colcon_core.verb:set package 'dynamixel_workbench_operators' build argument 'catkin_skip_building_tests' from command line to 'False'
[1.445s] DEBUG:colcon.colcon_core.verb:Building package 'dynamixel_workbench_operators' with the following arguments: {'ament_cmake_args': None, 'build_base': '/home/jetson/ros2_ws/build/dynamixel_workbench_operators', 'catkin_cmake_args': None, 'catkin_skip_building_tests': False, 'cmake_args': None, 'cmake_clean_cache': False, 'cmake_clean_first': False, 'cmake_force_configure': False, 'cmake_target': None, 'cmake_target_skip_unavailable': False, 'install_base': '/home/jetson/ros2_ws/install/dynamixel_workbench_operators', 'merge_install': False, 'path': '/home/jetson/ros2_ws/src/dynamixel_workbench_operators', 'symlink_install': True, 'test_result_base': None}
[1.446s] Level 5:colcon.colcon_core.verb:set package 'initial_pose' build argument 'cmake_args' from command line to 'None'
[1.446s] Level 5:colcon.colcon_core.verb:set package 'initial_pose' build argument 'cmake_target' from command line to 'None'
[1.446s] Level 5:colcon.colcon_core.verb:set package 'initial_pose' build argument 'cmake_target_skip_unavailable' from command line to 'False'
[1.447s] Level 5:colcon.colcon_core.verb:set package 'initial_pose' build argument 'cmake_clean_cache' from command line to 'False'
[1.447s] Level 5:colcon.colcon_core.verb:set package 'initial_pose' build argument 'cmake_clean_first' from command line to 'False'
[1.447s] Level 5:colcon.colcon_core.verb:set package 'initial_pose' build argument 'cmake_force_configure' from command line to 'False'
[1.447s] Level 5:colcon.colcon_core.verb:set package 'initial_pose' build argument 'ament_cmake_args' from command line to 'None'
[1.447s] Level 5:colcon.colcon_core.verb:set package 'initial_pose' build argument 'catkin_cmake_args' from command line to 'None'
[1.447s] Level 5:colcon.colcon_core.verb:set package 'initial_pose' build argument 'catkin_skip_building_tests' from command line to 'False'
[1.447s] DEBUG:colcon.colcon_core.verb:Building package 'initial_pose' with the following arguments: {'ament_cmake_args': None, 'build_base': '/home/jetson/ros2_ws/build/initial_pose', 'catkin_cmake_args': None, 'catkin_skip_building_tests': False, 'cmake_args': None, 'cmake_clean_cache': False, 'cmake_clean_first': False, 'cmake_force_configure': False, 'cmake_target': None, 'cmake_target_skip_unavailable': False, 'install_base': '/home/jetson/ros2_ws/install/initial_pose', 'merge_install': False, 'path': '/home/jetson/ros2_ws/src/initial_pose', 'symlink_install': True, 'test_result_base': None}
[1.448s] Level 5:colcon.colcon_core.verb:set package 'sllidar_ros2' build argument 'cmake_args' from command line to 'None'
[1.448s] Level 5:colcon.colcon_core.verb:set package 'sllidar_ros2' build argument 'cmake_target' from command line to 'None'
[1.448s] Level 5:colcon.colcon_core.verb:set package 'sllidar_ros2' build argument 'cmake_target_skip_unavailable' from command line to 'False'
[1.449s] Level 5:colcon.colcon_core.verb:set package 'sllidar_ros2' build argument 'cmake_clean_cache' from command line to 'False'
[1.449s] Level 5:colcon.colcon_core.verb:set package 'sllidar_ros2' build argument 'cmake_clean_first' from command line to 'False'
[1.449s] Level 5:colcon.colcon_core.verb:set package 'sllidar_ros2' build argument 'cmake_force_configure' from command line to 'False'
[1.449s] Level 5:colcon.colcon_core.verb:set package 'sllidar_ros2' build argument 'ament_cmake_args' from command line to 'None'
[1.449s] Level 5:colcon.colcon_core.verb:set package 'sllidar_ros2' build argument 'catkin_cmake_args' from command line to 'None'
[1.449s] Level 5:colcon.colcon_core.verb:set package 'sllidar_ros2' build argument 'catkin_skip_building_tests' from command line to 'False'
[1.449s] DEBUG:colcon.colcon_core.verb:Building package 'sllidar_ros2' with the following arguments: {'ament_cmake_args': None, 'build_base': '/home/jetson/ros2_ws/build/sllidar_ros2', 'catkin_cmake_args': None, 'catkin_skip_building_tests': False, 'cmake_args': None, 'cmake_clean_cache': False, 'cmake_clean_first': False, 'cmake_force_configure': False, 'cmake_target': None, 'cmake_target_skip_unavailable': False, 'install_base': '/home/jetson/ros2_ws/install/sllidar_ros2', 'merge_install': False, 'path': '/home/jetson/ros2_ws/src/sllidar_ros2', 'symlink_install': True, 'test_result_base': None}
[1.450s] Level 5:colcon.colcon_core.verb:set package 'turtlebot3_navigation2' build argument 'cmake_args' from command line to 'None'
[1.450s] Level 5:colcon.colcon_core.verb:set package 'turtlebot3_navigation2' build argument 'cmake_target' from command line to 'None'
[1.451s] Level 5:colcon.colcon_core.verb:set package 'turtlebot3_navigation2' build argument 'cmake_target_skip_unavailable' from command line to 'False'
[1.451s] Level 5:colcon.colcon_core.verb:set package 'turtlebot3_navigation2' build argument 'cmake_clean_cache' from command line to 'False'
[1.451s] Level 5:colcon.colcon_core.verb:set package 'turtlebot3_navigation2' build argument 'cmake_clean_first' from command line to 'False'
[1.451s] Level 5:colcon.colcon_core.verb:set package 'turtlebot3_navigation2' build argument 'cmake_force_configure' from command line to 'False'
[1.451s] Level 5:colcon.colcon_core.verb:set package 'turtlebot3_navigation2' build argument 'ament_cmake_args' from command line to 'None'
[1.451s] Level 5:colcon.colcon_core.verb:set package 'turtlebot3_navigation2' build argument 'catkin_cmake_args' from command line to 'None'
[1.451s] Level 5:colcon.colcon_core.verb:set package 'turtlebot3_navigation2' build argument 'catkin_skip_building_tests' from command line to 'False'
[1.451s] DEBUG:colcon.colcon_core.verb:Building package 'turtlebot3_navigation2' with the following arguments: {'ament_cmake_args': None, 'build_base': '/home/jetson/ros2_ws/build/turtlebot3_navigation2', 'catkin_cmake_args': None, 'catkin_skip_building_tests': False, 'cmake_args': None, 'cmake_clean_cache': False, 'cmake_clean_first': False, 'cmake_force_configure': False, 'cmake_target': None, 'cmake_target_skip_unavailable': False, 'install_base': '/home/jetson/ros2_ws/install/turtlebot3_navigation2', 'merge_install': False, 'path': '/home/jetson/ros2_ws/src/turtlebot3_navigation2', 'symlink_install': True, 'test_result_base': None}
[1.452s] INFO:colcon.colcon_core.executor:Executing jobs using 'parallel' executor
[1.455s] DEBUG:colcon.colcon_parallel_executor.executor.parallel:run_until_complete
[1.456s] INFO:colcon.colcon_ros.task.ament_cmake.build:Building ROS package in '/home/jetson/ros2_ws/src/dynamixel-workbench-msgs/dynamixel_workbench_msgs' with build type 'ament_cmake'
[1.456s] INFO:colcon.colcon_cmake.task.cmake.build:Building CMake package in '/home/jetson/ros2_ws/src/dynamixel-workbench-msgs/dynamixel_workbench_msgs'
[1.464s] INFO:colcon.colcon_core.plugin_system:Skipping extension 'colcon_core.shell.bat': Not used on non-Windows systems
[1.465s] INFO:colcon.colcon_core.shell:Skip shell extension 'powershell' for command environment: Not usable outside of PowerShell
[1.466s] DEBUG:colcon.colcon_core.shell:Skip shell extension 'dsv' for command environment
[1.486s] INFO:colcon.colcon_ros.task.ament_cmake.build:Building ROS package in '/home/jetson/ros2_ws/src/dynamixel_workbench_operators' with build type 'ament_cmake'
[1.488s] INFO:colcon.colcon_cmake.task.cmake.build:Building CMake package in '/home/jetson/ros2_ws/src/dynamixel_workbench_operators'
[1.491s] INFO:colcon.colcon_core.shell:Skip shell extension 'powershell' for command environment: Not usable outside of PowerShell
[1.492s] DEBUG:colcon.colcon_core.shell:Skip shell extension 'dsv' for command environment
[1.513s] INFO:colcon.colcon_ros.task.ament_cmake.build:Building ROS package in '/home/jetson/ros2_ws/src/initial_pose' with build type 'ament_cmake'
[1.515s] INFO:colcon.colcon_cmake.task.cmake.build:Building CMake package in '/home/jetson/ros2_ws/src/initial_pose'
[1.518s] INFO:colcon.colcon_core.shell:Skip shell extension 'powershell' for command environment: Not usable outside of PowerShell
[1.519s] DEBUG:colcon.colcon_core.shell:Skip shell extension 'dsv' for command environment
[1.540s] INFO:colcon.colcon_ros.task.ament_cmake.build:Building ROS package in '/home/jetson/ros2_ws/src/sllidar_ros2' with build type 'ament_cmake'
[1.543s] INFO:colcon.colcon_cmake.task.cmake.build:Building CMake package in '/home/jetson/ros2_ws/src/sllidar_ros2'
[1.546s] INFO:colcon.colcon_core.shell:Skip shell extension 'powershell' for command environment: Not usable outside of PowerShell
[1.547s] DEBUG:colcon.colcon_core.shell:Skip shell extension 'dsv' for command environment
[1.568s] INFO:colcon.colcon_ros.task.ament_cmake.build:Building ROS package in '/home/jetson/ros2_ws/src/turtlebot3_navigation2' with build type 'ament_cmake'
[1.571s] INFO:colcon.colcon_cmake.task.cmake.build:Building CMake package in '/home/jetson/ros2_ws/src/turtlebot3_navigation2'
[1.574s] INFO:colcon.colcon_core.shell:Skip shell extension 'powershell' for command environment: Not usable outside of PowerShell
[1.575s] DEBUG:colcon.colcon_core.shell:Skip shell extension 'dsv' for command environment
[1.639s] DEBUG:colcon.colcon_core.event_handler.log_command:Invoking command in '/home/jetson/ros2_ws/build/dynamixel_workbench_msgs': CMAKE_PREFIX_PATH=${CMAKE_PREFIX_PATH}:/opt/ros/foxy /usr/bin/cmake --build /home/jetson/ros2_ws/build/dynamixel_workbench_msgs -- -j8 -l8
[1.672s] DEBUG:colcon.colcon_core.event_handler.log_command:Invoking command in '/home/jetson/ros2_ws/build/dynamixel_workbench_operators': CMAKE_PREFIX_PATH=${CMAKE_PREFIX_PATH}:/opt/ros/foxy /usr/bin/cmake --build /home/jetson/ros2_ws/build/dynamixel_workbench_operators -- -j8 -l8
[1.713s] DEBUG:colcon.colcon_core.event_handler.log_command:Invoking command in '/home/jetson/ros2_ws/build/initial_pose': CMAKE_PREFIX_PATH=${CMAKE_PREFIX_PATH}:/opt/ros/foxy /usr/bin/cmake --build /home/jetson/ros2_ws/build/initial_pose -- -j8 -l8
[1.746s] DEBUG:colcon.colcon_core.event_handler.log_command:Invoking command in '/home/jetson/ros2_ws/build/sllidar_ros2': CMAKE_PREFIX_PATH=${CMAKE_PREFIX_PATH}:/opt/ros/foxy /usr/bin/cmake --build /home/jetson/ros2_ws/build/sllidar_ros2 -- -j8 -l8
[1.754s] DEBUG:colcon.colcon_core.event_handler.log_command:Invoking command in '/home/jetson/ros2_ws/build/turtlebot3_navigation2': CMAKE_PREFIX_PATH=${CMAKE_PREFIX_PATH}:/opt/ros/foxy /usr/bin/cmake --build /home/jetson/ros2_ws/build/turtlebot3_navigation2 -- -j8 -l8
[1.905s] DEBUG:colcon.colcon_core.event_handler.log_command:Invoked command in '/home/jetson/ros2_ws/build/turtlebot3_navigation2' returned '0': CMAKE_PREFIX_PATH=${CMAKE_PREFIX_PATH}:/opt/ros/foxy /usr/bin/cmake --build /home/jetson/ros2_ws/build/turtlebot3_navigation2 -- -j8 -l8
[2.008s] DEBUG:colcon.colcon_core.event_handler.log_command:Invoked command in '/home/jetson/ros2_ws/build/dynamixel_workbench_operators' returned '0': CMAKE_PREFIX_PATH=${CMAKE_PREFIX_PATH}:/opt/ros/foxy /usr/bin/cmake --build /home/jetson/ros2_ws/build/dynamixel_workbench_operators -- -j8 -l8
[2.170s] DEBUG:colcon.colcon_core.event_handler.log_command:Invoking command in '/home/jetson/ros2_ws/build/turtlebot3_navigation2': CMAKE_PREFIX_PATH=${CMAKE_PREFIX_PATH}:/opt/ros/foxy /usr/bin/cmake --install /home/jetson/ros2_ws/build/turtlebot3_navigation2
[2.194s] DEBUG:colcon.colcon_core.event_handler.log_command:Invoked command in '/home/jetson/ros2_ws/build/sllidar_ros2' returned '0': CMAKE_PREFIX_PATH=${CMAKE_PREFIX_PATH}:/opt/ros/foxy /usr/bin/cmake --build /home/jetson/ros2_ws/build/sllidar_ros2 -- -j8 -l8
[2.223s] DEBUG:colcon.colcon_core.event_handler.log_command:Invoking command in '/home/jetson/ros2_ws/build/dynamixel_workbench_operators': CMAKE_PREFIX_PATH=${CMAKE_PREFIX_PATH}:/opt/ros/foxy /usr/bin/cmake --install /home/jetson/ros2_ws/build/dynamixel_workbench_operators
[2.300s] Level 1:colcon.colcon_core.environment:create_environment_scripts_only(turtlebot3_navigation2)
[2.304s] DEBUG:colcon.colcon_core.event_handler.log_command:Invoked command in '/home/jetson/ros2_ws/build/turtlebot3_navigation2' returned '0': CMAKE_PREFIX_PATH=${CMAKE_PREFIX_PATH}:/opt/ros/foxy /usr/bin/cmake --install /home/jetson/ros2_ws/build/turtlebot3_navigation2
[2.318s] Level 1:colcon.colcon_core.environment:checking '/home/jetson/ros2_ws/install/turtlebot3_navigation2' for CMake module files
[2.320s] Level 1:colcon.colcon_core.environment:checking '/home/jetson/ros2_ws/install/turtlebot3_navigation2' for CMake config files
[2.323s] Level 1:colcon.colcon_core.shell:create_environment_hook('turtlebot3_navigation2', 'cmake_prefix_path')
[2.324s] INFO:colcon.colcon_core.shell:Creating environment hook '/home/jetson/ros2_ws/install/turtlebot3_navigation2/share/turtlebot3_navigation2/hook/cmake_prefix_path.ps1'
[2.328s] INFO:colcon.colcon_core.shell:Creating environment descriptor '/home/jetson/ros2_ws/install/turtlebot3_navigation2/share/turtlebot3_navigation2/hook/cmake_prefix_path.dsv'
[2.333s] INFO:colcon.colcon_core.shell:Creating environment hook '/home/jetson/ros2_ws/install/turtlebot3_navigation2/share/turtlebot3_navigation2/hook/cmake_prefix_path.sh'
[2.339s] Level 1:colcon.colcon_core.environment:checking '/home/jetson/ros2_ws/install/turtlebot3_navigation2/bin'
[2.339s] Level 1:colcon.colcon_core.environment:checking '/home/jetson/ros2_ws/install/turtlebot3_navigation2/lib/pkgconfig/turtlebot3_navigation2.pc'
[2.341s] Level 1:colcon.colcon_core.environment:checking '/home/jetson/ros2_ws/install/turtlebot3_navigation2/lib/python3.8/site-packages'
[2.341s] Level 1:colcon.colcon_core.environment:checking '/home/jetson/ros2_ws/install/turtlebot3_navigation2/bin'
[2.343s] INFO:colcon.colcon_core.shell:Creating package script '/home/jetson/ros2_ws/install/turtlebot3_navigation2/share/turtlebot3_navigation2/package.ps1'
[2.346s] INFO:colcon.colcon_core.shell:Creating package descriptor '/home/jetson/ros2_ws/install/turtlebot3_navigation2/share/turtlebot3_navigation2/package.dsv'
[2.348s] INFO:colcon.colcon_core.shell:Creating package script '/home/jetson/ros2_ws/install/turtlebot3_navigation2/share/turtlebot3_navigation2/package.sh'
[2.350s] INFO:colcon.colcon_core.shell:Creating package script '/home/jetson/ros2_ws/install/turtlebot3_navigation2/share/turtlebot3_navigation2/package.bash'
[2.353s] INFO:colcon.colcon_core.shell:Creating package script '/home/jetson/ros2_ws/install/turtlebot3_navigation2/share/turtlebot3_navigation2/package.zsh'
[2.355s] Level 1:colcon.colcon_core.environment:create_file_with_runtime_dependencies(/home/jetson/ros2_ws/install/turtlebot3_navigation2/share/colcon-core/packages/turtlebot3_navigation2)
[2.373s] Level 1:colcon.colcon_core.environment:create_environment_scripts_only(dynamixel_workbench_operators)
[2.376s] Level 1:colcon.colcon_core.environment:checking '/home/jetson/ros2_ws/install/dynamixel_workbench_operators' for CMake module files
[2.380s] DEBUG:colcon.colcon_core.event_handler.log_command:Invoked command in '/home/jetson/ros2_ws/build/dynamixel_workbench_operators' returned '0': CMAKE_PREFIX_PATH=${CMAKE_PREFIX_PATH}:/opt/ros/foxy /usr/bin/cmake --install /home/jetson/ros2_ws/build/dynamixel_workbench_operators
[2.384s] Level 1:colcon.colcon_core.environment:checking '/home/jetson/ros2_ws/install/dynamixel_workbench_operators' for CMake config files
[2.386s] Level 1:colcon.colcon_core.shell:create_environment_hook('dynamixel_workbench_operators', 'cmake_prefix_path')
[2.389s] INFO:colcon.colcon_core.shell:Creating environment hook '/home/jetson/ros2_ws/install/dynamixel_workbench_operators/share/dynamixel_workbench_operators/hook/cmake_prefix_path.ps1'
[2.397s] INFO:colcon.colcon_core.shell:Creating environment descriptor '/home/jetson/ros2_ws/install/dynamixel_workbench_operators/share/dynamixel_workbench_operators/hook/cmake_prefix_path.dsv'
[2.399s] INFO:colcon.colcon_core.shell:Creating environment hook '/home/jetson/ros2_ws/install/dynamixel_workbench_operators/share/dynamixel_workbench_operators/hook/cmake_prefix_path.sh'
[2.403s] Level 1:colcon.colcon_core.environment:checking '/home/jetson/ros2_ws/install/dynamixel_workbench_operators/lib'
[2.405s] Level 1:colcon.colcon_core.environment:checking '/home/jetson/ros2_ws/install/dynamixel_workbench_operators/bin'
[2.405s] Level 1:colcon.colcon_core.environment:checking '/home/jetson/ros2_ws/install/dynamixel_workbench_operators/lib/pkgconfig/dynamixel_workbench_operators.pc'
[2.407s] Level 1:colcon.colcon_core.environment:checking '/home/jetson/ros2_ws/install/dynamixel_workbench_operators/lib/python3.8/site-packages'
[2.408s] Level 1:colcon.colcon_core.environment:checking '/home/jetson/ros2_ws/install/dynamixel_workbench_operators/bin'
[2.409s] INFO:colcon.colcon_core.shell:Creating package script '/home/jetson/ros2_ws/install/dynamixel_workbench_operators/share/dynamixel_workbench_operators/package.ps1'
[2.412s] INFO:colcon.colcon_core.shell:Creating package descriptor '/home/jetson/ros2_ws/install/dynamixel_workbench_operators/share/dynamixel_workbench_operators/package.dsv'
[2.415s] INFO:colcon.colcon_core.shell:Creating package script '/home/jetson/ros2_ws/install/dynamixel_workbench_operators/share/dynamixel_workbench_operators/package.sh'
[2.418s] INFO:colcon.colcon_core.shell:Creating package script '/home/jetson/ros2_ws/install/dynamixel_workbench_operators/share/dynamixel_workbench_operators/package.bash'
[2.420s] INFO:colcon.colcon_core.shell:Creating package script '/home/jetson/ros2_ws/install/dynamixel_workbench_operators/share/dynamixel_workbench_operators/package.zsh'
[2.423s] Level 1:colcon.colcon_core.environment:create_file_with_runtime_dependencies(/home/jetson/ros2_ws/install/dynamixel_workbench_operators/share/colcon-core/packages/dynamixel_workbench_operators)
[2.455s] Level 1:colcon.colcon_core.environment:create_environment_scripts_only(turtlebot3_navigation2)
[2.457s] Level 1:colcon.colcon_core.environment:checking '/home/jetson/ros2_ws/install/turtlebot3_navigation2' for CMake module files
[2.460s] Level 1:colcon.colcon_core.environment:checking '/home/jetson/ros2_ws/install/turtlebot3_navigation2' for CMake config files
[2.462s] Level 1:colcon.colcon_core.shell:create_environment_hook('turtlebot3_navigation2', 'cmake_prefix_path')
[2.464s] INFO:colcon.colcon_core.shell:Creating environment hook '/home/jetson/ros2_ws/install/turtlebot3_navigation2/share/turtlebot3_navigation2/hook/cmake_prefix_path.ps1'
[2.468s] INFO:colcon.colcon_core.shell:Creating environment descriptor '/home/jetson/ros2_ws/install/turtlebot3_navigation2/share/turtlebot3_navigation2/hook/cmake_prefix_path.dsv'
[2.471s] INFO:colcon.colcon_core.shell:Creating environment hook '/home/jetson/ros2_ws/install/turtlebot3_navigation2/share/turtlebot3_navigation2/hook/cmake_prefix_path.sh'
[2.474s] Level 1:colcon.colcon_core.environment:checking '/home/jetson/ros2_ws/install/turtlebot3_navigation2/bin'
[2.475s] Level 1:colcon.colcon_core.environment:checking '/home/jetson/ros2_ws/install/turtlebot3_navigation2/lib/pkgconfig/turtlebot3_navigation2.pc'
[2.476s] Level 1:colcon.colcon_core.environment:checking '/home/jetson/ros2_ws/install/turtlebot3_navigation2/lib/python3.8/site-packages'
[2.477s] Level 1:colcon.colcon_core.environment:checking '/home/jetson/ros2_ws/install/turtlebot3_navigation2/bin'
[2.479s] INFO:colcon.colcon_core.shell:Creating package script '/home/jetson/ros2_ws/install/turtlebot3_navigation2/share/turtlebot3_navigation2/package.ps1'
[2.482s] INFO:colcon.colcon_core.shell:Creating package descriptor '/home/jetson/ros2_ws/install/turtlebot3_navigation2/share/turtlebot3_navigation2/package.dsv'
[2.486s] INFO:colcon.colcon_core.shell:Creating package script '/home/jetson/ros2_ws/install/turtlebot3_navigation2/share/turtlebot3_navigation2/package.sh'
[2.488s] INFO:colcon.colcon_core.shell:Creating package script '/home/jetson/ros2_ws/install/turtlebot3_navigation2/share/turtlebot3_navigation2/package.bash'
[2.491s] INFO:colcon.colcon_core.shell:Creating package script '/home/jetson/ros2_ws/install/turtlebot3_navigation2/share/turtlebot3_navigation2/package.zsh'
[2.494s] Level 1:colcon.colcon_core.environment:create_file_with_runtime_dependencies(/home/jetson/ros2_ws/install/turtlebot3_navigation2/share/colcon-core/packages/turtlebot3_navigation2)
[2.511s] DEBUG:colcon.colcon_core.event_handler.log_command:Invoking command in '/home/jetson/ros2_ws/build/sllidar_ros2': CMAKE_PREFIX_PATH=${CMAKE_PREFIX_PATH}:/opt/ros/foxy /usr/bin/cmake --install /home/jetson/ros2_ws/build/sllidar_ros2
[2.537s] Level 1:colcon.colcon_core.environment:create_environment_scripts_only(dynamixel_workbench_operators)
[2.538s] Level 1:colcon.colcon_core.environment:checking '/home/jetson/ros2_ws/install/dynamixel_workbench_operators' for CMake module files
[2.540s] Level 1:colcon.colcon_core.environment:checking '/home/jetson/ros2_ws/install/dynamixel_workbench_operators' for CMake config files
[2.542s] Level 1:colcon.colcon_core.shell:create_environment_hook('dynamixel_workbench_operators', 'cmake_prefix_path')
[2.543s] INFO:colcon.colcon_core.shell:Creating environment hook '/home/jetson/ros2_ws/install/dynamixel_workbench_operators/share/dynamixel_workbench_operators/hook/cmake_prefix_path.ps1'
[2.546s] INFO:colcon.colcon_core.shell:Creating environment descriptor '/home/jetson/ros2_ws/install/dynamixel_workbench_operators/share/dynamixel_workbench_operators/hook/cmake_prefix_path.dsv'
[2.550s] INFO:colcon.colcon_core.shell:Creating environment hook '/home/jetson/ros2_ws/install/dynamixel_workbench_operators/share/dynamixel_workbench_operators/hook/cmake_prefix_path.sh'
[2.553s] Level 1:colcon.colcon_core.environment:checking '/home/jetson/ros2_ws/install/dynamixel_workbench_operators/lib'
[2.553s] Level 1:colcon.colcon_core.environment:checking '/home/jetson/ros2_ws/install/dynamixel_workbench_operators/bin'
[2.554s] Level 1:colcon.colcon_core.environment:checking '/home/jetson/ros2_ws/install/dynamixel_workbench_operators/lib/pkgconfig/dynamixel_workbench_operators.pc'
[2.555s] Level 1:colcon.colcon_core.environment:checking '/home/jetson/ros2_ws/install/dynamixel_workbench_operators/lib/python3.8/site-packages'
[2.555s] Level 1:colcon.colcon_core.environment:checking '/home/jetson/ros2_ws/install/dynamixel_workbench_operators/bin'
[2.561s] INFO:colcon.colcon_core.shell:Creating package script '/home/jetson/ros2_ws/install/dynamixel_workbench_operators/share/dynamixel_workbench_operators/package.ps1'
[2.567s] INFO:colcon.colcon_core.shell:Creating package descriptor '/home/jetson/ros2_ws/install/dynamixel_workbench_operators/share/dynamixel_workbench_operators/package.dsv'
[2.570s] INFO:colcon.colcon_core.shell:Creating package script '/home/jetson/ros2_ws/install/dynamixel_workbench_operators/share/dynamixel_workbench_operators/package.sh'
[2.574s] INFO:colcon.colcon_core.shell:Creating package script '/home/jetson/ros2_ws/install/dynamixel_workbench_operators/share/dynamixel_workbench_operators/package.bash'
[2.577s] INFO:colcon.colcon_core.shell:Creating package script '/home/jetson/ros2_ws/install/dynamixel_workbench_operators/share/dynamixel_workbench_operators/package.zsh'
[2.580s] Level 1:colcon.colcon_core.environment:create_file_with_runtime_dependencies(/home/jetson/ros2_ws/install/dynamixel_workbench_operators/share/colcon-core/packages/dynamixel_workbench_operators)
[2.640s] Level 1:colcon.colcon_core.environment:create_environment_scripts_only(sllidar_ros2)
[2.642s] Level 1:colcon.colcon_core.environment:checking '/home/jetson/ros2_ws/install/sllidar_ros2' for CMake module files
[2.644s] DEBUG:colcon.colcon_core.event_handler.log_command:Invoked command in '/home/jetson/ros2_ws/build/sllidar_ros2' returned '0': CMAKE_PREFIX_PATH=${CMAKE_PREFIX_PATH}:/opt/ros/foxy /usr/bin/cmake --install /home/jetson/ros2_ws/build/sllidar_ros2
[2.646s] Level 1:colcon.colcon_core.environment:checking '/home/jetson/ros2_ws/install/sllidar_ros2' for CMake config files
[2.648s] Level 1:colcon.colcon_core.shell:create_environment_hook('sllidar_ros2', 'cmake_prefix_path')
[2.649s] INFO:colcon.colcon_core.shell:Creating environment hook '/home/jetson/ros2_ws/install/sllidar_ros2/share/sllidar_ros2/hook/cmake_prefix_path.ps1'
[2.651s] INFO:colcon.colcon_core.shell:Creating environment descriptor '/home/jetson/ros2_ws/install/sllidar_ros2/share/sllidar_ros2/hook/cmake_prefix_path.dsv'
[2.653s] INFO:colcon.colcon_core.shell:Creating environment hook '/home/jetson/ros2_ws/install/sllidar_ros2/share/sllidar_ros2/hook/cmake_prefix_path.sh'
[2.655s] Level 1:colcon.colcon_core.environment:checking '/home/jetson/ros2_ws/install/sllidar_ros2/lib'
[2.656s] Level 1:colcon.colcon_core.environment:checking '/home/jetson/ros2_ws/install/sllidar_ros2/bin'
[2.656s] Level 1:colcon.colcon_core.environment:checking '/home/jetson/ros2_ws/install/sllidar_ros2/lib/pkgconfig/sllidar_ros2.pc'
[2.657s] Level 1:colcon.colcon_core.environment:checking '/home/jetson/ros2_ws/install/sllidar_ros2/lib/python3.8/site-packages'
[2.657s] Level 1:colcon.colcon_core.environment:checking '/home/jetson/ros2_ws/install/sllidar_ros2/bin'
[2.658s] INFO:colcon.colcon_core.shell:Creating package script '/home/jetson/ros2_ws/install/sllidar_ros2/share/sllidar_ros2/package.ps1'
[2.660s] INFO:colcon.colcon_core.shell:Creating package descriptor '/home/jetson/ros2_ws/install/sllidar_ros2/share/sllidar_ros2/package.dsv'
[2.662s] INFO:colcon.colcon_core.shell:Creating package script '/home/jetson/ros2_ws/install/sllidar_ros2/share/sllidar_ros2/package.sh'
[2.665s] INFO:colcon.colcon_core.shell:Creating package script '/home/jetson/ros2_ws/install/sllidar_ros2/share/sllidar_ros2/package.bash'
[2.667s] INFO:colcon.colcon_core.shell:Creating package script '/home/jetson/ros2_ws/install/sllidar_ros2/share/sllidar_ros2/package.zsh'
[2.668s] Level 1:colcon.colcon_core.environment:create_file_with_runtime_dependencies(/home/jetson/ros2_ws/install/sllidar_ros2/share/colcon-core/packages/sllidar_ros2)
[2.807s] DEBUG:colcon.colcon_core.event_handler.log_command:Invoked command in '/home/jetson/ros2_ws/build/dynamixel_workbench_msgs' returned '0': CMAKE_PREFIX_PATH=${CMAKE_PREFIX_PATH}:/opt/ros/foxy /usr/bin/cmake --build /home/jetson/ros2_ws/build/dynamixel_workbench_msgs -- -j8 -l8
[2.915s] Level 1:colcon.colcon_core.environment:create_environment_scripts_only(sllidar_ros2)
[2.916s] Level 1:colcon.colcon_core.environment:checking '/home/jetson/ros2_ws/install/sllidar_ros2' for CMake module files
[2.919s] Level 1:colcon.colcon_core.environment:checking '/home/jetson/ros2_ws/install/sllidar_ros2' for CMake config files
[2.921s] Level 1:colcon.colcon_core.shell:create_environment_hook('sllidar_ros2', 'cmake_prefix_path')
[2.923s] INFO:colcon.colcon_core.shell:Creating environment hook '/home/jetson/ros2_ws/install/sllidar_ros2/share/sllidar_ros2/hook/cmake_prefix_path.ps1'
[2.926s] INFO:colcon.colcon_core.shell:Creating environment descriptor '/home/jetson/ros2_ws/install/sllidar_ros2/share/sllidar_ros2/hook/cmake_prefix_path.dsv'
[2.929s] INFO:colcon.colcon_core.shell:Creating environment hook '/home/jetson/ros2_ws/install/sllidar_ros2/share/sllidar_ros2/hook/cmake_prefix_path.sh'
[2.932s] Level 1:colcon.colcon_core.environment:checking '/home/jetson/ros2_ws/install/sllidar_ros2/lib'
[2.933s] Level 1:colcon.colcon_core.environment:checking '/home/jetson/ros2_ws/install/sllidar_ros2/bin'
[2.933s] Level 1:colcon.colcon_core.environment:checking '/home/jetson/ros2_ws/install/sllidar_ros2/lib/pkgconfig/sllidar_ros2.pc'
[2.934s] Level 1:colcon.colcon_core.environment:checking '/home/jetson/ros2_ws/install/sllidar_ros2/lib/python3.8/site-packages'
[2.935s] Level 1:colcon.colcon_core.environment:checking '/home/jetson/ros2_ws/install/sllidar_ros2/bin'
[2.939s] INFO:colcon.colcon_core.shell:Creating package script '/home/jetson/ros2_ws/install/sllidar_ros2/share/sllidar_ros2/package.ps1'
[2.942s] INFO:colcon.colcon_core.shell:Creating package descriptor '/home/jetson/ros2_ws/install/sllidar_ros2/share/sllidar_ros2/package.dsv'
[2.945s] INFO:colcon.colcon_core.shell:Creating package script '/home/jetson/ros2_ws/install/sllidar_ros2/share/sllidar_ros2/package.sh'
[2.948s] INFO:colcon.colcon_core.shell:Creating package script '/home/jetson/ros2_ws/install/sllidar_ros2/share/sllidar_ros2/package.bash'
[2.950s] INFO:colcon.colcon_core.shell:Creating package script '/home/jetson/ros2_ws/install/sllidar_ros2/share/sllidar_ros2/package.zsh'
[2.953s] Level 1:colcon.colcon_core.environment:create_file_with_runtime_dependencies(/home/jetson/ros2_ws/install/sllidar_ros2/share/colcon-core/packages/sllidar_ros2)
[4.172s] DEBUG:colcon.colcon_core.event_handler.log_command:Invoking command in '/home/jetson/ros2_ws/build/dynamixel_workbench_msgs': CMAKE_PREFIX_PATH=${CMAKE_PREFIX_PATH}:/opt/ros/foxy /usr/bin/cmake --install /home/jetson/ros2_ws/build/dynamixel_workbench_msgs
[4.718s] Level 1:colcon.colcon_core.environment:create_environment_scripts_only(dynamixel_workbench_msgs)
[4.720s] Level 1:colcon.colcon_core.environment:checking '/home/jetson/ros2_ws/install/dynamixel_workbench_msgs' for CMake module files
[4.722s] DEBUG:colcon.colcon_core.event_handler.log_command:Invoked command in '/home/jetson/ros2_ws/build/dynamixel_workbench_msgs' returned '0': CMAKE_PREFIX_PATH=${CMAKE_PREFIX_PATH}:/opt/ros/foxy /usr/bin/cmake --install /home/jetson/ros2_ws/build/dynamixel_workbench_msgs
[4.724s] Level 1:colcon.colcon_core.environment:checking '/home/jetson/ros2_ws/install/dynamixel_workbench_msgs' for CMake config files
[4.726s] Level 1:colcon.colcon_core.shell:create_environment_hook('dynamixel_workbench_msgs', 'cmake_prefix_path')
[4.727s] INFO:colcon.colcon_core.shell:Creating environment hook '/home/jetson/ros2_ws/install/dynamixel_workbench_msgs/share/dynamixel_workbench_msgs/hook/cmake_prefix_path.ps1'
[4.730s] INFO:colcon.colcon_core.shell:Creating environment descriptor '/home/jetson/ros2_ws/install/dynamixel_workbench_msgs/share/dynamixel_workbench_msgs/hook/cmake_prefix_path.dsv'
[4.731s] INFO:colcon.colcon_core.shell:Creating environment hook '/home/jetson/ros2_ws/install/dynamixel_workbench_msgs/share/dynamixel_workbench_msgs/hook/cmake_prefix_path.sh'
[4.734s] Level 1:colcon.colcon_core.environment:checking '/home/jetson/ros2_ws/install/dynamixel_workbench_msgs/lib'
[4.734s] Level 1:colcon.colcon_core.shell:create_environment_hook('dynamixel_workbench_msgs', 'ld_library_path_lib')
[4.735s] INFO:colcon.colcon_core.shell:Creating environment hook '/home/jetson/ros2_ws/install/dynamixel_workbench_msgs/share/dynamixel_workbench_msgs/hook/ld_library_path_lib.ps1'
[4.737s] INFO:colcon.colcon_core.shell:Creating environment descriptor '/home/jetson/ros2_ws/install/dynamixel_workbench_msgs/share/dynamixel_workbench_msgs/hook/ld_library_path_lib.dsv'
[4.738s] INFO:colcon.colcon_core.shell:Creating environment hook '/home/jetson/ros2_ws/install/dynamixel_workbench_msgs/share/dynamixel_workbench_msgs/hook/ld_library_path_lib.sh'
[4.739s] Level 1:colcon.colcon_core.environment:checking '/home/jetson/ros2_ws/install/dynamixel_workbench_msgs/bin'
[4.740s] Level 1:colcon.colcon_core.environment:checking '/home/jetson/ros2_ws/install/dynamixel_workbench_msgs/lib/pkgconfig/dynamixel_workbench_msgs.pc'
[4.741s] Level 1:colcon.colcon_core.environment:checking '/home/jetson/ros2_ws/install/dynamixel_workbench_msgs/lib/python3.8/site-packages'
[4.741s] Level 1:colcon.colcon_core.shell:create_environment_hook('dynamixel_workbench_msgs', 'pythonpath')
[4.742s] INFO:colcon.colcon_core.shell:Creating environment hook '/home/jetson/ros2_ws/install/dynamixel_workbench_msgs/share/dynamixel_workbench_msgs/hook/pythonpath.ps1'
[4.743s] INFO:colcon.colcon_core.shell:Creating environment descriptor '/home/jetson/ros2_ws/install/dynamixel_workbench_msgs/share/dynamixel_workbench_msgs/hook/pythonpath.dsv'
[4.744s] INFO:colcon.colcon_core.shell:Creating environment hook '/home/jetson/ros2_ws/install/dynamixel_workbench_msgs/share/dynamixel_workbench_msgs/hook/pythonpath.sh'
[4.746s] Level 1:colcon.colcon_core.environment:checking '/home/jetson/ros2_ws/install/dynamixel_workbench_msgs/bin'
[4.747s] INFO:colcon.colcon_core.shell:Creating package script '/home/jetson/ros2_ws/install/dynamixel_workbench_msgs/share/dynamixel_workbench_msgs/package.ps1'
[4.749s] INFO:colcon.colcon_core.shell:Creating package descriptor '/home/jetson/ros2_ws/install/dynamixel_workbench_msgs/share/dynamixel_workbench_msgs/package.dsv'
[4.751s] INFO:colcon.colcon_core.shell:Creating package script '/home/jetson/ros2_ws/install/dynamixel_workbench_msgs/share/dynamixel_workbench_msgs/package.sh'
[4.753s] INFO:colcon.colcon_core.shell:Creating package script '/home/jetson/ros2_ws/install/dynamixel_workbench_msgs/share/dynamixel_workbench_msgs/package.bash'
[4.754s] INFO:colcon.colcon_core.shell:Creating package script '/home/jetson/ros2_ws/install/dynamixel_workbench_msgs/share/dynamixel_workbench_msgs/package.zsh'
[4.755s] Level 1:colcon.colcon_core.environment:create_file_with_runtime_dependencies(/home/jetson/ros2_ws/install/dynamixel_workbench_msgs/share/colcon-core/packages/dynamixel_workbench_msgs)
[6.116s] Level 1:colcon.colcon_core.environment:create_environment_scripts_only(dynamixel_workbench_msgs)
[6.118s] Level 1:colcon.colcon_core.environment:checking '/home/jetson/ros2_ws/install/dynamixel_workbench_msgs' for CMake module files
[6.121s] Level 1:colcon.colcon_core.environment:checking '/home/jetson/ros2_ws/install/dynamixel_workbench_msgs' for CMake config files
[6.123s] Level 1:colcon.colcon_core.shell:create_environment_hook('dynamixel_workbench_msgs', 'cmake_prefix_path')
[6.124s] INFO:colcon.colcon_core.shell:Creating environment hook '/home/jetson/ros2_ws/install/dynamixel_workbench_msgs/share/dynamixel_workbench_msgs/hook/cmake_prefix_path.ps1'
[6.127s] INFO:colcon.colcon_core.shell:Creating environment descriptor '/home/jetson/ros2_ws/install/dynamixel_workbench_msgs/share/dynamixel_workbench_msgs/hook/cmake_prefix_path.dsv'
[6.129s] INFO:colcon.colcon_core.shell:Creating environment hook '/home/jetson/ros2_ws/install/dynamixel_workbench_msgs/share/dynamixel_workbench_msgs/hook/cmake_prefix_path.sh'
[6.138s] Level 1:colcon.colcon_core.environment:checking '/home/jetson/ros2_ws/install/dynamixel_workbench_msgs/lib'
[6.139s] Level 1:colcon.colcon_core.shell:create_environment_hook('dynamixel_workbench_msgs', 'ld_library_path_lib')
[6.140s] INFO:colcon.colcon_core.shell:Creating environment hook '/home/jetson/ros2_ws/install/dynamixel_workbench_msgs/share/dynamixel_workbench_msgs/hook/ld_library_path_lib.ps1'
[6.143s] INFO:colcon.colcon_core.shell:Creating environment descriptor '/home/jetson/ros2_ws/install/dynamixel_workbench_msgs/share/dynamixel_workbench_msgs/hook/ld_library_path_lib.dsv'
[6.146s] INFO:colcon.colcon_core.shell:Creating environment hook '/home/jetson/ros2_ws/install/dynamixel_workbench_msgs/share/dynamixel_workbench_msgs/hook/ld_library_path_lib.sh'
[6.148s] Level 1:colcon.colcon_core.environment:checking '/home/jetson/ros2_ws/install/dynamixel_workbench_msgs/bin'
[6.148s] Level 1:colcon.colcon_core.environment:checking '/home/jetson/ros2_ws/install/dynamixel_workbench_msgs/lib/pkgconfig/dynamixel_workbench_msgs.pc'
[6.149s] Level 1:colcon.colcon_core.environment:checking '/home/jetson/ros2_ws/install/dynamixel_workbench_msgs/lib/python3.8/site-packages'
[6.149s] Level 1:colcon.colcon_core.shell:create_environment_hook('dynamixel_workbench_msgs', 'pythonpath')
[6.150s] INFO:colcon.colcon_core.shell:Creating environment hook '/home/jetson/ros2_ws/install/dynamixel_workbench_msgs/share/dynamixel_workbench_msgs/hook/pythonpath.ps1'
[6.152s] INFO:colcon.colcon_core.shell:Creating environment descriptor '/home/jetson/ros2_ws/install/dynamixel_workbench_msgs/share/dynamixel_workbench_msgs/hook/pythonpath.dsv'
[6.153s] INFO:colcon.colcon_core.shell:Creating environment hook '/home/jetson/ros2_ws/install/dynamixel_workbench_msgs/share/dynamixel_workbench_msgs/hook/pythonpath.sh'
[6.155s] Level 1:colcon.colcon_core.environment:checking '/home/jetson/ros2_ws/install/dynamixel_workbench_msgs/bin'
[6.157s] INFO:colcon.colcon_core.shell:Creating package script '/home/jetson/ros2_ws/install/dynamixel_workbench_msgs/share/dynamixel_workbench_msgs/package.ps1'
[6.159s] INFO:colcon.colcon_core.shell:Creating package descriptor '/home/jetson/ros2_ws/install/dynamixel_workbench_msgs/share/dynamixel_workbench_msgs/package.dsv'
[6.161s] INFO:colcon.colcon_core.shell:Creating package script '/home/jetson/ros2_ws/install/dynamixel_workbench_msgs/share/dynamixel_workbench_msgs/package.sh'
[6.163s] INFO:colcon.colcon_core.shell:Creating package script '/home/jetson/ros2_ws/install/dynamixel_workbench_msgs/share/dynamixel_workbench_msgs/package.bash'
[6.164s] INFO:colcon.colcon_core.shell:Creating package script '/home/jetson/ros2_ws/install/dynamixel_workbench_msgs/share/dynamixel_workbench_msgs/package.zsh'
[6.166s] Level 1:colcon.colcon_core.environment:create_file_with_runtime_dependencies(/home/jetson/ros2_ws/install/dynamixel_workbench_msgs/share/colcon-core/packages/dynamixel_workbench_msgs)
[11.105s] DEBUG:colcon.colcon_core.event_handler.log_command:Invoked command in '/home/jetson/ros2_ws/build/initial_pose' returned '2': CMAKE_PREFIX_PATH=${CMAKE_PREFIX_PATH}:/opt/ros/foxy /usr/bin/cmake --build /home/jetson/ros2_ws/build/initial_pose -- -j8 -l8
[11.206s] Level 1:colcon.colcon_core.environment:create_environment_scripts_only(initial_pose)
[11.211s] Level 1:colcon.colcon_core.environment:checking '/home/jetson/ros2_ws/install/initial_pose' for CMake module files
[11.216s] Level 1:colcon.colcon_core.environment:checking '/home/jetson/ros2_ws/install/initial_pose' for CMake config files
[11.219s] Level 1:colcon.colcon_core.environment:checking '/home/jetson/ros2_ws/install/initial_pose/bin'
[11.221s] Level 1:colcon.colcon_core.environment:checking '/home/jetson/ros2_ws/install/initial_pose/lib/pkgconfig/initial_pose.pc'
[11.224s] Level 1:colcon.colcon_core.environment:checking '/home/jetson/ros2_ws/install/initial_pose/lib/python3.8/site-packages'
[11.225s] Level 1:colcon.colcon_core.environment:checking '/home/jetson/ros2_ws/install/initial_pose/bin'
[11.228s] INFO:colcon.colcon_core.shell:Creating package script '/home/jetson/ros2_ws/install/initial_pose/share/initial_pose/package.ps1'
[11.235s] INFO:colcon.colcon_core.shell:Creating package descriptor '/home/jetson/ros2_ws/install/initial_pose/share/initial_pose/package.dsv'
[11.238s] INFO:colcon.colcon_core.shell:Creating package script '/home/jetson/ros2_ws/install/initial_pose/share/initial_pose/package.sh'
[11.242s] INFO:colcon.colcon_core.shell:Creating package script '/home/jetson/ros2_ws/install/initial_pose/share/initial_pose/package.bash'
[11.244s] INFO:colcon.colcon_core.shell:Creating package script '/home/jetson/ros2_ws/install/initial_pose/share/initial_pose/package.zsh'
[11.246s] Level 1:colcon.colcon_core.environment:create_file_with_runtime_dependencies(/home/jetson/ros2_ws/install/initial_pose/share/colcon-core/packages/initial_pose)
[11.258s] DEBUG:colcon.colcon_parallel_executor.executor.parallel:closing loop
[11.260s] DEBUG:colcon.colcon_parallel_executor.executor.parallel:loop closed
[11.261s] DEBUG:colcon.colcon_parallel_executor.executor.parallel:run_until_complete finished with '2'
[11.262s] DEBUG:colcon.colcon_core.event_reactor:joining thread
[11.291s] INFO:colcon.colcon_core.plugin_system:Skipping extension 'colcon_notification.desktop_notification.terminal_notifier': Not used on non-Darwin systems
[11.292s] INFO:colcon.colcon_core.plugin_system:Skipping extension 'colcon_notification.desktop_notification.win32': Not used on non-Windows systems
[11.292s] INFO:colcon.colcon_notification.desktop_notification:Sending desktop notification using 'notify2'
[11.330s] DEBUG:colcon.colcon_notification.desktop_notification.notify2:Failed to initialize notify2: org.freedesktop.DBus.Error.Spawn.ChildExited: Process org.freedesktop.Notifications exited with status 1
[11.331s] DEBUG:colcon.colcon_core.event_reactor:joined thread
[11.332s] INFO:colcon.colcon_core.shell:Creating prefix script '/home/jetson/ros2_ws/install/local_setup.ps1'
[11.335s] INFO:colcon.colcon_core.shell:Creating prefix util module '/home/jetson/ros2_ws/install/_local_setup_util_ps1.py'
[11.339s] INFO:colcon.colcon_core.shell:Creating prefix chain script '/home/jetson/ros2_ws/install/setup.ps1'
[11.343s] INFO:colcon.colcon_core.shell:Creating prefix script '/home/jetson/ros2_ws/install/local_setup.sh'
[11.345s] INFO:colcon.colcon_core.shell:Creating prefix util module '/home/jetson/ros2_ws/install/_local_setup_util_sh.py'
[11.346s] INFO:colcon.colcon_core.shell:Creating prefix chain script '/home/jetson/ros2_ws/install/setup.sh'
[11.350s] INFO:colcon.colcon_core.shell:Creating prefix script '/home/jetson/ros2_ws/install/local_setup.bash'
[11.352s] INFO:colcon.colcon_core.shell:Creating prefix chain script '/home/jetson/ros2_ws/install/setup.bash'
[11.355s] INFO:colcon.colcon_core.shell:Creating prefix script '/home/jetson/ros2_ws/install/local_setup.zsh'
[11.356s] INFO:colcon.colcon_core.shell:Creating prefix chain script '/home/jetson/ros2_ws/install/setup.zsh'
