[0.731s] DEBUG:colcon:Command line arguments: ['/usr/bin/colcon', 'build', '--symlink-install']
[0.732s] DEBUG:colcon:Parsed command line arguments: Namespace(allow_overriding=[], ament_cmake_args=None, base_paths=['.'], build_base='build', catkin_cmake_args=None, catkin_skip_building_tests=False, cmake_args=None, cmake_clean_cache=False, cmake_clean_first=False, cmake_force_configure=False, cmake_target=None, cmake_target_skip_unavailable=False, continue_on_error=False, event_handlers=None, executor='parallel', ignore_user_meta=False, install_base='install', log_base=None, log_level=None, main=<bound method BuildVerb.main of <colcon_core.verb.build.BuildVerb object at 0xffff932c5880>>, merge_install=False, metas=['./colcon.meta'], packages_above=None, packages_above_and_dependencies=None, packages_above_depth=None, packages_end=None, packages_ignore=None, packages_ignore_regex=None, packages_select=None, packages_select_build_failed=False, packages_select_by_dep=None, packages_select_regex=None, packages_select_test_failures=False, packages_skip=None, packages_skip_build_finished=False, packages_skip_by_dep=None, packages_skip_regex=None, packages_skip_test_passed=False, packages_skip_up_to=None, packages_start=None, packages_up_to=None, packages_up_to_regex=None, parallel_workers=4, paths=None, symlink_install=True, test_result_base=None, verb_extension=<colcon_core.verb.build.BuildVerb object at 0xffff932c5880>, verb_name='build', verb_parser=<colcon_defaults.argument_parser.defaults.DefaultArgumentsDecorator object at 0xffff9325ae50>)
[1.372s] Level 1:colcon.colcon_core.package_discovery:discover_packages(colcon_meta) check parameters
[1.373s] Level 1:colcon.colcon_core.package_discovery:discover_packages(recursive) check parameters
[1.373s] Level 1:colcon.colcon_core.package_discovery:discover_packages(ignore) check parameters
[1.373s] Level 1:colcon.colcon_core.package_discovery:discover_packages(path) check parameters
[1.373s] Level 1:colcon.colcon_core.package_discovery:discover_packages(colcon_meta) discover
[1.373s] Level 1:colcon.colcon_core.package_discovery:discover_packages(recursive) discover
[1.374s] INFO:colcon.colcon_core.package_discovery:Crawling recursively for packages in '/home/jetsonnx/ros2_ws'
[1.374s] Level 1:colcon.colcon_core.package_identification:_identify(.) by extensions ['ignore', 'ignore_ament_install']
[1.375s] Level 1:colcon.colcon_core.package_identification:_identify(.) by extension 'ignore'
[1.376s] Level 1:colcon.colcon_core.package_identification:_identify(.) by extension 'ignore_ament_install'
[1.376s] Level 1:colcon.colcon_core.package_identification:_identify(.) by extensions ['colcon_pkg']
[1.376s] Level 1:colcon.colcon_core.package_identification:_identify(.) by extension 'colcon_pkg'
[1.376s] Level 1:colcon.colcon_core.package_identification:_identify(.) by extensions ['colcon_meta']
[1.376s] Level 1:colcon.colcon_core.package_identification:_identify(.) by extension 'colcon_meta'
[1.377s] Level 1:colcon.colcon_core.package_identification:_identify(.) by extensions ['ros']
[1.377s] Level 1:colcon.colcon_core.package_identification:_identify(.) by extension 'ros'
[1.423s] Level 1:colcon.colcon_core.package_identification:_identify(.) by extensions ['cmake', 'python']
[1.423s] Level 1:colcon.colcon_core.package_identification:_identify(.) by extension 'cmake'
[1.424s] Level 1:colcon.colcon_core.package_identification:_identify(.) by extension 'python'
[1.424s] Level 1:colcon.colcon_core.package_identification:_identify(.) by extensions ['python_setup_py']
[1.424s] Level 1:colcon.colcon_core.package_identification:_identify(.) by extension 'python_setup_py'
[1.425s] Level 1:colcon.colcon_core.package_identification:_identify(build) by extensions ['ignore', 'ignore_ament_install']
[1.425s] Level 1:colcon.colcon_core.package_identification:_identify(build) by extension 'ignore'
[1.425s] Level 1:colcon.colcon_core.package_identification:_identify(build) ignored
[1.426s] Level 1:colcon.colcon_core.package_identification:_identify(install) by extensions ['ignore', 'ignore_ament_install']
[1.427s] Level 1:colcon.colcon_core.package_identification:_identify(install) by extension 'ignore'
[1.427s] Level 1:colcon.colcon_core.package_identification:_identify(install) ignored
[1.428s] Level 1:colcon.colcon_core.package_identification:_identify(log) by extensions ['ignore', 'ignore_ament_install']
[1.428s] Level 1:colcon.colcon_core.package_identification:_identify(log) by extension 'ignore'
[1.428s] Level 1:colcon.colcon_core.package_identification:_identify(log) ignored
[1.429s] Level 1:colcon.colcon_core.package_identification:_identify(src) by extensions ['ignore', 'ignore_ament_install']
[1.429s] Level 1:colcon.colcon_core.package_identification:_identify(src) by extension 'ignore'
[1.429s] Level 1:colcon.colcon_core.package_identification:_identify(src) by extension 'ignore_ament_install'
[1.429s] Level 1:colcon.colcon_core.package_identification:_identify(src) by extensions ['colcon_pkg']
[1.430s] Level 1:colcon.colcon_core.package_identification:_identify(src) by extension 'colcon_pkg'
[1.430s] Level 1:colcon.colcon_core.package_identification:_identify(src) by extensions ['colcon_meta']
[1.430s] Level 1:colcon.colcon_core.package_identification:_identify(src) by extension 'colcon_meta'
[1.430s] Level 1:colcon.colcon_core.package_identification:_identify(src) by extensions ['ros']
[1.430s] Level 1:colcon.colcon_core.package_identification:_identify(src) by extension 'ros'
[1.431s] Level 1:colcon.colcon_core.package_identification:_identify(src) by extensions ['cmake', 'python']
[1.431s] Level 1:colcon.colcon_core.package_identification:_identify(src) by extension 'cmake'
[1.431s] Level 1:colcon.colcon_core.package_identification:_identify(src) by extension 'python'
[1.431s] Level 1:colcon.colcon_core.package_identification:_identify(src) by extensions ['python_setup_py']
[1.431s] Level 1:colcon.colcon_core.package_identification:_identify(src) by extension 'python_setup_py'
[1.432s] Level 1:colcon.colcon_core.package_identification:_identify(src/dynamixel-workbench-msgs) by extensions ['ignore', 'ignore_ament_install']
[1.432s] Level 1:colcon.colcon_core.package_identification:_identify(src/dynamixel-workbench-msgs) by extension 'ignore'
[1.433s] Level 1:colcon.colcon_core.package_identification:_identify(src/dynamixel-workbench-msgs) by extension 'ignore_ament_install'
[1.433s] Level 1:colcon.colcon_core.package_identification:_identify(src/dynamixel-workbench-msgs) by extensions ['colcon_pkg']
[1.433s] Level 1:colcon.colcon_core.package_identification:_identify(src/dynamixel-workbench-msgs) by extension 'colcon_pkg'
[1.433s] Level 1:colcon.colcon_core.package_identification:_identify(src/dynamixel-workbench-msgs) by extensions ['colcon_meta']
[1.433s] Level 1:colcon.colcon_core.package_identification:_identify(src/dynamixel-workbench-msgs) by extension 'colcon_meta'
[1.434s] Level 1:colcon.colcon_core.package_identification:_identify(src/dynamixel-workbench-msgs) by extensions ['ros']
[1.434s] Level 1:colcon.colcon_core.package_identification:_identify(src/dynamixel-workbench-msgs) by extension 'ros'
[1.434s] Level 1:colcon.colcon_core.package_identification:_identify(src/dynamixel-workbench-msgs) by extensions ['cmake', 'python']
[1.434s] Level 1:colcon.colcon_core.package_identification:_identify(src/dynamixel-workbench-msgs) by extension 'cmake'
[1.434s] Level 1:colcon.colcon_core.package_identification:_identify(src/dynamixel-workbench-msgs) by extension 'python'
[1.435s] Level 1:colcon.colcon_core.package_identification:_identify(src/dynamixel-workbench-msgs) by extensions ['python_setup_py']
[1.435s] Level 1:colcon.colcon_core.package_identification:_identify(src/dynamixel-workbench-msgs) by extension 'python_setup_py'
[1.435s] Level 1:colcon.colcon_core.package_identification:_identify(src/dynamixel-workbench-msgs/dynamixel_workbench_msgs) by extensions ['ignore', 'ignore_ament_install']
[1.436s] Level 1:colcon.colcon_core.package_identification:_identify(src/dynamixel-workbench-msgs/dynamixel_workbench_msgs) by extension 'ignore'
[1.436s] Level 1:colcon.colcon_core.package_identification:_identify(src/dynamixel-workbench-msgs/dynamixel_workbench_msgs) by extension 'ignore_ament_install'
[1.436s] Level 1:colcon.colcon_core.package_identification:_identify(src/dynamixel-workbench-msgs/dynamixel_workbench_msgs) by extensions ['colcon_pkg']
[1.436s] Level 1:colcon.colcon_core.package_identification:_identify(src/dynamixel-workbench-msgs/dynamixel_workbench_msgs) by extension 'colcon_pkg'
[1.437s] Level 1:colcon.colcon_core.package_identification:_identify(src/dynamixel-workbench-msgs/dynamixel_workbench_msgs) by extensions ['colcon_meta']
[1.437s] Level 1:colcon.colcon_core.package_identification:_identify(src/dynamixel-workbench-msgs/dynamixel_workbench_msgs) by extension 'colcon_meta'
[1.437s] Level 1:colcon.colcon_core.package_identification:_identify(src/dynamixel-workbench-msgs/dynamixel_workbench_msgs) by extensions ['ros']
[1.437s] Level 1:colcon.colcon_core.package_identification:_identify(src/dynamixel-workbench-msgs/dynamixel_workbench_msgs) by extension 'ros'
[1.447s] DEBUG:colcon.colcon_core.package_identification:Package 'src/dynamixel-workbench-msgs/dynamixel_workbench_msgs' with type 'ros.ament_cmake' and name 'dynamixel_workbench_msgs'
[1.448s] Level 1:colcon.colcon_core.package_identification:_identify(src/dynamixel_workbench_controllers) by extensions ['ignore', 'ignore_ament_install']
[1.448s] Level 1:colcon.colcon_core.package_identification:_identify(src/dynamixel_workbench_controllers) by extension 'ignore'
[1.448s] Level 1:colcon.colcon_core.package_identification:_identify(src/dynamixel_workbench_controllers) by extension 'ignore_ament_install'
[1.449s] Level 1:colcon.colcon_core.package_identification:_identify(src/dynamixel_workbench_controllers) by extensions ['colcon_pkg']
[1.449s] Level 1:colcon.colcon_core.package_identification:_identify(src/dynamixel_workbench_controllers) by extension 'colcon_pkg'
[1.449s] Level 1:colcon.colcon_core.package_identification:_identify(src/dynamixel_workbench_controllers) by extensions ['colcon_meta']
[1.449s] Level 1:colcon.colcon_core.package_identification:_identify(src/dynamixel_workbench_controllers) by extension 'colcon_meta'
[1.450s] Level 1:colcon.colcon_core.package_identification:_identify(src/dynamixel_workbench_controllers) by extensions ['ros']
[1.450s] Level 1:colcon.colcon_core.package_identification:_identify(src/dynamixel_workbench_controllers) by extension 'ros'
[1.452s] DEBUG:colcon.colcon_core.package_identification:Package 'src/dynamixel_workbench_controllers' with type 'ros.ament_cmake' and name 'dynamixel_workbench_controllers'
[1.453s] Level 1:colcon.colcon_core.package_identification:_identify(src/dynamixel_workbench_operators) by extensions ['ignore', 'ignore_ament_install']
[1.453s] Level 1:colcon.colcon_core.package_identification:_identify(src/dynamixel_workbench_operators) by extension 'ignore'
[1.454s] Level 1:colcon.colcon_core.package_identification:_identify(src/dynamixel_workbench_operators) by extension 'ignore_ament_install'
[1.454s] Level 1:colcon.colcon_core.package_identification:_identify(src/dynamixel_workbench_operators) by extensions ['colcon_pkg']
[1.454s] Level 1:colcon.colcon_core.package_identification:_identify(src/dynamixel_workbench_operators) by extension 'colcon_pkg'
[1.454s] Level 1:colcon.colcon_core.package_identification:_identify(src/dynamixel_workbench_operators) by extensions ['colcon_meta']
[1.454s] Level 1:colcon.colcon_core.package_identification:_identify(src/dynamixel_workbench_operators) by extension 'colcon_meta'
[1.455s] Level 1:colcon.colcon_core.package_identification:_identify(src/dynamixel_workbench_operators) by extensions ['ros']
[1.455s] Level 1:colcon.colcon_core.package_identification:_identify(src/dynamixel_workbench_operators) by extension 'ros'
[1.457s] DEBUG:colcon.colcon_core.package_identification:Package 'src/dynamixel_workbench_operators' with type 'ros.ament_cmake' and name 'dynamixel_workbench_operators'
[1.458s] Level 1:colcon.colcon_core.package_identification:_identify(src/rplidar_ros2) by extensions ['ignore', 'ignore_ament_install']
[1.458s] Level 1:colcon.colcon_core.package_identification:_identify(src/rplidar_ros2) by extension 'ignore'
[1.458s] Level 1:colcon.colcon_core.package_identification:_identify(src/rplidar_ros2) by extension 'ignore_ament_install'
[1.459s] Level 1:colcon.colcon_core.package_identification:_identify(src/rplidar_ros2) by extensions ['colcon_pkg']
[1.459s] Level 1:colcon.colcon_core.package_identification:_identify(src/rplidar_ros2) by extension 'colcon_pkg'
[1.459s] Level 1:colcon.colcon_core.package_identification:_identify(src/rplidar_ros2) by extensions ['colcon_meta']
[1.459s] Level 1:colcon.colcon_core.package_identification:_identify(src/rplidar_ros2) by extension 'colcon_meta'
[1.459s] Level 1:colcon.colcon_core.package_identification:_identify(src/rplidar_ros2) by extensions ['ros']
[1.460s] Level 1:colcon.colcon_core.package_identification:_identify(src/rplidar_ros2) by extension 'ros'
[1.462s] DEBUG:colcon.colcon_core.package_identification:Package 'src/rplidar_ros2' with type 'ros.ament_cmake' and name 'rplidar_ros'
[1.462s] Level 1:colcon.colcon_core.package_discovery:discover_packages(recursive) using defaults
[1.462s] Level 1:colcon.colcon_core.package_discovery:discover_packages(ignore) discover
[1.462s] Level 1:colcon.colcon_core.package_discovery:discover_packages(ignore) using defaults
[1.462s] Level 1:colcon.colcon_core.package_discovery:discover_packages(path) discover
[1.463s] Level 1:colcon.colcon_core.package_discovery:discover_packages(path) using defaults
[1.521s] Level 1:colcon.colcon_core.package_discovery:discover_packages(prefix_path) check parameters
[1.521s] Level 1:colcon.colcon_core.package_discovery:discover_packages(prefix_path) discover
[1.529s] DEBUG:colcon.colcon_installed_package_information.package_discovery:Found 4 installed packages in /home/jetsonnx/ros2_ws/install
[1.536s] DEBUG:colcon.colcon_installed_package_information.package_discovery:Found 258 installed packages in /opt/ros/foxy
[1.577s] Level 1:colcon.colcon_core.package_discovery:discover_packages(prefix_path) using defaults
[1.812s] Level 5:colcon.colcon_core.verb:set package 'dynamixel_workbench_controllers' build argument 'cmake_args' from command line to 'None'
[1.813s] Level 5:colcon.colcon_core.verb:set package 'dynamixel_workbench_controllers' build argument 'cmake_target' from command line to 'None'
[1.813s] Level 5:colcon.colcon_core.verb:set package 'dynamixel_workbench_controllers' build argument 'cmake_target_skip_unavailable' from command line to 'False'
[1.813s] Level 5:colcon.colcon_core.verb:set package 'dynamixel_workbench_controllers' build argument 'cmake_clean_cache' from command line to 'False'
[1.813s] Level 5:colcon.colcon_core.verb:set package 'dynamixel_workbench_controllers' build argument 'cmake_clean_first' from command line to 'False'
[1.813s] Level 5:colcon.colcon_core.verb:set package 'dynamixel_workbench_controllers' build argument 'cmake_force_configure' from command line to 'False'
[1.814s] Level 5:colcon.colcon_core.verb:set package 'dynamixel_workbench_controllers' build argument 'ament_cmake_args' from command line to 'None'
[1.814s] Level 5:colcon.colcon_core.verb:set package 'dynamixel_workbench_controllers' build argument 'catkin_cmake_args' from command line to 'None'
[1.814s] Level 5:colcon.colcon_core.verb:set package 'dynamixel_workbench_controllers' build argument 'catkin_skip_building_tests' from command line to 'False'
[1.814s] DEBUG:colcon.colcon_core.verb:Building package 'dynamixel_workbench_controllers' with the following arguments: {'ament_cmake_args': None, 'build_base': '/home/jetsonnx/ros2_ws/build/dynamixel_workbench_controllers', 'catkin_cmake_args': None, 'catkin_skip_building_tests': False, 'cmake_args': None, 'cmake_clean_cache': False, 'cmake_clean_first': False, 'cmake_force_configure': False, 'cmake_target': None, 'cmake_target_skip_unavailable': False, 'install_base': '/home/jetsonnx/ros2_ws/install/dynamixel_workbench_controllers', 'merge_install': False, 'path': '/home/jetsonnx/ros2_ws/src/dynamixel_workbench_controllers', 'symlink_install': True, 'test_result_base': None}
[1.816s] Level 5:colcon.colcon_core.verb:set package 'dynamixel_workbench_msgs' build argument 'cmake_args' from command line to 'None'
[1.816s] Level 5:colcon.colcon_core.verb:set package 'dynamixel_workbench_msgs' build argument 'cmake_target' from command line to 'None'
[1.816s] Level 5:colcon.colcon_core.verb:set package 'dynamixel_workbench_msgs' build argument 'cmake_target_skip_unavailable' from command line to 'False'
[1.817s] Level 5:colcon.colcon_core.verb:set package 'dynamixel_workbench_msgs' build argument 'cmake_clean_cache' from command line to 'False'
[1.817s] Level 5:colcon.colcon_core.verb:set package 'dynamixel_workbench_msgs' build argument 'cmake_clean_first' from command line to 'False'
[1.817s] Level 5:colcon.colcon_core.verb:set package 'dynamixel_workbench_msgs' build argument 'cmake_force_configure' from command line to 'False'
[1.817s] Level 5:colcon.colcon_core.verb:set package 'dynamixel_workbench_msgs' build argument 'ament_cmake_args' from command line to 'None'
[1.817s] Level 5:colcon.colcon_core.verb:set package 'dynamixel_workbench_msgs' build argument 'catkin_cmake_args' from command line to 'None'
[1.817s] Level 5:colcon.colcon_core.verb:set package 'dynamixel_workbench_msgs' build argument 'catkin_skip_building_tests' from command line to 'False'
[1.817s] DEBUG:colcon.colcon_core.verb:Building package 'dynamixel_workbench_msgs' with the following arguments: {'ament_cmake_args': None, 'build_base': '/home/jetsonnx/ros2_ws/build/dynamixel_workbench_msgs', 'catkin_cmake_args': None, 'catkin_skip_building_tests': False, 'cmake_args': None, 'cmake_clean_cache': False, 'cmake_clean_first': False, 'cmake_force_configure': False, 'cmake_target': None, 'cmake_target_skip_unavailable': False, 'install_base': '/home/jetsonnx/ros2_ws/install/dynamixel_workbench_msgs', 'merge_install': False, 'path': '/home/jetsonnx/ros2_ws/src/dynamixel-workbench-msgs/dynamixel_workbench_msgs', 'symlink_install': True, 'test_result_base': None}
[1.819s] Level 5:colcon.colcon_core.verb:set package 'dynamixel_workbench_operators' build argument 'cmake_args' from command line to 'None'
[1.819s] Level 5:colcon.colcon_core.verb:set package 'dynamixel_workbench_operators' build argument 'cmake_target' from command line to 'None'
[1.819s] Level 5:colcon.colcon_core.verb:set package 'dynamixel_workbench_operators' build argument 'cmake_target_skip_unavailable' from command line to 'False'
[1.819s] Level 5:colcon.colcon_core.verb:set package 'dynamixel_workbench_operators' build argument 'cmake_clean_cache' from command line to 'False'
[1.820s] Level 5:colcon.colcon_core.verb:set package 'dynamixel_workbench_operators' build argument 'cmake_clean_first' from command line to 'False'
[1.820s] Level 5:colcon.colcon_core.verb:set package 'dynamixel_workbench_operators' build argument 'cmake_force_configure' from command line to 'False'
[1.820s] Level 5:colcon.colcon_core.verb:set package 'dynamixel_workbench_operators' build argument 'ament_cmake_args' from command line to 'None'
[1.820s] Level 5:colcon.colcon_core.verb:set package 'dynamixel_workbench_operators' build argument 'catkin_cmake_args' from command line to 'None'
[1.820s] Level 5:colcon.colcon_core.verb:set package 'dynamixel_workbench_operators' build argument 'catkin_skip_building_tests' from command line to 'False'
[1.820s] DEBUG:colcon.colcon_core.verb:Building package 'dynamixel_workbench_operators' with the following arguments: {'ament_cmake_args': None, 'build_base': '/home/jetsonnx/ros2_ws/build/dynamixel_workbench_operators', 'catkin_cmake_args': None, 'catkin_skip_building_tests': False, 'cmake_args': None, 'cmake_clean_cache': False, 'cmake_clean_first': False, 'cmake_force_configure': False, 'cmake_target': None, 'cmake_target_skip_unavailable': False, 'install_base': '/home/jetsonnx/ros2_ws/install/dynamixel_workbench_operators', 'merge_install': False, 'path': '/home/jetsonnx/ros2_ws/src/dynamixel_workbench_operators', 'symlink_install': True, 'test_result_base': None}
[1.822s] Level 5:colcon.colcon_core.verb:set package 'rplidar_ros' build argument 'cmake_args' from command line to 'None'
[1.822s] Level 5:colcon.colcon_core.verb:set package 'rplidar_ros' build argument 'cmake_target' from command line to 'None'
[1.822s] Level 5:colcon.colcon_core.verb:set package 'rplidar_ros' build argument 'cmake_target_skip_unavailable' from command line to 'False'
[1.822s] Level 5:colcon.colcon_core.verb:set package 'rplidar_ros' build argument 'cmake_clean_cache' from command line to 'False'
[1.823s] Level 5:colcon.colcon_core.verb:set package 'rplidar_ros' build argument 'cmake_clean_first' from command line to 'False'
[1.823s] Level 5:colcon.colcon_core.verb:set package 'rplidar_ros' build argument 'cmake_force_configure' from command line to 'False'
[1.823s] Level 5:colcon.colcon_core.verb:set package 'rplidar_ros' build argument 'ament_cmake_args' from command line to 'None'
[1.823s] Level 5:colcon.colcon_core.verb:set package 'rplidar_ros' build argument 'catkin_cmake_args' from command line to 'None'
[1.823s] Level 5:colcon.colcon_core.verb:set package 'rplidar_ros' build argument 'catkin_skip_building_tests' from command line to 'False'
[1.823s] DEBUG:colcon.colcon_core.verb:Building package 'rplidar_ros' with the following arguments: {'ament_cmake_args': None, 'build_base': '/home/jetsonnx/ros2_ws/build/rplidar_ros', 'catkin_cmake_args': None, 'catkin_skip_building_tests': False, 'cmake_args': None, 'cmake_clean_cache': False, 'cmake_clean_first': False, 'cmake_force_configure': False, 'cmake_target': None, 'cmake_target_skip_unavailable': False, 'install_base': '/home/jetsonnx/ros2_ws/install/rplidar_ros', 'merge_install': False, 'path': '/home/jetsonnx/ros2_ws/src/rplidar_ros2', 'symlink_install': True, 'test_result_base': None}
[1.824s] INFO:colcon.colcon_core.executor:Executing jobs using 'parallel' executor
[1.828s] DEBUG:colcon.colcon_parallel_executor.executor.parallel:run_until_complete
[1.829s] INFO:colcon.colcon_ros.task.ament_cmake.build:Building ROS package in '/home/jetsonnx/ros2_ws/src/dynamixel_workbench_controllers' with build type 'ament_cmake'
[1.830s] INFO:colcon.colcon_cmake.task.cmake.build:Building CMake package in '/home/jetsonnx/ros2_ws/src/dynamixel_workbench_controllers'
[1.838s] INFO:colcon.colcon_core.plugin_system:Skipping extension 'colcon_core.shell.bat': Not used on non-Windows systems
[1.839s] INFO:colcon.colcon_core.shell:Skip shell extension 'powershell' for command environment: Not usable outside of PowerShell
[1.840s] DEBUG:colcon.colcon_core.shell:Skip shell extension 'dsv' for command environment
[1.867s] INFO:colcon.colcon_ros.task.ament_cmake.build:Building ROS package in '/home/jetsonnx/ros2_ws/src/dynamixel-workbench-msgs/dynamixel_workbench_msgs' with build type 'ament_cmake'
[1.873s] INFO:colcon.colcon_cmake.task.cmake.build:Building CMake package in '/home/jetsonnx/ros2_ws/src/dynamixel-workbench-msgs/dynamixel_workbench_msgs'
[1.876s] INFO:colcon.colcon_core.shell:Skip shell extension 'powershell' for command environment: Not usable outside of PowerShell
[1.877s] DEBUG:colcon.colcon_core.shell:Skip shell extension 'dsv' for command environment
[1.903s] INFO:colcon.colcon_ros.task.ament_cmake.build:Building ROS package in '/home/jetsonnx/ros2_ws/src/dynamixel_workbench_operators' with build type 'ament_cmake'
[1.906s] INFO:colcon.colcon_cmake.task.cmake.build:Building CMake package in '/home/jetsonnx/ros2_ws/src/dynamixel_workbench_operators'
[1.910s] INFO:colcon.colcon_core.shell:Skip shell extension 'powershell' for command environment: Not usable outside of PowerShell
[1.911s] DEBUG:colcon.colcon_core.shell:Skip shell extension 'dsv' for command environment
[1.936s] INFO:colcon.colcon_ros.task.ament_cmake.build:Building ROS package in '/home/jetsonnx/ros2_ws/src/rplidar_ros2' with build type 'ament_cmake'
[1.938s] INFO:colcon.colcon_cmake.task.cmake.build:Building CMake package in '/home/jetsonnx/ros2_ws/src/rplidar_ros2'
[1.943s] INFO:colcon.colcon_core.shell:Skip shell extension 'powershell' for command environment: Not usable outside of PowerShell
[1.944s] DEBUG:colcon.colcon_core.shell:Skip shell extension 'dsv' for command environment
[2.015s] DEBUG:colcon.colcon_core.event_handler.log_command:Invoking command in '/home/jetsonnx/ros2_ws/build/dynamixel_workbench_controllers': CMAKE_PREFIX_PATH=${CMAKE_PREFIX_PATH}:/opt/ros/foxy /usr/bin/cmake --build /home/jetsonnx/ros2_ws/build/dynamixel_workbench_controllers -- -j4 -l4
[2.039s] DEBUG:colcon.colcon_core.event_handler.log_command:Invoking command in '/home/jetsonnx/ros2_ws/build/dynamixel_workbench_msgs': CMAKE_PREFIX_PATH=${CMAKE_PREFIX_PATH}:/opt/ros/foxy /usr/bin/cmake --build /home/jetsonnx/ros2_ws/build/dynamixel_workbench_msgs -- -j4 -l4
[2.065s] DEBUG:colcon.colcon_core.event_handler.log_command:Invoking command in '/home/jetsonnx/ros2_ws/build/dynamixel_workbench_operators': CMAKE_PREFIX_PATH=${CMAKE_PREFIX_PATH}:/opt/ros/foxy /usr/bin/cmake --build /home/jetsonnx/ros2_ws/build/dynamixel_workbench_operators -- -j4 -l4
[2.107s] DEBUG:colcon.colcon_core.event_handler.log_command:Invoking command in '/home/jetsonnx/ros2_ws/build/rplidar_ros': CMAKE_PREFIX_PATH=${CMAKE_PREFIX_PATH}:/opt/ros/foxy /usr/bin/cmake --build /home/jetsonnx/ros2_ws/build/rplidar_ros -- -j4 -l4
[2.627s] DEBUG:colcon.colcon_core.event_handler.log_command:Invoked command in '/home/jetsonnx/ros2_ws/build/dynamixel_workbench_controllers' returned '0': CMAKE_PREFIX_PATH=${CMAKE_PREFIX_PATH}:/opt/ros/foxy /usr/bin/cmake --build /home/jetsonnx/ros2_ws/build/dynamixel_workbench_controllers -- -j4 -l4
[2.714s] DEBUG:colcon.colcon_core.event_handler.log_command:Invoked command in '/home/jetsonnx/ros2_ws/build/dynamixel_workbench_operators' returned '0': CMAKE_PREFIX_PATH=${CMAKE_PREFIX_PATH}:/opt/ros/foxy /usr/bin/cmake --build /home/jetsonnx/ros2_ws/build/dynamixel_workbench_operators -- -j4 -l4
[3.286s] DEBUG:colcon.colcon_core.event_handler.log_command:Invoking command in '/home/jetsonnx/ros2_ws/build/dynamixel_workbench_operators': CMAKE_PREFIX_PATH=${CMAKE_PREFIX_PATH}:/opt/ros/foxy /usr/bin/cmake --install /home/jetsonnx/ros2_ws/build/dynamixel_workbench_operators
[3.464s] DEBUG:colcon.colcon_core.event_handler.log_command:Invoking command in '/home/jetsonnx/ros2_ws/build/dynamixel_workbench_controllers': CMAKE_PREFIX_PATH=${CMAKE_PREFIX_PATH}:/opt/ros/foxy /usr/bin/cmake --install /home/jetsonnx/ros2_ws/build/dynamixel_workbench_controllers
[3.556s] Level 1:colcon.colcon_core.environment:create_environment_scripts_only(dynamixel_workbench_operators)
[3.562s] DEBUG:colcon.colcon_core.event_handler.log_command:Invoked command in '/home/jetsonnx/ros2_ws/build/dynamixel_workbench_operators' returned '0': CMAKE_PREFIX_PATH=${CMAKE_PREFIX_PATH}:/opt/ros/foxy /usr/bin/cmake --install /home/jetsonnx/ros2_ws/build/dynamixel_workbench_operators
[3.598s] Level 1:colcon.colcon_core.environment:checking '/home/jetsonnx/ros2_ws/install/dynamixel_workbench_operators' for CMake module files
[3.604s] Level 1:colcon.colcon_core.environment:checking '/home/jetsonnx/ros2_ws/install/dynamixel_workbench_operators' for CMake config files
[3.606s] Level 1:colcon.colcon_core.shell:create_environment_hook('dynamixel_workbench_operators', 'cmake_prefix_path')
[3.608s] INFO:colcon.colcon_core.shell:Creating environment hook '/home/jetsonnx/ros2_ws/install/dynamixel_workbench_operators/share/dynamixel_workbench_operators/hook/cmake_prefix_path.ps1'
[3.625s] INFO:colcon.colcon_core.shell:Creating environment descriptor '/home/jetsonnx/ros2_ws/install/dynamixel_workbench_operators/share/dynamixel_workbench_operators/hook/cmake_prefix_path.dsv'
[3.673s] INFO:colcon.colcon_core.shell:Creating environment hook '/home/jetsonnx/ros2_ws/install/dynamixel_workbench_operators/share/dynamixel_workbench_operators/hook/cmake_prefix_path.sh'
[3.678s] Level 1:colcon.colcon_core.environment:checking '/home/jetsonnx/ros2_ws/install/dynamixel_workbench_operators/lib'
[3.732s] Level 1:colcon.colcon_core.environment:checking '/home/jetsonnx/ros2_ws/install/dynamixel_workbench_operators/bin'
[3.732s] Level 1:colcon.colcon_core.environment:checking '/home/jetsonnx/ros2_ws/install/dynamixel_workbench_operators/lib/pkgconfig/dynamixel_workbench_operators.pc'
[3.733s] Level 1:colcon.colcon_core.environment:checking '/home/jetsonnx/ros2_ws/install/dynamixel_workbench_operators/lib/python3.8/site-packages'
[3.734s] Level 1:colcon.colcon_core.environment:checking '/home/jetsonnx/ros2_ws/install/dynamixel_workbench_operators/bin'
[3.736s] INFO:colcon.colcon_core.shell:Creating package script '/home/jetsonnx/ros2_ws/install/dynamixel_workbench_operators/share/dynamixel_workbench_operators/package.ps1'
[3.739s] INFO:colcon.colcon_core.shell:Creating package descriptor '/home/jetsonnx/ros2_ws/install/dynamixel_workbench_operators/share/dynamixel_workbench_operators/package.dsv'
[3.742s] INFO:colcon.colcon_core.shell:Creating package script '/home/jetsonnx/ros2_ws/install/dynamixel_workbench_operators/share/dynamixel_workbench_operators/package.sh'
[3.746s] INFO:colcon.colcon_core.shell:Creating package script '/home/jetsonnx/ros2_ws/install/dynamixel_workbench_operators/share/dynamixel_workbench_operators/package.bash'
[3.749s] INFO:colcon.colcon_core.shell:Creating package script '/home/jetsonnx/ros2_ws/install/dynamixel_workbench_operators/share/dynamixel_workbench_operators/package.zsh'
[3.752s] Level 1:colcon.colcon_core.environment:create_file_with_runtime_dependencies(/home/jetsonnx/ros2_ws/install/dynamixel_workbench_operators/share/colcon-core/packages/dynamixel_workbench_operators)
[3.799s] Level 1:colcon.colcon_core.environment:create_environment_scripts_only(dynamixel_workbench_controllers)
[3.806s] DEBUG:colcon.colcon_core.event_handler.log_command:Invoked command in '/home/jetsonnx/ros2_ws/build/dynamixel_workbench_controllers' returned '0': CMAKE_PREFIX_PATH=${CMAKE_PREFIX_PATH}:/opt/ros/foxy /usr/bin/cmake --install /home/jetsonnx/ros2_ws/build/dynamixel_workbench_controllers
[3.809s] Level 1:colcon.colcon_core.environment:checking '/home/jetsonnx/ros2_ws/install/dynamixel_workbench_controllers' for CMake module files
[3.813s] Level 1:colcon.colcon_core.environment:checking '/home/jetsonnx/ros2_ws/install/dynamixel_workbench_controllers' for CMake config files
[3.815s] Level 1:colcon.colcon_core.shell:create_environment_hook('dynamixel_workbench_controllers', 'cmake_prefix_path')
[3.817s] INFO:colcon.colcon_core.shell:Creating environment hook '/home/jetsonnx/ros2_ws/install/dynamixel_workbench_controllers/share/dynamixel_workbench_controllers/hook/cmake_prefix_path.ps1'
[3.821s] INFO:colcon.colcon_core.shell:Creating environment descriptor '/home/jetsonnx/ros2_ws/install/dynamixel_workbench_controllers/share/dynamixel_workbench_controllers/hook/cmake_prefix_path.dsv'
[3.835s] INFO:colcon.colcon_core.shell:Creating environment hook '/home/jetsonnx/ros2_ws/install/dynamixel_workbench_controllers/share/dynamixel_workbench_controllers/hook/cmake_prefix_path.sh'
[3.839s] Level 1:colcon.colcon_core.environment:checking '/home/jetsonnx/ros2_ws/install/dynamixel_workbench_controllers/lib'
[3.840s] Level 1:colcon.colcon_core.environment:checking '/home/jetsonnx/ros2_ws/install/dynamixel_workbench_controllers/bin'
[3.840s] Level 1:colcon.colcon_core.environment:checking '/home/jetsonnx/ros2_ws/install/dynamixel_workbench_controllers/lib/pkgconfig/dynamixel_workbench_controllers.pc'
[3.841s] Level 1:colcon.colcon_core.environment:checking '/home/jetsonnx/ros2_ws/install/dynamixel_workbench_controllers/lib/python3.8/site-packages'
[3.842s] Level 1:colcon.colcon_core.environment:checking '/home/jetsonnx/ros2_ws/install/dynamixel_workbench_controllers/bin'
[3.843s] INFO:colcon.colcon_core.shell:Creating package script '/home/jetsonnx/ros2_ws/install/dynamixel_workbench_controllers/share/dynamixel_workbench_controllers/package.ps1'
[3.845s] INFO:colcon.colcon_core.shell:Creating package descriptor '/home/jetsonnx/ros2_ws/install/dynamixel_workbench_controllers/share/dynamixel_workbench_controllers/package.dsv'
[3.847s] INFO:colcon.colcon_core.shell:Creating package script '/home/jetsonnx/ros2_ws/install/dynamixel_workbench_controllers/share/dynamixel_workbench_controllers/package.sh'
[3.849s] INFO:colcon.colcon_core.shell:Creating package script '/home/jetsonnx/ros2_ws/install/dynamixel_workbench_controllers/share/dynamixel_workbench_controllers/package.bash'
[3.850s] INFO:colcon.colcon_core.shell:Creating package script '/home/jetsonnx/ros2_ws/install/dynamixel_workbench_controllers/share/dynamixel_workbench_controllers/package.zsh'
[3.852s] Level 1:colcon.colcon_core.environment:create_file_with_runtime_dependencies(/home/jetsonnx/ros2_ws/install/dynamixel_workbench_controllers/share/colcon-core/packages/dynamixel_workbench_controllers)
[4.104s] Level 1:colcon.colcon_core.environment:create_environment_scripts_only(dynamixel_workbench_operators)
[4.106s] Level 1:colcon.colcon_core.environment:checking '/home/jetsonnx/ros2_ws/install/dynamixel_workbench_operators' for CMake module files
[4.110s] Level 1:colcon.colcon_core.environment:checking '/home/jetsonnx/ros2_ws/install/dynamixel_workbench_operators' for CMake config files
[4.121s] Level 1:colcon.colcon_core.shell:create_environment_hook('dynamixel_workbench_operators', 'cmake_prefix_path')
[4.122s] INFO:colcon.colcon_core.shell:Creating environment hook '/home/jetsonnx/ros2_ws/install/dynamixel_workbench_operators/share/dynamixel_workbench_operators/hook/cmake_prefix_path.ps1'
[4.128s] INFO:colcon.colcon_core.shell:Creating environment descriptor '/home/jetsonnx/ros2_ws/install/dynamixel_workbench_operators/share/dynamixel_workbench_operators/hook/cmake_prefix_path.dsv'
[4.173s] INFO:colcon.colcon_core.shell:Creating environment hook '/home/jetsonnx/ros2_ws/install/dynamixel_workbench_operators/share/dynamixel_workbench_operators/hook/cmake_prefix_path.sh'
[4.176s] Level 1:colcon.colcon_core.environment:checking '/home/jetsonnx/ros2_ws/install/dynamixel_workbench_operators/lib'
[4.176s] Level 1:colcon.colcon_core.environment:checking '/home/jetsonnx/ros2_ws/install/dynamixel_workbench_operators/bin'
[4.177s] Level 1:colcon.colcon_core.environment:checking '/home/jetsonnx/ros2_ws/install/dynamixel_workbench_operators/lib/pkgconfig/dynamixel_workbench_operators.pc'
[4.178s] Level 1:colcon.colcon_core.environment:checking '/home/jetsonnx/ros2_ws/install/dynamixel_workbench_operators/lib/python3.8/site-packages'
[4.204s] Level 1:colcon.colcon_core.environment:checking '/home/jetsonnx/ros2_ws/install/dynamixel_workbench_operators/bin'
[4.206s] INFO:colcon.colcon_core.shell:Creating package script '/home/jetsonnx/ros2_ws/install/dynamixel_workbench_operators/share/dynamixel_workbench_operators/package.ps1'
[4.210s] INFO:colcon.colcon_core.shell:Creating package descriptor '/home/jetsonnx/ros2_ws/install/dynamixel_workbench_operators/share/dynamixel_workbench_operators/package.dsv'
[4.223s] INFO:colcon.colcon_core.shell:Creating package script '/home/jetsonnx/ros2_ws/install/dynamixel_workbench_operators/share/dynamixel_workbench_operators/package.sh'
[4.225s] INFO:colcon.colcon_core.shell:Creating package script '/home/jetsonnx/ros2_ws/install/dynamixel_workbench_operators/share/dynamixel_workbench_operators/package.bash'
[4.227s] INFO:colcon.colcon_core.shell:Creating package script '/home/jetsonnx/ros2_ws/install/dynamixel_workbench_operators/share/dynamixel_workbench_operators/package.zsh'
[4.229s] Level 1:colcon.colcon_core.environment:create_file_with_runtime_dependencies(/home/jetsonnx/ros2_ws/install/dynamixel_workbench_operators/share/colcon-core/packages/dynamixel_workbench_operators)
[4.580s] Level 1:colcon.colcon_core.environment:create_environment_scripts_only(dynamixel_workbench_controllers)
[4.582s] Level 1:colcon.colcon_core.environment:checking '/home/jetsonnx/ros2_ws/install/dynamixel_workbench_controllers' for CMake module files
[4.585s] Level 1:colcon.colcon_core.environment:checking '/home/jetsonnx/ros2_ws/install/dynamixel_workbench_controllers' for CMake config files
[4.589s] Level 1:colcon.colcon_core.shell:create_environment_hook('dynamixel_workbench_controllers', 'cmake_prefix_path')
[4.596s] INFO:colcon.colcon_core.shell:Creating environment hook '/home/jetsonnx/ros2_ws/install/dynamixel_workbench_controllers/share/dynamixel_workbench_controllers/hook/cmake_prefix_path.ps1'
[4.612s] INFO:colcon.colcon_core.shell:Creating environment descriptor '/home/jetsonnx/ros2_ws/install/dynamixel_workbench_controllers/share/dynamixel_workbench_controllers/hook/cmake_prefix_path.dsv'
[4.643s] INFO:colcon.colcon_core.shell:Creating environment hook '/home/jetsonnx/ros2_ws/install/dynamixel_workbench_controllers/share/dynamixel_workbench_controllers/hook/cmake_prefix_path.sh'
[4.649s] Level 1:colcon.colcon_core.environment:checking '/home/jetsonnx/ros2_ws/install/dynamixel_workbench_controllers/lib'
[4.650s] Level 1:colcon.colcon_core.environment:checking '/home/jetsonnx/ros2_ws/install/dynamixel_workbench_controllers/bin'
[4.651s] Level 1:colcon.colcon_core.environment:checking '/home/jetsonnx/ros2_ws/install/dynamixel_workbench_controllers/lib/pkgconfig/dynamixel_workbench_controllers.pc'
[4.652s] Level 1:colcon.colcon_core.environment:checking '/home/jetsonnx/ros2_ws/install/dynamixel_workbench_controllers/lib/python3.8/site-packages'
[4.653s] Level 1:colcon.colcon_core.environment:checking '/home/jetsonnx/ros2_ws/install/dynamixel_workbench_controllers/bin'
[4.655s] INFO:colcon.colcon_core.shell:Creating package script '/home/jetsonnx/ros2_ws/install/dynamixel_workbench_controllers/share/dynamixel_workbench_controllers/package.ps1'
[4.658s] INFO:colcon.colcon_core.shell:Creating package descriptor '/home/jetsonnx/ros2_ws/install/dynamixel_workbench_controllers/share/dynamixel_workbench_controllers/package.dsv'
[4.661s] INFO:colcon.colcon_core.shell:Creating package script '/home/jetsonnx/ros2_ws/install/dynamixel_workbench_controllers/share/dynamixel_workbench_controllers/package.sh'
[4.664s] INFO:colcon.colcon_core.shell:Creating package script '/home/jetsonnx/ros2_ws/install/dynamixel_workbench_controllers/share/dynamixel_workbench_controllers/package.bash'
[4.668s] INFO:colcon.colcon_core.shell:Creating package script '/home/jetsonnx/ros2_ws/install/dynamixel_workbench_controllers/share/dynamixel_workbench_controllers/package.zsh'
[4.671s] Level 1:colcon.colcon_core.environment:create_file_with_runtime_dependencies(/home/jetsonnx/ros2_ws/install/dynamixel_workbench_controllers/share/colcon-core/packages/dynamixel_workbench_controllers)
[4.817s] DEBUG:colcon.colcon_core.event_handler.log_command:Invoked command in '/home/jetsonnx/ros2_ws/build/dynamixel_workbench_msgs' returned '0': CMAKE_PREFIX_PATH=${CMAKE_PREFIX_PATH}:/opt/ros/foxy /usr/bin/cmake --build /home/jetsonnx/ros2_ws/build/dynamixel_workbench_msgs -- -j4 -l4
[6.963s] DEBUG:colcon.colcon_core.event_handler.log_command:Invoking command in '/home/jetsonnx/ros2_ws/build/dynamixel_workbench_msgs': CMAKE_PREFIX_PATH=${CMAKE_PREFIX_PATH}:/opt/ros/foxy /usr/bin/cmake --install /home/jetsonnx/ros2_ws/build/dynamixel_workbench_msgs
[8.338s] Level 1:colcon.colcon_core.environment:create_environment_scripts_only(dynamixel_workbench_msgs)
[8.343s] Level 1:colcon.colcon_core.environment:checking '/home/jetsonnx/ros2_ws/install/dynamixel_workbench_msgs' for CMake module files
[8.345s] DEBUG:colcon.colcon_core.event_handler.log_command:Invoked command in '/home/jetsonnx/ros2_ws/build/dynamixel_workbench_msgs' returned '0': CMAKE_PREFIX_PATH=${CMAKE_PREFIX_PATH}:/opt/ros/foxy /usr/bin/cmake --install /home/jetsonnx/ros2_ws/build/dynamixel_workbench_msgs
[8.351s] Level 1:colcon.colcon_core.environment:checking '/home/jetsonnx/ros2_ws/install/dynamixel_workbench_msgs' for CMake config files
[8.377s] Level 1:colcon.colcon_core.shell:create_environment_hook('dynamixel_workbench_msgs', 'cmake_prefix_path')
[8.379s] INFO:colcon.colcon_core.shell:Creating environment hook '/home/jetsonnx/ros2_ws/install/dynamixel_workbench_msgs/share/dynamixel_workbench_msgs/hook/cmake_prefix_path.ps1'
[8.386s] INFO:colcon.colcon_core.shell:Creating environment descriptor '/home/jetsonnx/ros2_ws/install/dynamixel_workbench_msgs/share/dynamixel_workbench_msgs/hook/cmake_prefix_path.dsv'
[8.391s] INFO:colcon.colcon_core.shell:Creating environment hook '/home/jetsonnx/ros2_ws/install/dynamixel_workbench_msgs/share/dynamixel_workbench_msgs/hook/cmake_prefix_path.sh'
[8.397s] Level 1:colcon.colcon_core.environment:checking '/home/jetsonnx/ros2_ws/install/dynamixel_workbench_msgs/lib'
[8.399s] Level 1:colcon.colcon_core.shell:create_environment_hook('dynamixel_workbench_msgs', 'ld_library_path_lib')
[8.401s] INFO:colcon.colcon_core.shell:Creating environment hook '/home/jetsonnx/ros2_ws/install/dynamixel_workbench_msgs/share/dynamixel_workbench_msgs/hook/ld_library_path_lib.ps1'
[8.405s] INFO:colcon.colcon_core.shell:Creating environment descriptor '/home/jetsonnx/ros2_ws/install/dynamixel_workbench_msgs/share/dynamixel_workbench_msgs/hook/ld_library_path_lib.dsv'
[8.409s] INFO:colcon.colcon_core.shell:Creating environment hook '/home/jetsonnx/ros2_ws/install/dynamixel_workbench_msgs/share/dynamixel_workbench_msgs/hook/ld_library_path_lib.sh'
[8.413s] Level 1:colcon.colcon_core.environment:checking '/home/jetsonnx/ros2_ws/install/dynamixel_workbench_msgs/bin'
[8.416s] Level 1:colcon.colcon_core.environment:checking '/home/jetsonnx/ros2_ws/install/dynamixel_workbench_msgs/lib/pkgconfig/dynamixel_workbench_msgs.pc'
[8.420s] Level 1:colcon.colcon_core.environment:checking '/home/jetsonnx/ros2_ws/install/dynamixel_workbench_msgs/lib/python3.8/site-packages'
[8.421s] Level 1:colcon.colcon_core.shell:create_environment_hook('dynamixel_workbench_msgs', 'pythonpath')
[8.424s] INFO:colcon.colcon_core.shell:Creating environment hook '/home/jetsonnx/ros2_ws/install/dynamixel_workbench_msgs/share/dynamixel_workbench_msgs/hook/pythonpath.ps1'
[8.428s] INFO:colcon.colcon_core.shell:Creating environment descriptor '/home/jetsonnx/ros2_ws/install/dynamixel_workbench_msgs/share/dynamixel_workbench_msgs/hook/pythonpath.dsv'
[8.432s] INFO:colcon.colcon_core.shell:Creating environment hook '/home/jetsonnx/ros2_ws/install/dynamixel_workbench_msgs/share/dynamixel_workbench_msgs/hook/pythonpath.sh'
[8.437s] Level 1:colcon.colcon_core.environment:checking '/home/jetsonnx/ros2_ws/install/dynamixel_workbench_msgs/bin'
[8.439s] INFO:colcon.colcon_core.shell:Creating package script '/home/jetsonnx/ros2_ws/install/dynamixel_workbench_msgs/share/dynamixel_workbench_msgs/package.ps1'
[8.446s] INFO:colcon.colcon_core.shell:Creating package descriptor '/home/jetsonnx/ros2_ws/install/dynamixel_workbench_msgs/share/dynamixel_workbench_msgs/package.dsv'
[8.451s] INFO:colcon.colcon_core.shell:Creating package script '/home/jetsonnx/ros2_ws/install/dynamixel_workbench_msgs/share/dynamixel_workbench_msgs/package.sh'
[8.456s] INFO:colcon.colcon_core.shell:Creating package script '/home/jetsonnx/ros2_ws/install/dynamixel_workbench_msgs/share/dynamixel_workbench_msgs/package.bash'
[8.460s] INFO:colcon.colcon_core.shell:Creating package script '/home/jetsonnx/ros2_ws/install/dynamixel_workbench_msgs/share/dynamixel_workbench_msgs/package.zsh'
[8.465s] Level 1:colcon.colcon_core.environment:create_file_with_runtime_dependencies(/home/jetsonnx/ros2_ws/install/dynamixel_workbench_msgs/share/colcon-core/packages/dynamixel_workbench_msgs)
[10.688s] Level 1:colcon.colcon_core.environment:create_environment_scripts_only(dynamixel_workbench_msgs)
[10.694s] Level 1:colcon.colcon_core.environment:checking '/home/jetsonnx/ros2_ws/install/dynamixel_workbench_msgs' for CMake module files
[10.698s] Level 1:colcon.colcon_core.environment:checking '/home/jetsonnx/ros2_ws/install/dynamixel_workbench_msgs' for CMake config files
[10.721s] Level 1:colcon.colcon_core.shell:create_environment_hook('dynamixel_workbench_msgs', 'cmake_prefix_path')
[10.723s] INFO:colcon.colcon_core.shell:Creating environment hook '/home/jetsonnx/ros2_ws/install/dynamixel_workbench_msgs/share/dynamixel_workbench_msgs/hook/cmake_prefix_path.ps1'
[10.728s] INFO:colcon.colcon_core.shell:Creating environment descriptor '/home/jetsonnx/ros2_ws/install/dynamixel_workbench_msgs/share/dynamixel_workbench_msgs/hook/cmake_prefix_path.dsv'
[10.734s] INFO:colcon.colcon_core.shell:Creating environment hook '/home/jetsonnx/ros2_ws/install/dynamixel_workbench_msgs/share/dynamixel_workbench_msgs/hook/cmake_prefix_path.sh'
[10.739s] Level 1:colcon.colcon_core.environment:checking '/home/jetsonnx/ros2_ws/install/dynamixel_workbench_msgs/lib'
[10.740s] Level 1:colcon.colcon_core.shell:create_environment_hook('dynamixel_workbench_msgs', 'ld_library_path_lib')
[10.742s] INFO:colcon.colcon_core.shell:Creating environment hook '/home/jetsonnx/ros2_ws/install/dynamixel_workbench_msgs/share/dynamixel_workbench_msgs/hook/ld_library_path_lib.ps1'
[10.746s] INFO:colcon.colcon_core.shell:Creating environment descriptor '/home/jetsonnx/ros2_ws/install/dynamixel_workbench_msgs/share/dynamixel_workbench_msgs/hook/ld_library_path_lib.dsv'
[10.749s] INFO:colcon.colcon_core.shell:Creating environment hook '/home/jetsonnx/ros2_ws/install/dynamixel_workbench_msgs/share/dynamixel_workbench_msgs/hook/ld_library_path_lib.sh'
[10.752s] Level 1:colcon.colcon_core.environment:checking '/home/jetsonnx/ros2_ws/install/dynamixel_workbench_msgs/bin'
[10.753s] Level 1:colcon.colcon_core.environment:checking '/home/jetsonnx/ros2_ws/install/dynamixel_workbench_msgs/lib/pkgconfig/dynamixel_workbench_msgs.pc'
[10.754s] Level 1:colcon.colcon_core.environment:checking '/home/jetsonnx/ros2_ws/install/dynamixel_workbench_msgs/lib/python3.8/site-packages'
[10.755s] Level 1:colcon.colcon_core.shell:create_environment_hook('dynamixel_workbench_msgs', 'pythonpath')
[10.756s] INFO:colcon.colcon_core.shell:Creating environment hook '/home/jetsonnx/ros2_ws/install/dynamixel_workbench_msgs/share/dynamixel_workbench_msgs/hook/pythonpath.ps1'
[10.759s] INFO:colcon.colcon_core.shell:Creating environment descriptor '/home/jetsonnx/ros2_ws/install/dynamixel_workbench_msgs/share/dynamixel_workbench_msgs/hook/pythonpath.dsv'
[10.766s] INFO:colcon.colcon_core.shell:Creating environment hook '/home/jetsonnx/ros2_ws/install/dynamixel_workbench_msgs/share/dynamixel_workbench_msgs/hook/pythonpath.sh'
[10.770s] Level 1:colcon.colcon_core.environment:checking '/home/jetsonnx/ros2_ws/install/dynamixel_workbench_msgs/bin'
[10.772s] INFO:colcon.colcon_core.shell:Creating package script '/home/jetsonnx/ros2_ws/install/dynamixel_workbench_msgs/share/dynamixel_workbench_msgs/package.ps1'
[10.778s] INFO:colcon.colcon_core.shell:Creating package descriptor '/home/jetsonnx/ros2_ws/install/dynamixel_workbench_msgs/share/dynamixel_workbench_msgs/package.dsv'
[10.782s] INFO:colcon.colcon_core.shell:Creating package script '/home/jetsonnx/ros2_ws/install/dynamixel_workbench_msgs/share/dynamixel_workbench_msgs/package.sh'
[10.785s] INFO:colcon.colcon_core.shell:Creating package script '/home/jetsonnx/ros2_ws/install/dynamixel_workbench_msgs/share/dynamixel_workbench_msgs/package.bash'
[10.789s] INFO:colcon.colcon_core.shell:Creating package script '/home/jetsonnx/ros2_ws/install/dynamixel_workbench_msgs/share/dynamixel_workbench_msgs/package.zsh'
[10.805s] Level 1:colcon.colcon_core.environment:create_file_with_runtime_dependencies(/home/jetsonnx/ros2_ws/install/dynamixel_workbench_msgs/share/colcon-core/packages/dynamixel_workbench_msgs)
[22.752s] DEBUG:colcon.colcon_core.event_handler.log_command:Invoked command in '/home/jetsonnx/ros2_ws/build/rplidar_ros' returned '0': CMAKE_PREFIX_PATH=${CMAKE_PREFIX_PATH}:/opt/ros/foxy /usr/bin/cmake --build /home/jetsonnx/ros2_ws/build/rplidar_ros -- -j4 -l4
[22.988s] DEBUG:colcon.colcon_core.event_handler.log_command:Invoking command in '/home/jetsonnx/ros2_ws/build/rplidar_ros': CMAKE_PREFIX_PATH=${CMAKE_PREFIX_PATH}:/opt/ros/foxy /usr/bin/cmake --install /home/jetsonnx/ros2_ws/build/rplidar_ros
[23.120s] Level 1:colcon.colcon_core.environment:create_environment_scripts_only(rplidar_ros)
[23.122s] Level 1:colcon.colcon_core.environment:checking '/home/jetsonnx/ros2_ws/install/rplidar_ros' for CMake module files
[23.125s] DEBUG:colcon.colcon_core.event_handler.log_command:Invoked command in '/home/jetsonnx/ros2_ws/build/rplidar_ros' returned '0': CMAKE_PREFIX_PATH=${CMAKE_PREFIX_PATH}:/opt/ros/foxy /usr/bin/cmake --install /home/jetsonnx/ros2_ws/build/rplidar_ros
[23.128s] Level 1:colcon.colcon_core.environment:checking '/home/jetsonnx/ros2_ws/install/rplidar_ros' for CMake config files
[23.134s] Level 1:colcon.colcon_core.shell:create_environment_hook('rplidar_ros', 'cmake_prefix_path')
[23.138s] INFO:colcon.colcon_core.shell:Creating environment hook '/home/jetsonnx/ros2_ws/install/rplidar_ros/share/rplidar_ros/hook/cmake_prefix_path.ps1'
[23.145s] INFO:colcon.colcon_core.shell:Creating environment descriptor '/home/jetsonnx/ros2_ws/install/rplidar_ros/share/rplidar_ros/hook/cmake_prefix_path.dsv'
[23.151s] INFO:colcon.colcon_core.shell:Creating environment hook '/home/jetsonnx/ros2_ws/install/rplidar_ros/share/rplidar_ros/hook/cmake_prefix_path.sh'
[23.155s] Level 1:colcon.colcon_core.environment:checking '/home/jetsonnx/ros2_ws/install/rplidar_ros/lib'
[23.155s] Level 1:colcon.colcon_core.shell:create_environment_hook('rplidar_ros', 'ld_library_path_lib')
[23.157s] INFO:colcon.colcon_core.shell:Creating environment hook '/home/jetsonnx/ros2_ws/install/rplidar_ros/share/rplidar_ros/hook/ld_library_path_lib.ps1'
[23.158s] INFO:colcon.colcon_core.shell:Creating environment descriptor '/home/jetsonnx/ros2_ws/install/rplidar_ros/share/rplidar_ros/hook/ld_library_path_lib.dsv'
[23.160s] INFO:colcon.colcon_core.shell:Creating environment hook '/home/jetsonnx/ros2_ws/install/rplidar_ros/share/rplidar_ros/hook/ld_library_path_lib.sh'
[23.162s] Level 1:colcon.colcon_core.environment:checking '/home/jetsonnx/ros2_ws/install/rplidar_ros/bin'
[23.162s] Level 1:colcon.colcon_core.environment:checking '/home/jetsonnx/ros2_ws/install/rplidar_ros/lib/pkgconfig/rplidar_ros.pc'
[23.163s] Level 1:colcon.colcon_core.environment:checking '/home/jetsonnx/ros2_ws/install/rplidar_ros/lib/python3.8/site-packages'
[23.164s] Level 1:colcon.colcon_core.environment:checking '/home/jetsonnx/ros2_ws/install/rplidar_ros/bin'
[23.166s] INFO:colcon.colcon_core.shell:Creating package script '/home/jetsonnx/ros2_ws/install/rplidar_ros/share/rplidar_ros/package.ps1'
[23.168s] INFO:colcon.colcon_core.shell:Creating package descriptor '/home/jetsonnx/ros2_ws/install/rplidar_ros/share/rplidar_ros/package.dsv'
[23.170s] INFO:colcon.colcon_core.shell:Creating package script '/home/jetsonnx/ros2_ws/install/rplidar_ros/share/rplidar_ros/package.sh'
[23.172s] INFO:colcon.colcon_core.shell:Creating package script '/home/jetsonnx/ros2_ws/install/rplidar_ros/share/rplidar_ros/package.bash'
[23.173s] INFO:colcon.colcon_core.shell:Creating package script '/home/jetsonnx/ros2_ws/install/rplidar_ros/share/rplidar_ros/package.zsh'
[23.174s] Level 1:colcon.colcon_core.environment:create_file_with_runtime_dependencies(/home/jetsonnx/ros2_ws/install/rplidar_ros/share/colcon-core/packages/rplidar_ros)
[23.377s] Level 1:colcon.colcon_core.environment:create_environment_scripts_only(rplidar_ros)
[23.383s] Level 1:colcon.colcon_core.environment:checking '/home/jetsonnx/ros2_ws/install/rplidar_ros' for CMake module files
[23.392s] Level 1:colcon.colcon_core.environment:checking '/home/jetsonnx/ros2_ws/install/rplidar_ros' for CMake config files
[23.398s] Level 1:colcon.colcon_core.shell:create_environment_hook('rplidar_ros', 'cmake_prefix_path')
[23.400s] INFO:colcon.colcon_core.shell:Creating environment hook '/home/jetsonnx/ros2_ws/install/rplidar_ros/share/rplidar_ros/hook/cmake_prefix_path.ps1'
[23.404s] INFO:colcon.colcon_core.shell:Creating environment descriptor '/home/jetsonnx/ros2_ws/install/rplidar_ros/share/rplidar_ros/hook/cmake_prefix_path.dsv'
[23.407s] INFO:colcon.colcon_core.shell:Creating environment hook '/home/jetsonnx/ros2_ws/install/rplidar_ros/share/rplidar_ros/hook/cmake_prefix_path.sh'
[23.411s] Level 1:colcon.colcon_core.environment:checking '/home/jetsonnx/ros2_ws/install/rplidar_ros/lib'
[23.411s] Level 1:colcon.colcon_core.shell:create_environment_hook('rplidar_ros', 'ld_library_path_lib')
[23.412s] INFO:colcon.colcon_core.shell:Creating environment hook '/home/jetsonnx/ros2_ws/install/rplidar_ros/share/rplidar_ros/hook/ld_library_path_lib.ps1'
[23.414s] INFO:colcon.colcon_core.shell:Creating environment descriptor '/home/jetsonnx/ros2_ws/install/rplidar_ros/share/rplidar_ros/hook/ld_library_path_lib.dsv'
[23.415s] INFO:colcon.colcon_core.shell:Creating environment hook '/home/jetsonnx/ros2_ws/install/rplidar_ros/share/rplidar_ros/hook/ld_library_path_lib.sh'
[23.417s] Level 1:colcon.colcon_core.environment:checking '/home/jetsonnx/ros2_ws/install/rplidar_ros/bin'
[23.417s] Level 1:colcon.colcon_core.environment:checking '/home/jetsonnx/ros2_ws/install/rplidar_ros/lib/pkgconfig/rplidar_ros.pc'
[23.418s] Level 1:colcon.colcon_core.environment:checking '/home/jetsonnx/ros2_ws/install/rplidar_ros/lib/python3.8/site-packages'
[23.419s] Level 1:colcon.colcon_core.environment:checking '/home/jetsonnx/ros2_ws/install/rplidar_ros/bin'
[23.421s] INFO:colcon.colcon_core.shell:Creating package script '/home/jetsonnx/ros2_ws/install/rplidar_ros/share/rplidar_ros/package.ps1'
[23.424s] INFO:colcon.colcon_core.shell:Creating package descriptor '/home/jetsonnx/ros2_ws/install/rplidar_ros/share/rplidar_ros/package.dsv'
[23.426s] INFO:colcon.colcon_core.shell:Creating package script '/home/jetsonnx/ros2_ws/install/rplidar_ros/share/rplidar_ros/package.sh'
[23.428s] INFO:colcon.colcon_core.shell:Creating package script '/home/jetsonnx/ros2_ws/install/rplidar_ros/share/rplidar_ros/package.bash'
[23.430s] INFO:colcon.colcon_core.shell:Creating package script '/home/jetsonnx/ros2_ws/install/rplidar_ros/share/rplidar_ros/package.zsh'
[23.433s] Level 1:colcon.colcon_core.environment:create_file_with_runtime_dependencies(/home/jetsonnx/ros2_ws/install/rplidar_ros/share/colcon-core/packages/rplidar_ros)
[23.435s] DEBUG:colcon.colcon_parallel_executor.executor.parallel:closing loop
[23.439s] DEBUG:colcon.colcon_parallel_executor.executor.parallel:loop closed
[23.439s] DEBUG:colcon.colcon_parallel_executor.executor.parallel:run_until_complete finished with '0'
[23.442s] DEBUG:colcon.colcon_core.event_reactor:joining thread
[23.476s] INFO:colcon.colcon_core.plugin_system:Skipping extension 'colcon_notification.desktop_notification.terminal_notifier': Not used on non-Darwin systems
[23.477s] INFO:colcon.colcon_core.plugin_system:Skipping extension 'colcon_notification.desktop_notification.win32': Not used on non-Windows systems
[23.478s] INFO:colcon.colcon_notification.desktop_notification:Sending desktop notification using 'notify2'
[23.529s] DEBUG:colcon.colcon_notification.desktop_notification.notify2:Failed to initialize notify2: org.freedesktop.DBus.Error.Spawn.ChildExited: Process org.freedesktop.Notifications exited with status 1
[23.530s] DEBUG:colcon.colcon_core.event_reactor:joined thread
[23.531s] INFO:colcon.colcon_core.shell:Creating prefix script '/home/jetsonnx/ros2_ws/install/local_setup.ps1'
[23.535s] INFO:colcon.colcon_core.shell:Creating prefix util module '/home/jetsonnx/ros2_ws/install/_local_setup_util_ps1.py'
[23.540s] INFO:colcon.colcon_core.shell:Creating prefix chain script '/home/jetsonnx/ros2_ws/install/setup.ps1'
[23.544s] INFO:colcon.colcon_core.shell:Creating prefix script '/home/jetsonnx/ros2_ws/install/local_setup.sh'
[23.547s] INFO:colcon.colcon_core.shell:Creating prefix util module '/home/jetsonnx/ros2_ws/install/_local_setup_util_sh.py'
[23.549s] INFO:colcon.colcon_core.shell:Creating prefix chain script '/home/jetsonnx/ros2_ws/install/setup.sh'
[23.554s] INFO:colcon.colcon_core.shell:Creating prefix script '/home/jetsonnx/ros2_ws/install/local_setup.bash'
[23.558s] INFO:colcon.colcon_core.shell:Creating prefix chain script '/home/jetsonnx/ros2_ws/install/setup.bash'
[23.565s] INFO:colcon.colcon_core.shell:Creating prefix script '/home/jetsonnx/ros2_ws/install/local_setup.zsh'
[23.567s] INFO:colcon.colcon_core.shell:Creating prefix chain script '/home/jetsonnx/ros2_ws/install/setup.zsh'
