[0.068s] Invoking command in '/home/jetsonnx/ros2_ws/build/turtlebot3_bringup': CMAKE_PREFIX_PATH=${CMAKE_PREFIX_PATH}:/opt/ros/foxy /usr/bin/cmake --build /home/jetsonnx/ros2_ws/build/turtlebot3_bringup -- -j4 -l4
[0.439s] Invoked command in '/home/jetsonnx/ros2_ws/build/turtlebot3_bringup' returned '0': CMAKE_PREFIX_PATH=${CMAKE_PREFIX_PATH}:/opt/ros/foxy /usr/bin/cmake --build /home/jetsonnx/ros2_ws/build/turtlebot3_bringup -- -j4 -l4
[0.564s] Invoking command in '/home/jetsonnx/ros2_ws/build/turtlebot3_bringup': CMAKE_PREFIX_PATH=${CMAKE_PREFIX_PATH}:/opt/ros/foxy /usr/bin/cmake --install /home/jetsonnx/ros2_ws/build/turtlebot3_bringup
[0.622s] -- Install configuration: ""
[0.624s] -- Execute custom install script
[0.628s] -- Up-to-date symlink: /home/jetsonnx/ros2_ws/install/turtlebot3_bringup/share/turtlebot3_bringup/launch/nav2_launch.py
[0.631s] -- Up-to-date symlink: /home/jetsonnx/ros2_ws/install/turtlebot3_bringup/share/ament_index/resource_index/package_run_dependencies/turtlebot3_bringup
[0.632s] -- Up-to-date symlink: /home/jetsonnx/ros2_ws/install/turtlebot3_bringup/share/ament_index/resource_index/parent_prefix_path/turtlebot3_bringup
[0.632s] -- Up-to-date symlink: /home/jetsonnx/ros2_ws/install/turtlebot3_bringup/share/turtlebot3_bringup/environment/ament_prefix_path.sh
[0.635s] -- Up-to-date symlink: /home/jetsonnx/ros2_ws/install/turtlebot3_bringup/share/turtlebot3_bringup/environment/ament_prefix_path.dsv
[0.636s] -- Up-to-date symlink: /home/jetsonnx/ros2_ws/install/turtlebot3_bringup/share/turtlebot3_bringup/environment/path.sh
[0.638s] -- Up-to-date symlink: /home/jetsonnx/ros2_ws/install/turtlebot3_bringup/share/turtlebot3_bringup/environment/path.dsv
[0.638s] -- Up-to-date symlink: /home/jetsonnx/ros2_ws/install/turtlebot3_bringup/share/turtlebot3_bringup/local_setup.bash
[0.641s] -- Up-to-date symlink: /home/jetsonnx/ros2_ws/install/turtlebot3_bringup/share/turtlebot3_bringup/local_setup.sh
[0.641s] -- Up-to-date symlink: /home/jetsonnx/ros2_ws/install/turtlebot3_bringup/share/turtlebot3_bringup/local_setup.zsh
[0.642s] -- Up-to-date symlink: /home/jetsonnx/ros2_ws/install/turtlebot3_bringup/share/turtlebot3_bringup/local_setup.dsv
[0.645s] -- Symlinking: /home/jetsonnx/ros2_ws/install/turtlebot3_bringup/share/turtlebot3_bringup/package.dsv
[0.690s] -- Up-to-date symlink: /home/jetsonnx/ros2_ws/install/turtlebot3_bringup/share/ament_index/resource_index/packages/turtlebot3_bringup
[0.693s] -- Up-to-date symlink: /home/jetsonnx/ros2_ws/install/turtlebot3_bringup/share/turtlebot3_bringup/cmake/turtlebot3_bringupConfig.cmake
[0.694s] -- Up-to-date symlink: /home/jetsonnx/ros2_ws/install/turtlebot3_bringup/share/turtlebot3_bringup/cmake/turtlebot3_bringupConfig-version.cmake
[0.696s] -- Up-to-date symlink: /home/jetsonnx/ros2_ws/install/turtlebot3_bringup/share/turtlebot3_bringup/package.xml
[0.711s] Invoked command in '/home/jetsonnx/ros2_ws/build/turtlebot3_bringup' returned '0': CMAKE_PREFIX_PATH=${CMAKE_PREFIX_PATH}:/opt/ros/foxy /usr/bin/cmake --install /home/jetsonnx/ros2_ws/build/turtlebot3_bringup
