[0.097s] Invoking command in '/home/jetsonnx/ros2_ws/build/turtlebot3_bringup': CMAKE_PREFIX_PATH=${CMAKE_PREFIX_PATH}:/opt/ros/foxy /usr/bin/cmake --build /home/jetsonnx/ros2_ws/build/turtlebot3_bringup -- -j4 -l4
[0.338s] Invoked command in '/home/jetsonnx/ros2_ws/build/turtlebot3_bringup' returned '0': CMAKE_PREFIX_PATH=${CMAKE_PREFIX_PATH}:/opt/ros/foxy /usr/bin/cmake --build /home/jetsonnx/ros2_ws/build/turtlebot3_bringup -- -j4 -l4
[0.492s] Invoking command in '/home/jetsonnx/ros2_ws/build/turtlebot3_bringup': CMAKE_PREFIX_PATH=${CMAKE_PREFIX_PATH}:/opt/ros/foxy /usr/bin/cmake --install /home/jetsonnx/ros2_ws/build/turtlebot3_bringup
[0.539s] -- Install configuration: ""
[0.542s] -- Execute custom install script
[0.545s] -- Up-to-date symlink: /home/jetsonnx/ros2_ws/install/turtlebot3_bringup/share/turtlebot3_bringup/launch/nav2_launch.py
[0.547s] -- Up-to-date symlink: /home/jetsonnx/ros2_ws/install/turtlebot3_bringup/share/ament_index/resource_index/package_run_dependencies/turtlebot3_bringup
[0.548s] -- Up-to-date symlink: /home/jetsonnx/ros2_ws/install/turtlebot3_bringup/share/ament_index/resource_index/parent_prefix_path/turtlebot3_bringup
[0.549s] -- Up-to-date symlink: /home/jetsonnx/ros2_ws/install/turtlebot3_bringup/share/turtlebot3_bringup/environment/ament_prefix_path.sh
[0.551s] -- Up-to-date symlink: /home/jetsonnx/ros2_ws/install/turtlebot3_bringup/share/turtlebot3_bringup/environment/ament_prefix_path.dsv
[0.553s] -- Up-to-date symlink: /home/jetsonnx/ros2_ws/install/turtlebot3_bringup/share/turtlebot3_bringup/environment/path.sh
[0.554s] -- Up-to-date symlink: /home/jetsonnx/ros2_ws/install/turtlebot3_bringup/share/turtlebot3_bringup/environment/path.dsv
[0.556s] -- Up-to-date symlink: /home/jetsonnx/ros2_ws/install/turtlebot3_bringup/share/turtlebot3_bringup/local_setup.bash
[0.557s] -- Up-to-date symlink: /home/jetsonnx/ros2_ws/install/turtlebot3_bringup/share/turtlebot3_bringup/local_setup.sh
[0.558s] -- Up-to-date symlink: /home/jetsonnx/ros2_ws/install/turtlebot3_bringup/share/turtlebot3_bringup/local_setup.zsh
[0.560s] -- Up-to-date symlink: /home/jetsonnx/ros2_ws/install/turtlebot3_bringup/share/turtlebot3_bringup/local_setup.dsv
[0.561s] -- Symlinking: /home/jetsonnx/ros2_ws/install/turtlebot3_bringup/share/turtlebot3_bringup/package.dsv
[0.607s] -- Up-to-date symlink: /home/jetsonnx/ros2_ws/install/turtlebot3_bringup/share/ament_index/resource_index/packages/turtlebot3_bringup
[0.608s] -- Up-to-date symlink: /home/jetsonnx/ros2_ws/install/turtlebot3_bringup/share/turtlebot3_bringup/cmake/turtlebot3_bringupConfig.cmake
[0.609s] -- Up-to-date symlink: /home/jetsonnx/ros2_ws/install/turtlebot3_bringup/share/turtlebot3_bringup/cmake/turtlebot3_bringupConfig-version.cmake
[0.610s] -- Up-to-date symlink: /home/jetsonnx/ros2_ws/install/turtlebot3_bringup/share/turtlebot3_bringup/package.xml
[0.622s] Invoked command in '/home/jetsonnx/ros2_ws/build/turtlebot3_bringup' returned '0': CMAKE_PREFIX_PATH=${CMAKE_PREFIX_PATH}:/opt/ros/foxy /usr/bin/cmake --install /home/jetsonnx/ros2_ws/build/turtlebot3_bringup
