[0.172s] Invoking command in '/home/jetson/ros2_ws/build/sllidar_ros2': CMAKE_PREFIX_PATH=${CMAKE_PREFIX_PATH}:/opt/ros/foxy /usr/bin/cmake --build /home/jetson/ros2_ws/build/sllidar_ros2 -- -j8 -l8
[0.526s] [ 90%] Built target sllidar_node
[0.543s] [100%] Built target sllidar_client
[0.637s] Invoked command in '/home/jetson/ros2_ws/build/sllidar_ros2' returned '0': CMAKE_PREFIX_PATH=${CMAKE_PREFIX_PATH}:/opt/ros/foxy /usr/bin/cmake --build /home/jetson/ros2_ws/build/sllidar_ros2 -- -j8 -l8
[0.969s] Invoking command in '/home/jetson/ros2_ws/build/sllidar_ros2': CMAKE_PREFIX_PATH=${CMAKE_PREFIX_PATH}:/opt/ros/foxy /usr/bin/cmake --install /home/jetson/ros2_ws/build/sllidar_ros2
[1.025s] -- Install configuration: ""
[1.026s] -- Execute custom install script
[1.026s] -- Up-to-date symlink: /home/jetson/ros2_ws/install/sllidar_ros2/share/sllidar_ros2/launch/sllidar_a1_launch.py
[1.027s] -- Up-to-date symlink: /home/jetson/ros2_ws/install/sllidar_ros2/share/sllidar_ros2/launch/sllidar_a2m12_launch .py
[1.028s] -- Up-to-date symlink: /home/jetson/ros2_ws/install/sllidar_ros2/share/sllidar_ros2/launch/sllidar_a2m7_launch.py
[1.156s] -- Up-to-date symlink: /home/jetson/ros2_ws/install/sllidar_ros2/share/sllidar_ros2/launch/sllidar_a2m8_launch.py
[1.158s] -- Up-to-date symlink: /home/jetson/ros2_ws/install/sllidar_ros2/share/sllidar_ros2/launch/sllidar_a3_launch.py
[1.159s] -- Up-to-date symlink: /home/jetson/ros2_ws/install/sllidar_ros2/share/sllidar_ros2/launch/sllidar_c1_launch.py
[1.164s] -- Up-to-date symlink: /home/jetson/ros2_ws/install/sllidar_ros2/share/sllidar_ros2/launch/sllidar_s1_launch.py
[1.166s] -- Up-to-date symlink: /home/jetson/ros2_ws/install/sllidar_ros2/share/sllidar_ros2/launch/sllidar_s1_tcp_launch.py
[1.166s] -- Up-to-date symlink: /home/jetson/ros2_ws/install/sllidar_ros2/share/sllidar_ros2/launch/sllidar_s2_launch.py
[1.167s] -- Up-to-date symlink: /home/jetson/ros2_ws/install/sllidar_ros2/share/sllidar_ros2/launch/sllidar_s2e_launch.py
[1.167s] -- Up-to-date symlink: /home/jetson/ros2_ws/install/sllidar_ros2/share/sllidar_ros2/launch/sllidar_s3_launch.py
[1.167s] -- Up-to-date symlink: /home/jetson/ros2_ws/install/sllidar_ros2/share/sllidar_ros2/launch/sllidar_t1_launch.py
[1.167s] -- Up-to-date symlink: /home/jetson/ros2_ws/install/sllidar_ros2/share/sllidar_ros2/launch/view_sllidar_a1_launch.py
[1.168s] -- Up-to-date symlink: /home/jetson/ros2_ws/install/sllidar_ros2/share/sllidar_ros2/launch/view_sllidar_a2m12_launch.py
[1.168s] -- Up-to-date symlink: /home/jetson/ros2_ws/install/sllidar_ros2/share/sllidar_ros2/launch/view_sllidar_a2m7_launch.py
[1.169s] -- Up-to-date symlink: /home/jetson/ros2_ws/install/sllidar_ros2/share/sllidar_ros2/launch/view_sllidar_a2m8_launch.py
[1.169s] -- Up-to-date symlink: /home/jetson/ros2_ws/install/sllidar_ros2/share/sllidar_ros2/launch/view_sllidar_a3_launch.py
[1.172s] -- Up-to-date symlink: /home/jetson/ros2_ws/install/sllidar_ros2/share/sllidar_ros2/launch/view_sllidar_c1_launch.py
[1.173s] -- Up-to-date symlink: /home/jetson/ros2_ws/install/sllidar_ros2/share/sllidar_ros2/launch/view_sllidar_s1_launch.py
[1.173s] -- Up-to-date symlink: /home/jetson/ros2_ws/install/sllidar_ros2/share/sllidar_ros2/launch/view_sllidar_s1_tcp_launch.py
[1.173s] -- Up-to-date symlink: /home/jetson/ros2_ws/install/sllidar_ros2/share/sllidar_ros2/launch/view_sllidar_s2_launch.py
[1.174s] -- Up-to-date symlink: /home/jetson/ros2_ws/install/sllidar_ros2/share/sllidar_ros2/launch/view_sllidar_s2e_launch.py
[1.178s] -- Up-to-date symlink: /home/jetson/ros2_ws/install/sllidar_ros2/share/sllidar_ros2/launch/view_sllidar_s3_launch.py
[1.178s] -- Up-to-date symlink: /home/jetson/ros2_ws/install/sllidar_ros2/share/sllidar_ros2/launch/view_sllidar_t1_launch.py
[1.178s] -- Up-to-date symlink: /home/jetson/ros2_ws/install/sllidar_ros2/share/sllidar_ros2/rviz/sllidar_ros2.rviz
[1.179s] -- Up-to-date symlink: /home/jetson/ros2_ws/install/sllidar_ros2/lib/sllidar_ros2/sllidar_node
[1.181s] -- Up-to-date symlink: /home/jetson/ros2_ws/install/sllidar_ros2/lib/sllidar_ros2/sllidar_client
[1.182s] -- Up-to-date symlink: /home/jetson/ros2_ws/install/sllidar_ros2/share/ament_index/resource_index/package_run_dependencies/sllidar_ros2
[1.184s] -- Up-to-date symlink: /home/jetson/ros2_ws/install/sllidar_ros2/share/ament_index/resource_index/parent_prefix_path/sllidar_ros2
[1.185s] -- Up-to-date symlink: /home/jetson/ros2_ws/install/sllidar_ros2/share/sllidar_ros2/environment/ament_prefix_path.sh
[1.186s] -- Up-to-date symlink: /home/jetson/ros2_ws/install/sllidar_ros2/share/sllidar_ros2/environment/ament_prefix_path.dsv
[1.187s] -- Up-to-date symlink: /home/jetson/ros2_ws/install/sllidar_ros2/share/sllidar_ros2/environment/path.sh
[1.190s] -- Up-to-date symlink: /home/jetson/ros2_ws/install/sllidar_ros2/share/sllidar_ros2/environment/path.dsv
[1.191s] -- Up-to-date symlink: /home/jetson/ros2_ws/install/sllidar_ros2/share/sllidar_ros2/local_setup.bash
[1.192s] -- Up-to-date symlink: /home/jetson/ros2_ws/install/sllidar_ros2/share/sllidar_ros2/local_setup.sh
[1.194s] -- Up-to-date symlink: /home/jetson/ros2_ws/install/sllidar_ros2/share/sllidar_ros2/local_setup.zsh
[1.194s] -- Up-to-date symlink: /home/jetson/ros2_ws/install/sllidar_ros2/share/sllidar_ros2/local_setup.dsv
[1.194s] -- Symlinking: /home/jetson/ros2_ws/install/sllidar_ros2/share/sllidar_ros2/package.dsv
[1.238s] -- Up-to-date symlink: /home/jetson/ros2_ws/install/sllidar_ros2/share/ament_index/resource_index/packages/sllidar_ros2
[1.239s] -- Up-to-date symlink: /home/jetson/ros2_ws/install/sllidar_ros2/share/sllidar_ros2/cmake/ament_cmake_export_dependencies-extras.cmake
[1.240s] -- Up-to-date symlink: /home/jetson/ros2_ws/install/sllidar_ros2/share/sllidar_ros2/cmake/ament_cmake_export_include_directories-extras.cmake
[1.243s] -- Up-to-date symlink: /home/jetson/ros2_ws/install/sllidar_ros2/share/sllidar_ros2/cmake/sllidar_ros2Config.cmake
[1.244s] -- Up-to-date symlink: /home/jetson/ros2_ws/install/sllidar_ros2/share/sllidar_ros2/cmake/sllidar_ros2Config-version.cmake
[1.244s] -- Up-to-date symlink: /home/jetson/ros2_ws/install/sllidar_ros2/share/sllidar_ros2/package.xml
[1.251s] Invoked command in '/home/jetson/ros2_ws/build/sllidar_ros2' returned '0': CMAKE_PREFIX_PATH=${CMAKE_PREFIX_PATH}:/opt/ros/foxy /usr/bin/cmake --install /home/jetson/ros2_ws/build/sllidar_ros2
