[2.373s] DEBUG:colcon:Command line arguments: ['/usr/bin/colcon', 'build', '--symlink-install', '--packages-select', 'dynamixel_workbench_controllers']
[2.374s] DEBUG:colcon:Parsed command line arguments: Namespace(allow_overriding=[], ament_cmake_args=None, base_paths=['.'], build_base='build', catkin_cmake_args=None, catkin_skip_building_tests=False, cmake_args=None, cmake_clean_cache=False, cmake_clean_first=False, cmake_force_configure=False, cmake_target=None, cmake_target_skip_unavailable=False, continue_on_error=False, event_handlers=None, executor='parallel', ignore_user_meta=False, install_base='install', log_base=None, log_level=None, main=<bound method BuildVerb.main of <colcon_core.verb.build.BuildVerb object at 0xffffa62228b0>>, merge_install=False, metas=['./colcon.meta'], packages_above=None, packages_above_and_dependencies=None, packages_above_depth=None, packages_end=None, packages_ignore=None, packages_ignore_regex=None, packages_select=['dynamixel_workbench_controllers'], packages_select_build_failed=False, packages_select_by_dep=None, packages_select_regex=None, packages_select_test_failures=False, packages_skip=None, packages_skip_build_finished=False, packages_skip_by_dep=None, packages_skip_regex=None, packages_skip_test_passed=False, packages_skip_up_to=None, packages_start=None, packages_up_to=None, packages_up_to_regex=None, parallel_workers=4, paths=None, symlink_install=True, test_result_base=None, verb_extension=<colcon_core.verb.build.BuildVerb object at 0xffffa62228b0>, verb_name='build', verb_parser=<colcon_defaults.argument_parser.defaults.DefaultArgumentsDecorator object at 0xffffa61b8e80>)
[3.528s] Level 1:colcon.colcon_core.package_discovery:discover_packages(colcon_meta) check parameters
[3.529s] Level 1:colcon.colcon_core.package_discovery:discover_packages(recursive) check parameters
[3.529s] Level 1:colcon.colcon_core.package_discovery:discover_packages(ignore) check parameters
[3.529s] Level 1:colcon.colcon_core.package_discovery:discover_packages(path) check parameters
[3.530s] Level 1:colcon.colcon_core.package_discovery:discover_packages(colcon_meta) discover
[3.530s] Level 1:colcon.colcon_core.package_discovery:discover_packages(recursive) discover
[3.530s] INFO:colcon.colcon_core.package_discovery:Crawling recursively for packages in '/home/jetsonnx/ros2_ws'
[3.531s] Level 1:colcon.colcon_core.package_identification:_identify(.) by extensions ['ignore', 'ignore_ament_install']
[3.531s] Level 1:colcon.colcon_core.package_identification:_identify(.) by extension 'ignore'
[3.531s] Level 1:colcon.colcon_core.package_identification:_identify(.) by extension 'ignore_ament_install'
[3.532s] Level 1:colcon.colcon_core.package_identification:_identify(.) by extensions ['colcon_pkg']
[3.532s] Level 1:colcon.colcon_core.package_identification:_identify(.) by extension 'colcon_pkg'
[3.532s] Level 1:colcon.colcon_core.package_identification:_identify(.) by extensions ['colcon_meta']
[3.532s] Level 1:colcon.colcon_core.package_identification:_identify(.) by extension 'colcon_meta'
[3.532s] Level 1:colcon.colcon_core.package_identification:_identify(.) by extensions ['ros']
[3.532s] Level 1:colcon.colcon_core.package_identification:_identify(.) by extension 'ros'
[3.591s] Level 1:colcon.colcon_core.package_identification:_identify(.) by extensions ['cmake', 'python']
[3.591s] Level 1:colcon.colcon_core.package_identification:_identify(.) by extension 'cmake'
[3.592s] Level 1:colcon.colcon_core.package_identification:_identify(.) by extension 'python'
[3.592s] Level 1:colcon.colcon_core.package_identification:_identify(.) by extensions ['python_setup_py']
[3.592s] Level 1:colcon.colcon_core.package_identification:_identify(.) by extension 'python_setup_py'
[3.593s] Level 1:colcon.colcon_core.package_identification:_identify(build) by extensions ['ignore', 'ignore_ament_install']
[3.593s] Level 1:colcon.colcon_core.package_identification:_identify(build) by extension 'ignore'
[3.594s] Level 1:colcon.colcon_core.package_identification:_identify(build) ignored
[3.594s] Level 1:colcon.colcon_core.package_identification:_identify(install) by extensions ['ignore', 'ignore_ament_install']
[3.594s] Level 1:colcon.colcon_core.package_identification:_identify(install) by extension 'ignore'
[3.595s] Level 1:colcon.colcon_core.package_identification:_identify(install) ignored
[3.595s] Level 1:colcon.colcon_core.package_identification:_identify(log) by extensions ['ignore', 'ignore_ament_install']
[3.595s] Level 1:colcon.colcon_core.package_identification:_identify(log) by extension 'ignore'
[3.596s] Level 1:colcon.colcon_core.package_identification:_identify(log) ignored
[3.596s] Level 1:colcon.colcon_core.package_identification:_identify(src) by extensions ['ignore', 'ignore_ament_install']
[3.596s] Level 1:colcon.colcon_core.package_identification:_identify(src) by extension 'ignore'
[3.597s] Level 1:colcon.colcon_core.package_identification:_identify(src) by extension 'ignore_ament_install'
[3.597s] Level 1:colcon.colcon_core.package_identification:_identify(src) by extensions ['colcon_pkg']
[3.597s] Level 1:colcon.colcon_core.package_identification:_identify(src) by extension 'colcon_pkg'
[3.597s] Level 1:colcon.colcon_core.package_identification:_identify(src) by extensions ['colcon_meta']
[3.597s] Level 1:colcon.colcon_core.package_identification:_identify(src) by extension 'colcon_meta'
[3.598s] Level 1:colcon.colcon_core.package_identification:_identify(src) by extensions ['ros']
[3.598s] Level 1:colcon.colcon_core.package_identification:_identify(src) by extension 'ros'
[3.598s] Level 1:colcon.colcon_core.package_identification:_identify(src) by extensions ['cmake', 'python']
[3.598s] Level 1:colcon.colcon_core.package_identification:_identify(src) by extension 'cmake'
[3.599s] Level 1:colcon.colcon_core.package_identification:_identify(src) by extension 'python'
[3.599s] Level 1:colcon.colcon_core.package_identification:_identify(src) by extensions ['python_setup_py']
[3.599s] Level 1:colcon.colcon_core.package_identification:_identify(src) by extension 'python_setup_py'
[3.599s] Level 1:colcon.colcon_core.package_identification:_identify(src/dynamixel-workbench-msgs) by extensions ['ignore', 'ignore_ament_install']
[3.600s] Level 1:colcon.colcon_core.package_identification:_identify(src/dynamixel-workbench-msgs) by extension 'ignore'
[3.600s] Level 1:colcon.colcon_core.package_identification:_identify(src/dynamixel-workbench-msgs) by extension 'ignore_ament_install'
[3.600s] Level 1:colcon.colcon_core.package_identification:_identify(src/dynamixel-workbench-msgs) by extensions ['colcon_pkg']
[3.600s] Level 1:colcon.colcon_core.package_identification:_identify(src/dynamixel-workbench-msgs) by extension 'colcon_pkg'
[3.600s] Level 1:colcon.colcon_core.package_identification:_identify(src/dynamixel-workbench-msgs) by extensions ['colcon_meta']
[3.601s] Level 1:colcon.colcon_core.package_identification:_identify(src/dynamixel-workbench-msgs) by extension 'colcon_meta'
[3.601s] Level 1:colcon.colcon_core.package_identification:_identify(src/dynamixel-workbench-msgs) by extensions ['ros']
[3.601s] Level 1:colcon.colcon_core.package_identification:_identify(src/dynamixel-workbench-msgs) by extension 'ros'
[3.601s] Level 1:colcon.colcon_core.package_identification:_identify(src/dynamixel-workbench-msgs) by extensions ['cmake', 'python']
[3.602s] Level 1:colcon.colcon_core.package_identification:_identify(src/dynamixel-workbench-msgs) by extension 'cmake'
[3.602s] Level 1:colcon.colcon_core.package_identification:_identify(src/dynamixel-workbench-msgs) by extension 'python'
[3.602s] Level 1:colcon.colcon_core.package_identification:_identify(src/dynamixel-workbench-msgs) by extensions ['python_setup_py']
[3.602s] Level 1:colcon.colcon_core.package_identification:_identify(src/dynamixel-workbench-msgs) by extension 'python_setup_py'
[3.603s] Level 1:colcon.colcon_core.package_identification:_identify(src/dynamixel-workbench-msgs/dynamixel_workbench_msgs) by extensions ['ignore', 'ignore_ament_install']
[3.603s] Level 1:colcon.colcon_core.package_identification:_identify(src/dynamixel-workbench-msgs/dynamixel_workbench_msgs) by extension 'ignore'
[3.603s] Level 1:colcon.colcon_core.package_identification:_identify(src/dynamixel-workbench-msgs/dynamixel_workbench_msgs) by extension 'ignore_ament_install'
[3.603s] Level 1:colcon.colcon_core.package_identification:_identify(src/dynamixel-workbench-msgs/dynamixel_workbench_msgs) by extensions ['colcon_pkg']
[3.604s] Level 1:colcon.colcon_core.package_identification:_identify(src/dynamixel-workbench-msgs/dynamixel_workbench_msgs) by extension 'colcon_pkg'
[3.604s] Level 1:colcon.colcon_core.package_identification:_identify(src/dynamixel-workbench-msgs/dynamixel_workbench_msgs) by extensions ['colcon_meta']
[3.604s] Level 1:colcon.colcon_core.package_identification:_identify(src/dynamixel-workbench-msgs/dynamixel_workbench_msgs) by extension 'colcon_meta'
[3.604s] Level 1:colcon.colcon_core.package_identification:_identify(src/dynamixel-workbench-msgs/dynamixel_workbench_msgs) by extensions ['ros']
[3.604s] Level 1:colcon.colcon_core.package_identification:_identify(src/dynamixel-workbench-msgs/dynamixel_workbench_msgs) by extension 'ros'
[3.755s] DEBUG:colcon.colcon_core.package_identification:Package 'src/dynamixel-workbench-msgs/dynamixel_workbench_msgs' with type 'ros.ament_cmake' and name 'dynamixel_workbench_msgs'
[3.755s] Level 1:colcon.colcon_core.package_identification:_identify(src/dynamixel_workbench_controllers) by extensions ['ignore', 'ignore_ament_install']
[3.756s] Level 1:colcon.colcon_core.package_identification:_identify(src/dynamixel_workbench_controllers) by extension 'ignore'
[3.756s] Level 1:colcon.colcon_core.package_identification:_identify(src/dynamixel_workbench_controllers) by extension 'ignore_ament_install'
[3.757s] Level 1:colcon.colcon_core.package_identification:_identify(src/dynamixel_workbench_controllers) by extensions ['colcon_pkg']
[3.757s] Level 1:colcon.colcon_core.package_identification:_identify(src/dynamixel_workbench_controllers) by extension 'colcon_pkg'
[3.757s] Level 1:colcon.colcon_core.package_identification:_identify(src/dynamixel_workbench_controllers) by extensions ['colcon_meta']
[3.757s] Level 1:colcon.colcon_core.package_identification:_identify(src/dynamixel_workbench_controllers) by extension 'colcon_meta'
[3.757s] Level 1:colcon.colcon_core.package_identification:_identify(src/dynamixel_workbench_controllers) by extensions ['ros']
[3.758s] Level 1:colcon.colcon_core.package_identification:_identify(src/dynamixel_workbench_controllers) by extension 'ros'
[3.760s] DEBUG:colcon.colcon_core.package_identification:Package 'src/dynamixel_workbench_controllers' with type 'ros.ament_cmake' and name 'dynamixel_workbench_controllers'
[3.760s] Level 1:colcon.colcon_core.package_identification:_identify(src/dynamixel_workbench_operators) by extensions ['ignore', 'ignore_ament_install']
[3.761s] Level 1:colcon.colcon_core.package_identification:_identify(src/dynamixel_workbench_operators) by extension 'ignore'
[3.761s] Level 1:colcon.colcon_core.package_identification:_identify(src/dynamixel_workbench_operators) by extension 'ignore_ament_install'
[3.761s] Level 1:colcon.colcon_core.package_identification:_identify(src/dynamixel_workbench_operators) by extensions ['colcon_pkg']
[3.761s] Level 1:colcon.colcon_core.package_identification:_identify(src/dynamixel_workbench_operators) by extension 'colcon_pkg'
[3.762s] Level 1:colcon.colcon_core.package_identification:_identify(src/dynamixel_workbench_operators) by extensions ['colcon_meta']
[3.762s] Level 1:colcon.colcon_core.package_identification:_identify(src/dynamixel_workbench_operators) by extension 'colcon_meta'
[3.762s] Level 1:colcon.colcon_core.package_identification:_identify(src/dynamixel_workbench_operators) by extensions ['ros']
[3.763s] Level 1:colcon.colcon_core.package_identification:_identify(src/dynamixel_workbench_operators) by extension 'ros'
[3.903s] DEBUG:colcon.colcon_core.package_identification:Package 'src/dynamixel_workbench_operators' with type 'ros.ament_cmake' and name 'dynamixel_workbench_operators'
[3.904s] Level 1:colcon.colcon_core.package_discovery:discover_packages(recursive) using defaults
[3.904s] Level 1:colcon.colcon_core.package_discovery:discover_packages(ignore) discover
[3.904s] Level 1:colcon.colcon_core.package_discovery:discover_packages(ignore) using defaults
[3.904s] Level 1:colcon.colcon_core.package_discovery:discover_packages(path) discover
[3.904s] Level 1:colcon.colcon_core.package_discovery:discover_packages(path) using defaults
[4.120s] INFO:colcon.colcon_core.package_selection:Skipping not selected package 'dynamixel_workbench_msgs' in 'src/dynamixel-workbench-msgs/dynamixel_workbench_msgs'
[4.121s] INFO:colcon.colcon_core.package_selection:Skipping not selected package 'dynamixel_workbench_operators' in 'src/dynamixel_workbench_operators'
[4.123s] Level 1:colcon.colcon_core.package_discovery:discover_packages(prefix_path) check parameters
[4.123s] Level 1:colcon.colcon_core.package_discovery:discover_packages(prefix_path) discover
[4.137s] DEBUG:colcon.colcon_installed_package_information.package_discovery:Found 3 installed packages in /home/jetsonnx/ros2_ws/install
[4.145s] DEBUG:colcon.colcon_installed_package_information.package_discovery:Found 258 installed packages in /opt/ros/foxy
[4.187s] Level 1:colcon.colcon_core.package_discovery:discover_packages(prefix_path) using defaults
[5.166s] Level 5:colcon.colcon_core.verb:set package 'dynamixel_workbench_controllers' build argument 'cmake_args' from command line to 'None'
[5.166s] Level 5:colcon.colcon_core.verb:set package 'dynamixel_workbench_controllers' build argument 'cmake_target' from command line to 'None'
[5.167s] Level 5:colcon.colcon_core.verb:set package 'dynamixel_workbench_controllers' build argument 'cmake_target_skip_unavailable' from command line to 'False'
[5.167s] Level 5:colcon.colcon_core.verb:set package 'dynamixel_workbench_controllers' build argument 'cmake_clean_cache' from command line to 'False'
[5.167s] Level 5:colcon.colcon_core.verb:set package 'dynamixel_workbench_controllers' build argument 'cmake_clean_first' from command line to 'False'
[5.167s] Level 5:colcon.colcon_core.verb:set package 'dynamixel_workbench_controllers' build argument 'cmake_force_configure' from command line to 'False'
[5.167s] Level 5:colcon.colcon_core.verb:set package 'dynamixel_workbench_controllers' build argument 'ament_cmake_args' from command line to 'None'
[5.167s] Level 5:colcon.colcon_core.verb:set package 'dynamixel_workbench_controllers' build argument 'catkin_cmake_args' from command line to 'None'
[5.168s] Level 5:colcon.colcon_core.verb:set package 'dynamixel_workbench_controllers' build argument 'catkin_skip_building_tests' from command line to 'False'
[5.168s] DEBUG:colcon.colcon_core.verb:Building package 'dynamixel_workbench_controllers' with the following arguments: {'ament_cmake_args': None, 'build_base': '/home/jetsonnx/ros2_ws/build/dynamixel_workbench_controllers', 'catkin_cmake_args': None, 'catkin_skip_building_tests': False, 'cmake_args': None, 'cmake_clean_cache': False, 'cmake_clean_first': False, 'cmake_force_configure': False, 'cmake_target': None, 'cmake_target_skip_unavailable': False, 'install_base': '/home/jetsonnx/ros2_ws/install/dynamixel_workbench_controllers', 'merge_install': False, 'path': '/home/jetsonnx/ros2_ws/src/dynamixel_workbench_controllers', 'symlink_install': True, 'test_result_base': None}
[5.168s] INFO:colcon.colcon_core.executor:Executing jobs using 'parallel' executor
[5.172s] DEBUG:colcon.colcon_parallel_executor.executor.parallel:run_until_complete
[5.175s] INFO:colcon.colcon_ros.task.ament_cmake.build:Building ROS package in '/home/jetsonnx/ros2_ws/src/dynamixel_workbench_controllers' with build type 'ament_cmake'
[5.176s] INFO:colcon.colcon_cmake.task.cmake.build:Building CMake package in '/home/jetsonnx/ros2_ws/src/dynamixel_workbench_controllers'
[5.329s] INFO:colcon.colcon_core.plugin_system:Skipping extension 'colcon_core.shell.bat': Not used on non-Windows systems
[5.330s] INFO:colcon.colcon_core.shell:Skip shell extension 'powershell' for command environment: Not usable outside of PowerShell
[5.331s] DEBUG:colcon.colcon_core.shell:Skip shell extension 'dsv' for command environment
[5.656s] DEBUG:colcon.colcon_core.event_handler.log_command:Invoking command in '/home/jetsonnx/ros2_ws/build/dynamixel_workbench_controllers': CMAKE_PREFIX_PATH=${CMAKE_PREFIX_PATH}:/opt/ros/foxy /usr/bin/cmake --build /home/jetsonnx/ros2_ws/build/dynamixel_workbench_controllers -- -j4 -l4
[39.605s] DEBUG:colcon.colcon_core.event_handler.log_command:Invoked command in '/home/jetsonnx/ros2_ws/build/dynamixel_workbench_controllers' returned '0': CMAKE_PREFIX_PATH=${CMAKE_PREFIX_PATH}:/opt/ros/foxy /usr/bin/cmake --build /home/jetsonnx/ros2_ws/build/dynamixel_workbench_controllers -- -j4 -l4
[39.870s] DEBUG:colcon.colcon_core.event_handler.log_command:Invoking command in '/home/jetsonnx/ros2_ws/build/dynamixel_workbench_controllers': CMAKE_PREFIX_PATH=${CMAKE_PREFIX_PATH}:/opt/ros/foxy /usr/bin/cmake --install /home/jetsonnx/ros2_ws/build/dynamixel_workbench_controllers
[40.125s] Level 1:colcon.colcon_core.environment:create_environment_scripts_only(dynamixel_workbench_controllers)
[40.133s] DEBUG:colcon.colcon_core.event_handler.log_command:Invoked command in '/home/jetsonnx/ros2_ws/build/dynamixel_workbench_controllers' returned '0': CMAKE_PREFIX_PATH=${CMAKE_PREFIX_PATH}:/opt/ros/foxy /usr/bin/cmake --install /home/jetsonnx/ros2_ws/build/dynamixel_workbench_controllers
[40.310s] Level 1:colcon.colcon_core.environment:checking '/home/jetsonnx/ros2_ws/install/dynamixel_workbench_controllers' for CMake module files
[40.313s] Level 1:colcon.colcon_core.environment:checking '/home/jetsonnx/ros2_ws/install/dynamixel_workbench_controllers' for CMake config files
[40.316s] Level 1:colcon.colcon_core.shell:create_environment_hook('dynamixel_workbench_controllers', 'cmake_prefix_path')
[40.317s] INFO:colcon.colcon_core.shell:Creating environment hook '/home/jetsonnx/ros2_ws/install/dynamixel_workbench_controllers/share/dynamixel_workbench_controllers/hook/cmake_prefix_path.ps1'
[40.322s] INFO:colcon.colcon_core.shell:Creating environment descriptor '/home/jetsonnx/ros2_ws/install/dynamixel_workbench_controllers/share/dynamixel_workbench_controllers/hook/cmake_prefix_path.dsv'
[40.325s] INFO:colcon.colcon_core.shell:Creating environment hook '/home/jetsonnx/ros2_ws/install/dynamixel_workbench_controllers/share/dynamixel_workbench_controllers/hook/cmake_prefix_path.sh'
[40.331s] Level 1:colcon.colcon_core.environment:checking '/home/jetsonnx/ros2_ws/install/dynamixel_workbench_controllers/lib'
[40.332s] Level 1:colcon.colcon_core.environment:checking '/home/jetsonnx/ros2_ws/install/dynamixel_workbench_controllers/bin'
[40.333s] Level 1:colcon.colcon_core.environment:checking '/home/jetsonnx/ros2_ws/install/dynamixel_workbench_controllers/lib/pkgconfig/dynamixel_workbench_controllers.pc'
[40.334s] Level 1:colcon.colcon_core.environment:checking '/home/jetsonnx/ros2_ws/install/dynamixel_workbench_controllers/lib/python3.8/site-packages'
[40.335s] Level 1:colcon.colcon_core.environment:checking '/home/jetsonnx/ros2_ws/install/dynamixel_workbench_controllers/bin'
[40.336s] INFO:colcon.colcon_core.shell:Creating package script '/home/jetsonnx/ros2_ws/install/dynamixel_workbench_controllers/share/dynamixel_workbench_controllers/package.ps1'
[40.341s] INFO:colcon.colcon_core.shell:Creating package descriptor '/home/jetsonnx/ros2_ws/install/dynamixel_workbench_controllers/share/dynamixel_workbench_controllers/package.dsv'
[40.345s] INFO:colcon.colcon_core.shell:Creating package script '/home/jetsonnx/ros2_ws/install/dynamixel_workbench_controllers/share/dynamixel_workbench_controllers/package.sh'
[40.350s] INFO:colcon.colcon_core.shell:Creating package script '/home/jetsonnx/ros2_ws/install/dynamixel_workbench_controllers/share/dynamixel_workbench_controllers/package.bash'
[40.355s] INFO:colcon.colcon_core.shell:Creating package script '/home/jetsonnx/ros2_ws/install/dynamixel_workbench_controllers/share/dynamixel_workbench_controllers/package.zsh'
[40.360s] Level 1:colcon.colcon_core.environment:create_file_with_runtime_dependencies(/home/jetsonnx/ros2_ws/install/dynamixel_workbench_controllers/share/colcon-core/packages/dynamixel_workbench_controllers)
[40.523s] Level 1:colcon.colcon_core.environment:create_environment_scripts_only(dynamixel_workbench_controllers)
[40.528s] Level 1:colcon.colcon_core.environment:checking '/home/jetsonnx/ros2_ws/install/dynamixel_workbench_controllers' for CMake module files
[40.532s] Level 1:colcon.colcon_core.environment:checking '/home/jetsonnx/ros2_ws/install/dynamixel_workbench_controllers' for CMake config files
[40.535s] Level 1:colcon.colcon_core.shell:create_environment_hook('dynamixel_workbench_controllers', 'cmake_prefix_path')
[40.536s] INFO:colcon.colcon_core.shell:Creating environment hook '/home/jetsonnx/ros2_ws/install/dynamixel_workbench_controllers/share/dynamixel_workbench_controllers/hook/cmake_prefix_path.ps1'
[40.539s] INFO:colcon.colcon_core.shell:Creating environment descriptor '/home/jetsonnx/ros2_ws/install/dynamixel_workbench_controllers/share/dynamixel_workbench_controllers/hook/cmake_prefix_path.dsv'
[40.542s] INFO:colcon.colcon_core.shell:Creating environment hook '/home/jetsonnx/ros2_ws/install/dynamixel_workbench_controllers/share/dynamixel_workbench_controllers/hook/cmake_prefix_path.sh'
[40.556s] Level 1:colcon.colcon_core.environment:checking '/home/jetsonnx/ros2_ws/install/dynamixel_workbench_controllers/lib'
[40.557s] Level 1:colcon.colcon_core.environment:checking '/home/jetsonnx/ros2_ws/install/dynamixel_workbench_controllers/bin'
[40.557s] Level 1:colcon.colcon_core.environment:checking '/home/jetsonnx/ros2_ws/install/dynamixel_workbench_controllers/lib/pkgconfig/dynamixel_workbench_controllers.pc'
[40.559s] Level 1:colcon.colcon_core.environment:checking '/home/jetsonnx/ros2_ws/install/dynamixel_workbench_controllers/lib/python3.8/site-packages'
[40.560s] Level 1:colcon.colcon_core.environment:checking '/home/jetsonnx/ros2_ws/install/dynamixel_workbench_controllers/bin'
[40.561s] INFO:colcon.colcon_core.shell:Creating package script '/home/jetsonnx/ros2_ws/install/dynamixel_workbench_controllers/share/dynamixel_workbench_controllers/package.ps1'
[40.565s] INFO:colcon.colcon_core.shell:Creating package descriptor '/home/jetsonnx/ros2_ws/install/dynamixel_workbench_controllers/share/dynamixel_workbench_controllers/package.dsv'
[40.568s] INFO:colcon.colcon_core.shell:Creating package script '/home/jetsonnx/ros2_ws/install/dynamixel_workbench_controllers/share/dynamixel_workbench_controllers/package.sh'
[40.572s] INFO:colcon.colcon_core.shell:Creating package script '/home/jetsonnx/ros2_ws/install/dynamixel_workbench_controllers/share/dynamixel_workbench_controllers/package.bash'
[40.574s] INFO:colcon.colcon_core.shell:Creating package script '/home/jetsonnx/ros2_ws/install/dynamixel_workbench_controllers/share/dynamixel_workbench_controllers/package.zsh'
[40.576s] Level 1:colcon.colcon_core.environment:create_file_with_runtime_dependencies(/home/jetsonnx/ros2_ws/install/dynamixel_workbench_controllers/share/colcon-core/packages/dynamixel_workbench_controllers)
[40.578s] DEBUG:colcon.colcon_parallel_executor.executor.parallel:closing loop
[40.579s] DEBUG:colcon.colcon_parallel_executor.executor.parallel:loop closed
[40.580s] DEBUG:colcon.colcon_parallel_executor.executor.parallel:run_until_complete finished with '0'
[40.582s] DEBUG:colcon.colcon_core.event_reactor:joining thread
[40.714s] INFO:colcon.colcon_core.plugin_system:Skipping extension 'colcon_notification.desktop_notification.terminal_notifier': Not used on non-Darwin systems
[40.714s] INFO:colcon.colcon_core.plugin_system:Skipping extension 'colcon_notification.desktop_notification.win32': Not used on non-Windows systems
[40.715s] INFO:colcon.colcon_notification.desktop_notification:Sending desktop notification using 'notify2'
[40.907s] DEBUG:colcon.colcon_notification.desktop_notification.notify2:Failed to initialize notify2: org.freedesktop.DBus.Error.Spawn.ChildExited: Process org.freedesktop.Notifications exited with status 1
[40.908s] DEBUG:colcon.colcon_core.event_reactor:joined thread
[40.910s] INFO:colcon.colcon_core.shell:Creating prefix script '/home/jetsonnx/ros2_ws/install/local_setup.ps1'
[41.055s] INFO:colcon.colcon_core.shell:Creating prefix util module '/home/jetsonnx/ros2_ws/install/_local_setup_util_ps1.py'
[41.062s] INFO:colcon.colcon_core.shell:Creating prefix chain script '/home/jetsonnx/ros2_ws/install/setup.ps1'
[41.067s] INFO:colcon.colcon_core.shell:Creating prefix script '/home/jetsonnx/ros2_ws/install/local_setup.sh'
[41.071s] INFO:colcon.colcon_core.shell:Creating prefix util module '/home/jetsonnx/ros2_ws/install/_local_setup_util_sh.py'
[41.074s] INFO:colcon.colcon_core.shell:Creating prefix chain script '/home/jetsonnx/ros2_ws/install/setup.sh'
[41.081s] INFO:colcon.colcon_core.shell:Creating prefix script '/home/jetsonnx/ros2_ws/install/local_setup.bash'
[41.084s] INFO:colcon.colcon_core.shell:Creating prefix chain script '/home/jetsonnx/ros2_ws/install/setup.bash'
[41.090s] INFO:colcon.colcon_core.shell:Creating prefix script '/home/jetsonnx/ros2_ws/install/local_setup.zsh'
[41.093s] INFO:colcon.colcon_core.shell:Creating prefix chain script '/home/jetsonnx/ros2_ws/install/setup.zsh'
