[0.163s] Invoking command in '/home/jetson/ros2_ws/build/initial_pose': CMAKE_PREFIX_PATH=${CMAKE_PREFIX_PATH}:/opt/ros/foxy /usr/bin/cmake --build /home/jetson/ros2_ws/build/initial_pose -- -j8 -l8
[0.367s] [35m[1mScanning dependencies of target initialpose[0m
[0.604s] [ 50%] [32mBuilding CXX object CMakeFiles/initialpose.dir/src/initialpose.cpp.o[0m
[5.043s] [01m[K/home/jetson/ros2_ws/src/initial_pose/src/initialpose.cpp:[m[K In member function ‘[01m[Kvoid InitalposePublisher::subscribe_topic_message(std_msgs::msg::String_<std::allocator<void> >::SharedPtr) const[m[K’:
[5.043s] [01m[K/home/jetson/ros2_ws/src/initial_pose/src/initialpose.cpp:37:29:[m[K [01;31m[Kerror: [m[Kpassing ‘[01m[Kconst string[m[K’ {aka ‘[01m[Kconst std::__cxx11::basic_string<char>[m[K’} as ‘[01m[Kthis[m[K’ argument discards qualifiers [[01;31m[K-fpermissive[m[K]
[5.044s]    37 |         str=msg->data.c_str([01;31m[K)[m[K;
[5.044s]       |                             [01;31m[K^[m[K
[5.044s] In file included from [01m[K/usr/include/c++/9/string:55[m[K,
[5.045s]                  from [01m[K/usr/include/c++/9/stdexcept:39[m[K,
[5.045s]                  from [01m[K/usr/include/c++/9/array:39[m[K,
[5.045s]                  from [01m[K/usr/include/c++/9/tuple:39[m[K,
[5.045s]                  from [01m[K/usr/include/c++/9/functional:54[m[K,
[5.046s]                  from [01m[K/home/jetson/ros2_ws/src/initial_pose/src/initialpose.cpp:2[m[K:
[5.046s] [01m[K/usr/include/c++/9/bits/basic_string.h:708:7:[m[K [01;36m[Knote: [m[K  in call to ‘[01m[Kstd::__cxx11::basic_string<_CharT, _Traits, _Alloc>& std::__cxx11::basic_string<_CharT, _Traits, _Alloc>::operator=(const _CharT*) [with _CharT = char; _Traits = std::char_traits<char>; _Alloc = std::allocator<char>][m[K’
[5.046s]   708 |       [01;36m[Koperator[m[K=(const _CharT* __s)
[5.047s]       |       [01;36m[K^~~~~~~~[m[K
[9.629s] make[2]: *** [CMakeFiles/initialpose.dir/build.make:63: CMakeFiles/initialpose.dir/src/initialpose.cpp.o] Error 1
[9.630s] make[1]: *** [CMakeFiles/Makefile2:78: CMakeFiles/initialpose.dir/all] Error 2
[9.630s] make: *** [Makefile:141: all] Error 2
[9.637s] Invoked command in '/home/jetson/ros2_ws/build/initial_pose' returned '2': CMAKE_PREFIX_PATH=${CMAKE_PREFIX_PATH}:/opt/ros/foxy /usr/bin/cmake --build /home/jetson/ros2_ws/build/initial_pose -- -j8 -l8
