[0.174s] Invoking command in '/home/jetson/ros2_ws/build/sllidar_ros2': CMAKE_PREFIX_PATH=${CMAKE_PREFIX_PATH}:/opt/ros/foxy /usr/bin/cmake --build /home/jetson/ros2_ws/build/sllidar_ros2 -- -j8 -l8
[0.544s] [ 90%] Built target sllidar_node
[0.546s] [100%] Built target sllidar_client
[0.656s] Invoked command in '/home/jetson/ros2_ws/build/sllidar_ros2' returned '0': CMAKE_PREFIX_PATH=${CMAKE_PREFIX_PATH}:/opt/ros/foxy /usr/bin/cmake --build /home/jetson/ros2_ws/build/sllidar_ros2 -- -j8 -l8
[0.974s] Invoking command in '/home/jetson/ros2_ws/build/sllidar_ros2': CMAKE_PREFIX_PATH=${CMAKE_PREFIX_PATH}:/opt/ros/foxy /usr/bin/cmake --install /home/jetson/ros2_ws/build/sllidar_ros2
[1.017s] -- Install configuration: ""
[1.017s] -- Execute custom install script
[1.020s] -- Up-to-date symlink: /home/jetson/ros2_ws/install/sllidar_ros2/share/sllidar_ros2/launch/sllidar_a1_launch.py
[1.020s] -- Up-to-date symlink: /home/jetson/ros2_ws/install/sllidar_ros2/share/sllidar_ros2/launch/sllidar_a2m12_launch .py
[1.021s] -- Up-to-date symlink: /home/jetson/ros2_ws/install/sllidar_ros2/share/sllidar_ros2/launch/sllidar_a2m7_launch.py
[1.021s] -- Up-to-date symlink: /home/jetson/ros2_ws/install/sllidar_ros2/share/sllidar_ros2/launch/sllidar_a2m8_launch.py
[1.022s] -- Up-to-date symlink: /home/jetson/ros2_ws/install/sllidar_ros2/share/sllidar_ros2/launch/sllidar_a3_launch.py
[1.022s] -- Up-to-date symlink: /home/jetson/ros2_ws/install/sllidar_ros2/share/sllidar_ros2/launch/sllidar_c1_launch.py
[1.023s] -- Up-to-date symlink: /home/jetson/ros2_ws/install/sllidar_ros2/share/sllidar_ros2/launch/sllidar_s1_launch.py
[1.024s] -- Up-to-date symlink: /home/jetson/ros2_ws/install/sllidar_ros2/share/sllidar_ros2/launch/sllidar_s1_tcp_launch.py
[1.024s] -- Up-to-date symlink: /home/jetson/ros2_ws/install/sllidar_ros2/share/sllidar_ros2/launch/sllidar_s2_launch.py
[1.027s] -- Up-to-date symlink: /home/jetson/ros2_ws/install/sllidar_ros2/share/sllidar_ros2/launch/sllidar_s2e_launch.py
[1.027s] -- Up-to-date symlink: /home/jetson/ros2_ws/install/sllidar_ros2/share/sllidar_ros2/launch/sllidar_s3_launch.py
[1.028s] -- Up-to-date symlink: /home/jetson/ros2_ws/install/sllidar_ros2/share/sllidar_ros2/launch/sllidar_t1_launch.py
[1.028s] -- Up-to-date symlink: /home/jetson/ros2_ws/install/sllidar_ros2/share/sllidar_ros2/launch/view_sllidar_a1_launch.py
[1.028s] -- Up-to-date symlink: /home/jetson/ros2_ws/install/sllidar_ros2/share/sllidar_ros2/launch/view_sllidar_a2m12_launch.py
[1.029s] -- Up-to-date symlink: /home/jetson/ros2_ws/install/sllidar_ros2/share/sllidar_ros2/launch/view_sllidar_a2m7_launch.py
[1.029s] -- Up-to-date symlink: /home/jetson/ros2_ws/install/sllidar_ros2/share/sllidar_ros2/launch/view_sllidar_a2m8_launch.py
[1.030s] -- Up-to-date symlink: /home/jetson/ros2_ws/install/sllidar_ros2/share/sllidar_ros2/launch/view_sllidar_a3_launch.py
[1.031s] -- Up-to-date symlink: /home/jetson/ros2_ws/install/sllidar_ros2/share/sllidar_ros2/launch/view_sllidar_c1_launch.py
[1.032s] -- Up-to-date symlink: /home/jetson/ros2_ws/install/sllidar_ros2/share/sllidar_ros2/launch/view_sllidar_s1_launch.py
[1.032s] -- Up-to-date symlink: /home/jetson/ros2_ws/install/sllidar_ros2/share/sllidar_ros2/launch/view_sllidar_s1_tcp_launch.py
[1.032s] -- Up-to-date symlink: /home/jetson/ros2_ws/install/sllidar_ros2/share/sllidar_ros2/launch/view_sllidar_s2_launch.py
[1.033s] -- Up-to-date symlink: /home/jetson/ros2_ws/install/sllidar_ros2/share/sllidar_ros2/launch/view_sllidar_s2e_launch.py
[1.034s] -- Up-to-date symlink: /home/jetson/ros2_ws/install/sllidar_ros2/share/sllidar_ros2/launch/view_sllidar_s3_launch.py
[1.035s] -- Up-to-date symlink: /home/jetson/ros2_ws/install/sllidar_ros2/share/sllidar_ros2/launch/view_sllidar_t1_launch.py
[1.037s] -- Up-to-date symlink: /home/jetson/ros2_ws/install/sllidar_ros2/share/sllidar_ros2/rviz/sllidar_ros2.rviz
[1.039s] -- Up-to-date symlink: /home/jetson/ros2_ws/install/sllidar_ros2/lib/sllidar_ros2/sllidar_node
[1.040s] -- Up-to-date symlink: /home/jetson/ros2_ws/install/sllidar_ros2/lib/sllidar_ros2/sllidar_client
[1.041s] -- Up-to-date symlink: /home/jetson/ros2_ws/install/sllidar_ros2/share/ament_index/resource_index/package_run_dependencies/sllidar_ros2
[1.043s] -- Up-to-date symlink: /home/jetson/ros2_ws/install/sllidar_ros2/share/ament_index/resource_index/parent_prefix_path/sllidar_ros2
[1.044s] -- Up-to-date symlink: /home/jetson/ros2_ws/install/sllidar_ros2/share/sllidar_ros2/environment/ament_prefix_path.sh
[1.045s] -- Up-to-date symlink: /home/jetson/ros2_ws/install/sllidar_ros2/share/sllidar_ros2/environment/ament_prefix_path.dsv
[1.046s] -- Up-to-date symlink: /home/jetson/ros2_ws/install/sllidar_ros2/share/sllidar_ros2/environment/path.sh
[1.047s] -- Up-to-date symlink: /home/jetson/ros2_ws/install/sllidar_ros2/share/sllidar_ros2/environment/path.dsv
[1.049s] -- Up-to-date symlink: /home/jetson/ros2_ws/install/sllidar_ros2/share/sllidar_ros2/local_setup.bash
[1.049s] -- Up-to-date symlink: /home/jetson/ros2_ws/install/sllidar_ros2/share/sllidar_ros2/local_setup.sh
[1.050s] -- Up-to-date symlink: /home/jetson/ros2_ws/install/sllidar_ros2/share/sllidar_ros2/local_setup.zsh
[1.052s] -- Up-to-date symlink: /home/jetson/ros2_ws/install/sllidar_ros2/share/sllidar_ros2/local_setup.dsv
[1.052s] -- Symlinking: /home/jetson/ros2_ws/install/sllidar_ros2/share/sllidar_ros2/package.dsv
[1.093s] -- Up-to-date symlink: /home/jetson/ros2_ws/install/sllidar_ros2/share/ament_index/resource_index/packages/sllidar_ros2
[1.094s] -- Up-to-date symlink: /home/jetson/ros2_ws/install/sllidar_ros2/share/sllidar_ros2/cmake/ament_cmake_export_dependencies-extras.cmake
[1.095s] -- Up-to-date symlink: /home/jetson/ros2_ws/install/sllidar_ros2/share/sllidar_ros2/cmake/ament_cmake_export_include_directories-extras.cmake
[1.097s] -- Up-to-date symlink: /home/jetson/ros2_ws/install/sllidar_ros2/share/sllidar_ros2/cmake/sllidar_ros2Config.cmake
[1.097s] -- Up-to-date symlink: /home/jetson/ros2_ws/install/sllidar_ros2/share/sllidar_ros2/cmake/sllidar_ros2Config-version.cmake
[1.099s] -- Up-to-date symlink: /home/jetson/ros2_ws/install/sllidar_ros2/share/sllidar_ros2/package.xml
[1.108s] Invoked command in '/home/jetson/ros2_ws/build/sllidar_ros2' returned '0': CMAKE_PREFIX_PATH=${CMAKE_PREFIX_PATH}:/opt/ros/foxy /usr/bin/cmake --install /home/jetson/ros2_ws/build/sllidar_ros2
