[0.179s] Invoking command in '/home/jetson/ros2_ws/build/sllidar_ros2': CMAKE_PREFIX_PATH=${CMAKE_PREFIX_PATH}:/opt/ros/foxy /usr/bin/cmake --build /home/jetson/ros2_ws/build/sllidar_ros2 -- -j8 -l8
[0.488s] [ 10%] Built target sllidar_client
[0.558s] [100%] Built target sllidar_node
[0.675s] Invoked command in '/home/jetson/ros2_ws/build/sllidar_ros2' returned '0': CMAKE_PREFIX_PATH=${CMAKE_PREFIX_PATH}:/opt/ros/foxy /usr/bin/cmake --build /home/jetson/ros2_ws/build/sllidar_ros2 -- -j8 -l8
[1.010s] Invoking command in '/home/jetson/ros2_ws/build/sllidar_ros2': CMAKE_PREFIX_PATH=${CMAKE_PREFIX_PATH}:/opt/ros/foxy /usr/bin/cmake --install /home/jetson/ros2_ws/build/sllidar_ros2
[1.064s] -- Install configuration: ""
[1.066s] -- Execute custom install script
[1.070s] -- Up-to-date symlink: /home/jetson/ros2_ws/install/sllidar_ros2/share/sllidar_ros2/launch/sllidar_a1_launch.py
[1.072s] -- Up-to-date symlink: /home/jetson/ros2_ws/install/sllidar_ros2/share/sllidar_ros2/launch/sllidar_a2m12_launch .py
[1.072s] -- Up-to-date symlink: /home/jetson/ros2_ws/install/sllidar_ros2/share/sllidar_ros2/launch/sllidar_a2m7_launch.py
[1.073s] -- Up-to-date symlink: /home/jetson/ros2_ws/install/sllidar_ros2/share/sllidar_ros2/launch/sllidar_a2m8_launch.py
[1.073s] -- Up-to-date symlink: /home/jetson/ros2_ws/install/sllidar_ros2/share/sllidar_ros2/launch/sllidar_a3_launch.py
[1.074s] -- Up-to-date symlink: /home/jetson/ros2_ws/install/sllidar_ros2/share/sllidar_ros2/launch/sllidar_c1_launch.py
[1.075s] -- Up-to-date symlink: /home/jetson/ros2_ws/install/sllidar_ros2/share/sllidar_ros2/launch/sllidar_s1_launch.py
[1.075s] -- Up-to-date symlink: /home/jetson/ros2_ws/install/sllidar_ros2/share/sllidar_ros2/launch/sllidar_s1_tcp_launch.py
[1.076s] -- Up-to-date symlink: /home/jetson/ros2_ws/install/sllidar_ros2/share/sllidar_ros2/launch/sllidar_s2_launch.py
[1.077s] -- Up-to-date symlink: /home/jetson/ros2_ws/install/sllidar_ros2/share/sllidar_ros2/launch/sllidar_s2e_launch.py
[1.078s] -- Up-to-date symlink: /home/jetson/ros2_ws/install/sllidar_ros2/share/sllidar_ros2/launch/sllidar_s3_launch.py
[1.079s] -- Up-to-date symlink: /home/jetson/ros2_ws/install/sllidar_ros2/share/sllidar_ros2/launch/sllidar_t1_launch.py
[1.080s] -- Up-to-date symlink: /home/jetson/ros2_ws/install/sllidar_ros2/share/sllidar_ros2/launch/view_sllidar_a1_launch.py
[1.081s] -- Up-to-date symlink: /home/jetson/ros2_ws/install/sllidar_ros2/share/sllidar_ros2/launch/view_sllidar_a2m12_launch.py
[1.082s] -- Up-to-date symlink: /home/jetson/ros2_ws/install/sllidar_ros2/share/sllidar_ros2/launch/view_sllidar_a2m7_launch.py
[1.083s] -- Up-to-date symlink: /home/jetson/ros2_ws/install/sllidar_ros2/share/sllidar_ros2/launch/view_sllidar_a2m8_launch.py
[1.084s] -- Up-to-date symlink: /home/jetson/ros2_ws/install/sllidar_ros2/share/sllidar_ros2/launch/view_sllidar_a3_launch.py
[1.086s] -- Up-to-date symlink: /home/jetson/ros2_ws/install/sllidar_ros2/share/sllidar_ros2/launch/view_sllidar_c1_launch.py
[1.087s] -- Up-to-date symlink: /home/jetson/ros2_ws/install/sllidar_ros2/share/sllidar_ros2/launch/view_sllidar_s1_launch.py
[1.088s] -- Up-to-date symlink: /home/jetson/ros2_ws/install/sllidar_ros2/share/sllidar_ros2/launch/view_sllidar_s1_tcp_launch.py
[1.088s] -- Up-to-date symlink: /home/jetson/ros2_ws/install/sllidar_ros2/share/sllidar_ros2/launch/view_sllidar_s2_launch.py
[1.089s] -- Up-to-date symlink: /home/jetson/ros2_ws/install/sllidar_ros2/share/sllidar_ros2/launch/view_sllidar_s2e_launch.py
[1.090s] -- Up-to-date symlink: /home/jetson/ros2_ws/install/sllidar_ros2/share/sllidar_ros2/launch/view_sllidar_s3_launch.py
[1.091s] -- Up-to-date symlink: /home/jetson/ros2_ws/install/sllidar_ros2/share/sllidar_ros2/launch/view_sllidar_t1_launch.py
[1.093s] -- Up-to-date symlink: /home/jetson/ros2_ws/install/sllidar_ros2/share/sllidar_ros2/rviz/sllidar_ros2.rviz
[1.096s] -- Up-to-date symlink: /home/jetson/ros2_ws/install/sllidar_ros2/lib/sllidar_ros2/sllidar_node
[1.096s] -- Up-to-date symlink: /home/jetson/ros2_ws/install/sllidar_ros2/lib/sllidar_ros2/sllidar_client
[1.097s] -- Up-to-date symlink: /home/jetson/ros2_ws/install/sllidar_ros2/share/ament_index/resource_index/package_run_dependencies/sllidar_ros2
[1.100s] -- Up-to-date symlink: /home/jetson/ros2_ws/install/sllidar_ros2/share/ament_index/resource_index/parent_prefix_path/sllidar_ros2
[1.101s] -- Up-to-date symlink: /home/jetson/ros2_ws/install/sllidar_ros2/share/sllidar_ros2/environment/ament_prefix_path.sh
[1.102s] -- Up-to-date symlink: /home/jetson/ros2_ws/install/sllidar_ros2/share/sllidar_ros2/environment/ament_prefix_path.dsv
[1.103s] -- Up-to-date symlink: /home/jetson/ros2_ws/install/sllidar_ros2/share/sllidar_ros2/environment/path.sh
[1.104s] -- Up-to-date symlink: /home/jetson/ros2_ws/install/sllidar_ros2/share/sllidar_ros2/environment/path.dsv
[1.105s] -- Up-to-date symlink: /home/jetson/ros2_ws/install/sllidar_ros2/share/sllidar_ros2/local_setup.bash
[1.106s] -- Up-to-date symlink: /home/jetson/ros2_ws/install/sllidar_ros2/share/sllidar_ros2/local_setup.sh
[1.108s] -- Up-to-date symlink: /home/jetson/ros2_ws/install/sllidar_ros2/share/sllidar_ros2/local_setup.zsh
[1.109s] -- Up-to-date symlink: /home/jetson/ros2_ws/install/sllidar_ros2/share/sllidar_ros2/local_setup.dsv
[1.110s] -- Symlinking: /home/jetson/ros2_ws/install/sllidar_ros2/share/sllidar_ros2/package.dsv
[1.149s] -- Up-to-date symlink: /home/jetson/ros2_ws/install/sllidar_ros2/share/ament_index/resource_index/packages/sllidar_ros2
[1.150s] -- Up-to-date symlink: /home/jetson/ros2_ws/install/sllidar_ros2/share/sllidar_ros2/cmake/ament_cmake_export_dependencies-extras.cmake
[1.151s] -- Up-to-date symlink: /home/jetson/ros2_ws/install/sllidar_ros2/share/sllidar_ros2/cmake/ament_cmake_export_include_directories-extras.cmake
[1.152s] -- Up-to-date symlink: /home/jetson/ros2_ws/install/sllidar_ros2/share/sllidar_ros2/cmake/sllidar_ros2Config.cmake
[1.153s] -- Up-to-date symlink: /home/jetson/ros2_ws/install/sllidar_ros2/share/sllidar_ros2/cmake/sllidar_ros2Config-version.cmake
[1.154s] -- Up-to-date symlink: /home/jetson/ros2_ws/install/sllidar_ros2/share/sllidar_ros2/package.xml
[1.164s] Invoked command in '/home/jetson/ros2_ws/build/sllidar_ros2' returned '0': CMAKE_PREFIX_PATH=${CMAKE_PREFIX_PATH}:/opt/ros/foxy /usr/bin/cmake --install /home/jetson/ros2_ws/build/sllidar_ros2
