[0.172s] Invoking command in '/home/jetson/ros2_ws/build/inital_pose': CMAKE_PREFIX_PATH=${CMAKE_PREFIX_PATH}:/opt/ros/foxy /usr/bin/cmake --build /home/jetson/ros2_ws/build/inital_pose -- -j8 -l8
[0.267s] -- Found ament_cmake: 0.9.12 (/opt/ros/foxy/share/ament_cmake/cmake)
[0.354s] -- Using PYTHON_EXECUTABLE: /usr/bin/python3
[1.073s] -- Override CMake install command with custom implementation using symlinks instead of copying resources
[1.103s] -- Found rclcpp: 2.4.3 (/opt/ros/foxy/share/rclcpp/cmake)
[1.225s] -- Using all available rosidl_typesupport_c: rosidl_typesupport_fastrtps_c;rosidl_typesupport_introspection_c
[1.235s] -- Found rosidl_adapter: 1.3.1 (/opt/ros/foxy/share/rosidl_adapter/cmake)
[1.643s] -- Using all available rosidl_typesupport_cpp: rosidl_typesupport_fastrtps_cpp;rosidl_typesupport_introspection_cpp
[1.808s] -- Found rmw_implementation_cmake: 1.0.4 (/opt/ros/foxy/share/rmw_implementation_cmake/cmake)
[1.813s] -- Using RMW implementation 'rmw_fastrtps_cpp' as default
[2.250s] -- Found geometry_msgs: 2.0.5 (/opt/ros/foxy/share/geometry_msgs/cmake)
[2.353s] -- Found ament_lint_auto: 0.9.8 (/opt/ros/foxy/share/ament_lint_auto/cmake)
[2.589s] -- Added test 'copyright' to check source files copyright and LICENSE
[2.593s] -- Added test 'cppcheck' to perform static code analysis on C / C++ code
[2.594s] -- Configured cppcheck include dirs: 
[2.594s] -- Configured cppcheck exclude dirs and/or files: 
[2.597s] -- Added test 'cpplint' to check C / C++ code against the Google style
[2.598s] -- Configured cpplint exclude dirs and/or files: 
[2.599s] -- Added test 'lint_cmake' to check CMake code style
[2.603s] -- Added test 'uncrustify' to check C / C++ code style
[2.603s] -- Configured uncrustify additional arguments: 
[2.604s] -- Added test 'xmllint' to check XML markup files
[2.606s] CMake Error at /opt/ros/foxy/share/ament_cmake_core/cmake/core/ament_package.cmake:74 (message):
[2.606s]   ament_package() called with unused arguments: rclcpp
[2.607s] Call Stack (most recent call first):
[2.607s]   /opt/ros/foxy/share/ament_cmake_core/cmake/core/ament_package.cmake:68 (_ament_package)
[2.607s]   CMakeLists.txt:51 (ament_package)
[2.608s] 
[2.608s] 
[2.616s] -- Configuring incomplete, errors occurred!
[2.616s] See also "/home/jetson/ros2_ws/build/inital_pose/CMakeFiles/CMakeOutput.log".
[2.617s] See also "/home/jetson/ros2_ws/build/inital_pose/CMakeFiles/CMakeError.log".
[2.636s] make: *** [Makefile:266: cmake_check_build_system] Error 1
[2.661s] Invoked command in '/home/jetson/ros2_ws/build/inital_pose' returned '2': CMAKE_PREFIX_PATH=${CMAKE_PREFIX_PATH}:/opt/ros/foxy /usr/bin/cmake --build /home/jetson/ros2_ws/build/inital_pose -- -j8 -l8
