[0.590s] DEBUG:colcon:Command line arguments: ['/usr/bin/colcon', 'build', '--symlink-install']
[0.591s] DEBUG:colcon:Parsed command line arguments: Namespace(allow_overriding=[], ament_cmake_args=None, base_paths=['.'], build_base='build', catkin_cmake_args=None, catkin_skip_building_tests=False, cmake_args=None, cmake_clean_cache=False, cmake_clean_first=False, cmake_force_configure=False, cmake_target=None, cmake_target_skip_unavailable=False, continue_on_error=False, event_handlers=None, executor='parallel', ignore_user_meta=False, install_base='install', log_base=None, log_level=None, main=<bound method BuildVerb.main of <colcon_core.verb.build.BuildVerb object at 0xffffa39734f0>>, merge_install=False, metas=['./colcon.meta'], packages_above=None, packages_above_and_dependencies=None, packages_above_depth=None, packages_end=None, packages_ignore=None, packages_ignore_regex=None, packages_select=None, packages_select_build_failed=False, packages_select_by_dep=None, packages_select_regex=None, packages_select_test_failures=False, packages_skip=None, packages_skip_build_finished=False, packages_skip_by_dep=None, packages_skip_regex=None, packages_skip_test_passed=False, packages_skip_up_to=None, packages_start=None, packages_up_to=None, packages_up_to_regex=None, parallel_workers=8, paths=None, symlink_install=True, test_result_base=None, verb_extension=<colcon_core.verb.build.BuildVerb object at 0xffffa39734f0>, verb_name='build', verb_parser=<colcon_defaults.argument_parser.defaults.DefaultArgumentsDecorator object at 0xffffa381eca0>)
[1.083s] Level 1:colcon.colcon_core.package_discovery:discover_packages(colcon_meta) check parameters
[1.083s] Level 1:colcon.colcon_core.package_discovery:discover_packages(recursive) check parameters
[1.083s] Level 1:colcon.colcon_core.package_discovery:discover_packages(ignore) check parameters
[1.084s] Level 1:colcon.colcon_core.package_discovery:discover_packages(path) check parameters
[1.084s] Level 1:colcon.colcon_core.package_discovery:discover_packages(colcon_meta) discover
[1.084s] Level 1:colcon.colcon_core.package_discovery:discover_packages(recursive) discover
[1.084s] INFO:colcon.colcon_core.package_discovery:Crawling recursively for packages in '/home/jetson/ros2_ws'
[1.084s] Level 1:colcon.colcon_core.package_identification:_identify(.) by extensions ['ignore', 'ignore_ament_install']
[1.085s] Level 1:colcon.colcon_core.package_identification:_identify(.) by extension 'ignore'
[1.085s] Level 1:colcon.colcon_core.package_identification:_identify(.) by extension 'ignore_ament_install'
[1.085s] Level 1:colcon.colcon_core.package_identification:_identify(.) by extensions ['colcon_pkg']
[1.085s] Level 1:colcon.colcon_core.package_identification:_identify(.) by extension 'colcon_pkg'
[1.085s] Level 1:colcon.colcon_core.package_identification:_identify(.) by extensions ['colcon_meta']
[1.086s] Level 1:colcon.colcon_core.package_identification:_identify(.) by extension 'colcon_meta'
[1.086s] Level 1:colcon.colcon_core.package_identification:_identify(.) by extensions ['ros']
[1.086s] Level 1:colcon.colcon_core.package_identification:_identify(.) by extension 'ros'
[1.122s] Level 1:colcon.colcon_core.package_identification:_identify(.) by extensions ['cmake', 'python']
[1.122s] Level 1:colcon.colcon_core.package_identification:_identify(.) by extension 'cmake'
[1.123s] Level 1:colcon.colcon_core.package_identification:_identify(.) by extension 'python'
[1.123s] Level 1:colcon.colcon_core.package_identification:_identify(.) by extensions ['python_setup_py']
[1.123s] Level 1:colcon.colcon_core.package_identification:_identify(.) by extension 'python_setup_py'
[1.123s] Level 1:colcon.colcon_core.package_identification:_identify(build) by extensions ['ignore', 'ignore_ament_install']
[1.124s] Level 1:colcon.colcon_core.package_identification:_identify(build) by extension 'ignore'
[1.124s] Level 1:colcon.colcon_core.package_identification:_identify(build) ignored
[1.124s] Level 1:colcon.colcon_core.package_identification:_identify(install) by extensions ['ignore', 'ignore_ament_install']
[1.125s] Level 1:colcon.colcon_core.package_identification:_identify(install) by extension 'ignore'
[1.125s] Level 1:colcon.colcon_core.package_identification:_identify(install) ignored
[1.125s] Level 1:colcon.colcon_core.package_identification:_identify(log) by extensions ['ignore', 'ignore_ament_install']
[1.126s] Level 1:colcon.colcon_core.package_identification:_identify(log) by extension 'ignore'
[1.126s] Level 1:colcon.colcon_core.package_identification:_identify(log) ignored
[1.126s] Level 1:colcon.colcon_core.package_identification:_identify(src) by extensions ['ignore', 'ignore_ament_install']
[1.126s] Level 1:colcon.colcon_core.package_identification:_identify(src) by extension 'ignore'
[1.126s] Level 1:colcon.colcon_core.package_identification:_identify(src) by extension 'ignore_ament_install'
[1.127s] Level 1:colcon.colcon_core.package_identification:_identify(src) by extensions ['colcon_pkg']
[1.127s] Level 1:colcon.colcon_core.package_identification:_identify(src) by extension 'colcon_pkg'
[1.127s] Level 1:colcon.colcon_core.package_identification:_identify(src) by extensions ['colcon_meta']
[1.127s] Level 1:colcon.colcon_core.package_identification:_identify(src) by extension 'colcon_meta'
[1.127s] Level 1:colcon.colcon_core.package_identification:_identify(src) by extensions ['ros']
[1.127s] Level 1:colcon.colcon_core.package_identification:_identify(src) by extension 'ros'
[1.128s] Level 1:colcon.colcon_core.package_identification:_identify(src) by extensions ['cmake', 'python']
[1.128s] Level 1:colcon.colcon_core.package_identification:_identify(src) by extension 'cmake'
[1.128s] Level 1:colcon.colcon_core.package_identification:_identify(src) by extension 'python'
[1.128s] Level 1:colcon.colcon_core.package_identification:_identify(src) by extensions ['python_setup_py']
[1.128s] Level 1:colcon.colcon_core.package_identification:_identify(src) by extension 'python_setup_py'
[1.129s] Level 1:colcon.colcon_core.package_identification:_identify(src/dynamixel-workbench-msgs) by extensions ['ignore', 'ignore_ament_install']
[1.129s] Level 1:colcon.colcon_core.package_identification:_identify(src/dynamixel-workbench-msgs) by extension 'ignore'
[1.129s] Level 1:colcon.colcon_core.package_identification:_identify(src/dynamixel-workbench-msgs) by extension 'ignore_ament_install'
[1.129s] Level 1:colcon.colcon_core.package_identification:_identify(src/dynamixel-workbench-msgs) by extensions ['colcon_pkg']
[1.129s] Level 1:colcon.colcon_core.package_identification:_identify(src/dynamixel-workbench-msgs) by extension 'colcon_pkg'
[1.129s] Level 1:colcon.colcon_core.package_identification:_identify(src/dynamixel-workbench-msgs) by extensions ['colcon_meta']
[1.130s] Level 1:colcon.colcon_core.package_identification:_identify(src/dynamixel-workbench-msgs) by extension 'colcon_meta'
[1.130s] Level 1:colcon.colcon_core.package_identification:_identify(src/dynamixel-workbench-msgs) by extensions ['ros']
[1.130s] Level 1:colcon.colcon_core.package_identification:_identify(src/dynamixel-workbench-msgs) by extension 'ros'
[1.130s] Level 1:colcon.colcon_core.package_identification:_identify(src/dynamixel-workbench-msgs) by extensions ['cmake', 'python']
[1.130s] Level 1:colcon.colcon_core.package_identification:_identify(src/dynamixel-workbench-msgs) by extension 'cmake'
[1.130s] Level 1:colcon.colcon_core.package_identification:_identify(src/dynamixel-workbench-msgs) by extension 'python'
[1.130s] Level 1:colcon.colcon_core.package_identification:_identify(src/dynamixel-workbench-msgs) by extensions ['python_setup_py']
[1.131s] Level 1:colcon.colcon_core.package_identification:_identify(src/dynamixel-workbench-msgs) by extension 'python_setup_py'
[1.131s] Level 1:colcon.colcon_core.package_identification:_identify(src/dynamixel-workbench-msgs/dynamixel_workbench_msgs) by extensions ['ignore', 'ignore_ament_install']
[1.131s] Level 1:colcon.colcon_core.package_identification:_identify(src/dynamixel-workbench-msgs/dynamixel_workbench_msgs) by extension 'ignore'
[1.131s] Level 1:colcon.colcon_core.package_identification:_identify(src/dynamixel-workbench-msgs/dynamixel_workbench_msgs) by extension 'ignore_ament_install'
[1.132s] Level 1:colcon.colcon_core.package_identification:_identify(src/dynamixel-workbench-msgs/dynamixel_workbench_msgs) by extensions ['colcon_pkg']
[1.132s] Level 1:colcon.colcon_core.package_identification:_identify(src/dynamixel-workbench-msgs/dynamixel_workbench_msgs) by extension 'colcon_pkg'
[1.132s] Level 1:colcon.colcon_core.package_identification:_identify(src/dynamixel-workbench-msgs/dynamixel_workbench_msgs) by extensions ['colcon_meta']
[1.132s] Level 1:colcon.colcon_core.package_identification:_identify(src/dynamixel-workbench-msgs/dynamixel_workbench_msgs) by extension 'colcon_meta'
[1.132s] Level 1:colcon.colcon_core.package_identification:_identify(src/dynamixel-workbench-msgs/dynamixel_workbench_msgs) by extensions ['ros']
[1.132s] Level 1:colcon.colcon_core.package_identification:_identify(src/dynamixel-workbench-msgs/dynamixel_workbench_msgs) by extension 'ros'
[1.139s] DEBUG:colcon.colcon_core.package_identification:Package 'src/dynamixel-workbench-msgs/dynamixel_workbench_msgs' with type 'ros.ament_cmake' and name 'dynamixel_workbench_msgs'
[1.140s] Level 1:colcon.colcon_core.package_identification:_identify(src/dynamixel_workbench_operators) by extensions ['ignore', 'ignore_ament_install']
[1.140s] Level 1:colcon.colcon_core.package_identification:_identify(src/dynamixel_workbench_operators) by extension 'ignore'
[1.141s] Level 1:colcon.colcon_core.package_identification:_identify(src/dynamixel_workbench_operators) by extension 'ignore_ament_install'
[1.141s] Level 1:colcon.colcon_core.package_identification:_identify(src/dynamixel_workbench_operators) by extensions ['colcon_pkg']
[1.141s] Level 1:colcon.colcon_core.package_identification:_identify(src/dynamixel_workbench_operators) by extension 'colcon_pkg'
[1.141s] Level 1:colcon.colcon_core.package_identification:_identify(src/dynamixel_workbench_operators) by extensions ['colcon_meta']
[1.141s] Level 1:colcon.colcon_core.package_identification:_identify(src/dynamixel_workbench_operators) by extension 'colcon_meta'
[1.141s] Level 1:colcon.colcon_core.package_identification:_identify(src/dynamixel_workbench_operators) by extensions ['ros']
[1.141s] Level 1:colcon.colcon_core.package_identification:_identify(src/dynamixel_workbench_operators) by extension 'ros'
[1.143s] DEBUG:colcon.colcon_core.package_identification:Package 'src/dynamixel_workbench_operators' with type 'ros.ament_cmake' and name 'dynamixel_workbench_operators'
[1.144s] Level 1:colcon.colcon_core.package_identification:_identify(src/initial_pose) by extensions ['ignore', 'ignore_ament_install']
[1.144s] Level 1:colcon.colcon_core.package_identification:_identify(src/initial_pose) by extension 'ignore'
[1.144s] Level 1:colcon.colcon_core.package_identification:_identify(src/initial_pose) by extension 'ignore_ament_install'
[1.144s] Level 1:colcon.colcon_core.package_identification:_identify(src/initial_pose) by extensions ['colcon_pkg']
[1.145s] Level 1:colcon.colcon_core.package_identification:_identify(src/initial_pose) by extension 'colcon_pkg'
[1.145s] Level 1:colcon.colcon_core.package_identification:_identify(src/initial_pose) by extensions ['colcon_meta']
[1.145s] Level 1:colcon.colcon_core.package_identification:_identify(src/initial_pose) by extension 'colcon_meta'
[1.145s] Level 1:colcon.colcon_core.package_identification:_identify(src/initial_pose) by extensions ['ros']
[1.145s] Level 1:colcon.colcon_core.package_identification:_identify(src/initial_pose) by extension 'ros'
[1.147s] DEBUG:colcon.colcon_core.package_identification:Package 'src/initial_pose' with type 'ros.ament_cmake' and name 'initial_pose'
[1.147s] Level 1:colcon.colcon_core.package_identification:_identify(src/sllidar_ros2) by extensions ['ignore', 'ignore_ament_install']
[1.148s] Level 1:colcon.colcon_core.package_identification:_identify(src/sllidar_ros2) by extension 'ignore'
[1.148s] Level 1:colcon.colcon_core.package_identification:_identify(src/sllidar_ros2) by extension 'ignore_ament_install'
[1.148s] Level 1:colcon.colcon_core.package_identification:_identify(src/sllidar_ros2) by extensions ['colcon_pkg']
[1.148s] Level 1:colcon.colcon_core.package_identification:_identify(src/sllidar_ros2) by extension 'colcon_pkg'
[1.148s] Level 1:colcon.colcon_core.package_identification:_identify(src/sllidar_ros2) by extensions ['colcon_meta']
[1.148s] Level 1:colcon.colcon_core.package_identification:_identify(src/sllidar_ros2) by extension 'colcon_meta'
[1.149s] Level 1:colcon.colcon_core.package_identification:_identify(src/sllidar_ros2) by extensions ['ros']
[1.149s] Level 1:colcon.colcon_core.package_identification:_identify(src/sllidar_ros2) by extension 'ros'
[1.150s] DEBUG:colcon.colcon_core.package_identification:Package 'src/sllidar_ros2' with type 'ros.ament_cmake' and name 'sllidar_ros2'
[1.151s] Level 1:colcon.colcon_core.package_identification:_identify(src/turtlebot3_navigation2) by extensions ['ignore', 'ignore_ament_install']
[1.151s] Level 1:colcon.colcon_core.package_identification:_identify(src/turtlebot3_navigation2) by extension 'ignore'
[1.151s] Level 1:colcon.colcon_core.package_identification:_identify(src/turtlebot3_navigation2) by extension 'ignore_ament_install'
[1.151s] Level 1:colcon.colcon_core.package_identification:_identify(src/turtlebot3_navigation2) by extensions ['colcon_pkg']
[1.151s] Level 1:colcon.colcon_core.package_identification:_identify(src/turtlebot3_navigation2) by extension 'colcon_pkg'
[1.152s] Level 1:colcon.colcon_core.package_identification:_identify(src/turtlebot3_navigation2) by extensions ['colcon_meta']
[1.152s] Level 1:colcon.colcon_core.package_identification:_identify(src/turtlebot3_navigation2) by extension 'colcon_meta'
[1.152s] Level 1:colcon.colcon_core.package_identification:_identify(src/turtlebot3_navigation2) by extensions ['ros']
[1.152s] Level 1:colcon.colcon_core.package_identification:_identify(src/turtlebot3_navigation2) by extension 'ros'
[1.153s] DEBUG:colcon.colcon_core.package_identification:Package 'src/turtlebot3_navigation2' with type 'ros.ament_cmake' and name 'turtlebot3_navigation2'
[1.154s] Level 1:colcon.colcon_core.package_discovery:discover_packages(recursive) using defaults
[1.154s] Level 1:colcon.colcon_core.package_discovery:discover_packages(ignore) discover
[1.154s] Level 1:colcon.colcon_core.package_discovery:discover_packages(ignore) using defaults
[1.154s] Level 1:colcon.colcon_core.package_discovery:discover_packages(path) discover
[1.154s] Level 1:colcon.colcon_core.package_discovery:discover_packages(path) using defaults
[1.200s] Level 1:colcon.colcon_core.package_discovery:discover_packages(prefix_path) check parameters
[1.200s] Level 1:colcon.colcon_core.package_discovery:discover_packages(prefix_path) discover
[1.210s] DEBUG:colcon.colcon_installed_package_information.package_discovery:Found 5 installed packages in /home/jetson/ros2_ws/install
[1.216s] DEBUG:colcon.colcon_installed_package_information.package_discovery:Found 293 installed packages in /opt/ros/foxy
[1.248s] Level 1:colcon.colcon_core.package_discovery:discover_packages(prefix_path) using defaults
[1.447s] Level 5:colcon.colcon_core.verb:set package 'dynamixel_workbench_msgs' build argument 'cmake_args' from command line to 'None'
[1.447s] Level 5:colcon.colcon_core.verb:set package 'dynamixel_workbench_msgs' build argument 'cmake_target' from command line to 'None'
[1.448s] Level 5:colcon.colcon_core.verb:set package 'dynamixel_workbench_msgs' build argument 'cmake_target_skip_unavailable' from command line to 'False'
[1.448s] Level 5:colcon.colcon_core.verb:set package 'dynamixel_workbench_msgs' build argument 'cmake_clean_cache' from command line to 'False'
[1.448s] Level 5:colcon.colcon_core.verb:set package 'dynamixel_workbench_msgs' build argument 'cmake_clean_first' from command line to 'False'
[1.448s] Level 5:colcon.colcon_core.verb:set package 'dynamixel_workbench_msgs' build argument 'cmake_force_configure' from command line to 'False'
[1.448s] Level 5:colcon.colcon_core.verb:set package 'dynamixel_workbench_msgs' build argument 'ament_cmake_args' from command line to 'None'
[1.448s] Level 5:colcon.colcon_core.verb:set package 'dynamixel_workbench_msgs' build argument 'catkin_cmake_args' from command line to 'None'
[1.448s] Level 5:colcon.colcon_core.verb:set package 'dynamixel_workbench_msgs' build argument 'catkin_skip_building_tests' from command line to 'False'
[1.448s] DEBUG:colcon.colcon_core.verb:Building package 'dynamixel_workbench_msgs' with the following arguments: {'ament_cmake_args': None, 'build_base': '/home/jetson/ros2_ws/build/dynamixel_workbench_msgs', 'catkin_cmake_args': None, 'catkin_skip_building_tests': False, 'cmake_args': None, 'cmake_clean_cache': False, 'cmake_clean_first': False, 'cmake_force_configure': False, 'cmake_target': None, 'cmake_target_skip_unavailable': False, 'install_base': '/home/jetson/ros2_ws/install/dynamixel_workbench_msgs', 'merge_install': False, 'path': '/home/jetson/ros2_ws/src/dynamixel-workbench-msgs/dynamixel_workbench_msgs', 'symlink_install': True, 'test_result_base': None}
[1.450s] Level 5:colcon.colcon_core.verb:set package 'dynamixel_workbench_operators' build argument 'cmake_args' from command line to 'None'
[1.450s] Level 5:colcon.colcon_core.verb:set package 'dynamixel_workbench_operators' build argument 'cmake_target' from command line to 'None'
[1.450s] Level 5:colcon.colcon_core.verb:set package 'dynamixel_workbench_operators' build argument 'cmake_target_skip_unavailable' from command line to 'False'
[1.450s] Level 5:colcon.colcon_core.verb:set package 'dynamixel_workbench_operators' build argument 'cmake_clean_cache' from command line to 'False'
[1.450s] Level 5:colcon.colcon_core.verb:set package 'dynamixel_workbench_operators' build argument 'cmake_clean_first' from command line to 'False'
[1.450s] Level 5:colcon.colcon_core.verb:set package 'dynamixel_workbench_operators' build argument 'cmake_force_configure' from command line to 'False'
[1.450s] Level 5:colcon.colcon_core.verb:set package 'dynamixel_workbench_operators' build argument 'ament_cmake_args' from command line to 'None'
[1.450s] Level 5:colcon.colcon_core.verb:set package 'dynamixel_workbench_operators' build argument 'catkin_cmake_args' from command line to 'None'
[1.450s] Level 5:colcon.colcon_core.verb:set package 'dynamixel_workbench_operators' build argument 'catkin_skip_building_tests' from command line to 'False'
[1.451s] DEBUG:colcon.colcon_core.verb:Building package 'dynamixel_workbench_operators' with the following arguments: {'ament_cmake_args': None, 'build_base': '/home/jetson/ros2_ws/build/dynamixel_workbench_operators', 'catkin_cmake_args': None, 'catkin_skip_building_tests': False, 'cmake_args': None, 'cmake_clean_cache': False, 'cmake_clean_first': False, 'cmake_force_configure': False, 'cmake_target': None, 'cmake_target_skip_unavailable': False, 'install_base': '/home/jetson/ros2_ws/install/dynamixel_workbench_operators', 'merge_install': False, 'path': '/home/jetson/ros2_ws/src/dynamixel_workbench_operators', 'symlink_install': True, 'test_result_base': None}
[1.452s] Level 5:colcon.colcon_core.verb:set package 'initial_pose' build argument 'cmake_args' from command line to 'None'
[1.452s] Level 5:colcon.colcon_core.verb:set package 'initial_pose' build argument 'cmake_target' from command line to 'None'
[1.452s] Level 5:colcon.colcon_core.verb:set package 'initial_pose' build argument 'cmake_target_skip_unavailable' from command line to 'False'
[1.452s] Level 5:colcon.colcon_core.verb:set package 'initial_pose' build argument 'cmake_clean_cache' from command line to 'False'
[1.452s] Level 5:colcon.colcon_core.verb:set package 'initial_pose' build argument 'cmake_clean_first' from command line to 'False'
[1.452s] Level 5:colcon.colcon_core.verb:set package 'initial_pose' build argument 'cmake_force_configure' from command line to 'False'
[1.452s] Level 5:colcon.colcon_core.verb:set package 'initial_pose' build argument 'ament_cmake_args' from command line to 'None'
[1.452s] Level 5:colcon.colcon_core.verb:set package 'initial_pose' build argument 'catkin_cmake_args' from command line to 'None'
[1.452s] Level 5:colcon.colcon_core.verb:set package 'initial_pose' build argument 'catkin_skip_building_tests' from command line to 'False'
[1.453s] DEBUG:colcon.colcon_core.verb:Building package 'initial_pose' with the following arguments: {'ament_cmake_args': None, 'build_base': '/home/jetson/ros2_ws/build/initial_pose', 'catkin_cmake_args': None, 'catkin_skip_building_tests': False, 'cmake_args': None, 'cmake_clean_cache': False, 'cmake_clean_first': False, 'cmake_force_configure': False, 'cmake_target': None, 'cmake_target_skip_unavailable': False, 'install_base': '/home/jetson/ros2_ws/install/initial_pose', 'merge_install': False, 'path': '/home/jetson/ros2_ws/src/initial_pose', 'symlink_install': True, 'test_result_base': None}
[1.454s] Level 5:colcon.colcon_core.verb:set package 'sllidar_ros2' build argument 'cmake_args' from command line to 'None'
[1.454s] Level 5:colcon.colcon_core.verb:set package 'sllidar_ros2' build argument 'cmake_target' from command line to 'None'
[1.454s] Level 5:colcon.colcon_core.verb:set package 'sllidar_ros2' build argument 'cmake_target_skip_unavailable' from command line to 'False'
[1.454s] Level 5:colcon.colcon_core.verb:set package 'sllidar_ros2' build argument 'cmake_clean_cache' from command line to 'False'
[1.454s] Level 5:colcon.colcon_core.verb:set package 'sllidar_ros2' build argument 'cmake_clean_first' from command line to 'False'
[1.454s] Level 5:colcon.colcon_core.verb:set package 'sllidar_ros2' build argument 'cmake_force_configure' from command line to 'False'
[1.454s] Level 5:colcon.colcon_core.verb:set package 'sllidar_ros2' build argument 'ament_cmake_args' from command line to 'None'
[1.454s] Level 5:colcon.colcon_core.verb:set package 'sllidar_ros2' build argument 'catkin_cmake_args' from command line to 'None'
[1.455s] Level 5:colcon.colcon_core.verb:set package 'sllidar_ros2' build argument 'catkin_skip_building_tests' from command line to 'False'
[1.455s] DEBUG:colcon.colcon_core.verb:Building package 'sllidar_ros2' with the following arguments: {'ament_cmake_args': None, 'build_base': '/home/jetson/ros2_ws/build/sllidar_ros2', 'catkin_cmake_args': None, 'catkin_skip_building_tests': False, 'cmake_args': None, 'cmake_clean_cache': False, 'cmake_clean_first': False, 'cmake_force_configure': False, 'cmake_target': None, 'cmake_target_skip_unavailable': False, 'install_base': '/home/jetson/ros2_ws/install/sllidar_ros2', 'merge_install': False, 'path': '/home/jetson/ros2_ws/src/sllidar_ros2', 'symlink_install': True, 'test_result_base': None}
[1.456s] Level 5:colcon.colcon_core.verb:set package 'turtlebot3_navigation2' build argument 'cmake_args' from command line to 'None'
[1.456s] Level 5:colcon.colcon_core.verb:set package 'turtlebot3_navigation2' build argument 'cmake_target' from command line to 'None'
[1.456s] Level 5:colcon.colcon_core.verb:set package 'turtlebot3_navigation2' build argument 'cmake_target_skip_unavailable' from command line to 'False'
[1.456s] Level 5:colcon.colcon_core.verb:set package 'turtlebot3_navigation2' build argument 'cmake_clean_cache' from command line to 'False'
[1.456s] Level 5:colcon.colcon_core.verb:set package 'turtlebot3_navigation2' build argument 'cmake_clean_first' from command line to 'False'
[1.456s] Level 5:colcon.colcon_core.verb:set package 'turtlebot3_navigation2' build argument 'cmake_force_configure' from command line to 'False'
[1.456s] Level 5:colcon.colcon_core.verb:set package 'turtlebot3_navigation2' build argument 'ament_cmake_args' from command line to 'None'
[1.456s] Level 5:colcon.colcon_core.verb:set package 'turtlebot3_navigation2' build argument 'catkin_cmake_args' from command line to 'None'
[1.457s] Level 5:colcon.colcon_core.verb:set package 'turtlebot3_navigation2' build argument 'catkin_skip_building_tests' from command line to 'False'
[1.457s] DEBUG:colcon.colcon_core.verb:Building package 'turtlebot3_navigation2' with the following arguments: {'ament_cmake_args': None, 'build_base': '/home/jetson/ros2_ws/build/turtlebot3_navigation2', 'catkin_cmake_args': None, 'catkin_skip_building_tests': False, 'cmake_args': None, 'cmake_clean_cache': False, 'cmake_clean_first': False, 'cmake_force_configure': False, 'cmake_target': None, 'cmake_target_skip_unavailable': False, 'install_base': '/home/jetson/ros2_ws/install/turtlebot3_navigation2', 'merge_install': False, 'path': '/home/jetson/ros2_ws/src/turtlebot3_navigation2', 'symlink_install': True, 'test_result_base': None}
[1.457s] INFO:colcon.colcon_core.executor:Executing jobs using 'parallel' executor
[1.460s] DEBUG:colcon.colcon_parallel_executor.executor.parallel:run_until_complete
[1.461s] INFO:colcon.colcon_ros.task.ament_cmake.build:Building ROS package in '/home/jetson/ros2_ws/src/dynamixel-workbench-msgs/dynamixel_workbench_msgs' with build type 'ament_cmake'
[1.462s] INFO:colcon.colcon_cmake.task.cmake.build:Building CMake package in '/home/jetson/ros2_ws/src/dynamixel-workbench-msgs/dynamixel_workbench_msgs'
[1.468s] INFO:colcon.colcon_core.plugin_system:Skipping extension 'colcon_core.shell.bat': Not used on non-Windows systems
[1.469s] INFO:colcon.colcon_core.shell:Skip shell extension 'powershell' for command environment: Not usable outside of PowerShell
[1.470s] DEBUG:colcon.colcon_core.shell:Skip shell extension 'dsv' for command environment
[1.492s] INFO:colcon.colcon_ros.task.ament_cmake.build:Building ROS package in '/home/jetson/ros2_ws/src/dynamixel_workbench_operators' with build type 'ament_cmake'
[1.494s] INFO:colcon.colcon_cmake.task.cmake.build:Building CMake package in '/home/jetson/ros2_ws/src/dynamixel_workbench_operators'
[1.497s] INFO:colcon.colcon_core.shell:Skip shell extension 'powershell' for command environment: Not usable outside of PowerShell
[1.497s] DEBUG:colcon.colcon_core.shell:Skip shell extension 'dsv' for command environment
[1.519s] INFO:colcon.colcon_ros.task.ament_cmake.build:Building ROS package in '/home/jetson/ros2_ws/src/initial_pose' with build type 'ament_cmake'
[1.521s] INFO:colcon.colcon_cmake.task.cmake.build:Building CMake package in '/home/jetson/ros2_ws/src/initial_pose'
[1.524s] INFO:colcon.colcon_core.shell:Skip shell extension 'powershell' for command environment: Not usable outside of PowerShell
[1.525s] DEBUG:colcon.colcon_core.shell:Skip shell extension 'dsv' for command environment
[1.545s] INFO:colcon.colcon_ros.task.ament_cmake.build:Building ROS package in '/home/jetson/ros2_ws/src/sllidar_ros2' with build type 'ament_cmake'
[1.547s] INFO:colcon.colcon_cmake.task.cmake.build:Building CMake package in '/home/jetson/ros2_ws/src/sllidar_ros2'
[1.550s] INFO:colcon.colcon_core.shell:Skip shell extension 'powershell' for command environment: Not usable outside of PowerShell
[1.551s] DEBUG:colcon.colcon_core.shell:Skip shell extension 'dsv' for command environment
[1.573s] INFO:colcon.colcon_ros.task.ament_cmake.build:Building ROS package in '/home/jetson/ros2_ws/src/turtlebot3_navigation2' with build type 'ament_cmake'
[1.575s] INFO:colcon.colcon_cmake.task.cmake.build:Building CMake package in '/home/jetson/ros2_ws/src/turtlebot3_navigation2'
[1.578s] INFO:colcon.colcon_core.shell:Skip shell extension 'powershell' for command environment: Not usable outside of PowerShell
[1.578s] DEBUG:colcon.colcon_core.shell:Skip shell extension 'dsv' for command environment
[1.643s] DEBUG:colcon.colcon_core.event_handler.log_command:Invoking command in '/home/jetson/ros2_ws/build/dynamixel_workbench_msgs': CMAKE_PREFIX_PATH=${CMAKE_PREFIX_PATH}:/opt/ros/foxy /usr/bin/cmake --build /home/jetson/ros2_ws/build/dynamixel_workbench_msgs -- -j8 -l8
[1.675s] DEBUG:colcon.colcon_core.event_handler.log_command:Invoking command in '/home/jetson/ros2_ws/build/dynamixel_workbench_operators': CMAKE_PREFIX_PATH=${CMAKE_PREFIX_PATH}:/opt/ros/foxy /usr/bin/cmake --build /home/jetson/ros2_ws/build/dynamixel_workbench_operators -- -j8 -l8
[1.700s] DEBUG:colcon.colcon_core.event_handler.log_command:Invoking command in '/home/jetson/ros2_ws/build/initial_pose': CMAKE_PREFIX_PATH=${CMAKE_PREFIX_PATH}:/opt/ros/foxy /usr/bin/cmake /home/jetson/ros2_ws/src/initial_pose -DAMENT_CMAKE_SYMLINK_INSTALL=1 -DCMAKE_INSTALL_PREFIX=/home/jetson/ros2_ws/install/initial_pose
[1.722s] DEBUG:colcon.colcon_core.event_handler.log_command:Invoking command in '/home/jetson/ros2_ws/build/sllidar_ros2': CMAKE_PREFIX_PATH=${CMAKE_PREFIX_PATH}:/opt/ros/foxy /usr/bin/cmake --build /home/jetson/ros2_ws/build/sllidar_ros2 -- -j8 -l8
[1.738s] DEBUG:colcon.colcon_core.event_handler.log_command:Invoking command in '/home/jetson/ros2_ws/build/turtlebot3_navigation2': CMAKE_PREFIX_PATH=${CMAKE_PREFIX_PATH}:/opt/ros/foxy /usr/bin/cmake --build /home/jetson/ros2_ws/build/turtlebot3_navigation2 -- -j8 -l8
[1.907s] DEBUG:colcon.colcon_core.event_handler.log_command:Invoked command in '/home/jetson/ros2_ws/build/turtlebot3_navigation2' returned '0': CMAKE_PREFIX_PATH=${CMAKE_PREFIX_PATH}:/opt/ros/foxy /usr/bin/cmake --build /home/jetson/ros2_ws/build/turtlebot3_navigation2 -- -j8 -l8
[2.035s] DEBUG:colcon.colcon_core.event_handler.log_command:Invoked command in '/home/jetson/ros2_ws/build/dynamixel_workbench_operators' returned '0': CMAKE_PREFIX_PATH=${CMAKE_PREFIX_PATH}:/opt/ros/foxy /usr/bin/cmake --build /home/jetson/ros2_ws/build/dynamixel_workbench_operators -- -j8 -l8
[2.177s] DEBUG:colcon.colcon_core.event_handler.log_command:Invoking command in '/home/jetson/ros2_ws/build/turtlebot3_navigation2': CMAKE_PREFIX_PATH=${CMAKE_PREFIX_PATH}:/opt/ros/foxy /usr/bin/cmake --install /home/jetson/ros2_ws/build/turtlebot3_navigation2
[2.254s] DEBUG:colcon.colcon_core.event_handler.log_command:Invoking command in '/home/jetson/ros2_ws/build/dynamixel_workbench_operators': CMAKE_PREFIX_PATH=${CMAKE_PREFIX_PATH}:/opt/ros/foxy /usr/bin/cmake --install /home/jetson/ros2_ws/build/dynamixel_workbench_operators
[2.357s] Level 1:colcon.colcon_core.environment:create_environment_scripts_only(turtlebot3_navigation2)
[2.362s] DEBUG:colcon.colcon_core.event_handler.log_command:Invoked command in '/home/jetson/ros2_ws/build/turtlebot3_navigation2' returned '0': CMAKE_PREFIX_PATH=${CMAKE_PREFIX_PATH}:/opt/ros/foxy /usr/bin/cmake --install /home/jetson/ros2_ws/build/turtlebot3_navigation2
[2.373s] Level 1:colcon.colcon_core.environment:checking '/home/jetson/ros2_ws/install/turtlebot3_navigation2' for CMake module files
[2.375s] Level 1:colcon.colcon_core.environment:checking '/home/jetson/ros2_ws/install/turtlebot3_navigation2' for CMake config files
[2.377s] Level 1:colcon.colcon_core.shell:create_environment_hook('turtlebot3_navigation2', 'cmake_prefix_path')
[2.378s] INFO:colcon.colcon_core.shell:Creating environment hook '/home/jetson/ros2_ws/install/turtlebot3_navigation2/share/turtlebot3_navigation2/hook/cmake_prefix_path.ps1'
[2.381s] INFO:colcon.colcon_core.shell:Creating environment descriptor '/home/jetson/ros2_ws/install/turtlebot3_navigation2/share/turtlebot3_navigation2/hook/cmake_prefix_path.dsv'
[2.383s] INFO:colcon.colcon_core.shell:Creating environment hook '/home/jetson/ros2_ws/install/turtlebot3_navigation2/share/turtlebot3_navigation2/hook/cmake_prefix_path.sh'
[2.388s] Level 1:colcon.colcon_core.environment:checking '/home/jetson/ros2_ws/install/turtlebot3_navigation2/bin'
[2.388s] Level 1:colcon.colcon_core.environment:checking '/home/jetson/ros2_ws/install/turtlebot3_navigation2/lib/pkgconfig/turtlebot3_navigation2.pc'
[2.390s] Level 1:colcon.colcon_core.environment:checking '/home/jetson/ros2_ws/install/turtlebot3_navigation2/lib/python3.8/site-packages'
[2.390s] Level 1:colcon.colcon_core.environment:checking '/home/jetson/ros2_ws/install/turtlebot3_navigation2/bin'
[2.391s] INFO:colcon.colcon_core.shell:Creating package script '/home/jetson/ros2_ws/install/turtlebot3_navigation2/share/turtlebot3_navigation2/package.ps1'
[2.394s] INFO:colcon.colcon_core.shell:Creating package descriptor '/home/jetson/ros2_ws/install/turtlebot3_navigation2/share/turtlebot3_navigation2/package.dsv'
[2.396s] INFO:colcon.colcon_core.shell:Creating package script '/home/jetson/ros2_ws/install/turtlebot3_navigation2/share/turtlebot3_navigation2/package.sh'
[2.399s] INFO:colcon.colcon_core.shell:Creating package script '/home/jetson/ros2_ws/install/turtlebot3_navigation2/share/turtlebot3_navigation2/package.bash'
[2.402s] INFO:colcon.colcon_core.shell:Creating package script '/home/jetson/ros2_ws/install/turtlebot3_navigation2/share/turtlebot3_navigation2/package.zsh'
[2.404s] Level 1:colcon.colcon_core.environment:create_file_with_runtime_dependencies(/home/jetson/ros2_ws/install/turtlebot3_navigation2/share/colcon-core/packages/turtlebot3_navigation2)
[2.422s] Level 1:colcon.colcon_core.environment:create_environment_scripts_only(dynamixel_workbench_operators)
[2.424s] DEBUG:colcon.colcon_core.event_handler.log_command:Invoked command in '/home/jetson/ros2_ws/build/dynamixel_workbench_operators' returned '0': CMAKE_PREFIX_PATH=${CMAKE_PREFIX_PATH}:/opt/ros/foxy /usr/bin/cmake --install /home/jetson/ros2_ws/build/dynamixel_workbench_operators
[2.427s] Level 1:colcon.colcon_core.environment:checking '/home/jetson/ros2_ws/install/dynamixel_workbench_operators' for CMake module files
[2.430s] Level 1:colcon.colcon_core.environment:checking '/home/jetson/ros2_ws/install/dynamixel_workbench_operators' for CMake config files
[2.431s] Level 1:colcon.colcon_core.shell:create_environment_hook('dynamixel_workbench_operators', 'cmake_prefix_path')
[2.432s] INFO:colcon.colcon_core.shell:Creating environment hook '/home/jetson/ros2_ws/install/dynamixel_workbench_operators/share/dynamixel_workbench_operators/hook/cmake_prefix_path.ps1'
[2.435s] INFO:colcon.colcon_core.shell:Creating environment descriptor '/home/jetson/ros2_ws/install/dynamixel_workbench_operators/share/dynamixel_workbench_operators/hook/cmake_prefix_path.dsv'
[2.437s] INFO:colcon.colcon_core.shell:Creating environment hook '/home/jetson/ros2_ws/install/dynamixel_workbench_operators/share/dynamixel_workbench_operators/hook/cmake_prefix_path.sh'
[2.440s] Level 1:colcon.colcon_core.environment:checking '/home/jetson/ros2_ws/install/dynamixel_workbench_operators/lib'
[2.442s] Level 1:colcon.colcon_core.environment:checking '/home/jetson/ros2_ws/install/dynamixel_workbench_operators/bin'
[2.442s] Level 1:colcon.colcon_core.environment:checking '/home/jetson/ros2_ws/install/dynamixel_workbench_operators/lib/pkgconfig/dynamixel_workbench_operators.pc'
[2.443s] Level 1:colcon.colcon_core.environment:checking '/home/jetson/ros2_ws/install/dynamixel_workbench_operators/lib/python3.8/site-packages'
[2.445s] Level 1:colcon.colcon_core.environment:checking '/home/jetson/ros2_ws/install/dynamixel_workbench_operators/bin'
[2.446s] INFO:colcon.colcon_core.shell:Creating package script '/home/jetson/ros2_ws/install/dynamixel_workbench_operators/share/dynamixel_workbench_operators/package.ps1'
[2.448s] INFO:colcon.colcon_core.shell:Creating package descriptor '/home/jetson/ros2_ws/install/dynamixel_workbench_operators/share/dynamixel_workbench_operators/package.dsv'
[2.450s] INFO:colcon.colcon_core.shell:Creating package script '/home/jetson/ros2_ws/install/dynamixel_workbench_operators/share/dynamixel_workbench_operators/package.sh'
[2.452s] INFO:colcon.colcon_core.shell:Creating package script '/home/jetson/ros2_ws/install/dynamixel_workbench_operators/share/dynamixel_workbench_operators/package.bash'
[2.453s] INFO:colcon.colcon_core.shell:Creating package script '/home/jetson/ros2_ws/install/dynamixel_workbench_operators/share/dynamixel_workbench_operators/package.zsh'
[2.455s] Level 1:colcon.colcon_core.environment:create_file_with_runtime_dependencies(/home/jetson/ros2_ws/install/dynamixel_workbench_operators/share/colcon-core/packages/dynamixel_workbench_operators)
[2.520s] Level 1:colcon.colcon_core.environment:create_environment_scripts_only(turtlebot3_navigation2)
[2.523s] Level 1:colcon.colcon_core.environment:checking '/home/jetson/ros2_ws/install/turtlebot3_navigation2' for CMake module files
[2.526s] Level 1:colcon.colcon_core.environment:checking '/home/jetson/ros2_ws/install/turtlebot3_navigation2' for CMake config files
[2.528s] Level 1:colcon.colcon_core.shell:create_environment_hook('turtlebot3_navigation2', 'cmake_prefix_path')
[2.529s] INFO:colcon.colcon_core.shell:Creating environment hook '/home/jetson/ros2_ws/install/turtlebot3_navigation2/share/turtlebot3_navigation2/hook/cmake_prefix_path.ps1'
[2.532s] INFO:colcon.colcon_core.shell:Creating environment descriptor '/home/jetson/ros2_ws/install/turtlebot3_navigation2/share/turtlebot3_navigation2/hook/cmake_prefix_path.dsv'
[2.533s] INFO:colcon.colcon_core.shell:Creating environment hook '/home/jetson/ros2_ws/install/turtlebot3_navigation2/share/turtlebot3_navigation2/hook/cmake_prefix_path.sh'
[2.536s] Level 1:colcon.colcon_core.environment:checking '/home/jetson/ros2_ws/install/turtlebot3_navigation2/bin'
[2.536s] Level 1:colcon.colcon_core.environment:checking '/home/jetson/ros2_ws/install/turtlebot3_navigation2/lib/pkgconfig/turtlebot3_navigation2.pc'
[2.538s] Level 1:colcon.colcon_core.environment:checking '/home/jetson/ros2_ws/install/turtlebot3_navigation2/lib/python3.8/site-packages'
[2.538s] Level 1:colcon.colcon_core.environment:checking '/home/jetson/ros2_ws/install/turtlebot3_navigation2/bin'
[2.539s] INFO:colcon.colcon_core.shell:Creating package script '/home/jetson/ros2_ws/install/turtlebot3_navigation2/share/turtlebot3_navigation2/package.ps1'
[2.542s] INFO:colcon.colcon_core.shell:Creating package descriptor '/home/jetson/ros2_ws/install/turtlebot3_navigation2/share/turtlebot3_navigation2/package.dsv'
[2.545s] INFO:colcon.colcon_core.shell:Creating package script '/home/jetson/ros2_ws/install/turtlebot3_navigation2/share/turtlebot3_navigation2/package.sh'
[2.547s] INFO:colcon.colcon_core.shell:Creating package script '/home/jetson/ros2_ws/install/turtlebot3_navigation2/share/turtlebot3_navigation2/package.bash'
[2.549s] INFO:colcon.colcon_core.shell:Creating package script '/home/jetson/ros2_ws/install/turtlebot3_navigation2/share/turtlebot3_navigation2/package.zsh'
[2.550s] Level 1:colcon.colcon_core.environment:create_file_with_runtime_dependencies(/home/jetson/ros2_ws/install/turtlebot3_navigation2/share/colcon-core/packages/turtlebot3_navigation2)
[2.571s] Level 1:colcon.colcon_core.environment:create_environment_scripts_only(dynamixel_workbench_operators)
[2.572s] Level 1:colcon.colcon_core.environment:checking '/home/jetson/ros2_ws/install/dynamixel_workbench_operators' for CMake module files
[2.574s] Level 1:colcon.colcon_core.environment:checking '/home/jetson/ros2_ws/install/dynamixel_workbench_operators' for CMake config files
[2.576s] Level 1:colcon.colcon_core.shell:create_environment_hook('dynamixel_workbench_operators', 'cmake_prefix_path')
[2.577s] INFO:colcon.colcon_core.shell:Creating environment hook '/home/jetson/ros2_ws/install/dynamixel_workbench_operators/share/dynamixel_workbench_operators/hook/cmake_prefix_path.ps1'
[2.579s] INFO:colcon.colcon_core.shell:Creating environment descriptor '/home/jetson/ros2_ws/install/dynamixel_workbench_operators/share/dynamixel_workbench_operators/hook/cmake_prefix_path.dsv'
[2.581s] INFO:colcon.colcon_core.shell:Creating environment hook '/home/jetson/ros2_ws/install/dynamixel_workbench_operators/share/dynamixel_workbench_operators/hook/cmake_prefix_path.sh'
[2.585s] Level 1:colcon.colcon_core.environment:checking '/home/jetson/ros2_ws/install/dynamixel_workbench_operators/lib'
[2.586s] Level 1:colcon.colcon_core.environment:checking '/home/jetson/ros2_ws/install/dynamixel_workbench_operators/bin'
[2.586s] Level 1:colcon.colcon_core.environment:checking '/home/jetson/ros2_ws/install/dynamixel_workbench_operators/lib/pkgconfig/dynamixel_workbench_operators.pc'
[2.587s] Level 1:colcon.colcon_core.environment:checking '/home/jetson/ros2_ws/install/dynamixel_workbench_operators/lib/python3.8/site-packages'
[2.588s] Level 1:colcon.colcon_core.environment:checking '/home/jetson/ros2_ws/install/dynamixel_workbench_operators/bin'
[2.589s] INFO:colcon.colcon_core.shell:Creating package script '/home/jetson/ros2_ws/install/dynamixel_workbench_operators/share/dynamixel_workbench_operators/package.ps1'
[2.591s] INFO:colcon.colcon_core.shell:Creating package descriptor '/home/jetson/ros2_ws/install/dynamixel_workbench_operators/share/dynamixel_workbench_operators/package.dsv'
[2.593s] INFO:colcon.colcon_core.shell:Creating package script '/home/jetson/ros2_ws/install/dynamixel_workbench_operators/share/dynamixel_workbench_operators/package.sh'
[2.595s] INFO:colcon.colcon_core.shell:Creating package script '/home/jetson/ros2_ws/install/dynamixel_workbench_operators/share/dynamixel_workbench_operators/package.bash'
[2.597s] INFO:colcon.colcon_core.shell:Creating package script '/home/jetson/ros2_ws/install/dynamixel_workbench_operators/share/dynamixel_workbench_operators/package.zsh'
[2.598s] Level 1:colcon.colcon_core.environment:create_file_with_runtime_dependencies(/home/jetson/ros2_ws/install/dynamixel_workbench_operators/share/colcon-core/packages/dynamixel_workbench_operators)
[2.853s] DEBUG:colcon.colcon_core.event_handler.log_command:Invoked command in '/home/jetson/ros2_ws/build/dynamixel_workbench_msgs' returned '0': CMAKE_PREFIX_PATH=${CMAKE_PREFIX_PATH}:/opt/ros/foxy /usr/bin/cmake --build /home/jetson/ros2_ws/build/dynamixel_workbench_msgs -- -j8 -l8
[4.305s] DEBUG:colcon.colcon_core.event_handler.log_command:Invoking command in '/home/jetson/ros2_ws/build/dynamixel_workbench_msgs': CMAKE_PREFIX_PATH=${CMAKE_PREFIX_PATH}:/opt/ros/foxy /usr/bin/cmake --install /home/jetson/ros2_ws/build/dynamixel_workbench_msgs
[4.922s] Level 1:colcon.colcon_core.environment:create_environment_scripts_only(dynamixel_workbench_msgs)
[4.924s] Level 1:colcon.colcon_core.environment:checking '/home/jetson/ros2_ws/install/dynamixel_workbench_msgs' for CMake module files
[4.927s] DEBUG:colcon.colcon_core.event_handler.log_command:Invoked command in '/home/jetson/ros2_ws/build/dynamixel_workbench_msgs' returned '0': CMAKE_PREFIX_PATH=${CMAKE_PREFIX_PATH}:/opt/ros/foxy /usr/bin/cmake --install /home/jetson/ros2_ws/build/dynamixel_workbench_msgs
[4.929s] Level 1:colcon.colcon_core.environment:checking '/home/jetson/ros2_ws/install/dynamixel_workbench_msgs' for CMake config files
[4.931s] Level 1:colcon.colcon_core.shell:create_environment_hook('dynamixel_workbench_msgs', 'cmake_prefix_path')
[4.933s] INFO:colcon.colcon_core.shell:Creating environment hook '/home/jetson/ros2_ws/install/dynamixel_workbench_msgs/share/dynamixel_workbench_msgs/hook/cmake_prefix_path.ps1'
[4.936s] INFO:colcon.colcon_core.shell:Creating environment descriptor '/home/jetson/ros2_ws/install/dynamixel_workbench_msgs/share/dynamixel_workbench_msgs/hook/cmake_prefix_path.dsv'
[4.938s] INFO:colcon.colcon_core.shell:Creating environment hook '/home/jetson/ros2_ws/install/dynamixel_workbench_msgs/share/dynamixel_workbench_msgs/hook/cmake_prefix_path.sh'
[4.941s] Level 1:colcon.colcon_core.environment:checking '/home/jetson/ros2_ws/install/dynamixel_workbench_msgs/lib'
[4.941s] Level 1:colcon.colcon_core.shell:create_environment_hook('dynamixel_workbench_msgs', 'ld_library_path_lib')
[4.942s] INFO:colcon.colcon_core.shell:Creating environment hook '/home/jetson/ros2_ws/install/dynamixel_workbench_msgs/share/dynamixel_workbench_msgs/hook/ld_library_path_lib.ps1'
[4.944s] INFO:colcon.colcon_core.shell:Creating environment descriptor '/home/jetson/ros2_ws/install/dynamixel_workbench_msgs/share/dynamixel_workbench_msgs/hook/ld_library_path_lib.dsv'
[4.946s] INFO:colcon.colcon_core.shell:Creating environment hook '/home/jetson/ros2_ws/install/dynamixel_workbench_msgs/share/dynamixel_workbench_msgs/hook/ld_library_path_lib.sh'
[4.947s] Level 1:colcon.colcon_core.environment:checking '/home/jetson/ros2_ws/install/dynamixel_workbench_msgs/bin'
[4.948s] Level 1:colcon.colcon_core.environment:checking '/home/jetson/ros2_ws/install/dynamixel_workbench_msgs/lib/pkgconfig/dynamixel_workbench_msgs.pc'
[4.949s] Level 1:colcon.colcon_core.environment:checking '/home/jetson/ros2_ws/install/dynamixel_workbench_msgs/lib/python3.8/site-packages'
[4.949s] Level 1:colcon.colcon_core.shell:create_environment_hook('dynamixel_workbench_msgs', 'pythonpath')
[4.950s] INFO:colcon.colcon_core.shell:Creating environment hook '/home/jetson/ros2_ws/install/dynamixel_workbench_msgs/share/dynamixel_workbench_msgs/hook/pythonpath.ps1'
[4.952s] INFO:colcon.colcon_core.shell:Creating environment descriptor '/home/jetson/ros2_ws/install/dynamixel_workbench_msgs/share/dynamixel_workbench_msgs/hook/pythonpath.dsv'
[4.953s] INFO:colcon.colcon_core.shell:Creating environment hook '/home/jetson/ros2_ws/install/dynamixel_workbench_msgs/share/dynamixel_workbench_msgs/hook/pythonpath.sh'
[4.955s] Level 1:colcon.colcon_core.environment:checking '/home/jetson/ros2_ws/install/dynamixel_workbench_msgs/bin'
[4.957s] INFO:colcon.colcon_core.shell:Creating package script '/home/jetson/ros2_ws/install/dynamixel_workbench_msgs/share/dynamixel_workbench_msgs/package.ps1'
[4.959s] INFO:colcon.colcon_core.shell:Creating package descriptor '/home/jetson/ros2_ws/install/dynamixel_workbench_msgs/share/dynamixel_workbench_msgs/package.dsv'
[4.961s] INFO:colcon.colcon_core.shell:Creating package script '/home/jetson/ros2_ws/install/dynamixel_workbench_msgs/share/dynamixel_workbench_msgs/package.sh'
[4.963s] INFO:colcon.colcon_core.shell:Creating package script '/home/jetson/ros2_ws/install/dynamixel_workbench_msgs/share/dynamixel_workbench_msgs/package.bash'
[4.964s] INFO:colcon.colcon_core.shell:Creating package script '/home/jetson/ros2_ws/install/dynamixel_workbench_msgs/share/dynamixel_workbench_msgs/package.zsh'
[4.966s] Level 1:colcon.colcon_core.environment:create_file_with_runtime_dependencies(/home/jetson/ros2_ws/install/dynamixel_workbench_msgs/share/colcon-core/packages/dynamixel_workbench_msgs)
[6.351s] Level 1:colcon.colcon_core.environment:create_environment_scripts_only(dynamixel_workbench_msgs)
[6.353s] Level 1:colcon.colcon_core.environment:checking '/home/jetson/ros2_ws/install/dynamixel_workbench_msgs' for CMake module files
[6.358s] Level 1:colcon.colcon_core.environment:checking '/home/jetson/ros2_ws/install/dynamixel_workbench_msgs' for CMake config files
[6.360s] Level 1:colcon.colcon_core.shell:create_environment_hook('dynamixel_workbench_msgs', 'cmake_prefix_path')
[6.362s] INFO:colcon.colcon_core.shell:Creating environment hook '/home/jetson/ros2_ws/install/dynamixel_workbench_msgs/share/dynamixel_workbench_msgs/hook/cmake_prefix_path.ps1'
[6.364s] INFO:colcon.colcon_core.shell:Creating environment descriptor '/home/jetson/ros2_ws/install/dynamixel_workbench_msgs/share/dynamixel_workbench_msgs/hook/cmake_prefix_path.dsv'
[6.366s] INFO:colcon.colcon_core.shell:Creating environment hook '/home/jetson/ros2_ws/install/dynamixel_workbench_msgs/share/dynamixel_workbench_msgs/hook/cmake_prefix_path.sh'
[6.368s] Level 1:colcon.colcon_core.environment:checking '/home/jetson/ros2_ws/install/dynamixel_workbench_msgs/lib'
[6.369s] Level 1:colcon.colcon_core.shell:create_environment_hook('dynamixel_workbench_msgs', 'ld_library_path_lib')
[6.370s] INFO:colcon.colcon_core.shell:Creating environment hook '/home/jetson/ros2_ws/install/dynamixel_workbench_msgs/share/dynamixel_workbench_msgs/hook/ld_library_path_lib.ps1'
[6.371s] INFO:colcon.colcon_core.shell:Creating environment descriptor '/home/jetson/ros2_ws/install/dynamixel_workbench_msgs/share/dynamixel_workbench_msgs/hook/ld_library_path_lib.dsv'
[6.372s] INFO:colcon.colcon_core.shell:Creating environment hook '/home/jetson/ros2_ws/install/dynamixel_workbench_msgs/share/dynamixel_workbench_msgs/hook/ld_library_path_lib.sh'
[6.374s] Level 1:colcon.colcon_core.environment:checking '/home/jetson/ros2_ws/install/dynamixel_workbench_msgs/bin'
[6.374s] Level 1:colcon.colcon_core.environment:checking '/home/jetson/ros2_ws/install/dynamixel_workbench_msgs/lib/pkgconfig/dynamixel_workbench_msgs.pc'
[6.375s] Level 1:colcon.colcon_core.environment:checking '/home/jetson/ros2_ws/install/dynamixel_workbench_msgs/lib/python3.8/site-packages'
[6.376s] Level 1:colcon.colcon_core.shell:create_environment_hook('dynamixel_workbench_msgs', 'pythonpath')
[6.376s] INFO:colcon.colcon_core.shell:Creating environment hook '/home/jetson/ros2_ws/install/dynamixel_workbench_msgs/share/dynamixel_workbench_msgs/hook/pythonpath.ps1'
[6.378s] INFO:colcon.colcon_core.shell:Creating environment descriptor '/home/jetson/ros2_ws/install/dynamixel_workbench_msgs/share/dynamixel_workbench_msgs/hook/pythonpath.dsv'
[6.379s] INFO:colcon.colcon_core.shell:Creating environment hook '/home/jetson/ros2_ws/install/dynamixel_workbench_msgs/share/dynamixel_workbench_msgs/hook/pythonpath.sh'
[6.381s] Level 1:colcon.colcon_core.environment:checking '/home/jetson/ros2_ws/install/dynamixel_workbench_msgs/bin'
[6.382s] INFO:colcon.colcon_core.shell:Creating package script '/home/jetson/ros2_ws/install/dynamixel_workbench_msgs/share/dynamixel_workbench_msgs/package.ps1'
[6.385s] INFO:colcon.colcon_core.shell:Creating package descriptor '/home/jetson/ros2_ws/install/dynamixel_workbench_msgs/share/dynamixel_workbench_msgs/package.dsv'
[6.387s] INFO:colcon.colcon_core.shell:Creating package script '/home/jetson/ros2_ws/install/dynamixel_workbench_msgs/share/dynamixel_workbench_msgs/package.sh'
[6.389s] INFO:colcon.colcon_core.shell:Creating package script '/home/jetson/ros2_ws/install/dynamixel_workbench_msgs/share/dynamixel_workbench_msgs/package.bash'
[6.391s] INFO:colcon.colcon_core.shell:Creating package script '/home/jetson/ros2_ws/install/dynamixel_workbench_msgs/share/dynamixel_workbench_msgs/package.zsh'
[6.392s] Level 1:colcon.colcon_core.environment:create_file_with_runtime_dependencies(/home/jetson/ros2_ws/install/dynamixel_workbench_msgs/share/colcon-core/packages/dynamixel_workbench_msgs)
[8.400s] DEBUG:colcon.colcon_core.event_handler.log_command:Invoked command in '/home/jetson/ros2_ws/build/initial_pose' returned '0': CMAKE_PREFIX_PATH=${CMAKE_PREFIX_PATH}:/opt/ros/foxy /usr/bin/cmake /home/jetson/ros2_ws/src/initial_pose -DAMENT_CMAKE_SYMLINK_INSTALL=1 -DCMAKE_INSTALL_PREFIX=/home/jetson/ros2_ws/install/initial_pose
[8.413s] DEBUG:colcon.colcon_core.event_handler.log_command:Invoking command in '/home/jetson/ros2_ws/build/initial_pose': CMAKE_PREFIX_PATH=${CMAKE_PREFIX_PATH}:/opt/ros/foxy /usr/bin/cmake --build /home/jetson/ros2_ws/build/initial_pose -- -j8 -l8
[15.410s] DEBUG:colcon.colcon_core.event_handler.log_command:Invoked command in '/home/jetson/ros2_ws/build/sllidar_ros2' returned '0': CMAKE_PREFIX_PATH=${CMAKE_PREFIX_PATH}:/opt/ros/foxy /usr/bin/cmake --build /home/jetson/ros2_ws/build/sllidar_ros2 -- -j8 -l8
[15.648s] DEBUG:colcon.colcon_core.event_handler.log_command:Invoking command in '/home/jetson/ros2_ws/build/sllidar_ros2': CMAKE_PREFIX_PATH=${CMAKE_PREFIX_PATH}:/opt/ros/foxy /usr/bin/cmake --install /home/jetson/ros2_ws/build/sllidar_ros2
[15.762s] Level 1:colcon.colcon_core.environment:create_environment_scripts_only(sllidar_ros2)
[15.764s] Level 1:colcon.colcon_core.environment:checking '/home/jetson/ros2_ws/install/sllidar_ros2' for CMake module files
[15.767s] DEBUG:colcon.colcon_core.event_handler.log_command:Invoked command in '/home/jetson/ros2_ws/build/sllidar_ros2' returned '0': CMAKE_PREFIX_PATH=${CMAKE_PREFIX_PATH}:/opt/ros/foxy /usr/bin/cmake --install /home/jetson/ros2_ws/build/sllidar_ros2
[15.768s] Level 1:colcon.colcon_core.environment:checking '/home/jetson/ros2_ws/install/sllidar_ros2' for CMake config files
[15.770s] Level 1:colcon.colcon_core.shell:create_environment_hook('sllidar_ros2', 'cmake_prefix_path')
[15.771s] INFO:colcon.colcon_core.shell:Creating environment hook '/home/jetson/ros2_ws/install/sllidar_ros2/share/sllidar_ros2/hook/cmake_prefix_path.ps1'
[15.774s] INFO:colcon.colcon_core.shell:Creating environment descriptor '/home/jetson/ros2_ws/install/sllidar_ros2/share/sllidar_ros2/hook/cmake_prefix_path.dsv'
[15.775s] INFO:colcon.colcon_core.shell:Creating environment hook '/home/jetson/ros2_ws/install/sllidar_ros2/share/sllidar_ros2/hook/cmake_prefix_path.sh'
[15.777s] Level 1:colcon.colcon_core.environment:checking '/home/jetson/ros2_ws/install/sllidar_ros2/lib'
[15.778s] Level 1:colcon.colcon_core.environment:checking '/home/jetson/ros2_ws/install/sllidar_ros2/bin'
[15.778s] Level 1:colcon.colcon_core.environment:checking '/home/jetson/ros2_ws/install/sllidar_ros2/lib/pkgconfig/sllidar_ros2.pc'
[15.779s] Level 1:colcon.colcon_core.environment:checking '/home/jetson/ros2_ws/install/sllidar_ros2/lib/python3.8/site-packages'
[15.780s] Level 1:colcon.colcon_core.environment:checking '/home/jetson/ros2_ws/install/sllidar_ros2/bin'
[15.781s] INFO:colcon.colcon_core.shell:Creating package script '/home/jetson/ros2_ws/install/sllidar_ros2/share/sllidar_ros2/package.ps1'
[15.782s] INFO:colcon.colcon_core.shell:Creating package descriptor '/home/jetson/ros2_ws/install/sllidar_ros2/share/sllidar_ros2/package.dsv'
[15.784s] INFO:colcon.colcon_core.shell:Creating package script '/home/jetson/ros2_ws/install/sllidar_ros2/share/sllidar_ros2/package.sh'
[15.785s] INFO:colcon.colcon_core.shell:Creating package script '/home/jetson/ros2_ws/install/sllidar_ros2/share/sllidar_ros2/package.bash'
[15.786s] INFO:colcon.colcon_core.shell:Creating package script '/home/jetson/ros2_ws/install/sllidar_ros2/share/sllidar_ros2/package.zsh'
[15.787s] Level 1:colcon.colcon_core.environment:create_file_with_runtime_dependencies(/home/jetson/ros2_ws/install/sllidar_ros2/share/colcon-core/packages/sllidar_ros2)
[15.855s] DEBUG:colcon.colcon_core.event_handler.log_command:Invoked command in '/home/jetson/ros2_ws/build/initial_pose' returned '2': CMAKE_PREFIX_PATH=${CMAKE_PREFIX_PATH}:/opt/ros/foxy /usr/bin/cmake --build /home/jetson/ros2_ws/build/initial_pose -- -j8 -l8
[15.953s] Level 1:colcon.colcon_core.environment:create_environment_scripts_only(initial_pose)
[15.955s] Level 1:colcon.colcon_core.environment:checking '/home/jetson/ros2_ws/install/initial_pose' for CMake module files
[15.957s] Level 1:colcon.colcon_core.environment:checking '/home/jetson/ros2_ws/install/initial_pose' for CMake config files
[15.961s] Level 1:colcon.colcon_core.environment:checking '/home/jetson/ros2_ws/install/initial_pose/bin'
[15.961s] Level 1:colcon.colcon_core.environment:checking '/home/jetson/ros2_ws/install/initial_pose/lib/pkgconfig/initial_pose.pc'
[15.963s] Level 1:colcon.colcon_core.environment:checking '/home/jetson/ros2_ws/install/initial_pose/lib/python3.8/site-packages'
[15.964s] Level 1:colcon.colcon_core.environment:checking '/home/jetson/ros2_ws/install/initial_pose/bin'
[15.966s] INFO:colcon.colcon_core.shell:Creating package script '/home/jetson/ros2_ws/install/initial_pose/share/initial_pose/package.ps1'
[15.971s] INFO:colcon.colcon_core.shell:Creating package descriptor '/home/jetson/ros2_ws/install/initial_pose/share/initial_pose/package.dsv'
[15.973s] INFO:colcon.colcon_core.shell:Creating package script '/home/jetson/ros2_ws/install/initial_pose/share/initial_pose/package.sh'
[15.974s] INFO:colcon.colcon_core.shell:Creating package script '/home/jetson/ros2_ws/install/initial_pose/share/initial_pose/package.bash'
[15.975s] INFO:colcon.colcon_core.shell:Creating package script '/home/jetson/ros2_ws/install/initial_pose/share/initial_pose/package.zsh'
[15.976s] Level 1:colcon.colcon_core.environment:create_file_with_runtime_dependencies(/home/jetson/ros2_ws/install/initial_pose/share/colcon-core/packages/initial_pose)
[16.035s] DEBUG:colcon.colcon_parallel_executor.executor.parallel:closing loop
[16.036s] DEBUG:colcon.colcon_parallel_executor.executor.parallel:loop closed
[16.037s] DEBUG:colcon.colcon_parallel_executor.executor.parallel:run_until_complete finished with '2'
[16.038s] DEBUG:colcon.colcon_core.event_reactor:joining thread
[16.072s] INFO:colcon.colcon_core.plugin_system:Skipping extension 'colcon_notification.desktop_notification.terminal_notifier': Not used on non-Darwin systems
[16.073s] INFO:colcon.colcon_core.plugin_system:Skipping extension 'colcon_notification.desktop_notification.win32': Not used on non-Windows systems
[16.073s] INFO:colcon.colcon_notification.desktop_notification:Sending desktop notification using 'notify2'
[16.111s] DEBUG:colcon.colcon_notification.desktop_notification.notify2:Failed to initialize notify2: org.freedesktop.DBus.Error.Spawn.ChildExited: Process org.freedesktop.Notifications exited with status 1
[16.112s] DEBUG:colcon.colcon_core.event_reactor:joined thread
[16.113s] INFO:colcon.colcon_core.shell:Creating prefix script '/home/jetson/ros2_ws/install/local_setup.ps1'
[16.116s] INFO:colcon.colcon_core.shell:Creating prefix util module '/home/jetson/ros2_ws/install/_local_setup_util_ps1.py'
[16.119s] INFO:colcon.colcon_core.shell:Creating prefix chain script '/home/jetson/ros2_ws/install/setup.ps1'
[16.123s] INFO:colcon.colcon_core.shell:Creating prefix script '/home/jetson/ros2_ws/install/local_setup.sh'
[16.125s] INFO:colcon.colcon_core.shell:Creating prefix util module '/home/jetson/ros2_ws/install/_local_setup_util_sh.py'
[16.126s] INFO:colcon.colcon_core.shell:Creating prefix chain script '/home/jetson/ros2_ws/install/setup.sh'
[16.130s] INFO:colcon.colcon_core.shell:Creating prefix script '/home/jetson/ros2_ws/install/local_setup.bash'
[16.132s] INFO:colcon.colcon_core.shell:Creating prefix chain script '/home/jetson/ros2_ws/install/setup.bash'
[16.135s] INFO:colcon.colcon_core.shell:Creating prefix script '/home/jetson/ros2_ws/install/local_setup.zsh'
[16.137s] INFO:colcon.colcon_core.shell:Creating prefix chain script '/home/jetson/ros2_ws/install/setup.zsh'
