[2.364s] DEBUG:colcon:Command line arguments: ['/usr/bin/colcon', 'build', '--symlink-install']
[2.365s] DEBUG:colcon:Parsed command line arguments: Namespace(allow_overriding=[], ament_cmake_args=None, base_paths=['.'], build_base='build', catkin_cmake_args=None, catkin_skip_building_tests=False, cmake_args=None, cmake_clean_cache=False, cmake_clean_first=False, cmake_force_configure=False, cmake_target=None, cmake_target_skip_unavailable=False, continue_on_error=False, event_handlers=None, executor='parallel', ignore_user_meta=False, install_base='install', log_base=None, log_level=None, main=<bound method BuildVerb.main of <colcon_core.verb.build.BuildVerb object at 0xffff9b599880>>, merge_install=False, metas=['./colcon.meta'], packages_above=None, packages_above_and_dependencies=None, packages_above_depth=None, packages_end=None, packages_ignore=None, packages_ignore_regex=None, packages_select=None, packages_select_build_failed=False, packages_select_by_dep=None, packages_select_regex=None, packages_select_test_failures=False, packages_skip=None, packages_skip_build_finished=False, packages_skip_by_dep=None, packages_skip_regex=None, packages_skip_test_passed=False, packages_skip_up_to=None, packages_start=None, packages_up_to=None, packages_up_to_regex=None, parallel_workers=4, paths=None, symlink_install=True, test_result_base=None, verb_extension=<colcon_core.verb.build.BuildVerb object at 0xffff9b599880>, verb_name='build', verb_parser=<colcon_defaults.argument_parser.defaults.DefaultArgumentsDecorator object at 0xffff9b52fe50>)
[3.348s] Level 1:colcon.colcon_core.package_discovery:discover_packages(colcon_meta) check parameters
[3.348s] Level 1:colcon.colcon_core.package_discovery:discover_packages(recursive) check parameters
[3.349s] Level 1:colcon.colcon_core.package_discovery:discover_packages(ignore) check parameters
[3.349s] Level 1:colcon.colcon_core.package_discovery:discover_packages(path) check parameters
[3.349s] Level 1:colcon.colcon_core.package_discovery:discover_packages(colcon_meta) discover
[3.349s] Level 1:colcon.colcon_core.package_discovery:discover_packages(recursive) discover
[3.349s] INFO:colcon.colcon_core.package_discovery:Crawling recursively for packages in '/home/jetsonnx/ros2_ws'
[3.350s] Level 1:colcon.colcon_core.package_identification:_identify(.) by extensions ['ignore', 'ignore_ament_install']
[3.350s] Level 1:colcon.colcon_core.package_identification:_identify(.) by extension 'ignore'
[3.351s] Level 1:colcon.colcon_core.package_identification:_identify(.) by extension 'ignore_ament_install'
[3.351s] Level 1:colcon.colcon_core.package_identification:_identify(.) by extensions ['colcon_pkg']
[3.351s] Level 1:colcon.colcon_core.package_identification:_identify(.) by extension 'colcon_pkg'
[3.351s] Level 1:colcon.colcon_core.package_identification:_identify(.) by extensions ['colcon_meta']
[3.352s] Level 1:colcon.colcon_core.package_identification:_identify(.) by extension 'colcon_meta'
[3.352s] Level 1:colcon.colcon_core.package_identification:_identify(.) by extensions ['ros']
[3.352s] Level 1:colcon.colcon_core.package_identification:_identify(.) by extension 'ros'
[3.407s] Level 1:colcon.colcon_core.package_identification:_identify(.) by extensions ['cmake', 'python']
[3.408s] Level 1:colcon.colcon_core.package_identification:_identify(.) by extension 'cmake'
[3.409s] Level 1:colcon.colcon_core.package_identification:_identify(.) by extension 'python'
[3.409s] Level 1:colcon.colcon_core.package_identification:_identify(.) by extensions ['python_setup_py']
[3.410s] Level 1:colcon.colcon_core.package_identification:_identify(.) by extension 'python_setup_py'
[3.411s] Level 1:colcon.colcon_core.package_identification:_identify(build) by extensions ['ignore', 'ignore_ament_install']
[3.411s] Level 1:colcon.colcon_core.package_identification:_identify(build) by extension 'ignore'
[3.412s] Level 1:colcon.colcon_core.package_identification:_identify(build) ignored
[3.413s] Level 1:colcon.colcon_core.package_identification:_identify(install) by extensions ['ignore', 'ignore_ament_install']
[3.414s] Level 1:colcon.colcon_core.package_identification:_identify(install) by extension 'ignore'
[3.415s] Level 1:colcon.colcon_core.package_identification:_identify(install) ignored
[3.415s] Level 1:colcon.colcon_core.package_identification:_identify(log) by extensions ['ignore', 'ignore_ament_install']
[3.416s] Level 1:colcon.colcon_core.package_identification:_identify(log) by extension 'ignore'
[3.416s] Level 1:colcon.colcon_core.package_identification:_identify(log) ignored
[3.417s] Level 1:colcon.colcon_core.package_identification:_identify(src) by extensions ['ignore', 'ignore_ament_install']
[3.417s] Level 1:colcon.colcon_core.package_identification:_identify(src) by extension 'ignore'
[3.418s] Level 1:colcon.colcon_core.package_identification:_identify(src) by extension 'ignore_ament_install'
[3.418s] Level 1:colcon.colcon_core.package_identification:_identify(src) by extensions ['colcon_pkg']
[3.418s] Level 1:colcon.colcon_core.package_identification:_identify(src) by extension 'colcon_pkg'
[3.418s] Level 1:colcon.colcon_core.package_identification:_identify(src) by extensions ['colcon_meta']
[3.419s] Level 1:colcon.colcon_core.package_identification:_identify(src) by extension 'colcon_meta'
[3.419s] Level 1:colcon.colcon_core.package_identification:_identify(src) by extensions ['ros']
[3.419s] Level 1:colcon.colcon_core.package_identification:_identify(src) by extension 'ros'
[3.419s] Level 1:colcon.colcon_core.package_identification:_identify(src) by extensions ['cmake', 'python']
[3.420s] Level 1:colcon.colcon_core.package_identification:_identify(src) by extension 'cmake'
[3.420s] Level 1:colcon.colcon_core.package_identification:_identify(src) by extension 'python'
[3.420s] Level 1:colcon.colcon_core.package_identification:_identify(src) by extensions ['python_setup_py']
[3.420s] Level 1:colcon.colcon_core.package_identification:_identify(src) by extension 'python_setup_py'
[3.421s] Level 1:colcon.colcon_core.package_identification:_identify(src/dynamixel-workbench-msgs) by extensions ['ignore', 'ignore_ament_install']
[3.421s] Level 1:colcon.colcon_core.package_identification:_identify(src/dynamixel-workbench-msgs) by extension 'ignore'
[3.421s] Level 1:colcon.colcon_core.package_identification:_identify(src/dynamixel-workbench-msgs) by extension 'ignore_ament_install'
[3.421s] Level 1:colcon.colcon_core.package_identification:_identify(src/dynamixel-workbench-msgs) by extensions ['colcon_pkg']
[3.422s] Level 1:colcon.colcon_core.package_identification:_identify(src/dynamixel-workbench-msgs) by extension 'colcon_pkg'
[3.422s] Level 1:colcon.colcon_core.package_identification:_identify(src/dynamixel-workbench-msgs) by extensions ['colcon_meta']
[3.422s] Level 1:colcon.colcon_core.package_identification:_identify(src/dynamixel-workbench-msgs) by extension 'colcon_meta'
[3.422s] Level 1:colcon.colcon_core.package_identification:_identify(src/dynamixel-workbench-msgs) by extensions ['ros']
[3.422s] Level 1:colcon.colcon_core.package_identification:_identify(src/dynamixel-workbench-msgs) by extension 'ros'
[3.423s] Level 1:colcon.colcon_core.package_identification:_identify(src/dynamixel-workbench-msgs) by extensions ['cmake', 'python']
[3.423s] Level 1:colcon.colcon_core.package_identification:_identify(src/dynamixel-workbench-msgs) by extension 'cmake'
[3.423s] Level 1:colcon.colcon_core.package_identification:_identify(src/dynamixel-workbench-msgs) by extension 'python'
[3.423s] Level 1:colcon.colcon_core.package_identification:_identify(src/dynamixel-workbench-msgs) by extensions ['python_setup_py']
[3.424s] Level 1:colcon.colcon_core.package_identification:_identify(src/dynamixel-workbench-msgs) by extension 'python_setup_py'
[3.424s] Level 1:colcon.colcon_core.package_identification:_identify(src/dynamixel-workbench-msgs/dynamixel_workbench_msgs) by extensions ['ignore', 'ignore_ament_install']
[3.424s] Level 1:colcon.colcon_core.package_identification:_identify(src/dynamixel-workbench-msgs/dynamixel_workbench_msgs) by extension 'ignore'
[3.425s] Level 1:colcon.colcon_core.package_identification:_identify(src/dynamixel-workbench-msgs/dynamixel_workbench_msgs) by extension 'ignore_ament_install'
[3.426s] Level 1:colcon.colcon_core.package_identification:_identify(src/dynamixel-workbench-msgs/dynamixel_workbench_msgs) by extensions ['colcon_pkg']
[3.426s] Level 1:colcon.colcon_core.package_identification:_identify(src/dynamixel-workbench-msgs/dynamixel_workbench_msgs) by extension 'colcon_pkg'
[3.426s] Level 1:colcon.colcon_core.package_identification:_identify(src/dynamixel-workbench-msgs/dynamixel_workbench_msgs) by extensions ['colcon_meta']
[3.427s] Level 1:colcon.colcon_core.package_identification:_identify(src/dynamixel-workbench-msgs/dynamixel_workbench_msgs) by extension 'colcon_meta'
[3.427s] Level 1:colcon.colcon_core.package_identification:_identify(src/dynamixel-workbench-msgs/dynamixel_workbench_msgs) by extensions ['ros']
[3.427s] Level 1:colcon.colcon_core.package_identification:_identify(src/dynamixel-workbench-msgs/dynamixel_workbench_msgs) by extension 'ros'
[3.578s] DEBUG:colcon.colcon_core.package_identification:Package 'src/dynamixel-workbench-msgs/dynamixel_workbench_msgs' with type 'ros.ament_cmake' and name 'dynamixel_workbench_msgs'
[3.579s] Level 1:colcon.colcon_core.package_identification:_identify(src/dynamixel_workbench_controllers) by extensions ['ignore', 'ignore_ament_install']
[3.579s] Level 1:colcon.colcon_core.package_identification:_identify(src/dynamixel_workbench_controllers) by extension 'ignore'
[3.579s] Level 1:colcon.colcon_core.package_identification:_identify(src/dynamixel_workbench_controllers) by extension 'ignore_ament_install'
[3.580s] Level 1:colcon.colcon_core.package_identification:_identify(src/dynamixel_workbench_controllers) by extensions ['colcon_pkg']
[3.580s] Level 1:colcon.colcon_core.package_identification:_identify(src/dynamixel_workbench_controllers) by extension 'colcon_pkg'
[3.580s] Level 1:colcon.colcon_core.package_identification:_identify(src/dynamixel_workbench_controllers) by extensions ['colcon_meta']
[3.580s] Level 1:colcon.colcon_core.package_identification:_identify(src/dynamixel_workbench_controllers) by extension 'colcon_meta'
[3.581s] Level 1:colcon.colcon_core.package_identification:_identify(src/dynamixel_workbench_controllers) by extensions ['ros']
[3.581s] Level 1:colcon.colcon_core.package_identification:_identify(src/dynamixel_workbench_controllers) by extension 'ros'
[3.583s] DEBUG:colcon.colcon_core.package_identification:Package 'src/dynamixel_workbench_controllers' with type 'ros.ament_cmake' and name 'dynamixel_workbench_controllers'
[3.584s] Level 1:colcon.colcon_core.package_identification:_identify(src/dynamixel_workbench_operators) by extensions ['ignore', 'ignore_ament_install']
[3.584s] Level 1:colcon.colcon_core.package_identification:_identify(src/dynamixel_workbench_operators) by extension 'ignore'
[3.584s] Level 1:colcon.colcon_core.package_identification:_identify(src/dynamixel_workbench_operators) by extension 'ignore_ament_install'
[3.585s] Level 1:colcon.colcon_core.package_identification:_identify(src/dynamixel_workbench_operators) by extensions ['colcon_pkg']
[3.585s] Level 1:colcon.colcon_core.package_identification:_identify(src/dynamixel_workbench_operators) by extension 'colcon_pkg'
[3.585s] Level 1:colcon.colcon_core.package_identification:_identify(src/dynamixel_workbench_operators) by extensions ['colcon_meta']
[3.585s] Level 1:colcon.colcon_core.package_identification:_identify(src/dynamixel_workbench_operators) by extension 'colcon_meta'
[3.585s] Level 1:colcon.colcon_core.package_identification:_identify(src/dynamixel_workbench_operators) by extensions ['ros']
[3.586s] Level 1:colcon.colcon_core.package_identification:_identify(src/dynamixel_workbench_operators) by extension 'ros'
[3.589s] DEBUG:colcon.colcon_core.package_identification:Package 'src/dynamixel_workbench_operators' with type 'ros.ament_cmake' and name 'dynamixel_workbench_operators'
[3.589s] Level 1:colcon.colcon_core.package_identification:_identify(src/rplidar_ros2) by extensions ['ignore', 'ignore_ament_install']
[3.590s] Level 1:colcon.colcon_core.package_identification:_identify(src/rplidar_ros2) by extension 'ignore'
[3.590s] Level 1:colcon.colcon_core.package_identification:_identify(src/rplidar_ros2) by extension 'ignore_ament_install'
[3.591s] Level 1:colcon.colcon_core.package_identification:_identify(src/rplidar_ros2) by extensions ['colcon_pkg']
[3.591s] Level 1:colcon.colcon_core.package_identification:_identify(src/rplidar_ros2) by extension 'colcon_pkg'
[3.591s] Level 1:colcon.colcon_core.package_identification:_identify(src/rplidar_ros2) by extensions ['colcon_meta']
[3.591s] Level 1:colcon.colcon_core.package_identification:_identify(src/rplidar_ros2) by extension 'colcon_meta'
[3.591s] Level 1:colcon.colcon_core.package_identification:_identify(src/rplidar_ros2) by extensions ['ros']
[3.591s] Level 1:colcon.colcon_core.package_identification:_identify(src/rplidar_ros2) by extension 'ros'
[3.594s] DEBUG:colcon.colcon_core.package_identification:Package 'src/rplidar_ros2' with type 'ros.ament_cmake' and name 'rplidar_ros'
[3.594s] Level 1:colcon.colcon_core.package_discovery:discover_packages(recursive) using defaults
[3.595s] Level 1:colcon.colcon_core.package_discovery:discover_packages(ignore) discover
[3.595s] Level 1:colcon.colcon_core.package_discovery:discover_packages(ignore) using defaults
[3.595s] Level 1:colcon.colcon_core.package_discovery:discover_packages(path) discover
[3.595s] Level 1:colcon.colcon_core.package_discovery:discover_packages(path) using defaults
[3.811s] Level 1:colcon.colcon_core.package_discovery:discover_packages(prefix_path) check parameters
[3.811s] Level 1:colcon.colcon_core.package_discovery:discover_packages(prefix_path) discover
[3.823s] DEBUG:colcon.colcon_installed_package_information.package_discovery:Found 3 installed packages in /home/jetsonnx/ros2_ws/install
[3.830s] DEBUG:colcon.colcon_installed_package_information.package_discovery:Found 258 installed packages in /opt/ros/foxy
[3.872s] Level 1:colcon.colcon_core.package_discovery:discover_packages(prefix_path) using defaults
[4.595s] Level 5:colcon.colcon_core.verb:set package 'dynamixel_workbench_controllers' build argument 'cmake_args' from command line to 'None'
[4.595s] Level 5:colcon.colcon_core.verb:set package 'dynamixel_workbench_controllers' build argument 'cmake_target' from command line to 'None'
[4.596s] Level 5:colcon.colcon_core.verb:set package 'dynamixel_workbench_controllers' build argument 'cmake_target_skip_unavailable' from command line to 'False'
[4.596s] Level 5:colcon.colcon_core.verb:set package 'dynamixel_workbench_controllers' build argument 'cmake_clean_cache' from command line to 'False'
[4.596s] Level 5:colcon.colcon_core.verb:set package 'dynamixel_workbench_controllers' build argument 'cmake_clean_first' from command line to 'False'
[4.596s] Level 5:colcon.colcon_core.verb:set package 'dynamixel_workbench_controllers' build argument 'cmake_force_configure' from command line to 'False'
[4.596s] Level 5:colcon.colcon_core.verb:set package 'dynamixel_workbench_controllers' build argument 'ament_cmake_args' from command line to 'None'
[4.596s] Level 5:colcon.colcon_core.verb:set package 'dynamixel_workbench_controllers' build argument 'catkin_cmake_args' from command line to 'None'
[4.596s] Level 5:colcon.colcon_core.verb:set package 'dynamixel_workbench_controllers' build argument 'catkin_skip_building_tests' from command line to 'False'
[4.597s] DEBUG:colcon.colcon_core.verb:Building package 'dynamixel_workbench_controllers' with the following arguments: {'ament_cmake_args': None, 'build_base': '/home/jetsonnx/ros2_ws/build/dynamixel_workbench_controllers', 'catkin_cmake_args': None, 'catkin_skip_building_tests': False, 'cmake_args': None, 'cmake_clean_cache': False, 'cmake_clean_first': False, 'cmake_force_configure': False, 'cmake_target': None, 'cmake_target_skip_unavailable': False, 'install_base': '/home/jetsonnx/ros2_ws/install/dynamixel_workbench_controllers', 'merge_install': False, 'path': '/home/jetsonnx/ros2_ws/src/dynamixel_workbench_controllers', 'symlink_install': True, 'test_result_base': None}
[4.599s] Level 5:colcon.colcon_core.verb:set package 'dynamixel_workbench_msgs' build argument 'cmake_args' from command line to 'None'
[4.599s] Level 5:colcon.colcon_core.verb:set package 'dynamixel_workbench_msgs' build argument 'cmake_target' from command line to 'None'
[4.599s] Level 5:colcon.colcon_core.verb:set package 'dynamixel_workbench_msgs' build argument 'cmake_target_skip_unavailable' from command line to 'False'
[4.599s] Level 5:colcon.colcon_core.verb:set package 'dynamixel_workbench_msgs' build argument 'cmake_clean_cache' from command line to 'False'
[4.599s] Level 5:colcon.colcon_core.verb:set package 'dynamixel_workbench_msgs' build argument 'cmake_clean_first' from command line to 'False'
[4.599s] Level 5:colcon.colcon_core.verb:set package 'dynamixel_workbench_msgs' build argument 'cmake_force_configure' from command line to 'False'
[4.600s] Level 5:colcon.colcon_core.verb:set package 'dynamixel_workbench_msgs' build argument 'ament_cmake_args' from command line to 'None'
[4.600s] Level 5:colcon.colcon_core.verb:set package 'dynamixel_workbench_msgs' build argument 'catkin_cmake_args' from command line to 'None'
[4.600s] Level 5:colcon.colcon_core.verb:set package 'dynamixel_workbench_msgs' build argument 'catkin_skip_building_tests' from command line to 'False'
[4.600s] DEBUG:colcon.colcon_core.verb:Building package 'dynamixel_workbench_msgs' with the following arguments: {'ament_cmake_args': None, 'build_base': '/home/jetsonnx/ros2_ws/build/dynamixel_workbench_msgs', 'catkin_cmake_args': None, 'catkin_skip_building_tests': False, 'cmake_args': None, 'cmake_clean_cache': False, 'cmake_clean_first': False, 'cmake_force_configure': False, 'cmake_target': None, 'cmake_target_skip_unavailable': False, 'install_base': '/home/jetsonnx/ros2_ws/install/dynamixel_workbench_msgs', 'merge_install': False, 'path': '/home/jetsonnx/ros2_ws/src/dynamixel-workbench-msgs/dynamixel_workbench_msgs', 'symlink_install': True, 'test_result_base': None}
[4.602s] Level 5:colcon.colcon_core.verb:set package 'dynamixel_workbench_operators' build argument 'cmake_args' from command line to 'None'
[4.602s] Level 5:colcon.colcon_core.verb:set package 'dynamixel_workbench_operators' build argument 'cmake_target' from command line to 'None'
[4.602s] Level 5:colcon.colcon_core.verb:set package 'dynamixel_workbench_operators' build argument 'cmake_target_skip_unavailable' from command line to 'False'
[4.603s] Level 5:colcon.colcon_core.verb:set package 'dynamixel_workbench_operators' build argument 'cmake_clean_cache' from command line to 'False'
[4.603s] Level 5:colcon.colcon_core.verb:set package 'dynamixel_workbench_operators' build argument 'cmake_clean_first' from command line to 'False'
[4.603s] Level 5:colcon.colcon_core.verb:set package 'dynamixel_workbench_operators' build argument 'cmake_force_configure' from command line to 'False'
[4.603s] Level 5:colcon.colcon_core.verb:set package 'dynamixel_workbench_operators' build argument 'ament_cmake_args' from command line to 'None'
[4.603s] Level 5:colcon.colcon_core.verb:set package 'dynamixel_workbench_operators' build argument 'catkin_cmake_args' from command line to 'None'
[4.603s] Level 5:colcon.colcon_core.verb:set package 'dynamixel_workbench_operators' build argument 'catkin_skip_building_tests' from command line to 'False'
[4.604s] DEBUG:colcon.colcon_core.verb:Building package 'dynamixel_workbench_operators' with the following arguments: {'ament_cmake_args': None, 'build_base': '/home/jetsonnx/ros2_ws/build/dynamixel_workbench_operators', 'catkin_cmake_args': None, 'catkin_skip_building_tests': False, 'cmake_args': None, 'cmake_clean_cache': False, 'cmake_clean_first': False, 'cmake_force_configure': False, 'cmake_target': None, 'cmake_target_skip_unavailable': False, 'install_base': '/home/jetsonnx/ros2_ws/install/dynamixel_workbench_operators', 'merge_install': False, 'path': '/home/jetsonnx/ros2_ws/src/dynamixel_workbench_operators', 'symlink_install': True, 'test_result_base': None}
[4.605s] Level 5:colcon.colcon_core.verb:set package 'rplidar_ros' build argument 'cmake_args' from command line to 'None'
[4.606s] Level 5:colcon.colcon_core.verb:set package 'rplidar_ros' build argument 'cmake_target' from command line to 'None'
[4.606s] Level 5:colcon.colcon_core.verb:set package 'rplidar_ros' build argument 'cmake_target_skip_unavailable' from command line to 'False'
[4.606s] Level 5:colcon.colcon_core.verb:set package 'rplidar_ros' build argument 'cmake_clean_cache' from command line to 'False'
[4.606s] Level 5:colcon.colcon_core.verb:set package 'rplidar_ros' build argument 'cmake_clean_first' from command line to 'False'
[4.606s] Level 5:colcon.colcon_core.verb:set package 'rplidar_ros' build argument 'cmake_force_configure' from command line to 'False'
[4.607s] Level 5:colcon.colcon_core.verb:set package 'rplidar_ros' build argument 'ament_cmake_args' from command line to 'None'
[4.607s] Level 5:colcon.colcon_core.verb:set package 'rplidar_ros' build argument 'catkin_cmake_args' from command line to 'None'
[4.607s] Level 5:colcon.colcon_core.verb:set package 'rplidar_ros' build argument 'catkin_skip_building_tests' from command line to 'False'
[4.607s] DEBUG:colcon.colcon_core.verb:Building package 'rplidar_ros' with the following arguments: {'ament_cmake_args': None, 'build_base': '/home/jetsonnx/ros2_ws/build/rplidar_ros', 'catkin_cmake_args': None, 'catkin_skip_building_tests': False, 'cmake_args': None, 'cmake_clean_cache': False, 'cmake_clean_first': False, 'cmake_force_configure': False, 'cmake_target': None, 'cmake_target_skip_unavailable': False, 'install_base': '/home/jetsonnx/ros2_ws/install/rplidar_ros', 'merge_install': False, 'path': '/home/jetsonnx/ros2_ws/src/rplidar_ros2', 'symlink_install': True, 'test_result_base': None}
[4.608s] INFO:colcon.colcon_core.executor:Executing jobs using 'parallel' executor
[4.612s] DEBUG:colcon.colcon_parallel_executor.executor.parallel:run_until_complete
[4.615s] INFO:colcon.colcon_ros.task.ament_cmake.build:Building ROS package in '/home/jetsonnx/ros2_ws/src/dynamixel_workbench_controllers' with build type 'ament_cmake'
[4.616s] INFO:colcon.colcon_cmake.task.cmake.build:Building CMake package in '/home/jetsonnx/ros2_ws/src/dynamixel_workbench_controllers'
[4.772s] INFO:colcon.colcon_core.plugin_system:Skipping extension 'colcon_core.shell.bat': Not used on non-Windows systems
[4.773s] INFO:colcon.colcon_core.shell:Skip shell extension 'powershell' for command environment: Not usable outside of PowerShell
[4.773s] DEBUG:colcon.colcon_core.shell:Skip shell extension 'dsv' for command environment
[4.934s] INFO:colcon.colcon_ros.task.ament_cmake.build:Building ROS package in '/home/jetsonnx/ros2_ws/src/dynamixel-workbench-msgs/dynamixel_workbench_msgs' with build type 'ament_cmake'
[4.937s] INFO:colcon.colcon_cmake.task.cmake.build:Building CMake package in '/home/jetsonnx/ros2_ws/src/dynamixel-workbench-msgs/dynamixel_workbench_msgs'
[4.941s] INFO:colcon.colcon_core.shell:Skip shell extension 'powershell' for command environment: Not usable outside of PowerShell
[4.943s] DEBUG:colcon.colcon_core.shell:Skip shell extension 'dsv' for command environment
[4.973s] INFO:colcon.colcon_ros.task.ament_cmake.build:Building ROS package in '/home/jetsonnx/ros2_ws/src/dynamixel_workbench_operators' with build type 'ament_cmake'
[4.978s] INFO:colcon.colcon_cmake.task.cmake.build:Building CMake package in '/home/jetsonnx/ros2_ws/src/dynamixel_workbench_operators'
[4.983s] INFO:colcon.colcon_core.shell:Skip shell extension 'powershell' for command environment: Not usable outside of PowerShell
[4.983s] DEBUG:colcon.colcon_core.shell:Skip shell extension 'dsv' for command environment
[5.009s] INFO:colcon.colcon_ros.task.ament_cmake.build:Building ROS package in '/home/jetsonnx/ros2_ws/src/rplidar_ros2' with build type 'ament_cmake'
[5.012s] INFO:colcon.colcon_cmake.task.cmake.build:Building CMake package in '/home/jetsonnx/ros2_ws/src/rplidar_ros2'
[5.016s] INFO:colcon.colcon_core.shell:Skip shell extension 'powershell' for command environment: Not usable outside of PowerShell
[5.017s] DEBUG:colcon.colcon_core.shell:Skip shell extension 'dsv' for command environment
[5.116s] DEBUG:colcon.colcon_core.event_handler.log_command:Invoking command in '/home/jetsonnx/ros2_ws/build/dynamixel_workbench_controllers': CMAKE_PREFIX_PATH=${CMAKE_PREFIX_PATH}:/opt/ros/foxy /usr/bin/cmake --build /home/jetsonnx/ros2_ws/build/dynamixel_workbench_controllers -- -j4 -l4
[5.200s] DEBUG:colcon.colcon_core.event_handler.log_command:Invoking command in '/home/jetsonnx/ros2_ws/build/dynamixel_workbench_msgs': CMAKE_PREFIX_PATH=${CMAKE_PREFIX_PATH}:/opt/ros/foxy /usr/bin/cmake /home/jetsonnx/ros2_ws/src/dynamixel-workbench-msgs/dynamixel_workbench_msgs -DAMENT_CMAKE_SYMLINK_INSTALL=1 -DCMAKE_INSTALL_PREFIX=/home/jetsonnx/ros2_ws/install/dynamixel_workbench_msgs
[5.234s] DEBUG:colcon.colcon_core.event_handler.log_command:Invoking command in '/home/jetsonnx/ros2_ws/build/dynamixel_workbench_operators': CMAKE_PREFIX_PATH=${CMAKE_PREFIX_PATH}:/opt/ros/foxy /usr/bin/cmake --build /home/jetsonnx/ros2_ws/build/dynamixel_workbench_operators -- -j4 -l4
[5.272s] DEBUG:colcon.colcon_core.event_handler.log_command:Invoking command in '/home/jetsonnx/ros2_ws/build/rplidar_ros': CMAKE_PREFIX_PATH=${CMAKE_PREFIX_PATH}:/opt/ros/foxy /usr/bin/cmake /home/jetsonnx/ros2_ws/src/rplidar_ros2 -DAMENT_CMAKE_SYMLINK_INSTALL=1 -DCMAKE_INSTALL_PREFIX=/home/jetsonnx/ros2_ws/install/rplidar_ros
[6.018s] DEBUG:colcon.colcon_core.event_handler.log_command:Invoked command in '/home/jetsonnx/ros2_ws/build/dynamixel_workbench_operators' returned '0': CMAKE_PREFIX_PATH=${CMAKE_PREFIX_PATH}:/opt/ros/foxy /usr/bin/cmake --build /home/jetsonnx/ros2_ws/build/dynamixel_workbench_operators -- -j4 -l4
[6.244s] DEBUG:colcon.colcon_core.event_handler.log_command:Invoking command in '/home/jetsonnx/ros2_ws/build/dynamixel_workbench_operators': CMAKE_PREFIX_PATH=${CMAKE_PREFIX_PATH}:/opt/ros/foxy /usr/bin/cmake --install /home/jetsonnx/ros2_ws/build/dynamixel_workbench_operators
[6.268s] DEBUG:colcon.colcon_core.event_handler.log_command:Invoked command in '/home/jetsonnx/ros2_ws/build/dynamixel_workbench_controllers' returned '0': CMAKE_PREFIX_PATH=${CMAKE_PREFIX_PATH}:/opt/ros/foxy /usr/bin/cmake --build /home/jetsonnx/ros2_ws/build/dynamixel_workbench_controllers -- -j4 -l4
[6.481s] DEBUG:colcon.colcon_core.event_handler.log_command:Invoking command in '/home/jetsonnx/ros2_ws/build/dynamixel_workbench_controllers': CMAKE_PREFIX_PATH=${CMAKE_PREFIX_PATH}:/opt/ros/foxy /usr/bin/cmake --install /home/jetsonnx/ros2_ws/build/dynamixel_workbench_controllers
[6.540s] Level 1:colcon.colcon_core.environment:create_environment_scripts_only(dynamixel_workbench_operators)
[6.542s] DEBUG:colcon.colcon_core.event_handler.log_command:Invoked command in '/home/jetsonnx/ros2_ws/build/dynamixel_workbench_operators' returned '0': CMAKE_PREFIX_PATH=${CMAKE_PREFIX_PATH}:/opt/ros/foxy /usr/bin/cmake --install /home/jetsonnx/ros2_ws/build/dynamixel_workbench_operators
[6.696s] Level 1:colcon.colcon_core.environment:checking '/home/jetsonnx/ros2_ws/install/dynamixel_workbench_operators' for CMake module files
[6.699s] Level 1:colcon.colcon_core.environment:checking '/home/jetsonnx/ros2_ws/install/dynamixel_workbench_operators' for CMake config files
[6.701s] Level 1:colcon.colcon_core.shell:create_environment_hook('dynamixel_workbench_operators', 'cmake_prefix_path')
[6.702s] INFO:colcon.colcon_core.shell:Creating environment hook '/home/jetsonnx/ros2_ws/install/dynamixel_workbench_operators/share/dynamixel_workbench_operators/hook/cmake_prefix_path.ps1'
[6.708s] INFO:colcon.colcon_core.shell:Creating environment descriptor '/home/jetsonnx/ros2_ws/install/dynamixel_workbench_operators/share/dynamixel_workbench_operators/hook/cmake_prefix_path.dsv'
[6.712s] INFO:colcon.colcon_core.shell:Creating environment hook '/home/jetsonnx/ros2_ws/install/dynamixel_workbench_operators/share/dynamixel_workbench_operators/hook/cmake_prefix_path.sh'
[6.723s] Level 1:colcon.colcon_core.environment:checking '/home/jetsonnx/ros2_ws/install/dynamixel_workbench_operators/lib'
[6.724s] Level 1:colcon.colcon_core.environment:checking '/home/jetsonnx/ros2_ws/install/dynamixel_workbench_operators/bin'
[6.724s] Level 1:colcon.colcon_core.environment:checking '/home/jetsonnx/ros2_ws/install/dynamixel_workbench_operators/lib/pkgconfig/dynamixel_workbench_operators.pc'
[6.726s] Level 1:colcon.colcon_core.environment:checking '/home/jetsonnx/ros2_ws/install/dynamixel_workbench_operators/lib/python3.8/site-packages'
[6.727s] Level 1:colcon.colcon_core.environment:checking '/home/jetsonnx/ros2_ws/install/dynamixel_workbench_operators/bin'
[6.729s] INFO:colcon.colcon_core.shell:Creating package script '/home/jetsonnx/ros2_ws/install/dynamixel_workbench_operators/share/dynamixel_workbench_operators/package.ps1'
[6.735s] INFO:colcon.colcon_core.shell:Creating package descriptor '/home/jetsonnx/ros2_ws/install/dynamixel_workbench_operators/share/dynamixel_workbench_operators/package.dsv'
[6.740s] INFO:colcon.colcon_core.shell:Creating package script '/home/jetsonnx/ros2_ws/install/dynamixel_workbench_operators/share/dynamixel_workbench_operators/package.sh'
[6.744s] INFO:colcon.colcon_core.shell:Creating package script '/home/jetsonnx/ros2_ws/install/dynamixel_workbench_operators/share/dynamixel_workbench_operators/package.bash'
[6.752s] INFO:colcon.colcon_core.shell:Creating package script '/home/jetsonnx/ros2_ws/install/dynamixel_workbench_operators/share/dynamixel_workbench_operators/package.zsh'
[6.763s] Level 1:colcon.colcon_core.environment:create_file_with_runtime_dependencies(/home/jetsonnx/ros2_ws/install/dynamixel_workbench_operators/share/colcon-core/packages/dynamixel_workbench_operators)
[6.785s] Level 1:colcon.colcon_core.environment:create_environment_scripts_only(dynamixel_workbench_controllers)
[6.789s] DEBUG:colcon.colcon_core.event_handler.log_command:Invoked command in '/home/jetsonnx/ros2_ws/build/dynamixel_workbench_controllers' returned '0': CMAKE_PREFIX_PATH=${CMAKE_PREFIX_PATH}:/opt/ros/foxy /usr/bin/cmake --install /home/jetsonnx/ros2_ws/build/dynamixel_workbench_controllers
[6.793s] Level 1:colcon.colcon_core.environment:checking '/home/jetsonnx/ros2_ws/install/dynamixel_workbench_controllers' for CMake module files
[6.799s] Level 1:colcon.colcon_core.environment:checking '/home/jetsonnx/ros2_ws/install/dynamixel_workbench_controllers' for CMake config files
[6.802s] Level 1:colcon.colcon_core.shell:create_environment_hook('dynamixel_workbench_controllers', 'cmake_prefix_path')
[6.804s] INFO:colcon.colcon_core.shell:Creating environment hook '/home/jetsonnx/ros2_ws/install/dynamixel_workbench_controllers/share/dynamixel_workbench_controllers/hook/cmake_prefix_path.ps1'
[6.809s] INFO:colcon.colcon_core.shell:Creating environment descriptor '/home/jetsonnx/ros2_ws/install/dynamixel_workbench_controllers/share/dynamixel_workbench_controllers/hook/cmake_prefix_path.dsv'
[6.813s] INFO:colcon.colcon_core.shell:Creating environment hook '/home/jetsonnx/ros2_ws/install/dynamixel_workbench_controllers/share/dynamixel_workbench_controllers/hook/cmake_prefix_path.sh'
[6.817s] Level 1:colcon.colcon_core.environment:checking '/home/jetsonnx/ros2_ws/install/dynamixel_workbench_controllers/lib'
[6.818s] Level 1:colcon.colcon_core.environment:checking '/home/jetsonnx/ros2_ws/install/dynamixel_workbench_controllers/bin'
[6.819s] Level 1:colcon.colcon_core.environment:checking '/home/jetsonnx/ros2_ws/install/dynamixel_workbench_controllers/lib/pkgconfig/dynamixel_workbench_controllers.pc'
[6.820s] Level 1:colcon.colcon_core.environment:checking '/home/jetsonnx/ros2_ws/install/dynamixel_workbench_controllers/lib/python3.8/site-packages'
[6.822s] Level 1:colcon.colcon_core.environment:checking '/home/jetsonnx/ros2_ws/install/dynamixel_workbench_controllers/bin'
[6.823s] INFO:colcon.colcon_core.shell:Creating package script '/home/jetsonnx/ros2_ws/install/dynamixel_workbench_controllers/share/dynamixel_workbench_controllers/package.ps1'
[6.826s] INFO:colcon.colcon_core.shell:Creating package descriptor '/home/jetsonnx/ros2_ws/install/dynamixel_workbench_controllers/share/dynamixel_workbench_controllers/package.dsv'
[6.828s] INFO:colcon.colcon_core.shell:Creating package script '/home/jetsonnx/ros2_ws/install/dynamixel_workbench_controllers/share/dynamixel_workbench_controllers/package.sh'
[6.830s] INFO:colcon.colcon_core.shell:Creating package script '/home/jetsonnx/ros2_ws/install/dynamixel_workbench_controllers/share/dynamixel_workbench_controllers/package.bash'
[6.833s] INFO:colcon.colcon_core.shell:Creating package script '/home/jetsonnx/ros2_ws/install/dynamixel_workbench_controllers/share/dynamixel_workbench_controllers/package.zsh'
[6.835s] Level 1:colcon.colcon_core.environment:create_file_with_runtime_dependencies(/home/jetsonnx/ros2_ws/install/dynamixel_workbench_controllers/share/colcon-core/packages/dynamixel_workbench_controllers)
[6.894s] Level 1:colcon.colcon_core.environment:create_environment_scripts_only(dynamixel_workbench_operators)
[6.896s] Level 1:colcon.colcon_core.environment:checking '/home/jetsonnx/ros2_ws/install/dynamixel_workbench_operators' for CMake module files
[6.899s] Level 1:colcon.colcon_core.environment:checking '/home/jetsonnx/ros2_ws/install/dynamixel_workbench_operators' for CMake config files
[6.901s] Level 1:colcon.colcon_core.shell:create_environment_hook('dynamixel_workbench_operators', 'cmake_prefix_path')
[6.903s] INFO:colcon.colcon_core.shell:Creating environment hook '/home/jetsonnx/ros2_ws/install/dynamixel_workbench_operators/share/dynamixel_workbench_operators/hook/cmake_prefix_path.ps1'
[6.906s] INFO:colcon.colcon_core.shell:Creating environment descriptor '/home/jetsonnx/ros2_ws/install/dynamixel_workbench_operators/share/dynamixel_workbench_operators/hook/cmake_prefix_path.dsv'
[6.908s] INFO:colcon.colcon_core.shell:Creating environment hook '/home/jetsonnx/ros2_ws/install/dynamixel_workbench_operators/share/dynamixel_workbench_operators/hook/cmake_prefix_path.sh'
[6.911s] Level 1:colcon.colcon_core.environment:checking '/home/jetsonnx/ros2_ws/install/dynamixel_workbench_operators/lib'
[6.911s] Level 1:colcon.colcon_core.environment:checking '/home/jetsonnx/ros2_ws/install/dynamixel_workbench_operators/bin'
[6.913s] Level 1:colcon.colcon_core.environment:checking '/home/jetsonnx/ros2_ws/install/dynamixel_workbench_operators/lib/pkgconfig/dynamixel_workbench_operators.pc'
[6.914s] Level 1:colcon.colcon_core.environment:checking '/home/jetsonnx/ros2_ws/install/dynamixel_workbench_operators/lib/python3.8/site-packages'
[6.915s] Level 1:colcon.colcon_core.environment:checking '/home/jetsonnx/ros2_ws/install/dynamixel_workbench_operators/bin'
[6.916s] INFO:colcon.colcon_core.shell:Creating package script '/home/jetsonnx/ros2_ws/install/dynamixel_workbench_operators/share/dynamixel_workbench_operators/package.ps1'
[6.919s] INFO:colcon.colcon_core.shell:Creating package descriptor '/home/jetsonnx/ros2_ws/install/dynamixel_workbench_operators/share/dynamixel_workbench_operators/package.dsv'
[6.921s] INFO:colcon.colcon_core.shell:Creating package script '/home/jetsonnx/ros2_ws/install/dynamixel_workbench_operators/share/dynamixel_workbench_operators/package.sh'
[6.924s] INFO:colcon.colcon_core.shell:Creating package script '/home/jetsonnx/ros2_ws/install/dynamixel_workbench_operators/share/dynamixel_workbench_operators/package.bash'
[6.925s] INFO:colcon.colcon_core.shell:Creating package script '/home/jetsonnx/ros2_ws/install/dynamixel_workbench_operators/share/dynamixel_workbench_operators/package.zsh'
[6.930s] Level 1:colcon.colcon_core.environment:create_file_with_runtime_dependencies(/home/jetsonnx/ros2_ws/install/dynamixel_workbench_operators/share/colcon-core/packages/dynamixel_workbench_operators)
[7.006s] Level 1:colcon.colcon_core.environment:create_environment_scripts_only(dynamixel_workbench_controllers)
[7.007s] Level 1:colcon.colcon_core.environment:checking '/home/jetsonnx/ros2_ws/install/dynamixel_workbench_controllers' for CMake module files
[7.010s] Level 1:colcon.colcon_core.environment:checking '/home/jetsonnx/ros2_ws/install/dynamixel_workbench_controllers' for CMake config files
[7.014s] Level 1:colcon.colcon_core.shell:create_environment_hook('dynamixel_workbench_controllers', 'cmake_prefix_path')
[7.015s] INFO:colcon.colcon_core.shell:Creating environment hook '/home/jetsonnx/ros2_ws/install/dynamixel_workbench_controllers/share/dynamixel_workbench_controllers/hook/cmake_prefix_path.ps1'
[7.017s] INFO:colcon.colcon_core.shell:Creating environment descriptor '/home/jetsonnx/ros2_ws/install/dynamixel_workbench_controllers/share/dynamixel_workbench_controllers/hook/cmake_prefix_path.dsv'
[7.019s] INFO:colcon.colcon_core.shell:Creating environment hook '/home/jetsonnx/ros2_ws/install/dynamixel_workbench_controllers/share/dynamixel_workbench_controllers/hook/cmake_prefix_path.sh'
[7.022s] Level 1:colcon.colcon_core.environment:checking '/home/jetsonnx/ros2_ws/install/dynamixel_workbench_controllers/lib'
[7.022s] Level 1:colcon.colcon_core.environment:checking '/home/jetsonnx/ros2_ws/install/dynamixel_workbench_controllers/bin'
[7.022s] Level 1:colcon.colcon_core.environment:checking '/home/jetsonnx/ros2_ws/install/dynamixel_workbench_controllers/lib/pkgconfig/dynamixel_workbench_controllers.pc'
[7.023s] Level 1:colcon.colcon_core.environment:checking '/home/jetsonnx/ros2_ws/install/dynamixel_workbench_controllers/lib/python3.8/site-packages'
[7.024s] Level 1:colcon.colcon_core.environment:checking '/home/jetsonnx/ros2_ws/install/dynamixel_workbench_controllers/bin'
[7.025s] INFO:colcon.colcon_core.shell:Creating package script '/home/jetsonnx/ros2_ws/install/dynamixel_workbench_controllers/share/dynamixel_workbench_controllers/package.ps1'
[7.027s] INFO:colcon.colcon_core.shell:Creating package descriptor '/home/jetsonnx/ros2_ws/install/dynamixel_workbench_controllers/share/dynamixel_workbench_controllers/package.dsv'
[7.030s] INFO:colcon.colcon_core.shell:Creating package script '/home/jetsonnx/ros2_ws/install/dynamixel_workbench_controllers/share/dynamixel_workbench_controllers/package.sh'
[7.032s] INFO:colcon.colcon_core.shell:Creating package script '/home/jetsonnx/ros2_ws/install/dynamixel_workbench_controllers/share/dynamixel_workbench_controllers/package.bash'
[7.033s] INFO:colcon.colcon_core.shell:Creating package script '/home/jetsonnx/ros2_ws/install/dynamixel_workbench_controllers/share/dynamixel_workbench_controllers/package.zsh'
[7.035s] Level 1:colcon.colcon_core.environment:create_file_with_runtime_dependencies(/home/jetsonnx/ros2_ws/install/dynamixel_workbench_controllers/share/colcon-core/packages/dynamixel_workbench_controllers)
[19.130s] DEBUG:colcon.colcon_core.event_handler.log_command:Invoked command in '/home/jetsonnx/ros2_ws/build/rplidar_ros' returned '0': CMAKE_PREFIX_PATH=${CMAKE_PREFIX_PATH}:/opt/ros/foxy /usr/bin/cmake /home/jetsonnx/ros2_ws/src/rplidar_ros2 -DAMENT_CMAKE_SYMLINK_INSTALL=1 -DCMAKE_INSTALL_PREFIX=/home/jetsonnx/ros2_ws/install/rplidar_ros
[19.143s] DEBUG:colcon.colcon_core.event_handler.log_command:Invoking command in '/home/jetsonnx/ros2_ws/build/rplidar_ros': CMAKE_PREFIX_PATH=${CMAKE_PREFIX_PATH}:/opt/ros/foxy /usr/bin/cmake --build /home/jetsonnx/ros2_ws/build/rplidar_ros -- -j4 -l4
[20.499s] DEBUG:colcon.colcon_core.event_handler.log_command:Invoked command in '/home/jetsonnx/ros2_ws/build/dynamixel_workbench_msgs' returned '0': CMAKE_PREFIX_PATH=${CMAKE_PREFIX_PATH}:/opt/ros/foxy /usr/bin/cmake /home/jetsonnx/ros2_ws/src/dynamixel-workbench-msgs/dynamixel_workbench_msgs -DAMENT_CMAKE_SYMLINK_INSTALL=1 -DCMAKE_INSTALL_PREFIX=/home/jetsonnx/ros2_ws/install/dynamixel_workbench_msgs
[20.514s] DEBUG:colcon.colcon_core.event_handler.log_command:Invoking command in '/home/jetsonnx/ros2_ws/build/dynamixel_workbench_msgs': CMAKE_PREFIX_PATH=${CMAKE_PREFIX_PATH}:/opt/ros/foxy /usr/bin/cmake --build /home/jetsonnx/ros2_ws/build/dynamixel_workbench_msgs -- -j4 -l4
[27.599s] DEBUG:colcon.colcon_core.event_handler.log_command:Invoked command in '/home/jetsonnx/ros2_ws/build/dynamixel_workbench_msgs' returned '0': CMAKE_PREFIX_PATH=${CMAKE_PREFIX_PATH}:/opt/ros/foxy /usr/bin/cmake --build /home/jetsonnx/ros2_ws/build/dynamixel_workbench_msgs -- -j4 -l4
[34.218s] DEBUG:colcon.colcon_core.event_handler.log_command:Invoking command in '/home/jetsonnx/ros2_ws/build/dynamixel_workbench_msgs': CMAKE_PREFIX_PATH=${CMAKE_PREFIX_PATH}:/opt/ros/foxy /usr/bin/cmake --install /home/jetsonnx/ros2_ws/build/dynamixel_workbench_msgs
[59.023s] Level 1:colcon.colcon_core.environment:create_environment_scripts_only(dynamixel_workbench_msgs)
[59.026s] Level 1:colcon.colcon_core.environment:checking '/home/jetsonnx/ros2_ws/install/dynamixel_workbench_msgs' for CMake module files
[59.029s] DEBUG:colcon.colcon_core.event_handler.log_command:Invoked command in '/home/jetsonnx/ros2_ws/build/dynamixel_workbench_msgs' returned '0': CMAKE_PREFIX_PATH=${CMAKE_PREFIX_PATH}:/opt/ros/foxy /usr/bin/cmake --install /home/jetsonnx/ros2_ws/build/dynamixel_workbench_msgs
[59.032s] Level 1:colcon.colcon_core.environment:checking '/home/jetsonnx/ros2_ws/install/dynamixel_workbench_msgs' for CMake config files
[59.047s] Level 1:colcon.colcon_core.shell:create_environment_hook('dynamixel_workbench_msgs', 'cmake_prefix_path')
[59.049s] INFO:colcon.colcon_core.shell:Creating environment hook '/home/jetsonnx/ros2_ws/install/dynamixel_workbench_msgs/share/dynamixel_workbench_msgs/hook/cmake_prefix_path.ps1'
[59.053s] INFO:colcon.colcon_core.shell:Creating environment descriptor '/home/jetsonnx/ros2_ws/install/dynamixel_workbench_msgs/share/dynamixel_workbench_msgs/hook/cmake_prefix_path.dsv'
[59.058s] INFO:colcon.colcon_core.shell:Creating environment hook '/home/jetsonnx/ros2_ws/install/dynamixel_workbench_msgs/share/dynamixel_workbench_msgs/hook/cmake_prefix_path.sh'
[59.066s] Level 1:colcon.colcon_core.environment:checking '/home/jetsonnx/ros2_ws/install/dynamixel_workbench_msgs/lib'
[59.067s] Level 1:colcon.colcon_core.shell:create_environment_hook('dynamixel_workbench_msgs', 'ld_library_path_lib')
[59.068s] INFO:colcon.colcon_core.shell:Creating environment hook '/home/jetsonnx/ros2_ws/install/dynamixel_workbench_msgs/share/dynamixel_workbench_msgs/hook/ld_library_path_lib.ps1'
[59.070s] INFO:colcon.colcon_core.shell:Creating environment descriptor '/home/jetsonnx/ros2_ws/install/dynamixel_workbench_msgs/share/dynamixel_workbench_msgs/hook/ld_library_path_lib.dsv'
[59.071s] INFO:colcon.colcon_core.shell:Creating environment hook '/home/jetsonnx/ros2_ws/install/dynamixel_workbench_msgs/share/dynamixel_workbench_msgs/hook/ld_library_path_lib.sh'
[59.073s] Level 1:colcon.colcon_core.environment:checking '/home/jetsonnx/ros2_ws/install/dynamixel_workbench_msgs/bin'
[59.073s] Level 1:colcon.colcon_core.environment:checking '/home/jetsonnx/ros2_ws/install/dynamixel_workbench_msgs/lib/pkgconfig/dynamixel_workbench_msgs.pc'
[59.075s] Level 1:colcon.colcon_core.environment:checking '/home/jetsonnx/ros2_ws/install/dynamixel_workbench_msgs/lib/python3.8/site-packages'
[59.075s] Level 1:colcon.colcon_core.shell:create_environment_hook('dynamixel_workbench_msgs', 'pythonpath')
[59.076s] INFO:colcon.colcon_core.shell:Creating environment hook '/home/jetsonnx/ros2_ws/install/dynamixel_workbench_msgs/share/dynamixel_workbench_msgs/hook/pythonpath.ps1'
[59.078s] INFO:colcon.colcon_core.shell:Creating environment descriptor '/home/jetsonnx/ros2_ws/install/dynamixel_workbench_msgs/share/dynamixel_workbench_msgs/hook/pythonpath.dsv'
[59.079s] INFO:colcon.colcon_core.shell:Creating environment hook '/home/jetsonnx/ros2_ws/install/dynamixel_workbench_msgs/share/dynamixel_workbench_msgs/hook/pythonpath.sh'
[59.081s] Level 1:colcon.colcon_core.environment:checking '/home/jetsonnx/ros2_ws/install/dynamixel_workbench_msgs/bin'
[59.083s] INFO:colcon.colcon_core.shell:Creating package script '/home/jetsonnx/ros2_ws/install/dynamixel_workbench_msgs/share/dynamixel_workbench_msgs/package.ps1'
[59.085s] INFO:colcon.colcon_core.shell:Creating package descriptor '/home/jetsonnx/ros2_ws/install/dynamixel_workbench_msgs/share/dynamixel_workbench_msgs/package.dsv'
[59.088s] INFO:colcon.colcon_core.shell:Creating package script '/home/jetsonnx/ros2_ws/install/dynamixel_workbench_msgs/share/dynamixel_workbench_msgs/package.sh'
[59.091s] INFO:colcon.colcon_core.shell:Creating package script '/home/jetsonnx/ros2_ws/install/dynamixel_workbench_msgs/share/dynamixel_workbench_msgs/package.bash'
[59.092s] INFO:colcon.colcon_core.shell:Creating package script '/home/jetsonnx/ros2_ws/install/dynamixel_workbench_msgs/share/dynamixel_workbench_msgs/package.zsh'
[59.095s] Level 1:colcon.colcon_core.environment:create_file_with_runtime_dependencies(/home/jetsonnx/ros2_ws/install/dynamixel_workbench_msgs/share/colcon-core/packages/dynamixel_workbench_msgs)
[60.430s] DEBUG:colcon.colcon_core.event_handler.log_command:Invoked command in '/home/jetsonnx/ros2_ws/build/rplidar_ros' returned '0': CMAKE_PREFIX_PATH=${CMAKE_PREFIX_PATH}:/opt/ros/foxy /usr/bin/cmake --build /home/jetsonnx/ros2_ws/build/rplidar_ros -- -j4 -l4
[60.644s] DEBUG:colcon.colcon_core.event_handler.log_command:Invoking command in '/home/jetsonnx/ros2_ws/build/rplidar_ros': CMAKE_PREFIX_PATH=${CMAKE_PREFIX_PATH}:/opt/ros/foxy /usr/bin/cmake --install /home/jetsonnx/ros2_ws/build/rplidar_ros
[60.819s] Level 1:colcon.colcon_core.environment:create_environment_scripts_only(dynamixel_workbench_msgs)
[60.821s] Level 1:colcon.colcon_core.environment:checking '/home/jetsonnx/ros2_ws/install/dynamixel_workbench_msgs' for CMake module files
[60.825s] Level 1:colcon.colcon_core.environment:checking '/home/jetsonnx/ros2_ws/install/dynamixel_workbench_msgs' for CMake config files
[60.840s] Level 1:colcon.colcon_core.shell:create_environment_hook('dynamixel_workbench_msgs', 'cmake_prefix_path')
[60.841s] INFO:colcon.colcon_core.shell:Creating environment hook '/home/jetsonnx/ros2_ws/install/dynamixel_workbench_msgs/share/dynamixel_workbench_msgs/hook/cmake_prefix_path.ps1'
[60.845s] INFO:colcon.colcon_core.shell:Creating environment descriptor '/home/jetsonnx/ros2_ws/install/dynamixel_workbench_msgs/share/dynamixel_workbench_msgs/hook/cmake_prefix_path.dsv'
[60.851s] INFO:colcon.colcon_core.shell:Creating environment hook '/home/jetsonnx/ros2_ws/install/dynamixel_workbench_msgs/share/dynamixel_workbench_msgs/hook/cmake_prefix_path.sh'
[60.856s] Level 1:colcon.colcon_core.environment:checking '/home/jetsonnx/ros2_ws/install/dynamixel_workbench_msgs/lib'
[60.857s] Level 1:colcon.colcon_core.shell:create_environment_hook('dynamixel_workbench_msgs', 'ld_library_path_lib')
[60.858s] INFO:colcon.colcon_core.shell:Creating environment hook '/home/jetsonnx/ros2_ws/install/dynamixel_workbench_msgs/share/dynamixel_workbench_msgs/hook/ld_library_path_lib.ps1'
[60.861s] INFO:colcon.colcon_core.shell:Creating environment descriptor '/home/jetsonnx/ros2_ws/install/dynamixel_workbench_msgs/share/dynamixel_workbench_msgs/hook/ld_library_path_lib.dsv'
[60.864s] INFO:colcon.colcon_core.shell:Creating environment hook '/home/jetsonnx/ros2_ws/install/dynamixel_workbench_msgs/share/dynamixel_workbench_msgs/hook/ld_library_path_lib.sh'
[60.867s] Level 1:colcon.colcon_core.environment:checking '/home/jetsonnx/ros2_ws/install/dynamixel_workbench_msgs/bin'
[60.868s] Level 1:colcon.colcon_core.environment:checking '/home/jetsonnx/ros2_ws/install/dynamixel_workbench_msgs/lib/pkgconfig/dynamixel_workbench_msgs.pc'
[60.870s] Level 1:colcon.colcon_core.environment:checking '/home/jetsonnx/ros2_ws/install/dynamixel_workbench_msgs/lib/python3.8/site-packages'
[60.870s] Level 1:colcon.colcon_core.shell:create_environment_hook('dynamixel_workbench_msgs', 'pythonpath')
[60.872s] INFO:colcon.colcon_core.shell:Creating environment hook '/home/jetsonnx/ros2_ws/install/dynamixel_workbench_msgs/share/dynamixel_workbench_msgs/hook/pythonpath.ps1'
[60.875s] INFO:colcon.colcon_core.shell:Creating environment descriptor '/home/jetsonnx/ros2_ws/install/dynamixel_workbench_msgs/share/dynamixel_workbench_msgs/hook/pythonpath.dsv'
[60.878s] INFO:colcon.colcon_core.shell:Creating environment hook '/home/jetsonnx/ros2_ws/install/dynamixel_workbench_msgs/share/dynamixel_workbench_msgs/hook/pythonpath.sh'
[60.881s] Level 1:colcon.colcon_core.environment:checking '/home/jetsonnx/ros2_ws/install/dynamixel_workbench_msgs/bin'
[60.883s] INFO:colcon.colcon_core.shell:Creating package script '/home/jetsonnx/ros2_ws/install/dynamixel_workbench_msgs/share/dynamixel_workbench_msgs/package.ps1'
[60.889s] INFO:colcon.colcon_core.shell:Creating package descriptor '/home/jetsonnx/ros2_ws/install/dynamixel_workbench_msgs/share/dynamixel_workbench_msgs/package.dsv'
[60.892s] INFO:colcon.colcon_core.shell:Creating package script '/home/jetsonnx/ros2_ws/install/dynamixel_workbench_msgs/share/dynamixel_workbench_msgs/package.sh'
[60.897s] INFO:colcon.colcon_core.shell:Creating package script '/home/jetsonnx/ros2_ws/install/dynamixel_workbench_msgs/share/dynamixel_workbench_msgs/package.bash'
[60.898s] INFO:colcon.colcon_core.shell:Creating package script '/home/jetsonnx/ros2_ws/install/dynamixel_workbench_msgs/share/dynamixel_workbench_msgs/package.zsh'
[60.900s] Level 1:colcon.colcon_core.environment:create_file_with_runtime_dependencies(/home/jetsonnx/ros2_ws/install/dynamixel_workbench_msgs/share/colcon-core/packages/dynamixel_workbench_msgs)
[62.165s] Level 1:colcon.colcon_core.environment:create_environment_scripts_only(rplidar_ros)
[62.167s] Level 1:colcon.colcon_core.environment:checking '/home/jetsonnx/ros2_ws/install/rplidar_ros' for CMake module files
[62.173s] DEBUG:colcon.colcon_core.event_handler.log_command:Invoked command in '/home/jetsonnx/ros2_ws/build/rplidar_ros' returned '0': CMAKE_PREFIX_PATH=${CMAKE_PREFIX_PATH}:/opt/ros/foxy /usr/bin/cmake --install /home/jetsonnx/ros2_ws/build/rplidar_ros
[62.184s] Level 1:colcon.colcon_core.environment:checking '/home/jetsonnx/ros2_ws/install/rplidar_ros' for CMake config files
[62.193s] Level 1:colcon.colcon_core.shell:create_environment_hook('rplidar_ros', 'cmake_prefix_path')
[62.198s] INFO:colcon.colcon_core.shell:Creating environment hook '/home/jetsonnx/ros2_ws/install/rplidar_ros/share/rplidar_ros/hook/cmake_prefix_path.ps1'
[62.205s] INFO:colcon.colcon_core.shell:Creating environment descriptor '/home/jetsonnx/ros2_ws/install/rplidar_ros/share/rplidar_ros/hook/cmake_prefix_path.dsv'
[62.207s] INFO:colcon.colcon_core.shell:Creating environment hook '/home/jetsonnx/ros2_ws/install/rplidar_ros/share/rplidar_ros/hook/cmake_prefix_path.sh'
[62.210s] Level 1:colcon.colcon_core.environment:checking '/home/jetsonnx/ros2_ws/install/rplidar_ros/lib'
[62.210s] Level 1:colcon.colcon_core.shell:create_environment_hook('rplidar_ros', 'ld_library_path_lib')
[62.212s] INFO:colcon.colcon_core.shell:Creating environment hook '/home/jetsonnx/ros2_ws/install/rplidar_ros/share/rplidar_ros/hook/ld_library_path_lib.ps1'
[62.213s] INFO:colcon.colcon_core.shell:Creating environment descriptor '/home/jetsonnx/ros2_ws/install/rplidar_ros/share/rplidar_ros/hook/ld_library_path_lib.dsv'
[62.215s] INFO:colcon.colcon_core.shell:Creating environment hook '/home/jetsonnx/ros2_ws/install/rplidar_ros/share/rplidar_ros/hook/ld_library_path_lib.sh'
[62.216s] Level 1:colcon.colcon_core.environment:checking '/home/jetsonnx/ros2_ws/install/rplidar_ros/bin'
[62.216s] Level 1:colcon.colcon_core.environment:checking '/home/jetsonnx/ros2_ws/install/rplidar_ros/lib/pkgconfig/rplidar_ros.pc'
[62.217s] Level 1:colcon.colcon_core.environment:checking '/home/jetsonnx/ros2_ws/install/rplidar_ros/lib/python3.8/site-packages'
[62.218s] Level 1:colcon.colcon_core.environment:checking '/home/jetsonnx/ros2_ws/install/rplidar_ros/bin'
[62.219s] INFO:colcon.colcon_core.shell:Creating package script '/home/jetsonnx/ros2_ws/install/rplidar_ros/share/rplidar_ros/package.ps1'
[62.221s] INFO:colcon.colcon_core.shell:Creating package descriptor '/home/jetsonnx/ros2_ws/install/rplidar_ros/share/rplidar_ros/package.dsv'
[62.223s] INFO:colcon.colcon_core.shell:Creating package script '/home/jetsonnx/ros2_ws/install/rplidar_ros/share/rplidar_ros/package.sh'
[62.224s] INFO:colcon.colcon_core.shell:Creating package script '/home/jetsonnx/ros2_ws/install/rplidar_ros/share/rplidar_ros/package.bash'
[62.226s] INFO:colcon.colcon_core.shell:Creating package script '/home/jetsonnx/ros2_ws/install/rplidar_ros/share/rplidar_ros/package.zsh'
[62.227s] Level 1:colcon.colcon_core.environment:create_file_with_runtime_dependencies(/home/jetsonnx/ros2_ws/install/rplidar_ros/share/colcon-core/packages/rplidar_ros)
[62.424s] Level 1:colcon.colcon_core.environment:create_environment_scripts_only(rplidar_ros)
[62.431s] Level 1:colcon.colcon_core.environment:checking '/home/jetsonnx/ros2_ws/install/rplidar_ros' for CMake module files
[62.437s] Level 1:colcon.colcon_core.environment:checking '/home/jetsonnx/ros2_ws/install/rplidar_ros' for CMake config files
[62.441s] Level 1:colcon.colcon_core.shell:create_environment_hook('rplidar_ros', 'cmake_prefix_path')
[62.443s] INFO:colcon.colcon_core.shell:Creating environment hook '/home/jetsonnx/ros2_ws/install/rplidar_ros/share/rplidar_ros/hook/cmake_prefix_path.ps1'
[62.446s] INFO:colcon.colcon_core.shell:Creating environment descriptor '/home/jetsonnx/ros2_ws/install/rplidar_ros/share/rplidar_ros/hook/cmake_prefix_path.dsv'
[62.458s] INFO:colcon.colcon_core.shell:Creating environment hook '/home/jetsonnx/ros2_ws/install/rplidar_ros/share/rplidar_ros/hook/cmake_prefix_path.sh'
[62.463s] Level 1:colcon.colcon_core.environment:checking '/home/jetsonnx/ros2_ws/install/rplidar_ros/lib'
[62.464s] Level 1:colcon.colcon_core.shell:create_environment_hook('rplidar_ros', 'ld_library_path_lib')
[62.465s] INFO:colcon.colcon_core.shell:Creating environment hook '/home/jetsonnx/ros2_ws/install/rplidar_ros/share/rplidar_ros/hook/ld_library_path_lib.ps1'
[62.467s] INFO:colcon.colcon_core.shell:Creating environment descriptor '/home/jetsonnx/ros2_ws/install/rplidar_ros/share/rplidar_ros/hook/ld_library_path_lib.dsv'
[62.468s] INFO:colcon.colcon_core.shell:Creating environment hook '/home/jetsonnx/ros2_ws/install/rplidar_ros/share/rplidar_ros/hook/ld_library_path_lib.sh'
[62.470s] Level 1:colcon.colcon_core.environment:checking '/home/jetsonnx/ros2_ws/install/rplidar_ros/bin'
[62.471s] Level 1:colcon.colcon_core.environment:checking '/home/jetsonnx/ros2_ws/install/rplidar_ros/lib/pkgconfig/rplidar_ros.pc'
[62.472s] Level 1:colcon.colcon_core.environment:checking '/home/jetsonnx/ros2_ws/install/rplidar_ros/lib/python3.8/site-packages'
[62.473s] Level 1:colcon.colcon_core.environment:checking '/home/jetsonnx/ros2_ws/install/rplidar_ros/bin'
[62.474s] INFO:colcon.colcon_core.shell:Creating package script '/home/jetsonnx/ros2_ws/install/rplidar_ros/share/rplidar_ros/package.ps1'
[62.476s] INFO:colcon.colcon_core.shell:Creating package descriptor '/home/jetsonnx/ros2_ws/install/rplidar_ros/share/rplidar_ros/package.dsv'
[62.479s] INFO:colcon.colcon_core.shell:Creating package script '/home/jetsonnx/ros2_ws/install/rplidar_ros/share/rplidar_ros/package.sh'
[62.480s] INFO:colcon.colcon_core.shell:Creating package script '/home/jetsonnx/ros2_ws/install/rplidar_ros/share/rplidar_ros/package.bash'
[62.482s] INFO:colcon.colcon_core.shell:Creating package script '/home/jetsonnx/ros2_ws/install/rplidar_ros/share/rplidar_ros/package.zsh'
[62.484s] Level 1:colcon.colcon_core.environment:create_file_with_runtime_dependencies(/home/jetsonnx/ros2_ws/install/rplidar_ros/share/colcon-core/packages/rplidar_ros)
[62.488s] DEBUG:colcon.colcon_parallel_executor.executor.parallel:closing loop
[62.489s] DEBUG:colcon.colcon_parallel_executor.executor.parallel:loop closed
[62.489s] DEBUG:colcon.colcon_parallel_executor.executor.parallel:run_until_complete finished with '0'
[62.490s] DEBUG:colcon.colcon_core.event_reactor:joining thread
[62.620s] INFO:colcon.colcon_core.plugin_system:Skipping extension 'colcon_notification.desktop_notification.terminal_notifier': Not used on non-Darwin systems
[62.621s] INFO:colcon.colcon_core.plugin_system:Skipping extension 'colcon_notification.desktop_notification.win32': Not used on non-Windows systems
[62.621s] INFO:colcon.colcon_notification.desktop_notification:Sending desktop notification using 'notify2'
[62.811s] DEBUG:colcon.colcon_notification.desktop_notification.notify2:Failed to initialize notify2: org.freedesktop.DBus.Error.Spawn.ChildExited: Process org.freedesktop.Notifications exited with status 1
[62.812s] DEBUG:colcon.colcon_core.event_reactor:joined thread
[62.814s] INFO:colcon.colcon_core.shell:Creating prefix script '/home/jetsonnx/ros2_ws/install/local_setup.ps1'
[62.956s] INFO:colcon.colcon_core.shell:Creating prefix util module '/home/jetsonnx/ros2_ws/install/_local_setup_util_ps1.py'
[62.963s] INFO:colcon.colcon_core.shell:Creating prefix chain script '/home/jetsonnx/ros2_ws/install/setup.ps1'
[62.969s] INFO:colcon.colcon_core.shell:Creating prefix script '/home/jetsonnx/ros2_ws/install/local_setup.sh'
[62.975s] INFO:colcon.colcon_core.shell:Creating prefix util module '/home/jetsonnx/ros2_ws/install/_local_setup_util_sh.py'
[62.977s] INFO:colcon.colcon_core.shell:Creating prefix chain script '/home/jetsonnx/ros2_ws/install/setup.sh'
[62.983s] INFO:colcon.colcon_core.shell:Creating prefix script '/home/jetsonnx/ros2_ws/install/local_setup.bash'
[62.986s] INFO:colcon.colcon_core.shell:Creating prefix chain script '/home/jetsonnx/ros2_ws/install/setup.bash'
[62.991s] INFO:colcon.colcon_core.shell:Creating prefix script '/home/jetsonnx/ros2_ws/install/local_setup.zsh'
[62.995s] INFO:colcon.colcon_core.shell:Creating prefix chain script '/home/jetsonnx/ros2_ws/install/setup.zsh'
