[0.167s] Invoking command in '/home/jetson/ros2_ws/build/sllidar_ros2': CMAKE_PREFIX_PATH=${CMAKE_PREFIX_PATH}:/opt/ros/foxy /usr/bin/cmake --build /home/jetson/ros2_ws/build/sllidar_ros2 -- -j8 -l8
[0.484s] [ 10%] Built target sllidar_client
[0.515s] [100%] Built target sllidar_node
[0.586s] Invoked command in '/home/jetson/ros2_ws/build/sllidar_ros2' returned '0': CMAKE_PREFIX_PATH=${CMAKE_PREFIX_PATH}:/opt/ros/foxy /usr/bin/cmake --build /home/jetson/ros2_ws/build/sllidar_ros2 -- -j8 -l8
[0.894s] Invoking command in '/home/jetson/ros2_ws/build/sllidar_ros2': CMAKE_PREFIX_PATH=${CMAKE_PREFIX_PATH}:/opt/ros/foxy /usr/bin/cmake --install /home/jetson/ros2_ws/build/sllidar_ros2
[0.928s] -- Install configuration: ""
[0.930s] -- Execute custom install script
[0.933s] -- Up-to-date symlink: /home/jetson/ros2_ws/install/sllidar_ros2/share/sllidar_ros2/launch/sllidar_a1_launch.py
[0.934s] -- Up-to-date symlink: /home/jetson/ros2_ws/install/sllidar_ros2/share/sllidar_ros2/launch/sllidar_a2m12_launch .py
[0.939s] -- Up-to-date symlink: /home/jetson/ros2_ws/install/sllidar_ros2/share/sllidar_ros2/launch/sllidar_a2m7_launch.py
[0.939s] -- Up-to-date symlink: /home/jetson/ros2_ws/install/sllidar_ros2/share/sllidar_ros2/launch/sllidar_a2m8_launch.py
[0.940s] -- Up-to-date symlink: /home/jetson/ros2_ws/install/sllidar_ros2/share/sllidar_ros2/launch/sllidar_a3_launch.py
[0.940s] -- Up-to-date symlink: /home/jetson/ros2_ws/install/sllidar_ros2/share/sllidar_ros2/launch/sllidar_c1_launch.py
[0.941s] -- Up-to-date symlink: /home/jetson/ros2_ws/install/sllidar_ros2/share/sllidar_ros2/launch/sllidar_s1_launch.py
[0.941s] -- Up-to-date symlink: /home/jetson/ros2_ws/install/sllidar_ros2/share/sllidar_ros2/launch/sllidar_s1_tcp_launch.py
[0.942s] -- Up-to-date symlink: /home/jetson/ros2_ws/install/sllidar_ros2/share/sllidar_ros2/launch/sllidar_s2_launch.py
[0.942s] -- Up-to-date symlink: /home/jetson/ros2_ws/install/sllidar_ros2/share/sllidar_ros2/launch/sllidar_s2e_launch.py
[0.942s] -- Up-to-date symlink: /home/jetson/ros2_ws/install/sllidar_ros2/share/sllidar_ros2/launch/sllidar_s3_launch.py
[0.943s] -- Up-to-date symlink: /home/jetson/ros2_ws/install/sllidar_ros2/share/sllidar_ros2/launch/sllidar_t1_launch.py
[0.946s] -- Up-to-date symlink: /home/jetson/ros2_ws/install/sllidar_ros2/share/sllidar_ros2/launch/view_sllidar_a1_launch.py
[0.946s] -- Up-to-date symlink: /home/jetson/ros2_ws/install/sllidar_ros2/share/sllidar_ros2/launch/view_sllidar_a2m12_launch.py
[0.946s] -- Up-to-date symlink: /home/jetson/ros2_ws/install/sllidar_ros2/share/sllidar_ros2/launch/view_sllidar_a2m7_launch.py
[0.947s] -- Up-to-date symlink: /home/jetson/ros2_ws/install/sllidar_ros2/share/sllidar_ros2/launch/view_sllidar_a2m8_launch.py
[0.948s] -- Up-to-date symlink: /home/jetson/ros2_ws/install/sllidar_ros2/share/sllidar_ros2/launch/view_sllidar_a3_launch.py
[0.948s] -- Up-to-date symlink: /home/jetson/ros2_ws/install/sllidar_ros2/share/sllidar_ros2/launch/view_sllidar_c1_launch.py
[0.949s] -- Up-to-date symlink: /home/jetson/ros2_ws/install/sllidar_ros2/share/sllidar_ros2/launch/view_sllidar_s1_launch.py
[0.951s] -- Up-to-date symlink: /home/jetson/ros2_ws/install/sllidar_ros2/share/sllidar_ros2/launch/view_sllidar_s1_tcp_launch.py
[0.951s] -- Up-to-date symlink: /home/jetson/ros2_ws/install/sllidar_ros2/share/sllidar_ros2/launch/view_sllidar_s2_launch.py
[0.952s] -- Up-to-date symlink: /home/jetson/ros2_ws/install/sllidar_ros2/share/sllidar_ros2/launch/view_sllidar_s2e_launch.py
[0.953s] -- Up-to-date symlink: /home/jetson/ros2_ws/install/sllidar_ros2/share/sllidar_ros2/launch/view_sllidar_s3_launch.py
[0.954s] -- Up-to-date symlink: /home/jetson/ros2_ws/install/sllidar_ros2/share/sllidar_ros2/launch/view_sllidar_t1_launch.py
[0.956s] -- Up-to-date symlink: /home/jetson/ros2_ws/install/sllidar_ros2/share/sllidar_ros2/rviz/sllidar_ros2.rviz
[0.957s] -- Up-to-date symlink: /home/jetson/ros2_ws/install/sllidar_ros2/lib/sllidar_ros2/sllidar_node
[0.959s] -- Up-to-date symlink: /home/jetson/ros2_ws/install/sllidar_ros2/lib/sllidar_ros2/sllidar_client
[0.960s] -- Up-to-date symlink: /home/jetson/ros2_ws/install/sllidar_ros2/share/ament_index/resource_index/package_run_dependencies/sllidar_ros2
[0.962s] -- Up-to-date symlink: /home/jetson/ros2_ws/install/sllidar_ros2/share/ament_index/resource_index/parent_prefix_path/sllidar_ros2
[0.963s] -- Up-to-date symlink: /home/jetson/ros2_ws/install/sllidar_ros2/share/sllidar_ros2/environment/ament_prefix_path.sh
[0.965s] -- Up-to-date symlink: /home/jetson/ros2_ws/install/sllidar_ros2/share/sllidar_ros2/environment/ament_prefix_path.dsv
[0.968s] -- Up-to-date symlink: /home/jetson/ros2_ws/install/sllidar_ros2/share/sllidar_ros2/environment/path.sh
[0.970s] -- Up-to-date symlink: /home/jetson/ros2_ws/install/sllidar_ros2/share/sllidar_ros2/environment/path.dsv
[0.970s] -- Up-to-date symlink: /home/jetson/ros2_ws/install/sllidar_ros2/share/sllidar_ros2/local_setup.bash
[0.971s] -- Up-to-date symlink: /home/jetson/ros2_ws/install/sllidar_ros2/share/sllidar_ros2/local_setup.sh
[0.973s] -- Up-to-date symlink: /home/jetson/ros2_ws/install/sllidar_ros2/share/sllidar_ros2/local_setup.zsh
[0.974s] -- Up-to-date symlink: /home/jetson/ros2_ws/install/sllidar_ros2/share/sllidar_ros2/local_setup.dsv
[0.974s] -- Symlinking: /home/jetson/ros2_ws/install/sllidar_ros2/share/sllidar_ros2/package.dsv
[1.013s] -- Up-to-date symlink: /home/jetson/ros2_ws/install/sllidar_ros2/share/ament_index/resource_index/packages/sllidar_ros2
[1.014s] -- Up-to-date symlink: /home/jetson/ros2_ws/install/sllidar_ros2/share/sllidar_ros2/cmake/ament_cmake_export_dependencies-extras.cmake
[1.015s] -- Up-to-date symlink: /home/jetson/ros2_ws/install/sllidar_ros2/share/sllidar_ros2/cmake/ament_cmake_export_include_directories-extras.cmake
[1.016s] -- Up-to-date symlink: /home/jetson/ros2_ws/install/sllidar_ros2/share/sllidar_ros2/cmake/sllidar_ros2Config.cmake
[1.017s] -- Up-to-date symlink: /home/jetson/ros2_ws/install/sllidar_ros2/share/sllidar_ros2/cmake/sllidar_ros2Config-version.cmake
[1.019s] -- Up-to-date symlink: /home/jetson/ros2_ws/install/sllidar_ros2/share/sllidar_ros2/package.xml
[1.033s] Invoked command in '/home/jetson/ros2_ws/build/sllidar_ros2' returned '0': CMAKE_PREFIX_PATH=${CMAKE_PREFIX_PATH}:/opt/ros/foxy /usr/bin/cmake --install /home/jetson/ros2_ws/build/sllidar_ros2
