[0.151s] Invoking command in '/home/jetson/ros2_ws/build/turtlebot3_navigation2': CMAKE_PREFIX_PATH=${CMAKE_PREFIX_PATH}:/opt/ros/foxy /usr/bin/cmake --build /home/jetson/ros2_ws/build/turtlebot3_navigation2 -- -j8 -l8
[0.338s] Invoked command in '/home/jetson/ros2_ws/build/turtlebot3_navigation2' returned '0': CMAKE_PREFIX_PATH=${CMAKE_PREFIX_PATH}:/opt/ros/foxy /usr/bin/cmake --build /home/jetson/ros2_ws/build/turtlebot3_navigation2 -- -j8 -l8
[0.581s] Invoking command in '/home/jetson/ros2_ws/build/turtlebot3_navigation2': CMAKE_PREFIX_PATH=${CMAKE_PREFIX_PATH}:/opt/ros/foxy /usr/bin/cmake --install /home/jetson/ros2_ws/build/turtlebot3_navigation2
[0.613s] -- Install configuration: ""
[0.615s] -- Execute custom install script
[0.619s] -- Up-to-date symlink: /home/jetson/ros2_ws/install/turtlebot3_navigation2/share/turtlebot3_navigation2/launch/navigation2.launch.py
[0.621s] -- Up-to-date symlink: /home/jetson/ros2_ws/install/turtlebot3_navigation2/share/turtlebot3_navigation2/map/map.pgm
[0.622s] -- Up-to-date symlink: /home/jetson/ros2_ws/install/turtlebot3_navigation2/share/turtlebot3_navigation2/map/map.yaml
[0.623s] -- Up-to-date symlink: /home/jetson/ros2_ws/install/turtlebot3_navigation2/share/turtlebot3_navigation2/map/serverconf.yaml
[0.624s] -- Up-to-date symlink: /home/jetson/ros2_ws/install/turtlebot3_navigation2/share/turtlebot3_navigation2/map/turtlebot3_world.pgm
[0.624s] -- Up-to-date symlink: /home/jetson/ros2_ws/install/turtlebot3_navigation2/share/turtlebot3_navigation2/map/turtlebot3_world.yaml
[0.626s] -- Up-to-date symlink: /home/jetson/ros2_ws/install/turtlebot3_navigation2/share/turtlebot3_navigation2/param/burger.yaml
[0.626s] -- Up-to-date symlink: /home/jetson/ros2_ws/install/turtlebot3_navigation2/share/turtlebot3_navigation2/param/waffle.yaml
[0.628s] -- Up-to-date symlink: /home/jetson/ros2_ws/install/turtlebot3_navigation2/share/turtlebot3_navigation2/rviz/tb3_navigation2.rviz
[0.630s] -- Up-to-date symlink: /home/jetson/ros2_ws/install/turtlebot3_navigation2/share/ament_index/resource_index/package_run_dependencies/turtlebot3_navigation2
[0.632s] -- Up-to-date symlink: /home/jetson/ros2_ws/install/turtlebot3_navigation2/share/ament_index/resource_index/parent_prefix_path/turtlebot3_navigation2
[0.633s] -- Up-to-date symlink: /home/jetson/ros2_ws/install/turtlebot3_navigation2/share/turtlebot3_navigation2/environment/ament_prefix_path.sh
[0.634s] -- Up-to-date symlink: /home/jetson/ros2_ws/install/turtlebot3_navigation2/share/turtlebot3_navigation2/environment/ament_prefix_path.dsv
[0.635s] -- Up-to-date symlink: /home/jetson/ros2_ws/install/turtlebot3_navigation2/share/turtlebot3_navigation2/environment/path.sh
[0.636s] -- Up-to-date symlink: /home/jetson/ros2_ws/install/turtlebot3_navigation2/share/turtlebot3_navigation2/environment/path.dsv
[0.638s] -- Up-to-date symlink: /home/jetson/ros2_ws/install/turtlebot3_navigation2/share/turtlebot3_navigation2/local_setup.bash
[0.639s] -- Up-to-date symlink: /home/jetson/ros2_ws/install/turtlebot3_navigation2/share/turtlebot3_navigation2/local_setup.sh
[0.640s] -- Up-to-date symlink: /home/jetson/ros2_ws/install/turtlebot3_navigation2/share/turtlebot3_navigation2/local_setup.zsh
[0.642s] -- Up-to-date symlink: /home/jetson/ros2_ws/install/turtlebot3_navigation2/share/turtlebot3_navigation2/local_setup.dsv
[0.643s] -- Symlinking: /home/jetson/ros2_ws/install/turtlebot3_navigation2/share/turtlebot3_navigation2/package.dsv
[0.682s] -- Up-to-date symlink: /home/jetson/ros2_ws/install/turtlebot3_navigation2/share/ament_index/resource_index/packages/turtlebot3_navigation2
[0.683s] -- Up-to-date symlink: /home/jetson/ros2_ws/install/turtlebot3_navigation2/share/turtlebot3_navigation2/cmake/turtlebot3_navigation2Config.cmake
[0.684s] -- Up-to-date symlink: /home/jetson/ros2_ws/install/turtlebot3_navigation2/share/turtlebot3_navigation2/cmake/turtlebot3_navigation2Config-version.cmake
[0.685s] -- Up-to-date symlink: /home/jetson/ros2_ws/install/turtlebot3_navigation2/share/turtlebot3_navigation2/package.xml
[0.694s] Invoked command in '/home/jetson/ros2_ws/build/turtlebot3_navigation2' returned '0': CMAKE_PREFIX_PATH=${CMAKE_PREFIX_PATH}:/opt/ros/foxy /usr/bin/cmake --install /home/jetson/ros2_ws/build/turtlebot3_navigation2
