[0.169s] Invoking command in '/home/jetson/ros2_ws/build/sllidar_ros2': CMAKE_PREFIX_PATH=${CMAKE_PREFIX_PATH}:/opt/ros/foxy /usr/bin/cmake --build /home/jetson/ros2_ws/build/sllidar_ros2 -- -j8 -l8
[0.361s] [35m[1mScanning dependencies of target sllidar_node[0m
[0.448s] [ 10%] Built target sllidar_client
[0.716s] [ 15%] [32mBuilding CXX object CMakeFiles/sllidar_node.dir/src/sllidar_node.cpp.o[0m
[5.278s] In file included from [01m[K/home/jetson/ros2_ws/src/sllidar_ros2/./sdk/include/sl_lidar_cmd.h:41[m[K,
[5.279s]                  from [01m[K/home/jetson/ros2_ws/src/sllidar_ros2/./sdk/include/sl_lidar_driver.h:54[m[K,
[5.279s]                  from [01m[K/home/jetson/ros2_ws/src/sllidar_ros2/./sdk/include/sl_lidar.h:36[m[K,
[5.279s]                  from [01m[K/home/jetson/ros2_ws/src/sllidar_ros2/src/sllidar_node.cpp:38[m[K:
[5.279s] [01m[K/home/jetson/ros2_ws/src/sllidar_ros2/./sdk/include/sl_lidar_protocol.h:66:16:[m[K [01;35m[Kwarning: [m[KISO C++ forbids zero-size array тАШ[01m[Kdata[m[KтАЩ [[01;35m[K-Wpedantic[m[K]
[5.280s]    66 |     sl_u8 data[[01;35m[K0[m[K];
[5.280s]       |                [01;35m[K^[m[K
[5.281s] In file included from [01m[K/home/jetson/ros2_ws/src/sllidar_ros2/./sdk/include/sl_lidar_driver.h:54[m[K,
[5.281s]                  from [01m[K/home/jetson/ros2_ws/src/sllidar_ros2/./sdk/include/sl_lidar.h:36[m[K,
[5.281s]                  from [01m[K/home/jetson/ros2_ws/src/sllidar_ros2/src/sllidar_node.cpp:38[m[K:
[5.281s] [01m[K/home/jetson/ros2_ws/src/sllidar_ros2/./sdk/include/sl_lidar_cmd.h:324:20:[m[K [01;35m[Kwarning: [m[KISO C++ forbids zero-size array тАШ[01m[Kpayload[m[KтАЩ [[01;35m[K-Wpedantic[m[K]
[5.282s]   324 |     sl_u8  payload[[01;35m[K0[m[K];
[5.282s]       |                    [01;35m[K^[m[K
[12.066s] [ 20%] [32m[1mLinking CXX executable sllidar_node[0m
[13.716s] [100%] Built target sllidar_node
[13.862s] Invoked command in '/home/jetson/ros2_ws/build/sllidar_ros2' returned '0': CMAKE_PREFIX_PATH=${CMAKE_PREFIX_PATH}:/opt/ros/foxy /usr/bin/cmake --build /home/jetson/ros2_ws/build/sllidar_ros2 -- -j8 -l8
[14.099s] Invoking command in '/home/jetson/ros2_ws/build/sllidar_ros2': CMAKE_PREFIX_PATH=${CMAKE_PREFIX_PATH}:/opt/ros/foxy /usr/bin/cmake --install /home/jetson/ros2_ws/build/sllidar_ros2
[14.128s] -- Install configuration: ""
[14.130s] -- Execute custom install script
[14.133s] -- Up-to-date symlink: /home/jetson/ros2_ws/install/sllidar_ros2/share/sllidar_ros2/launch/sllidar_a1_launch.py
[14.134s] -- Up-to-date symlink: /home/jetson/ros2_ws/install/sllidar_ros2/share/sllidar_ros2/launch/sllidar_a2m12_launch .py
[14.135s] -- Up-to-date symlink: /home/jetson/ros2_ws/install/sllidar_ros2/share/sllidar_ros2/launch/sllidar_a2m7_launch.py
[14.136s] -- Up-to-date symlink: /home/jetson/ros2_ws/install/sllidar_ros2/share/sllidar_ros2/launch/sllidar_a2m8_launch.py
[14.137s] -- Up-to-date symlink: /home/jetson/ros2_ws/install/sllidar_ros2/share/sllidar_ros2/launch/sllidar_a3_launch.py
[14.138s] -- Up-to-date symlink: /home/jetson/ros2_ws/install/sllidar_ros2/share/sllidar_ros2/launch/sllidar_c1_launch.py
[14.139s] -- Up-to-date symlink: /home/jetson/ros2_ws/install/sllidar_ros2/share/sllidar_ros2/launch/sllidar_s1_launch.py
[14.139s] -- Up-to-date symlink: /home/jetson/ros2_ws/install/sllidar_ros2/share/sllidar_ros2/launch/sllidar_s1_tcp_launch.py
[14.140s] -- Up-to-date symlink: /home/jetson/ros2_ws/install/sllidar_ros2/share/sllidar_ros2/launch/sllidar_s2_launch.py
[14.141s] -- Up-to-date symlink: /home/jetson/ros2_ws/install/sllidar_ros2/share/sllidar_ros2/launch/sllidar_s2e_launch.py
[14.142s] -- Up-to-date symlink: /home/jetson/ros2_ws/install/sllidar_ros2/share/sllidar_ros2/launch/sllidar_s3_launch.py
[14.143s] -- Up-to-date symlink: /home/jetson/ros2_ws/install/sllidar_ros2/share/sllidar_ros2/launch/sllidar_t1_launch.py
[14.143s] -- Up-to-date symlink: /home/jetson/ros2_ws/install/sllidar_ros2/share/sllidar_ros2/launch/view_sllidar_a1_launch.py
[14.144s] -- Up-to-date symlink: /home/jetson/ros2_ws/install/sllidar_ros2/share/sllidar_ros2/launch/view_sllidar_a2m12_launch.py
[14.145s] -- Up-to-date symlink: /home/jetson/ros2_ws/install/sllidar_ros2/share/sllidar_ros2/launch/view_sllidar_a2m7_launch.py
[14.145s] -- Up-to-date symlink: /home/jetson/ros2_ws/install/sllidar_ros2/share/sllidar_ros2/launch/view_sllidar_a2m8_launch.py
[14.146s] -- Up-to-date symlink: /home/jetson/ros2_ws/install/sllidar_ros2/share/sllidar_ros2/launch/view_sllidar_a3_launch.py
[14.147s] -- Up-to-date symlink: /home/jetson/ros2_ws/install/sllidar_ros2/share/sllidar_ros2/launch/view_sllidar_c1_launch.py
[14.148s] -- Up-to-date symlink: /home/jetson/ros2_ws/install/sllidar_ros2/share/sllidar_ros2/launch/view_sllidar_s1_launch.py
[14.148s] -- Up-to-date symlink: /home/jetson/ros2_ws/install/sllidar_ros2/share/sllidar_ros2/launch/view_sllidar_s1_tcp_launch.py
[14.149s] -- Up-to-date symlink: /home/jetson/ros2_ws/install/sllidar_ros2/share/sllidar_ros2/launch/view_sllidar_s2_launch.py
[14.150s] -- Up-to-date symlink: /home/jetson/ros2_ws/install/sllidar_ros2/share/sllidar_ros2/launch/view_sllidar_s2e_launch.py
[14.151s] -- Up-to-date symlink: /home/jetson/ros2_ws/install/sllidar_ros2/share/sllidar_ros2/launch/view_sllidar_s3_launch.py
[14.151s] -- Up-to-date symlink: /home/jetson/ros2_ws/install/sllidar_ros2/share/sllidar_ros2/launch/view_sllidar_t1_launch.py
[14.153s] -- Up-to-date symlink: /home/jetson/ros2_ws/install/sllidar_ros2/share/sllidar_ros2/rviz/sllidar_ros2.rviz
[14.155s] -- Up-to-date symlink: /home/jetson/ros2_ws/install/sllidar_ros2/lib/sllidar_ros2/sllidar_node
[14.156s] -- Up-to-date symlink: /home/jetson/ros2_ws/install/sllidar_ros2/lib/sllidar_ros2/sllidar_client
[14.157s] -- Up-to-date symlink: /home/jetson/ros2_ws/install/sllidar_ros2/share/ament_index/resource_index/package_run_dependencies/sllidar_ros2
[14.158s] -- Up-to-date symlink: /home/jetson/ros2_ws/install/sllidar_ros2/share/ament_index/resource_index/parent_prefix_path/sllidar_ros2
[14.159s] -- Up-to-date symlink: /home/jetson/ros2_ws/install/sllidar_ros2/share/sllidar_ros2/environment/ament_prefix_path.sh
[14.160s] -- Up-to-date symlink: /home/jetson/ros2_ws/install/sllidar_ros2/share/sllidar_ros2/environment/ament_prefix_path.dsv
[14.161s] -- Up-to-date symlink: /home/jetson/ros2_ws/install/sllidar_ros2/share/sllidar_ros2/environment/path.sh
[14.163s] -- Up-to-date symlink: /home/jetson/ros2_ws/install/sllidar_ros2/share/sllidar_ros2/environment/path.dsv
[14.164s] -- Up-to-date symlink: /home/jetson/ros2_ws/install/sllidar_ros2/share/sllidar_ros2/local_setup.bash
[14.165s] -- Up-to-date symlink: /home/jetson/ros2_ws/install/sllidar_ros2/share/sllidar_ros2/local_setup.sh
[14.166s] -- Up-to-date symlink: /home/jetson/ros2_ws/install/sllidar_ros2/share/sllidar_ros2/local_setup.zsh
[14.167s] -- Up-to-date symlink: /home/jetson/ros2_ws/install/sllidar_ros2/share/sllidar_ros2/local_setup.dsv
[14.167s] -- Symlinking: /home/jetson/ros2_ws/install/sllidar_ros2/share/sllidar_ros2/package.dsv
[14.203s] -- Up-to-date symlink: /home/jetson/ros2_ws/install/sllidar_ros2/share/ament_index/resource_index/packages/sllidar_ros2
[14.204s] -- Up-to-date symlink: /home/jetson/ros2_ws/install/sllidar_ros2/share/sllidar_ros2/cmake/ament_cmake_export_dependencies-extras.cmake
[14.205s] -- Up-to-date symlink: /home/jetson/ros2_ws/install/sllidar_ros2/share/sllidar_ros2/cmake/ament_cmake_export_include_directories-extras.cmake
[14.206s] -- Up-to-date symlink: /home/jetson/ros2_ws/install/sllidar_ros2/share/sllidar_ros2/cmake/sllidar_ros2Config.cmake
[14.207s] -- Up-to-date symlink: /home/jetson/ros2_ws/install/sllidar_ros2/share/sllidar_ros2/cmake/sllidar_ros2Config-version.cmake
[14.208s] -- Up-to-date symlink: /home/jetson/ros2_ws/install/sllidar_ros2/share/sllidar_ros2/package.xml
[14.219s] Invoked command in '/home/jetson/ros2_ws/build/sllidar_ros2' returned '0': CMAKE_PREFIX_PATH=${CMAKE_PREFIX_PATH}:/opt/ros/foxy /usr/bin/cmake --install /home/jetson/ros2_ws/build/sllidar_ros2
