[0.163s] Invoking command in '/home/jetson/ros2_ws/build/inital_pose': CMAKE_PREFIX_PATH=${CMAKE_PREFIX_PATH}:/opt/ros/foxy /usr/bin/cmake --build /home/jetson/ros2_ws/build/inital_pose -- -j8 -l8
[0.341s] [35m[1mScanning dependencies of target initialpose[0m
[0.655s] [ 50%] [32mBuilding CXX object CMakeFiles/initialpose.dir/src/initialpose.cpp.o[0m
[4.959s] [01m[K/home/jetson/ros2_ws/src/inital_pose/src/initialpose.cpp:[m[K In constructor ‘[01m[KInitalposePublisher::InitalposePublisher()[m[K’:
[4.960s] [01m[K/home/jetson/ros2_ws/src/inital_pose/src/initialpose.cpp:48:39:[m[K [01;31m[Kerror: [m[Kexpected primary-expression before ‘[01m[K([m[K’ token
[4.960s]    48 |         auto qos_profile = rclcpp::QoS[01;31m[K([m[Krclcpp::KeepLast(10)
[4.960s]       |                                       [01;31m[K^[m[K
[4.961s] [01m[K/home/jetson/ros2_ws/src/inital_pose/src/initialpose.cpp:48:60:[m[K [01;31m[Kerror: [m[Kexpected ‘[01m[K)[m[K’ before ‘[01m[Kinitalpose_pub[m[K’
[4.961s]    48 |         auto qos_profile = rclcpp::QoS[34m[K([m[Krclcpp::KeepLast(10)
[4.961s]       |                                       [34m[K~[m[K                    [01;31m[K^[m[K
[4.962s]       |                                                            [32m[K)[m[K
[4.962s]    49 |         [32m[Kinitalpose_pub[m[K = this->create_publisher<geometry_msgs::msg::PoseWithCovarianceStamped>("initalpose",qos_profile);
[4.962s]       |         [32m[K~~~~~~~~~~~~~~[m[K                                      
[4.962s] [01m[K/home/jetson/ros2_ws/src/inital_pose/src/initialpose.cpp:[m[K In member function ‘[01m[Kvoid InitalposePublisher::publish_initalpose_msg()[m[K’:
[4.963s] [01m[K/home/jetson/ros2_ws/src/inital_pose/src/initialpose.cpp:55:41:[m[K [01;31m[Kerror: [m[K‘[01m[Know[m[K’ is not a member of ‘[01m[Krclcpp::Time[m[K’
[4.963s]    55 |         pose.header.stamp=rclcpp::Time::[01;31m[Know[m[K();
[4.963s]       |                                         [01;31m[K^~~[m[K
[4.964s] [01m[K/home/jetson/ros2_ws/src/inital_pose/src/initialpose.cpp:58:14:[m[K [01;31m[Kerror: [m[K‘[01m[Kusing PoseWithCovarianceStamped = struct geometry_msgs::msg::PoseWithCovarianceStamped_<std::allocator<void> >[m[K’ {aka ‘[01m[Kstruct geometry_msgs::msg::PoseWithCovarianceStamped_<std::allocator<void> >[m[K’} has no member named ‘[01m[Kpose1[m[K’; did you mean ‘[01m[Kpose[m[K’?
[4.964s]    58 |         pose.[01;31m[Kpose1[m[K.pose2.position.x=0.0;
[4.964s]       |              [01;31m[K^~~~~[m[K
[4.964s]       |              [32m[Kpose[m[K
[4.965s] [01m[K/home/jetson/ros2_ws/src/inital_pose/src/initialpose.cpp:59:14:[m[K [01;31m[Kerror: [m[K‘[01m[Kusing PoseWithCovarianceStamped = struct geometry_msgs::msg::PoseWithCovarianceStamped_<std::allocator<void> >[m[K’ {aka ‘[01m[Kstruct geometry_msgs::msg::PoseWithCovarianceStamped_<std::allocator<void> >[m[K’} has no member named ‘[01m[Kpose1[m[K’; did you mean ‘[01m[Kpose[m[K’?
[4.965s]    59 |         pose.[01;31m[Kpose1[m[K.pose2.position.y=0.0;
[4.965s]       |              [01;31m[K^~~~~[m[K
[4.966s]       |              [32m[Kpose[m[K
[4.966s] [01m[K/home/jetson/ros2_ws/src/inital_pose/src/initialpose.cpp:60:14:[m[K [01;31m[Kerror: [m[K‘[01m[Kusing PoseWithCovarianceStamped = struct geometry_msgs::msg::PoseWithCovarianceStamped_<std::allocator<void> >[m[K’ {aka ‘[01m[Kstruct geometry_msgs::msg::PoseWithCovarianceStamped_<std::allocator<void> >[m[K’} has no member named ‘[01m[Kpose1[m[K’; did you mean ‘[01m[Kpose[m[K’?
[4.966s]    60 |         pose.[01;31m[Kpose1[m[K.pose2.position.z=0.0;
[4.967s]       |              [01;31m[K^~~~~[m[K
[4.967s]       |              [32m[Kpose[m[K
[4.967s] [01m[K/home/jetson/ros2_ws/src/inital_pose/src/initialpose.cpp:61:14:[m[K [01;31m[Kerror: [m[K‘[01m[Kusing PoseWithCovarianceStamped = struct geometry_msgs::msg::PoseWithCovarianceStamped_<std::allocator<void> >[m[K’ {aka ‘[01m[Kstruct geometry_msgs::msg::PoseWithCovarianceStamped_<std::allocator<void> >[m[K’} has no member named ‘[01m[Kpose1[m[K’; did you mean ‘[01m[Kpose[m[K’?
[4.968s]    61 |         pose.[01;31m[Kpose1[m[K.pose2.orientation.w=0.1;
[4.968s]       |              [01;31m[K^~~~~[m[K
[4.968s]       |              [32m[Kpose[m[K
[6.226s] make[2]: *** [CMakeFiles/initialpose.dir/build.make:63: CMakeFiles/initialpose.dir/src/initialpose.cpp.o] Error 1
[6.226s] make[1]: *** [CMakeFiles/Makefile2:78: CMakeFiles/initialpose.dir/all] Error 2
[6.227s] make: *** [Makefile:141: all] Error 2
[6.235s] Invoked command in '/home/jetson/ros2_ws/build/inital_pose' returned '2': CMAKE_PREFIX_PATH=${CMAKE_PREFIX_PATH}:/opt/ros/foxy /usr/bin/cmake --build /home/jetson/ros2_ws/build/inital_pose -- -j8 -l8
