[0.174s] Invoking command in '/home/jetson/ros2_ws/build/inital_pose': CMAKE_PREFIX_PATH=${CMAKE_PREFIX_PATH}:/opt/ros/foxy /usr/bin/cmake --build /home/jetson/ros2_ws/build/inital_pose -- -j8 -l8
[0.490s] [100%] Built target initialpose
[0.560s] Invoked command in '/home/jetson/ros2_ws/build/inital_pose' returned '0': CMAKE_PREFIX_PATH=${CMAKE_PREFIX_PATH}:/opt/ros/foxy /usr/bin/cmake --build /home/jetson/ros2_ws/build/inital_pose -- -j8 -l8
[0.749s] Invoking command in '/home/jetson/ros2_ws/build/inital_pose': CMAKE_PREFIX_PATH=${CMAKE_PREFIX_PATH}:/opt/ros/foxy /usr/bin/cmake --install /home/jetson/ros2_ws/build/inital_pose
[0.793s] -- Install configuration: ""
[0.797s] -- Execute custom install script
[0.802s] -- Up-to-date symlink: /home/jetson/ros2_ws/install/inital_pose/lib/inital_pose/initialpose
[0.806s] -- Up-to-date symlink: /home/jetson/ros2_ws/install/inital_pose/share/ament_index/resource_index/package_run_dependencies/inital_pose
[0.807s] -- Up-to-date symlink: /home/jetson/ros2_ws/install/inital_pose/share/ament_index/resource_index/parent_prefix_path/inital_pose
[0.807s] -- Up-to-date symlink: /home/jetson/ros2_ws/install/inital_pose/share/inital_pose/environment/ament_prefix_path.sh
[0.808s] -- Up-to-date symlink: /home/jetson/ros2_ws/install/inital_pose/share/inital_pose/environment/ament_prefix_path.dsv
[0.808s] -- Up-to-date symlink: /home/jetson/ros2_ws/install/inital_pose/share/inital_pose/environment/path.sh
[0.808s] -- Up-to-date symlink: /home/jetson/ros2_ws/install/inital_pose/share/inital_pose/environment/path.dsv
[0.809s] -- Up-to-date symlink: /home/jetson/ros2_ws/install/inital_pose/share/inital_pose/local_setup.bash
[0.812s] -- Up-to-date symlink: /home/jetson/ros2_ws/install/inital_pose/share/inital_pose/local_setup.sh
[0.812s] -- Up-to-date symlink: /home/jetson/ros2_ws/install/inital_pose/share/inital_pose/local_setup.zsh
[0.814s] -- Up-to-date symlink: /home/jetson/ros2_ws/install/inital_pose/share/inital_pose/local_setup.dsv
[0.814s] -- Symlinking: /home/jetson/ros2_ws/install/inital_pose/share/inital_pose/package.dsv
[0.858s] -- Up-to-date symlink: /home/jetson/ros2_ws/install/inital_pose/share/ament_index/resource_index/packages/inital_pose
[0.858s] -- Up-to-date symlink: /home/jetson/ros2_ws/install/inital_pose/share/inital_pose/cmake/ament_cmake_export_dependencies-extras.cmake
[0.862s] -- Up-to-date symlink: /home/jetson/ros2_ws/install/inital_pose/share/inital_pose/cmake/inital_poseConfig.cmake
[0.864s] -- Up-to-date symlink: /home/jetson/ros2_ws/install/inital_pose/share/inital_pose/cmake/inital_poseConfig-version.cmake
[0.865s] -- Up-to-date symlink: /home/jetson/ros2_ws/install/inital_pose/share/inital_pose/package.xml
[0.893s] Invoked command in '/home/jetson/ros2_ws/build/inital_pose' returned '0': CMAKE_PREFIX_PATH=${CMAKE_PREFIX_PATH}:/opt/ros/foxy /usr/bin/cmake --install /home/jetson/ros2_ws/build/inital_pose
