[0.158s] Invoking command in '/home/jetson/ros2_ws/build/inital_pose': CMAKE_PREFIX_PATH=${CMAKE_PREFIX_PATH}:/opt/ros/foxy /usr/bin/cmake --build /home/jetson/ros2_ws/build/inital_pose -- -j8 -l8
[0.355s] [35m[1mScanning dependencies of target initialpose[0m
[0.616s] [ 50%] [32mBuilding CXX object CMakeFiles/initialpose.dir/src/initialpose.cpp.o[0m
[4.862s] [01m[K/home/jetson/ros2_ws/src/inital_pose/src/initialpose.cpp:69:2:[m[K [01;31m[Kerror: [m[Kexpected ‘[01m[K;[m[K’ after class definition
[4.863s]    69 | }
[4.863s]       |  [01;31m[K^[m[K
[4.863s]       |  [32m[K;[m[K
[4.864s] [01m[K/home/jetson/ros2_ws/src/inital_pose/src/initialpose.cpp:63:5:[m[K [01;31m[Kerror: [m[Kexpected ‘[01m[K;[m[K’ before ‘[01m[Kgeometry_msgs[m[K’
[4.864s]    63 |     [01;31m[Kgeometry_msgs[m[K::msg::PoseWithCovarianceStamped pose;
[4.864s]       |     [01;31m[K^~~~~~~~~~~~~[m[K
[4.864s] [01m[K/home/jetson/ros2_ws/src/inital_pose/src/initialpose.cpp:[m[K In constructor ‘[01m[KInitalposePublisher::InitalposePublisher()[m[K’:
[4.865s] [01m[K/home/jetson/ros2_ws/src/inital_pose/src/initialpose.cpp:47:36:[m[K [01;31m[Kerror: [m[K‘[01m[KQos[m[K’ is not a member of ‘[01m[Krclcpp[m[K’; did you mean ‘[01m[KQoS[m[K’?
[4.865s]    47 |         auto qos_profile = rclcpp::[01;31m[KQos[m[K(rclcpp::KeepLast(10));
[4.865s]       |                                    [01;31m[K^~~[m[K
[4.865s]       |                                    [32m[KQoS[m[K
[4.868s] [01m[K/home/jetson/ros2_ws/src/inital_pose/src/initialpose.cpp:[m[K In member function ‘[01m[Kvoid InitalposePublisher::publish_initalpose_msg()[m[K’:
[4.868s] [01m[K/home/jetson/ros2_ws/src/inital_pose/src/initialpose.cpp:53:9:[m[K [01;31m[Kerror: [m[K‘[01m[Kpose[m[K’ was not declared in this scope; did you mean ‘[01m[Kpose1[m[K’?
[4.868s]    53 |         [01;31m[Kpose[m[K.header.frame_id=fixed_frame;
[4.869s]       |         [01;31m[K^~~~[m[K
[4.869s]       |         [32m[Kpose1[m[K
[4.869s] [01m[K/home/jetson/ros2_ws/src/inital_pose/src/initialpose.cpp:54:41:[m[K [01;31m[Kerror: [m[K‘[01m[Know[m[K’ is not a member of ‘[01m[Krclcpp::Time[m[K’
[4.869s]    54 |         pose.header.stamp=rclcpp::Time::[01;31m[Know[m[K();
[4.870s]       |                                         [01;31m[K^~~[m[K
[6.129s] make[2]: *** [CMakeFiles/initialpose.dir/build.make:63: CMakeFiles/initialpose.dir/src/initialpose.cpp.o] Error 1
[6.130s] make[1]: *** [CMakeFiles/Makefile2:78: CMakeFiles/initialpose.dir/all] Error 2
[6.130s] make: *** [Makefile:141: all] Error 2
[6.138s] Invoked command in '/home/jetson/ros2_ws/build/inital_pose' returned '2': CMAKE_PREFIX_PATH=${CMAKE_PREFIX_PATH}:/opt/ros/foxy /usr/bin/cmake --build /home/jetson/ros2_ws/build/inital_pose -- -j8 -l8
