[0.167s] Invoking command in '/home/jetson/ros2_ws/build/initial_pose': CMAKE_PREFIX_PATH=${CMAKE_PREFIX_PATH}:/opt/ros/foxy /usr/bin/cmake --build /home/jetson/ros2_ws/build/initial_pose -- -j8 -l8
[0.346s] [35m[1mScanning dependencies of target initialpose[0m
[0.634s] [ 50%] [32mBuilding CXX object CMakeFiles/initialpose.dir/src/initialpose.cpp.o[0m
[15.919s] [100%] [32m[1mLinking CXX executable initialpose[0m
[16.688s] [100%] Built target initialpose
[16.840s] Invoked command in '/home/jetson/ros2_ws/build/initial_pose' returned '0': CMAKE_PREFIX_PATH=${CMAKE_PREFIX_PATH}:/opt/ros/foxy /usr/bin/cmake --build /home/jetson/ros2_ws/build/initial_pose -- -j8 -l8
[16.952s] Invoking command in '/home/jetson/ros2_ws/build/initial_pose': CMAKE_PREFIX_PATH=${CMAKE_PREFIX_PATH}:/opt/ros/foxy /usr/bin/cmake --install /home/jetson/ros2_ws/build/initial_pose
[16.988s] -- Install configuration: ""
[16.989s] -- Execute custom install script
[16.991s] -- Up-to-date symlink: /home/jetson/ros2_ws/install/initial_pose/lib/initial_pose/initialpose
[16.992s] -- Up-to-date symlink: /home/jetson/ros2_ws/install/initial_pose/share/ament_index/resource_index/package_run_dependencies/initial_pose
[16.993s] -- Up-to-date symlink: /home/jetson/ros2_ws/install/initial_pose/share/ament_index/resource_index/parent_prefix_path/initial_pose
[16.994s] -- Up-to-date symlink: /home/jetson/ros2_ws/install/initial_pose/share/initial_pose/environment/ament_prefix_path.sh
[16.995s] -- Up-to-date symlink: /home/jetson/ros2_ws/install/initial_pose/share/initial_pose/environment/ament_prefix_path.dsv
[16.997s] -- Up-to-date symlink: /home/jetson/ros2_ws/install/initial_pose/share/initial_pose/environment/path.sh
[16.998s] -- Up-to-date symlink: /home/jetson/ros2_ws/install/initial_pose/share/initial_pose/environment/path.dsv
[16.999s] -- Up-to-date symlink: /home/jetson/ros2_ws/install/initial_pose/share/initial_pose/local_setup.bash
[17.000s] -- Up-to-date symlink: /home/jetson/ros2_ws/install/initial_pose/share/initial_pose/local_setup.sh
[17.001s] -- Up-to-date symlink: /home/jetson/ros2_ws/install/initial_pose/share/initial_pose/local_setup.zsh
[17.002s] -- Up-to-date symlink: /home/jetson/ros2_ws/install/initial_pose/share/initial_pose/local_setup.dsv
[17.003s] -- Symlinking: /home/jetson/ros2_ws/install/initial_pose/share/initial_pose/package.dsv
[17.039s] -- Up-to-date symlink: /home/jetson/ros2_ws/install/initial_pose/share/ament_index/resource_index/packages/initial_pose
[17.039s] -- Up-to-date symlink: /home/jetson/ros2_ws/install/initial_pose/share/initial_pose/cmake/ament_cmake_export_dependencies-extras.cmake
[17.040s] -- Up-to-date symlink: /home/jetson/ros2_ws/install/initial_pose/share/initial_pose/cmake/initial_poseConfig.cmake
[17.041s] -- Up-to-date symlink: /home/jetson/ros2_ws/install/initial_pose/share/initial_pose/cmake/initial_poseConfig-version.cmake
[17.042s] -- Up-to-date symlink: /home/jetson/ros2_ws/install/initial_pose/share/initial_pose/package.xml
[17.056s] Invoked command in '/home/jetson/ros2_ws/build/initial_pose' returned '0': CMAKE_PREFIX_PATH=${CMAKE_PREFIX_PATH}:/opt/ros/foxy /usr/bin/cmake --install /home/jetson/ros2_ws/build/initial_pose
