[0.172s] Invoking command in '/home/jetson/ros2_ws/build/inital_pose': CMAKE_PREFIX_PATH=${CMAKE_PREFIX_PATH}:/opt/ros/foxy /usr/bin/cmake --build /home/jetson/ros2_ws/build/inital_pose -- -j8 -l8
[0.277s] -- Found ament_cmake: 0.9.12 (/opt/ros/foxy/share/ament_cmake/cmake)
[0.367s] -- Using PYTHON_EXECUTABLE: /usr/bin/python3
[1.059s] -- Override CMake install command with custom implementation using symlinks instead of copying resources
[1.093s] -- Found rclcpp: 2.4.3 (/opt/ros/foxy/share/rclcpp/cmake)
[1.228s] -- Using all available rosidl_typesupport_c: rosidl_typesupport_fastrtps_c;rosidl_typesupport_introspection_c
[1.238s] -- Found rosidl_adapter: 1.3.1 (/opt/ros/foxy/share/rosidl_adapter/cmake)
[1.638s] -- Using all available rosidl_typesupport_cpp: rosidl_typesupport_fastrtps_cpp;rosidl_typesupport_introspection_cpp
[1.801s] -- Found rmw_implementation_cmake: 1.0.4 (/opt/ros/foxy/share/rmw_implementation_cmake/cmake)
[1.805s] -- Using RMW implementation 'rmw_fastrtps_cpp' as default
[2.243s] -- Found geometry_msgs: 2.0.5 (/opt/ros/foxy/share/geometry_msgs/cmake)
[2.347s] -- Found ament_lint_auto: 0.9.8 (/opt/ros/foxy/share/ament_lint_auto/cmake)
[2.584s] -- Added test 'copyright' to check source files copyright and LICENSE
[2.588s] -- Added test 'cppcheck' to perform static code analysis on C / C++ code
[2.588s] -- Configured cppcheck include dirs: 
[2.588s] -- Configured cppcheck exclude dirs and/or files: 
[2.591s] -- Added test 'cpplint' to check C / C++ code against the Google style
[2.592s] -- Configured cpplint exclude dirs and/or files: 
[2.593s] -- Added test 'lint_cmake' to check CMake code style
[2.597s] -- Added test 'uncrustify' to check C / C++ code style
[2.597s] -- Configured uncrustify additional arguments: 
[2.598s] -- Added test 'xmllint' to check XML markup files
[2.696s] -- Configuring done
[2.732s] -- Generating done
[2.847s] -- Build files have been written to: /home/jetson/ros2_ws/build/inital_pose
[2.954s] [35m[1mScanning dependencies of target initialpose[0m
[3.258s] [ 50%] [32mBuilding CXX object CMakeFiles/initialpose.dir/src/initialpose.cpp.o[0m
[3.598s] [01m[K/home/jetson/ros2_ws/src/inital_pose/src/initialpose.cpp:8:10:[m[K [01;31m[Kfatal error: [m[Kgeometry_msgs/msg/PoseWithCovarianceStamped.hpp: No such file or directory
[3.599s]     8 | #include [01;31m[K<geometry_msgs/msg/PoseWithCovarianceStamped.hpp>[m[K
[3.599s]       |          [01;31m[K^~~~~~~~~~~~~~~~~~~~~~~~~~~~~~~~~~~~~~~~~~~~~~~~~[m[K
[3.600s] compilation terminated.
[3.754s] make[2]: *** [CMakeFiles/initialpose.dir/build.make:63: CMakeFiles/initialpose.dir/src/initialpose.cpp.o] Error 1
[3.755s] make[1]: *** [CMakeFiles/Makefile2:78: CMakeFiles/initialpose.dir/all] Error 2
[3.756s] make: *** [Makefile:141: all] Error 2
[3.766s] Invoked command in '/home/jetson/ros2_ws/build/inital_pose' returned '2': CMAKE_PREFIX_PATH=${CMAKE_PREFIX_PATH}:/opt/ros/foxy /usr/bin/cmake --build /home/jetson/ros2_ws/build/inital_pose -- -j8 -l8
