[0.732s] DEBUG:colcon:Command line arguments: ['/usr/bin/colcon', 'build', '--symlink-install']
[0.732s] DEBUG:colcon:Parsed command line arguments: Namespace(allow_overriding=[], ament_cmake_args=None, base_paths=['.'], build_base='build', catkin_cmake_args=None, catkin_skip_building_tests=False, cmake_args=None, cmake_clean_cache=False, cmake_clean_first=False, cmake_force_configure=False, cmake_target=None, cmake_target_skip_unavailable=False, continue_on_error=False, event_handlers=None, executor='parallel', ignore_user_meta=False, install_base='install', log_base=None, log_level=None, main=<bound method BuildVerb.main of <colcon_core.verb.build.BuildVerb object at 0xffffa372f880>>, merge_install=False, metas=['./colcon.meta'], packages_above=None, packages_above_and_dependencies=None, packages_above_depth=None, packages_end=None, packages_ignore=None, packages_ignore_regex=None, packages_select=None, packages_select_build_failed=False, packages_select_by_dep=None, packages_select_regex=None, packages_select_test_failures=False, packages_skip=None, packages_skip_build_finished=False, packages_skip_by_dep=None, packages_skip_regex=None, packages_skip_test_passed=False, packages_skip_up_to=None, packages_start=None, packages_up_to=None, packages_up_to_regex=None, parallel_workers=4, paths=None, symlink_install=True, test_result_base=None, verb_extension=<colcon_core.verb.build.BuildVerb object at 0xffffa372f880>, verb_name='build', verb_parser=<colcon_defaults.argument_parser.defaults.DefaultArgumentsDecorator object at 0xffffa36c5e50>)
[1.375s] Level 1:colcon.colcon_core.package_discovery:discover_packages(colcon_meta) check parameters
[1.375s] Level 1:colcon.colcon_core.package_discovery:discover_packages(recursive) check parameters
[1.375s] Level 1:colcon.colcon_core.package_discovery:discover_packages(ignore) check parameters
[1.375s] Level 1:colcon.colcon_core.package_discovery:discover_packages(path) check parameters
[1.376s] Level 1:colcon.colcon_core.package_discovery:discover_packages(colcon_meta) discover
[1.376s] Level 1:colcon.colcon_core.package_discovery:discover_packages(recursive) discover
[1.376s] INFO:colcon.colcon_core.package_discovery:Crawling recursively for packages in '/home/jetsonnx/ros2_ws'
[1.377s] Level 1:colcon.colcon_core.package_identification:_identify(.) by extensions ['ignore', 'ignore_ament_install']
[1.377s] Level 1:colcon.colcon_core.package_identification:_identify(.) by extension 'ignore'
[1.377s] Level 1:colcon.colcon_core.package_identification:_identify(.) by extension 'ignore_ament_install'
[1.378s] Level 1:colcon.colcon_core.package_identification:_identify(.) by extensions ['colcon_pkg']
[1.378s] Level 1:colcon.colcon_core.package_identification:_identify(.) by extension 'colcon_pkg'
[1.378s] Level 1:colcon.colcon_core.package_identification:_identify(.) by extensions ['colcon_meta']
[1.378s] Level 1:colcon.colcon_core.package_identification:_identify(.) by extension 'colcon_meta'
[1.378s] Level 1:colcon.colcon_core.package_identification:_identify(.) by extensions ['ros']
[1.378s] Level 1:colcon.colcon_core.package_identification:_identify(.) by extension 'ros'
[1.423s] Level 1:colcon.colcon_core.package_identification:_identify(.) by extensions ['cmake', 'python']
[1.424s] Level 1:colcon.colcon_core.package_identification:_identify(.) by extension 'cmake'
[1.424s] Level 1:colcon.colcon_core.package_identification:_identify(.) by extension 'python'
[1.424s] Level 1:colcon.colcon_core.package_identification:_identify(.) by extensions ['python_setup_py']
[1.424s] Level 1:colcon.colcon_core.package_identification:_identify(.) by extension 'python_setup_py'
[1.425s] Level 1:colcon.colcon_core.package_identification:_identify(build) by extensions ['ignore', 'ignore_ament_install']
[1.425s] Level 1:colcon.colcon_core.package_identification:_identify(build) by extension 'ignore'
[1.425s] Level 1:colcon.colcon_core.package_identification:_identify(build) ignored
[1.426s] Level 1:colcon.colcon_core.package_identification:_identify(install) by extensions ['ignore', 'ignore_ament_install']
[1.427s] Level 1:colcon.colcon_core.package_identification:_identify(install) by extension 'ignore'
[1.427s] Level 1:colcon.colcon_core.package_identification:_identify(install) ignored
[1.427s] Level 1:colcon.colcon_core.package_identification:_identify(log) by extensions ['ignore', 'ignore_ament_install']
[1.428s] Level 1:colcon.colcon_core.package_identification:_identify(log) by extension 'ignore'
[1.428s] Level 1:colcon.colcon_core.package_identification:_identify(log) ignored
[1.429s] Level 1:colcon.colcon_core.package_identification:_identify(src) by extensions ['ignore', 'ignore_ament_install']
[1.429s] Level 1:colcon.colcon_core.package_identification:_identify(src) by extension 'ignore'
[1.429s] Level 1:colcon.colcon_core.package_identification:_identify(src) by extension 'ignore_ament_install'
[1.429s] Level 1:colcon.colcon_core.package_identification:_identify(src) by extensions ['colcon_pkg']
[1.430s] Level 1:colcon.colcon_core.package_identification:_identify(src) by extension 'colcon_pkg'
[1.430s] Level 1:colcon.colcon_core.package_identification:_identify(src) by extensions ['colcon_meta']
[1.430s] Level 1:colcon.colcon_core.package_identification:_identify(src) by extension 'colcon_meta'
[1.430s] Level 1:colcon.colcon_core.package_identification:_identify(src) by extensions ['ros']
[1.430s] Level 1:colcon.colcon_core.package_identification:_identify(src) by extension 'ros'
[1.431s] Level 1:colcon.colcon_core.package_identification:_identify(src) by extensions ['cmake', 'python']
[1.431s] Level 1:colcon.colcon_core.package_identification:_identify(src) by extension 'cmake'
[1.431s] Level 1:colcon.colcon_core.package_identification:_identify(src) by extension 'python'
[1.431s] Level 1:colcon.colcon_core.package_identification:_identify(src) by extensions ['python_setup_py']
[1.431s] Level 1:colcon.colcon_core.package_identification:_identify(src) by extension 'python_setup_py'
[1.432s] Level 1:colcon.colcon_core.package_identification:_identify(src/dynamixel-workbench-msgs) by extensions ['ignore', 'ignore_ament_install']
[1.432s] Level 1:colcon.colcon_core.package_identification:_identify(src/dynamixel-workbench-msgs) by extension 'ignore'
[1.432s] Level 1:colcon.colcon_core.package_identification:_identify(src/dynamixel-workbench-msgs) by extension 'ignore_ament_install'
[1.433s] Level 1:colcon.colcon_core.package_identification:_identify(src/dynamixel-workbench-msgs) by extensions ['colcon_pkg']
[1.433s] Level 1:colcon.colcon_core.package_identification:_identify(src/dynamixel-workbench-msgs) by extension 'colcon_pkg'
[1.433s] Level 1:colcon.colcon_core.package_identification:_identify(src/dynamixel-workbench-msgs) by extensions ['colcon_meta']
[1.433s] Level 1:colcon.colcon_core.package_identification:_identify(src/dynamixel-workbench-msgs) by extension 'colcon_meta'
[1.433s] Level 1:colcon.colcon_core.package_identification:_identify(src/dynamixel-workbench-msgs) by extensions ['ros']
[1.434s] Level 1:colcon.colcon_core.package_identification:_identify(src/dynamixel-workbench-msgs) by extension 'ros'
[1.434s] Level 1:colcon.colcon_core.package_identification:_identify(src/dynamixel-workbench-msgs) by extensions ['cmake', 'python']
[1.434s] Level 1:colcon.colcon_core.package_identification:_identify(src/dynamixel-workbench-msgs) by extension 'cmake'
[1.434s] Level 1:colcon.colcon_core.package_identification:_identify(src/dynamixel-workbench-msgs) by extension 'python'
[1.434s] Level 1:colcon.colcon_core.package_identification:_identify(src/dynamixel-workbench-msgs) by extensions ['python_setup_py']
[1.435s] Level 1:colcon.colcon_core.package_identification:_identify(src/dynamixel-workbench-msgs) by extension 'python_setup_py'
[1.435s] Level 1:colcon.colcon_core.package_identification:_identify(src/dynamixel-workbench-msgs/dynamixel_workbench_msgs) by extensions ['ignore', 'ignore_ament_install']
[1.436s] Level 1:colcon.colcon_core.package_identification:_identify(src/dynamixel-workbench-msgs/dynamixel_workbench_msgs) by extension 'ignore'
[1.436s] Level 1:colcon.colcon_core.package_identification:_identify(src/dynamixel-workbench-msgs/dynamixel_workbench_msgs) by extension 'ignore_ament_install'
[1.436s] Level 1:colcon.colcon_core.package_identification:_identify(src/dynamixel-workbench-msgs/dynamixel_workbench_msgs) by extensions ['colcon_pkg']
[1.436s] Level 1:colcon.colcon_core.package_identification:_identify(src/dynamixel-workbench-msgs/dynamixel_workbench_msgs) by extension 'colcon_pkg'
[1.436s] Level 1:colcon.colcon_core.package_identification:_identify(src/dynamixel-workbench-msgs/dynamixel_workbench_msgs) by extensions ['colcon_meta']
[1.436s] Level 1:colcon.colcon_core.package_identification:_identify(src/dynamixel-workbench-msgs/dynamixel_workbench_msgs) by extension 'colcon_meta'
[1.437s] Level 1:colcon.colcon_core.package_identification:_identify(src/dynamixel-workbench-msgs/dynamixel_workbench_msgs) by extensions ['ros']
[1.437s] Level 1:colcon.colcon_core.package_identification:_identify(src/dynamixel-workbench-msgs/dynamixel_workbench_msgs) by extension 'ros'
[1.446s] DEBUG:colcon.colcon_core.package_identification:Package 'src/dynamixel-workbench-msgs/dynamixel_workbench_msgs' with type 'ros.ament_cmake' and name 'dynamixel_workbench_msgs'
[1.447s] Level 1:colcon.colcon_core.package_identification:_identify(src/dynamixel_workbench_controllers) by extensions ['ignore', 'ignore_ament_install']
[1.447s] Level 1:colcon.colcon_core.package_identification:_identify(src/dynamixel_workbench_controllers) by extension 'ignore'
[1.448s] Level 1:colcon.colcon_core.package_identification:_identify(src/dynamixel_workbench_controllers) by extension 'ignore_ament_install'
[1.448s] Level 1:colcon.colcon_core.package_identification:_identify(src/dynamixel_workbench_controllers) by extensions ['colcon_pkg']
[1.448s] Level 1:colcon.colcon_core.package_identification:_identify(src/dynamixel_workbench_controllers) by extension 'colcon_pkg'
[1.448s] Level 1:colcon.colcon_core.package_identification:_identify(src/dynamixel_workbench_controllers) by extensions ['colcon_meta']
[1.448s] Level 1:colcon.colcon_core.package_identification:_identify(src/dynamixel_workbench_controllers) by extension 'colcon_meta'
[1.449s] Level 1:colcon.colcon_core.package_identification:_identify(src/dynamixel_workbench_controllers) by extensions ['ros']
[1.449s] Level 1:colcon.colcon_core.package_identification:_identify(src/dynamixel_workbench_controllers) by extension 'ros'
[1.451s] DEBUG:colcon.colcon_core.package_identification:Package 'src/dynamixel_workbench_controllers' with type 'ros.ament_cmake' and name 'dynamixel_workbench_controllers'
[1.452s] Level 1:colcon.colcon_core.package_identification:_identify(src/dynamixel_workbench_operators) by extensions ['ignore', 'ignore_ament_install']
[1.452s] Level 1:colcon.colcon_core.package_identification:_identify(src/dynamixel_workbench_operators) by extension 'ignore'
[1.452s] Level 1:colcon.colcon_core.package_identification:_identify(src/dynamixel_workbench_operators) by extension 'ignore_ament_install'
[1.453s] Level 1:colcon.colcon_core.package_identification:_identify(src/dynamixel_workbench_operators) by extensions ['colcon_pkg']
[1.453s] Level 1:colcon.colcon_core.package_identification:_identify(src/dynamixel_workbench_operators) by extension 'colcon_pkg'
[1.453s] Level 1:colcon.colcon_core.package_identification:_identify(src/dynamixel_workbench_operators) by extensions ['colcon_meta']
[1.453s] Level 1:colcon.colcon_core.package_identification:_identify(src/dynamixel_workbench_operators) by extension 'colcon_meta'
[1.453s] Level 1:colcon.colcon_core.package_identification:_identify(src/dynamixel_workbench_operators) by extensions ['ros']
[1.453s] Level 1:colcon.colcon_core.package_identification:_identify(src/dynamixel_workbench_operators) by extension 'ros'
[1.456s] DEBUG:colcon.colcon_core.package_identification:Package 'src/dynamixel_workbench_operators' with type 'ros.ament_cmake' and name 'dynamixel_workbench_operators'
[1.457s] Level 1:colcon.colcon_core.package_identification:_identify(src/rplidar_ros2) by extensions ['ignore', 'ignore_ament_install']
[1.457s] Level 1:colcon.colcon_core.package_identification:_identify(src/rplidar_ros2) by extension 'ignore'
[1.457s] Level 1:colcon.colcon_core.package_identification:_identify(src/rplidar_ros2) by extension 'ignore_ament_install'
[1.457s] Level 1:colcon.colcon_core.package_identification:_identify(src/rplidar_ros2) by extensions ['colcon_pkg']
[1.458s] Level 1:colcon.colcon_core.package_identification:_identify(src/rplidar_ros2) by extension 'colcon_pkg'
[1.458s] Level 1:colcon.colcon_core.package_identification:_identify(src/rplidar_ros2) by extensions ['colcon_meta']
[1.458s] Level 1:colcon.colcon_core.package_identification:_identify(src/rplidar_ros2) by extension 'colcon_meta'
[1.458s] Level 1:colcon.colcon_core.package_identification:_identify(src/rplidar_ros2) by extensions ['ros']
[1.458s] Level 1:colcon.colcon_core.package_identification:_identify(src/rplidar_ros2) by extension 'ros'
[1.461s] DEBUG:colcon.colcon_core.package_identification:Package 'src/rplidar_ros2' with type 'ros.ament_cmake' and name 'rplidar_ros'
[1.461s] Level 1:colcon.colcon_core.package_discovery:discover_packages(recursive) using defaults
[1.461s] Level 1:colcon.colcon_core.package_discovery:discover_packages(ignore) discover
[1.461s] Level 1:colcon.colcon_core.package_discovery:discover_packages(ignore) using defaults
[1.462s] Level 1:colcon.colcon_core.package_discovery:discover_packages(path) discover
[1.462s] Level 1:colcon.colcon_core.package_discovery:discover_packages(path) using defaults
[1.523s] Level 1:colcon.colcon_core.package_discovery:discover_packages(prefix_path) check parameters
[1.523s] Level 1:colcon.colcon_core.package_discovery:discover_packages(prefix_path) discover
[1.532s] DEBUG:colcon.colcon_installed_package_information.package_discovery:Found 4 installed packages in /home/jetsonnx/ros2_ws/install
[1.538s] DEBUG:colcon.colcon_installed_package_information.package_discovery:Found 258 installed packages in /opt/ros/foxy
[1.579s] Level 1:colcon.colcon_core.package_discovery:discover_packages(prefix_path) using defaults
[1.815s] Level 5:colcon.colcon_core.verb:set package 'dynamixel_workbench_controllers' build argument 'cmake_args' from command line to 'None'
[1.815s] Level 5:colcon.colcon_core.verb:set package 'dynamixel_workbench_controllers' build argument 'cmake_target' from command line to 'None'
[1.815s] Level 5:colcon.colcon_core.verb:set package 'dynamixel_workbench_controllers' build argument 'cmake_target_skip_unavailable' from command line to 'False'
[1.815s] Level 5:colcon.colcon_core.verb:set package 'dynamixel_workbench_controllers' build argument 'cmake_clean_cache' from command line to 'False'
[1.815s] Level 5:colcon.colcon_core.verb:set package 'dynamixel_workbench_controllers' build argument 'cmake_clean_first' from command line to 'False'
[1.815s] Level 5:colcon.colcon_core.verb:set package 'dynamixel_workbench_controllers' build argument 'cmake_force_configure' from command line to 'False'
[1.816s] Level 5:colcon.colcon_core.verb:set package 'dynamixel_workbench_controllers' build argument 'ament_cmake_args' from command line to 'None'
[1.816s] Level 5:colcon.colcon_core.verb:set package 'dynamixel_workbench_controllers' build argument 'catkin_cmake_args' from command line to 'None'
[1.816s] Level 5:colcon.colcon_core.verb:set package 'dynamixel_workbench_controllers' build argument 'catkin_skip_building_tests' from command line to 'False'
[1.816s] DEBUG:colcon.colcon_core.verb:Building package 'dynamixel_workbench_controllers' with the following arguments: {'ament_cmake_args': None, 'build_base': '/home/jetsonnx/ros2_ws/build/dynamixel_workbench_controllers', 'catkin_cmake_args': None, 'catkin_skip_building_tests': False, 'cmake_args': None, 'cmake_clean_cache': False, 'cmake_clean_first': False, 'cmake_force_configure': False, 'cmake_target': None, 'cmake_target_skip_unavailable': False, 'install_base': '/home/jetsonnx/ros2_ws/install/dynamixel_workbench_controllers', 'merge_install': False, 'path': '/home/jetsonnx/ros2_ws/src/dynamixel_workbench_controllers', 'symlink_install': True, 'test_result_base': None}
[1.818s] Level 5:colcon.colcon_core.verb:set package 'dynamixel_workbench_msgs' build argument 'cmake_args' from command line to 'None'
[1.818s] Level 5:colcon.colcon_core.verb:set package 'dynamixel_workbench_msgs' build argument 'cmake_target' from command line to 'None'
[1.818s] Level 5:colcon.colcon_core.verb:set package 'dynamixel_workbench_msgs' build argument 'cmake_target_skip_unavailable' from command line to 'False'
[1.818s] Level 5:colcon.colcon_core.verb:set package 'dynamixel_workbench_msgs' build argument 'cmake_clean_cache' from command line to 'False'
[1.818s] Level 5:colcon.colcon_core.verb:set package 'dynamixel_workbench_msgs' build argument 'cmake_clean_first' from command line to 'False'
[1.818s] Level 5:colcon.colcon_core.verb:set package 'dynamixel_workbench_msgs' build argument 'cmake_force_configure' from command line to 'False'
[1.819s] Level 5:colcon.colcon_core.verb:set package 'dynamixel_workbench_msgs' build argument 'ament_cmake_args' from command line to 'None'
[1.819s] Level 5:colcon.colcon_core.verb:set package 'dynamixel_workbench_msgs' build argument 'catkin_cmake_args' from command line to 'None'
[1.819s] Level 5:colcon.colcon_core.verb:set package 'dynamixel_workbench_msgs' build argument 'catkin_skip_building_tests' from command line to 'False'
[1.819s] DEBUG:colcon.colcon_core.verb:Building package 'dynamixel_workbench_msgs' with the following arguments: {'ament_cmake_args': None, 'build_base': '/home/jetsonnx/ros2_ws/build/dynamixel_workbench_msgs', 'catkin_cmake_args': None, 'catkin_skip_building_tests': False, 'cmake_args': None, 'cmake_clean_cache': False, 'cmake_clean_first': False, 'cmake_force_configure': False, 'cmake_target': None, 'cmake_target_skip_unavailable': False, 'install_base': '/home/jetsonnx/ros2_ws/install/dynamixel_workbench_msgs', 'merge_install': False, 'path': '/home/jetsonnx/ros2_ws/src/dynamixel-workbench-msgs/dynamixel_workbench_msgs', 'symlink_install': True, 'test_result_base': None}
[1.821s] Level 5:colcon.colcon_core.verb:set package 'dynamixel_workbench_operators' build argument 'cmake_args' from command line to 'None'
[1.821s] Level 5:colcon.colcon_core.verb:set package 'dynamixel_workbench_operators' build argument 'cmake_target' from command line to 'None'
[1.821s] Level 5:colcon.colcon_core.verb:set package 'dynamixel_workbench_operators' build argument 'cmake_target_skip_unavailable' from command line to 'False'
[1.821s] Level 5:colcon.colcon_core.verb:set package 'dynamixel_workbench_operators' build argument 'cmake_clean_cache' from command line to 'False'
[1.821s] Level 5:colcon.colcon_core.verb:set package 'dynamixel_workbench_operators' build argument 'cmake_clean_first' from command line to 'False'
[1.821s] Level 5:colcon.colcon_core.verb:set package 'dynamixel_workbench_operators' build argument 'cmake_force_configure' from command line to 'False'
[1.821s] Level 5:colcon.colcon_core.verb:set package 'dynamixel_workbench_operators' build argument 'ament_cmake_args' from command line to 'None'
[1.821s] Level 5:colcon.colcon_core.verb:set package 'dynamixel_workbench_operators' build argument 'catkin_cmake_args' from command line to 'None'
[1.822s] Level 5:colcon.colcon_core.verb:set package 'dynamixel_workbench_operators' build argument 'catkin_skip_building_tests' from command line to 'False'
[1.822s] DEBUG:colcon.colcon_core.verb:Building package 'dynamixel_workbench_operators' with the following arguments: {'ament_cmake_args': None, 'build_base': '/home/jetsonnx/ros2_ws/build/dynamixel_workbench_operators', 'catkin_cmake_args': None, 'catkin_skip_building_tests': False, 'cmake_args': None, 'cmake_clean_cache': False, 'cmake_clean_first': False, 'cmake_force_configure': False, 'cmake_target': None, 'cmake_target_skip_unavailable': False, 'install_base': '/home/jetsonnx/ros2_ws/install/dynamixel_workbench_operators', 'merge_install': False, 'path': '/home/jetsonnx/ros2_ws/src/dynamixel_workbench_operators', 'symlink_install': True, 'test_result_base': None}
[1.823s] Level 5:colcon.colcon_core.verb:set package 'rplidar_ros' build argument 'cmake_args' from command line to 'None'
[1.824s] Level 5:colcon.colcon_core.verb:set package 'rplidar_ros' build argument 'cmake_target' from command line to 'None'
[1.824s] Level 5:colcon.colcon_core.verb:set package 'rplidar_ros' build argument 'cmake_target_skip_unavailable' from command line to 'False'
[1.824s] Level 5:colcon.colcon_core.verb:set package 'rplidar_ros' build argument 'cmake_clean_cache' from command line to 'False'
[1.824s] Level 5:colcon.colcon_core.verb:set package 'rplidar_ros' build argument 'cmake_clean_first' from command line to 'False'
[1.824s] Level 5:colcon.colcon_core.verb:set package 'rplidar_ros' build argument 'cmake_force_configure' from command line to 'False'
[1.824s] Level 5:colcon.colcon_core.verb:set package 'rplidar_ros' build argument 'ament_cmake_args' from command line to 'None'
[1.824s] Level 5:colcon.colcon_core.verb:set package 'rplidar_ros' build argument 'catkin_cmake_args' from command line to 'None'
[1.824s] Level 5:colcon.colcon_core.verb:set package 'rplidar_ros' build argument 'catkin_skip_building_tests' from command line to 'False'
[1.825s] DEBUG:colcon.colcon_core.verb:Building package 'rplidar_ros' with the following arguments: {'ament_cmake_args': None, 'build_base': '/home/jetsonnx/ros2_ws/build/rplidar_ros', 'catkin_cmake_args': None, 'catkin_skip_building_tests': False, 'cmake_args': None, 'cmake_clean_cache': False, 'cmake_clean_first': False, 'cmake_force_configure': False, 'cmake_target': None, 'cmake_target_skip_unavailable': False, 'install_base': '/home/jetsonnx/ros2_ws/install/rplidar_ros', 'merge_install': False, 'path': '/home/jetsonnx/ros2_ws/src/rplidar_ros2', 'symlink_install': True, 'test_result_base': None}
[1.825s] INFO:colcon.colcon_core.executor:Executing jobs using 'parallel' executor
[1.829s] DEBUG:colcon.colcon_parallel_executor.executor.parallel:run_until_complete
[1.830s] INFO:colcon.colcon_ros.task.ament_cmake.build:Building ROS package in '/home/jetsonnx/ros2_ws/src/dynamixel_workbench_controllers' with build type 'ament_cmake'
[1.831s] INFO:colcon.colcon_cmake.task.cmake.build:Building CMake package in '/home/jetsonnx/ros2_ws/src/dynamixel_workbench_controllers'
[1.840s] INFO:colcon.colcon_core.plugin_system:Skipping extension 'colcon_core.shell.bat': Not used on non-Windows systems
[1.841s] INFO:colcon.colcon_core.shell:Skip shell extension 'powershell' for command environment: Not usable outside of PowerShell
[1.841s] DEBUG:colcon.colcon_core.shell:Skip shell extension 'dsv' for command environment
[1.866s] INFO:colcon.colcon_ros.task.ament_cmake.build:Building ROS package in '/home/jetsonnx/ros2_ws/src/dynamixel-workbench-msgs/dynamixel_workbench_msgs' with build type 'ament_cmake'
[1.869s] INFO:colcon.colcon_cmake.task.cmake.build:Building CMake package in '/home/jetsonnx/ros2_ws/src/dynamixel-workbench-msgs/dynamixel_workbench_msgs'
[1.873s] INFO:colcon.colcon_core.shell:Skip shell extension 'powershell' for command environment: Not usable outside of PowerShell
[1.874s] DEBUG:colcon.colcon_core.shell:Skip shell extension 'dsv' for command environment
[1.902s] INFO:colcon.colcon_ros.task.ament_cmake.build:Building ROS package in '/home/jetsonnx/ros2_ws/src/dynamixel_workbench_operators' with build type 'ament_cmake'
[1.906s] INFO:colcon.colcon_cmake.task.cmake.build:Building CMake package in '/home/jetsonnx/ros2_ws/src/dynamixel_workbench_operators'
[1.910s] INFO:colcon.colcon_core.shell:Skip shell extension 'powershell' for command environment: Not usable outside of PowerShell
[1.911s] DEBUG:colcon.colcon_core.shell:Skip shell extension 'dsv' for command environment
[1.937s] INFO:colcon.colcon_ros.task.ament_cmake.build:Building ROS package in '/home/jetsonnx/ros2_ws/src/rplidar_ros2' with build type 'ament_cmake'
[1.940s] INFO:colcon.colcon_cmake.task.cmake.build:Building CMake package in '/home/jetsonnx/ros2_ws/src/rplidar_ros2'
[1.944s] INFO:colcon.colcon_core.shell:Skip shell extension 'powershell' for command environment: Not usable outside of PowerShell
[1.945s] DEBUG:colcon.colcon_core.shell:Skip shell extension 'dsv' for command environment
[2.019s] DEBUG:colcon.colcon_core.event_handler.log_command:Invoking command in '/home/jetsonnx/ros2_ws/build/dynamixel_workbench_controllers': CMAKE_PREFIX_PATH=${CMAKE_PREFIX_PATH}:/opt/ros/foxy /usr/bin/cmake --build /home/jetsonnx/ros2_ws/build/dynamixel_workbench_controllers -- -j4 -l4
[2.061s] DEBUG:colcon.colcon_core.event_handler.log_command:Invoking command in '/home/jetsonnx/ros2_ws/build/dynamixel_workbench_msgs': CMAKE_PREFIX_PATH=${CMAKE_PREFIX_PATH}:/opt/ros/foxy /usr/bin/cmake --build /home/jetsonnx/ros2_ws/build/dynamixel_workbench_msgs -- -j4 -l4
[2.102s] DEBUG:colcon.colcon_core.event_handler.log_command:Invoking command in '/home/jetsonnx/ros2_ws/build/dynamixel_workbench_operators': CMAKE_PREFIX_PATH=${CMAKE_PREFIX_PATH}:/opt/ros/foxy /usr/bin/cmake --build /home/jetsonnx/ros2_ws/build/dynamixel_workbench_operators -- -j4 -l4
[2.129s] DEBUG:colcon.colcon_core.event_handler.log_command:Invoking command in '/home/jetsonnx/ros2_ws/build/rplidar_ros': CMAKE_PREFIX_PATH=${CMAKE_PREFIX_PATH}:/opt/ros/foxy /usr/bin/cmake --build /home/jetsonnx/ros2_ws/build/rplidar_ros -- -j4 -l4
[2.734s] DEBUG:colcon.colcon_core.event_handler.log_command:Invoked command in '/home/jetsonnx/ros2_ws/build/dynamixel_workbench_controllers' returned '0': CMAKE_PREFIX_PATH=${CMAKE_PREFIX_PATH}:/opt/ros/foxy /usr/bin/cmake --build /home/jetsonnx/ros2_ws/build/dynamixel_workbench_controllers -- -j4 -l4
[2.906s] DEBUG:colcon.colcon_core.event_handler.log_command:Invoked command in '/home/jetsonnx/ros2_ws/build/dynamixel_workbench_operators' returned '0': CMAKE_PREFIX_PATH=${CMAKE_PREFIX_PATH}:/opt/ros/foxy /usr/bin/cmake --build /home/jetsonnx/ros2_ws/build/dynamixel_workbench_operators -- -j4 -l4
[3.246s] DEBUG:colcon.colcon_core.event_handler.log_command:Invoking command in '/home/jetsonnx/ros2_ws/build/dynamixel_workbench_operators': CMAKE_PREFIX_PATH=${CMAKE_PREFIX_PATH}:/opt/ros/foxy /usr/bin/cmake --install /home/jetsonnx/ros2_ws/build/dynamixel_workbench_operators
[3.347s] DEBUG:colcon.colcon_core.event_handler.log_command:Invoking command in '/home/jetsonnx/ros2_ws/build/dynamixel_workbench_controllers': CMAKE_PREFIX_PATH=${CMAKE_PREFIX_PATH}:/opt/ros/foxy /usr/bin/cmake --install /home/jetsonnx/ros2_ws/build/dynamixel_workbench_controllers
[3.631s] Level 1:colcon.colcon_core.environment:create_environment_scripts_only(dynamixel_workbench_operators)
[3.636s] DEBUG:colcon.colcon_core.event_handler.log_command:Invoked command in '/home/jetsonnx/ros2_ws/build/dynamixel_workbench_operators' returned '0': CMAKE_PREFIX_PATH=${CMAKE_PREFIX_PATH}:/opt/ros/foxy /usr/bin/cmake --install /home/jetsonnx/ros2_ws/build/dynamixel_workbench_operators
[3.653s] Level 1:colcon.colcon_core.environment:checking '/home/jetsonnx/ros2_ws/install/dynamixel_workbench_operators' for CMake module files
[3.657s] Level 1:colcon.colcon_core.environment:checking '/home/jetsonnx/ros2_ws/install/dynamixel_workbench_operators' for CMake config files
[3.660s] Level 1:colcon.colcon_core.shell:create_environment_hook('dynamixel_workbench_operators', 'cmake_prefix_path')
[3.661s] INFO:colcon.colcon_core.shell:Creating environment hook '/home/jetsonnx/ros2_ws/install/dynamixel_workbench_operators/share/dynamixel_workbench_operators/hook/cmake_prefix_path.ps1'
[3.666s] INFO:colcon.colcon_core.shell:Creating environment descriptor '/home/jetsonnx/ros2_ws/install/dynamixel_workbench_operators/share/dynamixel_workbench_operators/hook/cmake_prefix_path.dsv'
[3.722s] INFO:colcon.colcon_core.shell:Creating environment hook '/home/jetsonnx/ros2_ws/install/dynamixel_workbench_operators/share/dynamixel_workbench_operators/hook/cmake_prefix_path.sh'
[3.727s] Level 1:colcon.colcon_core.environment:checking '/home/jetsonnx/ros2_ws/install/dynamixel_workbench_operators/lib'
[3.728s] Level 1:colcon.colcon_core.environment:checking '/home/jetsonnx/ros2_ws/install/dynamixel_workbench_operators/bin'
[3.728s] Level 1:colcon.colcon_core.environment:checking '/home/jetsonnx/ros2_ws/install/dynamixel_workbench_operators/lib/pkgconfig/dynamixel_workbench_operators.pc'
[3.730s] Level 1:colcon.colcon_core.environment:checking '/home/jetsonnx/ros2_ws/install/dynamixel_workbench_operators/lib/python3.8/site-packages'
[3.730s] Level 1:colcon.colcon_core.environment:checking '/home/jetsonnx/ros2_ws/install/dynamixel_workbench_operators/bin'
[3.732s] INFO:colcon.colcon_core.shell:Creating package script '/home/jetsonnx/ros2_ws/install/dynamixel_workbench_operators/share/dynamixel_workbench_operators/package.ps1'
[3.751s] INFO:colcon.colcon_core.shell:Creating package descriptor '/home/jetsonnx/ros2_ws/install/dynamixel_workbench_operators/share/dynamixel_workbench_operators/package.dsv'
[3.753s] INFO:colcon.colcon_core.shell:Creating package script '/home/jetsonnx/ros2_ws/install/dynamixel_workbench_operators/share/dynamixel_workbench_operators/package.sh'
[3.756s] INFO:colcon.colcon_core.shell:Creating package script '/home/jetsonnx/ros2_ws/install/dynamixel_workbench_operators/share/dynamixel_workbench_operators/package.bash'
[3.760s] INFO:colcon.colcon_core.shell:Creating package script '/home/jetsonnx/ros2_ws/install/dynamixel_workbench_operators/share/dynamixel_workbench_operators/package.zsh'
[3.777s] Level 1:colcon.colcon_core.environment:create_file_with_runtime_dependencies(/home/jetsonnx/ros2_ws/install/dynamixel_workbench_operators/share/colcon-core/packages/dynamixel_workbench_operators)
[3.819s] Level 1:colcon.colcon_core.environment:create_environment_scripts_only(dynamixel_workbench_controllers)
[3.822s] DEBUG:colcon.colcon_core.event_handler.log_command:Invoked command in '/home/jetsonnx/ros2_ws/build/dynamixel_workbench_controllers' returned '0': CMAKE_PREFIX_PATH=${CMAKE_PREFIX_PATH}:/opt/ros/foxy /usr/bin/cmake --install /home/jetsonnx/ros2_ws/build/dynamixel_workbench_controllers
[3.824s] Level 1:colcon.colcon_core.environment:checking '/home/jetsonnx/ros2_ws/install/dynamixel_workbench_controllers' for CMake module files
[3.829s] Level 1:colcon.colcon_core.environment:checking '/home/jetsonnx/ros2_ws/install/dynamixel_workbench_controllers' for CMake config files
[3.831s] Level 1:colcon.colcon_core.shell:create_environment_hook('dynamixel_workbench_controllers', 'cmake_prefix_path')
[3.833s] INFO:colcon.colcon_core.shell:Creating environment hook '/home/jetsonnx/ros2_ws/install/dynamixel_workbench_controllers/share/dynamixel_workbench_controllers/hook/cmake_prefix_path.ps1'
[3.836s] INFO:colcon.colcon_core.shell:Creating environment descriptor '/home/jetsonnx/ros2_ws/install/dynamixel_workbench_controllers/share/dynamixel_workbench_controllers/hook/cmake_prefix_path.dsv'
[3.866s] INFO:colcon.colcon_core.shell:Creating environment hook '/home/jetsonnx/ros2_ws/install/dynamixel_workbench_controllers/share/dynamixel_workbench_controllers/hook/cmake_prefix_path.sh'
[3.871s] Level 1:colcon.colcon_core.environment:checking '/home/jetsonnx/ros2_ws/install/dynamixel_workbench_controllers/lib'
[3.872s] Level 1:colcon.colcon_core.environment:checking '/home/jetsonnx/ros2_ws/install/dynamixel_workbench_controllers/bin'
[3.873s] Level 1:colcon.colcon_core.environment:checking '/home/jetsonnx/ros2_ws/install/dynamixel_workbench_controllers/lib/pkgconfig/dynamixel_workbench_controllers.pc'
[3.874s] Level 1:colcon.colcon_core.environment:checking '/home/jetsonnx/ros2_ws/install/dynamixel_workbench_controllers/lib/python3.8/site-packages'
[3.875s] Level 1:colcon.colcon_core.environment:checking '/home/jetsonnx/ros2_ws/install/dynamixel_workbench_controllers/bin'
[3.877s] INFO:colcon.colcon_core.shell:Creating package script '/home/jetsonnx/ros2_ws/install/dynamixel_workbench_controllers/share/dynamixel_workbench_controllers/package.ps1'
[3.882s] INFO:colcon.colcon_core.shell:Creating package descriptor '/home/jetsonnx/ros2_ws/install/dynamixel_workbench_controllers/share/dynamixel_workbench_controllers/package.dsv'
[3.885s] INFO:colcon.colcon_core.shell:Creating package script '/home/jetsonnx/ros2_ws/install/dynamixel_workbench_controllers/share/dynamixel_workbench_controllers/package.sh'
[3.889s] INFO:colcon.colcon_core.shell:Creating package script '/home/jetsonnx/ros2_ws/install/dynamixel_workbench_controllers/share/dynamixel_workbench_controllers/package.bash'
[3.892s] INFO:colcon.colcon_core.shell:Creating package script '/home/jetsonnx/ros2_ws/install/dynamixel_workbench_controllers/share/dynamixel_workbench_controllers/package.zsh'
[3.894s] Level 1:colcon.colcon_core.environment:create_file_with_runtime_dependencies(/home/jetsonnx/ros2_ws/install/dynamixel_workbench_controllers/share/colcon-core/packages/dynamixel_workbench_controllers)
[4.043s] Level 1:colcon.colcon_core.environment:create_environment_scripts_only(dynamixel_workbench_operators)
[4.047s] Level 1:colcon.colcon_core.environment:checking '/home/jetsonnx/ros2_ws/install/dynamixel_workbench_operators' for CMake module files
[4.050s] Level 1:colcon.colcon_core.environment:checking '/home/jetsonnx/ros2_ws/install/dynamixel_workbench_operators' for CMake config files
[4.052s] Level 1:colcon.colcon_core.shell:create_environment_hook('dynamixel_workbench_operators', 'cmake_prefix_path')
[4.053s] INFO:colcon.colcon_core.shell:Creating environment hook '/home/jetsonnx/ros2_ws/install/dynamixel_workbench_operators/share/dynamixel_workbench_operators/hook/cmake_prefix_path.ps1'
[4.058s] INFO:colcon.colcon_core.shell:Creating environment descriptor '/home/jetsonnx/ros2_ws/install/dynamixel_workbench_operators/share/dynamixel_workbench_operators/hook/cmake_prefix_path.dsv'
[4.120s] INFO:colcon.colcon_core.shell:Creating environment hook '/home/jetsonnx/ros2_ws/install/dynamixel_workbench_operators/share/dynamixel_workbench_operators/hook/cmake_prefix_path.sh'
[4.124s] Level 1:colcon.colcon_core.environment:checking '/home/jetsonnx/ros2_ws/install/dynamixel_workbench_operators/lib'
[4.138s] Level 1:colcon.colcon_core.environment:checking '/home/jetsonnx/ros2_ws/install/dynamixel_workbench_operators/bin'
[4.139s] Level 1:colcon.colcon_core.environment:checking '/home/jetsonnx/ros2_ws/install/dynamixel_workbench_operators/lib/pkgconfig/dynamixel_workbench_operators.pc'
[4.141s] Level 1:colcon.colcon_core.environment:checking '/home/jetsonnx/ros2_ws/install/dynamixel_workbench_operators/lib/python3.8/site-packages'
[4.142s] Level 1:colcon.colcon_core.environment:checking '/home/jetsonnx/ros2_ws/install/dynamixel_workbench_operators/bin'
[4.143s] INFO:colcon.colcon_core.shell:Creating package script '/home/jetsonnx/ros2_ws/install/dynamixel_workbench_operators/share/dynamixel_workbench_operators/package.ps1'
[4.147s] INFO:colcon.colcon_core.shell:Creating package descriptor '/home/jetsonnx/ros2_ws/install/dynamixel_workbench_operators/share/dynamixel_workbench_operators/package.dsv'
[4.150s] INFO:colcon.colcon_core.shell:Creating package script '/home/jetsonnx/ros2_ws/install/dynamixel_workbench_operators/share/dynamixel_workbench_operators/package.sh'
[4.153s] INFO:colcon.colcon_core.shell:Creating package script '/home/jetsonnx/ros2_ws/install/dynamixel_workbench_operators/share/dynamixel_workbench_operators/package.bash'
[4.167s] INFO:colcon.colcon_core.shell:Creating package script '/home/jetsonnx/ros2_ws/install/dynamixel_workbench_operators/share/dynamixel_workbench_operators/package.zsh'
[4.170s] Level 1:colcon.colcon_core.environment:create_file_with_runtime_dependencies(/home/jetsonnx/ros2_ws/install/dynamixel_workbench_operators/share/colcon-core/packages/dynamixel_workbench_operators)
[4.327s] Level 1:colcon.colcon_core.environment:create_environment_scripts_only(dynamixel_workbench_controllers)
[4.328s] Level 1:colcon.colcon_core.environment:checking '/home/jetsonnx/ros2_ws/install/dynamixel_workbench_controllers' for CMake module files
[4.330s] Level 1:colcon.colcon_core.environment:checking '/home/jetsonnx/ros2_ws/install/dynamixel_workbench_controllers' for CMake config files
[4.332s] Level 1:colcon.colcon_core.shell:create_environment_hook('dynamixel_workbench_controllers', 'cmake_prefix_path')
[4.353s] INFO:colcon.colcon_core.shell:Creating environment hook '/home/jetsonnx/ros2_ws/install/dynamixel_workbench_controllers/share/dynamixel_workbench_controllers/hook/cmake_prefix_path.ps1'
[4.362s] INFO:colcon.colcon_core.shell:Creating environment descriptor '/home/jetsonnx/ros2_ws/install/dynamixel_workbench_controllers/share/dynamixel_workbench_controllers/hook/cmake_prefix_path.dsv'
[4.411s] INFO:colcon.colcon_core.shell:Creating environment hook '/home/jetsonnx/ros2_ws/install/dynamixel_workbench_controllers/share/dynamixel_workbench_controllers/hook/cmake_prefix_path.sh'
[4.416s] Level 1:colcon.colcon_core.environment:checking '/home/jetsonnx/ros2_ws/install/dynamixel_workbench_controllers/lib'
[4.416s] Level 1:colcon.colcon_core.environment:checking '/home/jetsonnx/ros2_ws/install/dynamixel_workbench_controllers/bin'
[4.431s] Level 1:colcon.colcon_core.environment:checking '/home/jetsonnx/ros2_ws/install/dynamixel_workbench_controllers/lib/pkgconfig/dynamixel_workbench_controllers.pc'
[4.432s] Level 1:colcon.colcon_core.environment:checking '/home/jetsonnx/ros2_ws/install/dynamixel_workbench_controllers/lib/python3.8/site-packages'
[4.433s] Level 1:colcon.colcon_core.environment:checking '/home/jetsonnx/ros2_ws/install/dynamixel_workbench_controllers/bin'
[4.434s] INFO:colcon.colcon_core.shell:Creating package script '/home/jetsonnx/ros2_ws/install/dynamixel_workbench_controllers/share/dynamixel_workbench_controllers/package.ps1'
[4.438s] INFO:colcon.colcon_core.shell:Creating package descriptor '/home/jetsonnx/ros2_ws/install/dynamixel_workbench_controllers/share/dynamixel_workbench_controllers/package.dsv'
[4.444s] INFO:colcon.colcon_core.shell:Creating package script '/home/jetsonnx/ros2_ws/install/dynamixel_workbench_controllers/share/dynamixel_workbench_controllers/package.sh'
[4.449s] INFO:colcon.colcon_core.shell:Creating package script '/home/jetsonnx/ros2_ws/install/dynamixel_workbench_controllers/share/dynamixel_workbench_controllers/package.bash'
[4.453s] INFO:colcon.colcon_core.shell:Creating package script '/home/jetsonnx/ros2_ws/install/dynamixel_workbench_controllers/share/dynamixel_workbench_controllers/package.zsh'
[4.456s] Level 1:colcon.colcon_core.environment:create_file_with_runtime_dependencies(/home/jetsonnx/ros2_ws/install/dynamixel_workbench_controllers/share/colcon-core/packages/dynamixel_workbench_controllers)
[4.616s] DEBUG:colcon.colcon_core.event_handler.log_command:Invoked command in '/home/jetsonnx/ros2_ws/build/dynamixel_workbench_msgs' returned '0': CMAKE_PREFIX_PATH=${CMAKE_PREFIX_PATH}:/opt/ros/foxy /usr/bin/cmake --build /home/jetsonnx/ros2_ws/build/dynamixel_workbench_msgs -- -j4 -l4
[6.788s] DEBUG:colcon.colcon_core.event_handler.log_command:Invoking command in '/home/jetsonnx/ros2_ws/build/dynamixel_workbench_msgs': CMAKE_PREFIX_PATH=${CMAKE_PREFIX_PATH}:/opt/ros/foxy /usr/bin/cmake --install /home/jetsonnx/ros2_ws/build/dynamixel_workbench_msgs
[8.197s] Level 1:colcon.colcon_core.environment:create_environment_scripts_only(dynamixel_workbench_msgs)
[8.200s] Level 1:colcon.colcon_core.environment:checking '/home/jetsonnx/ros2_ws/install/dynamixel_workbench_msgs' for CMake module files
[8.207s] DEBUG:colcon.colcon_core.event_handler.log_command:Invoked command in '/home/jetsonnx/ros2_ws/build/dynamixel_workbench_msgs' returned '0': CMAKE_PREFIX_PATH=${CMAKE_PREFIX_PATH}:/opt/ros/foxy /usr/bin/cmake --install /home/jetsonnx/ros2_ws/build/dynamixel_workbench_msgs
[8.210s] Level 1:colcon.colcon_core.environment:checking '/home/jetsonnx/ros2_ws/install/dynamixel_workbench_msgs' for CMake config files
[8.227s] Level 1:colcon.colcon_core.shell:create_environment_hook('dynamixel_workbench_msgs', 'cmake_prefix_path')
[8.230s] INFO:colcon.colcon_core.shell:Creating environment hook '/home/jetsonnx/ros2_ws/install/dynamixel_workbench_msgs/share/dynamixel_workbench_msgs/hook/cmake_prefix_path.ps1'
[8.236s] INFO:colcon.colcon_core.shell:Creating environment descriptor '/home/jetsonnx/ros2_ws/install/dynamixel_workbench_msgs/share/dynamixel_workbench_msgs/hook/cmake_prefix_path.dsv'
[8.241s] INFO:colcon.colcon_core.shell:Creating environment hook '/home/jetsonnx/ros2_ws/install/dynamixel_workbench_msgs/share/dynamixel_workbench_msgs/hook/cmake_prefix_path.sh'
[8.249s] Level 1:colcon.colcon_core.environment:checking '/home/jetsonnx/ros2_ws/install/dynamixel_workbench_msgs/lib'
[8.252s] Level 1:colcon.colcon_core.shell:create_environment_hook('dynamixel_workbench_msgs', 'ld_library_path_lib')
[8.253s] INFO:colcon.colcon_core.shell:Creating environment hook '/home/jetsonnx/ros2_ws/install/dynamixel_workbench_msgs/share/dynamixel_workbench_msgs/hook/ld_library_path_lib.ps1'
[8.259s] INFO:colcon.colcon_core.shell:Creating environment descriptor '/home/jetsonnx/ros2_ws/install/dynamixel_workbench_msgs/share/dynamixel_workbench_msgs/hook/ld_library_path_lib.dsv'
[8.263s] INFO:colcon.colcon_core.shell:Creating environment hook '/home/jetsonnx/ros2_ws/install/dynamixel_workbench_msgs/share/dynamixel_workbench_msgs/hook/ld_library_path_lib.sh'
[8.268s] Level 1:colcon.colcon_core.environment:checking '/home/jetsonnx/ros2_ws/install/dynamixel_workbench_msgs/bin'
[8.269s] Level 1:colcon.colcon_core.environment:checking '/home/jetsonnx/ros2_ws/install/dynamixel_workbench_msgs/lib/pkgconfig/dynamixel_workbench_msgs.pc'
[8.271s] Level 1:colcon.colcon_core.environment:checking '/home/jetsonnx/ros2_ws/install/dynamixel_workbench_msgs/lib/python3.8/site-packages'
[8.272s] Level 1:colcon.colcon_core.shell:create_environment_hook('dynamixel_workbench_msgs', 'pythonpath')
[8.274s] INFO:colcon.colcon_core.shell:Creating environment hook '/home/jetsonnx/ros2_ws/install/dynamixel_workbench_msgs/share/dynamixel_workbench_msgs/hook/pythonpath.ps1'
[8.278s] INFO:colcon.colcon_core.shell:Creating environment descriptor '/home/jetsonnx/ros2_ws/install/dynamixel_workbench_msgs/share/dynamixel_workbench_msgs/hook/pythonpath.dsv'
[8.283s] INFO:colcon.colcon_core.shell:Creating environment hook '/home/jetsonnx/ros2_ws/install/dynamixel_workbench_msgs/share/dynamixel_workbench_msgs/hook/pythonpath.sh'
[8.288s] Level 1:colcon.colcon_core.environment:checking '/home/jetsonnx/ros2_ws/install/dynamixel_workbench_msgs/bin'
[8.291s] INFO:colcon.colcon_core.shell:Creating package script '/home/jetsonnx/ros2_ws/install/dynamixel_workbench_msgs/share/dynamixel_workbench_msgs/package.ps1'
[8.296s] INFO:colcon.colcon_core.shell:Creating package descriptor '/home/jetsonnx/ros2_ws/install/dynamixel_workbench_msgs/share/dynamixel_workbench_msgs/package.dsv'
[8.301s] INFO:colcon.colcon_core.shell:Creating package script '/home/jetsonnx/ros2_ws/install/dynamixel_workbench_msgs/share/dynamixel_workbench_msgs/package.sh'
[8.309s] INFO:colcon.colcon_core.shell:Creating package script '/home/jetsonnx/ros2_ws/install/dynamixel_workbench_msgs/share/dynamixel_workbench_msgs/package.bash'
[8.314s] INFO:colcon.colcon_core.shell:Creating package script '/home/jetsonnx/ros2_ws/install/dynamixel_workbench_msgs/share/dynamixel_workbench_msgs/package.zsh'
[8.318s] Level 1:colcon.colcon_core.environment:create_file_with_runtime_dependencies(/home/jetsonnx/ros2_ws/install/dynamixel_workbench_msgs/share/colcon-core/packages/dynamixel_workbench_msgs)
[10.485s] Level 1:colcon.colcon_core.environment:create_environment_scripts_only(dynamixel_workbench_msgs)
[10.488s] Level 1:colcon.colcon_core.environment:checking '/home/jetsonnx/ros2_ws/install/dynamixel_workbench_msgs' for CMake module files
[10.492s] Level 1:colcon.colcon_core.environment:checking '/home/jetsonnx/ros2_ws/install/dynamixel_workbench_msgs' for CMake config files
[10.508s] Level 1:colcon.colcon_core.shell:create_environment_hook('dynamixel_workbench_msgs', 'cmake_prefix_path')
[10.510s] INFO:colcon.colcon_core.shell:Creating environment hook '/home/jetsonnx/ros2_ws/install/dynamixel_workbench_msgs/share/dynamixel_workbench_msgs/hook/cmake_prefix_path.ps1'
[10.515s] INFO:colcon.colcon_core.shell:Creating environment descriptor '/home/jetsonnx/ros2_ws/install/dynamixel_workbench_msgs/share/dynamixel_workbench_msgs/hook/cmake_prefix_path.dsv'
[10.519s] INFO:colcon.colcon_core.shell:Creating environment hook '/home/jetsonnx/ros2_ws/install/dynamixel_workbench_msgs/share/dynamixel_workbench_msgs/hook/cmake_prefix_path.sh'
[10.534s] Level 1:colcon.colcon_core.environment:checking '/home/jetsonnx/ros2_ws/install/dynamixel_workbench_msgs/lib'
[10.535s] Level 1:colcon.colcon_core.shell:create_environment_hook('dynamixel_workbench_msgs', 'ld_library_path_lib')
[10.537s] INFO:colcon.colcon_core.shell:Creating environment hook '/home/jetsonnx/ros2_ws/install/dynamixel_workbench_msgs/share/dynamixel_workbench_msgs/hook/ld_library_path_lib.ps1'
[10.541s] INFO:colcon.colcon_core.shell:Creating environment descriptor '/home/jetsonnx/ros2_ws/install/dynamixel_workbench_msgs/share/dynamixel_workbench_msgs/hook/ld_library_path_lib.dsv'
[10.550s] INFO:colcon.colcon_core.shell:Creating environment hook '/home/jetsonnx/ros2_ws/install/dynamixel_workbench_msgs/share/dynamixel_workbench_msgs/hook/ld_library_path_lib.sh'
[10.555s] Level 1:colcon.colcon_core.environment:checking '/home/jetsonnx/ros2_ws/install/dynamixel_workbench_msgs/bin'
[10.556s] Level 1:colcon.colcon_core.environment:checking '/home/jetsonnx/ros2_ws/install/dynamixel_workbench_msgs/lib/pkgconfig/dynamixel_workbench_msgs.pc'
[10.558s] Level 1:colcon.colcon_core.environment:checking '/home/jetsonnx/ros2_ws/install/dynamixel_workbench_msgs/lib/python3.8/site-packages'
[10.559s] Level 1:colcon.colcon_core.shell:create_environment_hook('dynamixel_workbench_msgs', 'pythonpath')
[10.560s] INFO:colcon.colcon_core.shell:Creating environment hook '/home/jetsonnx/ros2_ws/install/dynamixel_workbench_msgs/share/dynamixel_workbench_msgs/hook/pythonpath.ps1'
[10.564s] INFO:colcon.colcon_core.shell:Creating environment descriptor '/home/jetsonnx/ros2_ws/install/dynamixel_workbench_msgs/share/dynamixel_workbench_msgs/hook/pythonpath.dsv'
[10.567s] INFO:colcon.colcon_core.shell:Creating environment hook '/home/jetsonnx/ros2_ws/install/dynamixel_workbench_msgs/share/dynamixel_workbench_msgs/hook/pythonpath.sh'
[10.573s] Level 1:colcon.colcon_core.environment:checking '/home/jetsonnx/ros2_ws/install/dynamixel_workbench_msgs/bin'
[10.578s] INFO:colcon.colcon_core.shell:Creating package script '/home/jetsonnx/ros2_ws/install/dynamixel_workbench_msgs/share/dynamixel_workbench_msgs/package.ps1'
[10.581s] INFO:colcon.colcon_core.shell:Creating package descriptor '/home/jetsonnx/ros2_ws/install/dynamixel_workbench_msgs/share/dynamixel_workbench_msgs/package.dsv'
[10.584s] INFO:colcon.colcon_core.shell:Creating package script '/home/jetsonnx/ros2_ws/install/dynamixel_workbench_msgs/share/dynamixel_workbench_msgs/package.sh'
[10.587s] INFO:colcon.colcon_core.shell:Creating package script '/home/jetsonnx/ros2_ws/install/dynamixel_workbench_msgs/share/dynamixel_workbench_msgs/package.bash'
[10.589s] INFO:colcon.colcon_core.shell:Creating package script '/home/jetsonnx/ros2_ws/install/dynamixel_workbench_msgs/share/dynamixel_workbench_msgs/package.zsh'
[10.591s] Level 1:colcon.colcon_core.environment:create_file_with_runtime_dependencies(/home/jetsonnx/ros2_ws/install/dynamixel_workbench_msgs/share/colcon-core/packages/dynamixel_workbench_msgs)
[21.451s] DEBUG:colcon.colcon_core.event_handler.log_command:Invoked command in '/home/jetsonnx/ros2_ws/build/rplidar_ros' returned '0': CMAKE_PREFIX_PATH=${CMAKE_PREFIX_PATH}:/opt/ros/foxy /usr/bin/cmake --build /home/jetsonnx/ros2_ws/build/rplidar_ros -- -j4 -l4
[21.686s] DEBUG:colcon.colcon_core.event_handler.log_command:Invoking command in '/home/jetsonnx/ros2_ws/build/rplidar_ros': CMAKE_PREFIX_PATH=${CMAKE_PREFIX_PATH}:/opt/ros/foxy /usr/bin/cmake --install /home/jetsonnx/ros2_ws/build/rplidar_ros
[21.824s] Level 1:colcon.colcon_core.environment:create_environment_scripts_only(rplidar_ros)
[21.833s] Level 1:colcon.colcon_core.environment:checking '/home/jetsonnx/ros2_ws/install/rplidar_ros' for CMake module files
[21.835s] DEBUG:colcon.colcon_core.event_handler.log_command:Invoked command in '/home/jetsonnx/ros2_ws/build/rplidar_ros' returned '0': CMAKE_PREFIX_PATH=${CMAKE_PREFIX_PATH}:/opt/ros/foxy /usr/bin/cmake --install /home/jetsonnx/ros2_ws/build/rplidar_ros
[21.841s] Level 1:colcon.colcon_core.environment:checking '/home/jetsonnx/ros2_ws/install/rplidar_ros' for CMake config files
[21.848s] Level 1:colcon.colcon_core.shell:create_environment_hook('rplidar_ros', 'cmake_prefix_path')
[21.854s] INFO:colcon.colcon_core.shell:Creating environment hook '/home/jetsonnx/ros2_ws/install/rplidar_ros/share/rplidar_ros/hook/cmake_prefix_path.ps1'
[21.857s] INFO:colcon.colcon_core.shell:Creating environment descriptor '/home/jetsonnx/ros2_ws/install/rplidar_ros/share/rplidar_ros/hook/cmake_prefix_path.dsv'
[21.860s] INFO:colcon.colcon_core.shell:Creating environment hook '/home/jetsonnx/ros2_ws/install/rplidar_ros/share/rplidar_ros/hook/cmake_prefix_path.sh'
[21.869s] Level 1:colcon.colcon_core.environment:checking '/home/jetsonnx/ros2_ws/install/rplidar_ros/lib'
[21.869s] Level 1:colcon.colcon_core.shell:create_environment_hook('rplidar_ros', 'ld_library_path_lib')
[21.871s] INFO:colcon.colcon_core.shell:Creating environment hook '/home/jetsonnx/ros2_ws/install/rplidar_ros/share/rplidar_ros/hook/ld_library_path_lib.ps1'
[21.873s] INFO:colcon.colcon_core.shell:Creating environment descriptor '/home/jetsonnx/ros2_ws/install/rplidar_ros/share/rplidar_ros/hook/ld_library_path_lib.dsv'
[21.875s] INFO:colcon.colcon_core.shell:Creating environment hook '/home/jetsonnx/ros2_ws/install/rplidar_ros/share/rplidar_ros/hook/ld_library_path_lib.sh'
[21.877s] Level 1:colcon.colcon_core.environment:checking '/home/jetsonnx/ros2_ws/install/rplidar_ros/bin'
[21.878s] Level 1:colcon.colcon_core.environment:checking '/home/jetsonnx/ros2_ws/install/rplidar_ros/lib/pkgconfig/rplidar_ros.pc'
[21.879s] Level 1:colcon.colcon_core.environment:checking '/home/jetsonnx/ros2_ws/install/rplidar_ros/lib/python3.8/site-packages'
[21.880s] Level 1:colcon.colcon_core.environment:checking '/home/jetsonnx/ros2_ws/install/rplidar_ros/bin'
[21.881s] INFO:colcon.colcon_core.shell:Creating package script '/home/jetsonnx/ros2_ws/install/rplidar_ros/share/rplidar_ros/package.ps1'
[21.884s] INFO:colcon.colcon_core.shell:Creating package descriptor '/home/jetsonnx/ros2_ws/install/rplidar_ros/share/rplidar_ros/package.dsv'
[21.886s] INFO:colcon.colcon_core.shell:Creating package script '/home/jetsonnx/ros2_ws/install/rplidar_ros/share/rplidar_ros/package.sh'
[21.888s] INFO:colcon.colcon_core.shell:Creating package script '/home/jetsonnx/ros2_ws/install/rplidar_ros/share/rplidar_ros/package.bash'
[21.889s] INFO:colcon.colcon_core.shell:Creating package script '/home/jetsonnx/ros2_ws/install/rplidar_ros/share/rplidar_ros/package.zsh'
[21.891s] Level 1:colcon.colcon_core.environment:create_file_with_runtime_dependencies(/home/jetsonnx/ros2_ws/install/rplidar_ros/share/colcon-core/packages/rplidar_ros)
[22.083s] Level 1:colcon.colcon_core.environment:create_environment_scripts_only(rplidar_ros)
[22.087s] Level 1:colcon.colcon_core.environment:checking '/home/jetsonnx/ros2_ws/install/rplidar_ros' for CMake module files
[22.099s] Level 1:colcon.colcon_core.environment:checking '/home/jetsonnx/ros2_ws/install/rplidar_ros' for CMake config files
[22.103s] Level 1:colcon.colcon_core.shell:create_environment_hook('rplidar_ros', 'cmake_prefix_path')
[22.105s] INFO:colcon.colcon_core.shell:Creating environment hook '/home/jetsonnx/ros2_ws/install/rplidar_ros/share/rplidar_ros/hook/cmake_prefix_path.ps1'
[22.109s] INFO:colcon.colcon_core.shell:Creating environment descriptor '/home/jetsonnx/ros2_ws/install/rplidar_ros/share/rplidar_ros/hook/cmake_prefix_path.dsv'
[22.119s] INFO:colcon.colcon_core.shell:Creating environment hook '/home/jetsonnx/ros2_ws/install/rplidar_ros/share/rplidar_ros/hook/cmake_prefix_path.sh'
[22.122s] Level 1:colcon.colcon_core.environment:checking '/home/jetsonnx/ros2_ws/install/rplidar_ros/lib'
[22.124s] Level 1:colcon.colcon_core.shell:create_environment_hook('rplidar_ros', 'ld_library_path_lib')
[22.125s] INFO:colcon.colcon_core.shell:Creating environment hook '/home/jetsonnx/ros2_ws/install/rplidar_ros/share/rplidar_ros/hook/ld_library_path_lib.ps1'
[22.127s] INFO:colcon.colcon_core.shell:Creating environment descriptor '/home/jetsonnx/ros2_ws/install/rplidar_ros/share/rplidar_ros/hook/ld_library_path_lib.dsv'
[22.129s] INFO:colcon.colcon_core.shell:Creating environment hook '/home/jetsonnx/ros2_ws/install/rplidar_ros/share/rplidar_ros/hook/ld_library_path_lib.sh'
[22.131s] Level 1:colcon.colcon_core.environment:checking '/home/jetsonnx/ros2_ws/install/rplidar_ros/bin'
[22.131s] Level 1:colcon.colcon_core.environment:checking '/home/jetsonnx/ros2_ws/install/rplidar_ros/lib/pkgconfig/rplidar_ros.pc'
[22.133s] Level 1:colcon.colcon_core.environment:checking '/home/jetsonnx/ros2_ws/install/rplidar_ros/lib/python3.8/site-packages'
[22.133s] Level 1:colcon.colcon_core.environment:checking '/home/jetsonnx/ros2_ws/install/rplidar_ros/bin'
[22.135s] INFO:colcon.colcon_core.shell:Creating package script '/home/jetsonnx/ros2_ws/install/rplidar_ros/share/rplidar_ros/package.ps1'
[22.137s] INFO:colcon.colcon_core.shell:Creating package descriptor '/home/jetsonnx/ros2_ws/install/rplidar_ros/share/rplidar_ros/package.dsv'
[22.139s] INFO:colcon.colcon_core.shell:Creating package script '/home/jetsonnx/ros2_ws/install/rplidar_ros/share/rplidar_ros/package.sh'
[22.141s] INFO:colcon.colcon_core.shell:Creating package script '/home/jetsonnx/ros2_ws/install/rplidar_ros/share/rplidar_ros/package.bash'
[22.143s] INFO:colcon.colcon_core.shell:Creating package script '/home/jetsonnx/ros2_ws/install/rplidar_ros/share/rplidar_ros/package.zsh'
[22.144s] Level 1:colcon.colcon_core.environment:create_file_with_runtime_dependencies(/home/jetsonnx/ros2_ws/install/rplidar_ros/share/colcon-core/packages/rplidar_ros)
[22.146s] DEBUG:colcon.colcon_parallel_executor.executor.parallel:closing loop
[22.151s] DEBUG:colcon.colcon_parallel_executor.executor.parallel:loop closed
[22.151s] DEBUG:colcon.colcon_parallel_executor.executor.parallel:run_until_complete finished with '0'
[22.152s] DEBUG:colcon.colcon_core.event_reactor:joining thread
[22.189s] INFO:colcon.colcon_core.plugin_system:Skipping extension 'colcon_notification.desktop_notification.terminal_notifier': Not used on non-Darwin systems
[22.189s] INFO:colcon.colcon_core.plugin_system:Skipping extension 'colcon_notification.desktop_notification.win32': Not used on non-Windows systems
[22.190s] INFO:colcon.colcon_notification.desktop_notification:Sending desktop notification using 'notify2'
[22.235s] DEBUG:colcon.colcon_notification.desktop_notification.notify2:Failed to initialize notify2: org.freedesktop.DBus.Error.Spawn.ChildExited: Process org.freedesktop.Notifications exited with status 1
[22.235s] DEBUG:colcon.colcon_core.event_reactor:joined thread
[22.237s] INFO:colcon.colcon_core.shell:Creating prefix script '/home/jetsonnx/ros2_ws/install/local_setup.ps1'
[22.240s] INFO:colcon.colcon_core.shell:Creating prefix util module '/home/jetsonnx/ros2_ws/install/_local_setup_util_ps1.py'
[22.245s] INFO:colcon.colcon_core.shell:Creating prefix chain script '/home/jetsonnx/ros2_ws/install/setup.ps1'
[22.250s] INFO:colcon.colcon_core.shell:Creating prefix script '/home/jetsonnx/ros2_ws/install/local_setup.sh'
[22.255s] INFO:colcon.colcon_core.shell:Creating prefix util module '/home/jetsonnx/ros2_ws/install/_local_setup_util_sh.py'
[22.257s] INFO:colcon.colcon_core.shell:Creating prefix chain script '/home/jetsonnx/ros2_ws/install/setup.sh'
[22.263s] INFO:colcon.colcon_core.shell:Creating prefix script '/home/jetsonnx/ros2_ws/install/local_setup.bash'
[22.265s] INFO:colcon.colcon_core.shell:Creating prefix chain script '/home/jetsonnx/ros2_ws/install/setup.bash'
[22.270s] INFO:colcon.colcon_core.shell:Creating prefix script '/home/jetsonnx/ros2_ws/install/local_setup.zsh'
[22.272s] INFO:colcon.colcon_core.shell:Creating prefix chain script '/home/jetsonnx/ros2_ws/install/setup.zsh'
