[0.597s] DEBUG:colcon:Command line arguments: ['/usr/bin/colcon', 'build', '--symlink-install']
[0.598s] DEBUG:colcon:Parsed command line arguments: Namespace(allow_overriding=[], ament_cmake_args=None, base_paths=['.'], build_base='build', catkin_cmake_args=None, catkin_skip_building_tests=False, cmake_args=None, cmake_clean_cache=False, cmake_clean_first=False, cmake_force_configure=False, cmake_target=None, cmake_target_skip_unavailable=False, continue_on_error=False, event_handlers=None, executor='parallel', ignore_user_meta=False, install_base='install', log_base=None, log_level=None, main=<bound method BuildVerb.main of <colcon_core.verb.build.BuildVerb object at 0xffff813cb520>>, merge_install=False, metas=['./colcon.meta'], packages_above=None, packages_above_and_dependencies=None, packages_above_depth=None, packages_end=None, packages_ignore=None, packages_ignore_regex=None, packages_select=None, packages_select_build_failed=False, packages_select_by_dep=None, packages_select_regex=None, packages_select_test_failures=False, packages_skip=None, packages_skip_build_finished=False, packages_skip_by_dep=None, packages_skip_regex=None, packages_skip_test_passed=False, packages_skip_up_to=None, packages_start=None, packages_up_to=None, packages_up_to_regex=None, parallel_workers=8, paths=None, symlink_install=True, test_result_base=None, verb_extension=<colcon_core.verb.build.BuildVerb object at 0xffff813cb520>, verb_name='build', verb_parser=<colcon_defaults.argument_parser.defaults.DefaultArgumentsDecorator object at 0xffff81276cd0>)
[1.106s] Level 1:colcon.colcon_core.package_discovery:discover_packages(colcon_meta) check parameters
[1.106s] Level 1:colcon.colcon_core.package_discovery:discover_packages(recursive) check parameters
[1.107s] Level 1:colcon.colcon_core.package_discovery:discover_packages(ignore) check parameters
[1.107s] Level 1:colcon.colcon_core.package_discovery:discover_packages(path) check parameters
[1.107s] Level 1:colcon.colcon_core.package_discovery:discover_packages(colcon_meta) discover
[1.107s] Level 1:colcon.colcon_core.package_discovery:discover_packages(recursive) discover
[1.107s] INFO:colcon.colcon_core.package_discovery:Crawling recursively for packages in '/home/jetson/ros2_ws'
[1.108s] Level 1:colcon.colcon_core.package_identification:_identify(.) by extensions ['ignore', 'ignore_ament_install']
[1.108s] Level 1:colcon.colcon_core.package_identification:_identify(.) by extension 'ignore'
[1.108s] Level 1:colcon.colcon_core.package_identification:_identify(.) by extension 'ignore_ament_install'
[1.108s] Level 1:colcon.colcon_core.package_identification:_identify(.) by extensions ['colcon_pkg']
[1.109s] Level 1:colcon.colcon_core.package_identification:_identify(.) by extension 'colcon_pkg'
[1.109s] Level 1:colcon.colcon_core.package_identification:_identify(.) by extensions ['colcon_meta']
[1.109s] Level 1:colcon.colcon_core.package_identification:_identify(.) by extension 'colcon_meta'
[1.109s] Level 1:colcon.colcon_core.package_identification:_identify(.) by extensions ['ros']
[1.109s] Level 1:colcon.colcon_core.package_identification:_identify(.) by extension 'ros'
[1.145s] Level 1:colcon.colcon_core.package_identification:_identify(.) by extensions ['cmake', 'python']
[1.145s] Level 1:colcon.colcon_core.package_identification:_identify(.) by extension 'cmake'
[1.146s] Level 1:colcon.colcon_core.package_identification:_identify(.) by extension 'python'
[1.146s] Level 1:colcon.colcon_core.package_identification:_identify(.) by extensions ['python_setup_py']
[1.146s] Level 1:colcon.colcon_core.package_identification:_identify(.) by extension 'python_setup_py'
[1.146s] Level 1:colcon.colcon_core.package_identification:_identify(build) by extensions ['ignore', 'ignore_ament_install']
[1.147s] Level 1:colcon.colcon_core.package_identification:_identify(build) by extension 'ignore'
[1.147s] Level 1:colcon.colcon_core.package_identification:_identify(build) ignored
[1.147s] Level 1:colcon.colcon_core.package_identification:_identify(install) by extensions ['ignore', 'ignore_ament_install']
[1.148s] Level 1:colcon.colcon_core.package_identification:_identify(install) by extension 'ignore'
[1.148s] Level 1:colcon.colcon_core.package_identification:_identify(install) ignored
[1.148s] Level 1:colcon.colcon_core.package_identification:_identify(log) by extensions ['ignore', 'ignore_ament_install']
[1.149s] Level 1:colcon.colcon_core.package_identification:_identify(log) by extension 'ignore'
[1.149s] Level 1:colcon.colcon_core.package_identification:_identify(log) ignored
[1.149s] Level 1:colcon.colcon_core.package_identification:_identify(src) by extensions ['ignore', 'ignore_ament_install']
[1.149s] Level 1:colcon.colcon_core.package_identification:_identify(src) by extension 'ignore'
[1.149s] Level 1:colcon.colcon_core.package_identification:_identify(src) by extension 'ignore_ament_install'
[1.150s] Level 1:colcon.colcon_core.package_identification:_identify(src) by extensions ['colcon_pkg']
[1.150s] Level 1:colcon.colcon_core.package_identification:_identify(src) by extension 'colcon_pkg'
[1.150s] Level 1:colcon.colcon_core.package_identification:_identify(src) by extensions ['colcon_meta']
[1.150s] Level 1:colcon.colcon_core.package_identification:_identify(src) by extension 'colcon_meta'
[1.150s] Level 1:colcon.colcon_core.package_identification:_identify(src) by extensions ['ros']
[1.150s] Level 1:colcon.colcon_core.package_identification:_identify(src) by extension 'ros'
[1.151s] Level 1:colcon.colcon_core.package_identification:_identify(src) by extensions ['cmake', 'python']
[1.151s] Level 1:colcon.colcon_core.package_identification:_identify(src) by extension 'cmake'
[1.151s] Level 1:colcon.colcon_core.package_identification:_identify(src) by extension 'python'
[1.151s] Level 1:colcon.colcon_core.package_identification:_identify(src) by extensions ['python_setup_py']
[1.151s] Level 1:colcon.colcon_core.package_identification:_identify(src) by extension 'python_setup_py'
[1.151s] Level 1:colcon.colcon_core.package_identification:_identify(src/dynamixel-workbench-msgs) by extensions ['ignore', 'ignore_ament_install']
[1.152s] Level 1:colcon.colcon_core.package_identification:_identify(src/dynamixel-workbench-msgs) by extension 'ignore'
[1.152s] Level 1:colcon.colcon_core.package_identification:_identify(src/dynamixel-workbench-msgs) by extension 'ignore_ament_install'
[1.152s] Level 1:colcon.colcon_core.package_identification:_identify(src/dynamixel-workbench-msgs) by extensions ['colcon_pkg']
[1.152s] Level 1:colcon.colcon_core.package_identification:_identify(src/dynamixel-workbench-msgs) by extension 'colcon_pkg'
[1.152s] Level 1:colcon.colcon_core.package_identification:_identify(src/dynamixel-workbench-msgs) by extensions ['colcon_meta']
[1.152s] Level 1:colcon.colcon_core.package_identification:_identify(src/dynamixel-workbench-msgs) by extension 'colcon_meta'
[1.153s] Level 1:colcon.colcon_core.package_identification:_identify(src/dynamixel-workbench-msgs) by extensions ['ros']
[1.153s] Level 1:colcon.colcon_core.package_identification:_identify(src/dynamixel-workbench-msgs) by extension 'ros'
[1.153s] Level 1:colcon.colcon_core.package_identification:_identify(src/dynamixel-workbench-msgs) by extensions ['cmake', 'python']
[1.153s] Level 1:colcon.colcon_core.package_identification:_identify(src/dynamixel-workbench-msgs) by extension 'cmake'
[1.153s] Level 1:colcon.colcon_core.package_identification:_identify(src/dynamixel-workbench-msgs) by extension 'python'
[1.153s] Level 1:colcon.colcon_core.package_identification:_identify(src/dynamixel-workbench-msgs) by extensions ['python_setup_py']
[1.153s] Level 1:colcon.colcon_core.package_identification:_identify(src/dynamixel-workbench-msgs) by extension 'python_setup_py'
[1.154s] Level 1:colcon.colcon_core.package_identification:_identify(src/dynamixel-workbench-msgs/dynamixel_workbench_msgs) by extensions ['ignore', 'ignore_ament_install']
[1.154s] Level 1:colcon.colcon_core.package_identification:_identify(src/dynamixel-workbench-msgs/dynamixel_workbench_msgs) by extension 'ignore'
[1.154s] Level 1:colcon.colcon_core.package_identification:_identify(src/dynamixel-workbench-msgs/dynamixel_workbench_msgs) by extension 'ignore_ament_install'
[1.154s] Level 1:colcon.colcon_core.package_identification:_identify(src/dynamixel-workbench-msgs/dynamixel_workbench_msgs) by extensions ['colcon_pkg']
[1.155s] Level 1:colcon.colcon_core.package_identification:_identify(src/dynamixel-workbench-msgs/dynamixel_workbench_msgs) by extension 'colcon_pkg'
[1.155s] Level 1:colcon.colcon_core.package_identification:_identify(src/dynamixel-workbench-msgs/dynamixel_workbench_msgs) by extensions ['colcon_meta']
[1.155s] Level 1:colcon.colcon_core.package_identification:_identify(src/dynamixel-workbench-msgs/dynamixel_workbench_msgs) by extension 'colcon_meta'
[1.155s] Level 1:colcon.colcon_core.package_identification:_identify(src/dynamixel-workbench-msgs/dynamixel_workbench_msgs) by extensions ['ros']
[1.155s] Level 1:colcon.colcon_core.package_identification:_identify(src/dynamixel-workbench-msgs/dynamixel_workbench_msgs) by extension 'ros'
[1.163s] DEBUG:colcon.colcon_core.package_identification:Package 'src/dynamixel-workbench-msgs/dynamixel_workbench_msgs' with type 'ros.ament_cmake' and name 'dynamixel_workbench_msgs'
[1.163s] Level 1:colcon.colcon_core.package_identification:_identify(src/dynamixel_workbench_operators) by extensions ['ignore', 'ignore_ament_install']
[1.164s] Level 1:colcon.colcon_core.package_identification:_identify(src/dynamixel_workbench_operators) by extension 'ignore'
[1.164s] Level 1:colcon.colcon_core.package_identification:_identify(src/dynamixel_workbench_operators) by extension 'ignore_ament_install'
[1.164s] Level 1:colcon.colcon_core.package_identification:_identify(src/dynamixel_workbench_operators) by extensions ['colcon_pkg']
[1.164s] Level 1:colcon.colcon_core.package_identification:_identify(src/dynamixel_workbench_operators) by extension 'colcon_pkg'
[1.164s] Level 1:colcon.colcon_core.package_identification:_identify(src/dynamixel_workbench_operators) by extensions ['colcon_meta']
[1.164s] Level 1:colcon.colcon_core.package_identification:_identify(src/dynamixel_workbench_operators) by extension 'colcon_meta'
[1.165s] Level 1:colcon.colcon_core.package_identification:_identify(src/dynamixel_workbench_operators) by extensions ['ros']
[1.165s] Level 1:colcon.colcon_core.package_identification:_identify(src/dynamixel_workbench_operators) by extension 'ros'
[1.166s] DEBUG:colcon.colcon_core.package_identification:Package 'src/dynamixel_workbench_operators' with type 'ros.ament_cmake' and name 'dynamixel_workbench_operators'
[1.167s] Level 1:colcon.colcon_core.package_identification:_identify(src/inital_pose) by extensions ['ignore', 'ignore_ament_install']
[1.167s] Level 1:colcon.colcon_core.package_identification:_identify(src/inital_pose) by extension 'ignore'
[1.167s] Level 1:colcon.colcon_core.package_identification:_identify(src/inital_pose) by extension 'ignore_ament_install'
[1.168s] Level 1:colcon.colcon_core.package_identification:_identify(src/inital_pose) by extensions ['colcon_pkg']
[1.168s] Level 1:colcon.colcon_core.package_identification:_identify(src/inital_pose) by extension 'colcon_pkg'
[1.168s] Level 1:colcon.colcon_core.package_identification:_identify(src/inital_pose) by extensions ['colcon_meta']
[1.168s] Level 1:colcon.colcon_core.package_identification:_identify(src/inital_pose) by extension 'colcon_meta'
[1.168s] Level 1:colcon.colcon_core.package_identification:_identify(src/inital_pose) by extensions ['ros']
[1.168s] Level 1:colcon.colcon_core.package_identification:_identify(src/inital_pose) by extension 'ros'
[1.170s] DEBUG:colcon.colcon_core.package_identification:Package 'src/inital_pose' with type 'ros.ament_cmake' and name 'inital_pose'
[1.170s] Level 1:colcon.colcon_core.package_identification:_identify(src/sllidar_ros2) by extensions ['ignore', 'ignore_ament_install']
[1.171s] Level 1:colcon.colcon_core.package_identification:_identify(src/sllidar_ros2) by extension 'ignore'
[1.171s] Level 1:colcon.colcon_core.package_identification:_identify(src/sllidar_ros2) by extension 'ignore_ament_install'
[1.171s] Level 1:colcon.colcon_core.package_identification:_identify(src/sllidar_ros2) by extensions ['colcon_pkg']
[1.171s] Level 1:colcon.colcon_core.package_identification:_identify(src/sllidar_ros2) by extension 'colcon_pkg'
[1.171s] Level 1:colcon.colcon_core.package_identification:_identify(src/sllidar_ros2) by extensions ['colcon_meta']
[1.171s] Level 1:colcon.colcon_core.package_identification:_identify(src/sllidar_ros2) by extension 'colcon_meta'
[1.172s] Level 1:colcon.colcon_core.package_identification:_identify(src/sllidar_ros2) by extensions ['ros']
[1.172s] Level 1:colcon.colcon_core.package_identification:_identify(src/sllidar_ros2) by extension 'ros'
[1.174s] DEBUG:colcon.colcon_core.package_identification:Package 'src/sllidar_ros2' with type 'ros.ament_cmake' and name 'sllidar_ros2'
[1.174s] Level 1:colcon.colcon_core.package_identification:_identify(src/turtlebot3_navigation2) by extensions ['ignore', 'ignore_ament_install']
[1.174s] Level 1:colcon.colcon_core.package_identification:_identify(src/turtlebot3_navigation2) by extension 'ignore'
[1.174s] Level 1:colcon.colcon_core.package_identification:_identify(src/turtlebot3_navigation2) by extension 'ignore_ament_install'
[1.175s] Level 1:colcon.colcon_core.package_identification:_identify(src/turtlebot3_navigation2) by extensions ['colcon_pkg']
[1.175s] Level 1:colcon.colcon_core.package_identification:_identify(src/turtlebot3_navigation2) by extension 'colcon_pkg'
[1.175s] Level 1:colcon.colcon_core.package_identification:_identify(src/turtlebot3_navigation2) by extensions ['colcon_meta']
[1.175s] Level 1:colcon.colcon_core.package_identification:_identify(src/turtlebot3_navigation2) by extension 'colcon_meta'
[1.175s] Level 1:colcon.colcon_core.package_identification:_identify(src/turtlebot3_navigation2) by extensions ['ros']
[1.175s] Level 1:colcon.colcon_core.package_identification:_identify(src/turtlebot3_navigation2) by extension 'ros'
[1.177s] DEBUG:colcon.colcon_core.package_identification:Package 'src/turtlebot3_navigation2' with type 'ros.ament_cmake' and name 'turtlebot3_navigation2'
[1.177s] Level 1:colcon.colcon_core.package_discovery:discover_packages(recursive) using defaults
[1.177s] Level 1:colcon.colcon_core.package_discovery:discover_packages(ignore) discover
[1.177s] Level 1:colcon.colcon_core.package_discovery:discover_packages(ignore) using defaults
[1.177s] Level 1:colcon.colcon_core.package_discovery:discover_packages(path) discover
[1.177s] Level 1:colcon.colcon_core.package_discovery:discover_packages(path) using defaults
[1.224s] Level 1:colcon.colcon_core.package_discovery:discover_packages(prefix_path) check parameters
[1.225s] Level 1:colcon.colcon_core.package_discovery:discover_packages(prefix_path) discover
[1.231s] DEBUG:colcon.colcon_installed_package_information.package_discovery:Found 5 installed packages in /home/jetson/ros2_ws/install
[1.237s] DEBUG:colcon.colcon_installed_package_information.package_discovery:Found 293 installed packages in /opt/ros/foxy
[1.270s] Level 1:colcon.colcon_core.package_discovery:discover_packages(prefix_path) using defaults
[1.472s] Level 5:colcon.colcon_core.verb:set package 'dynamixel_workbench_msgs' build argument 'cmake_args' from command line to 'None'
[1.473s] Level 5:colcon.colcon_core.verb:set package 'dynamixel_workbench_msgs' build argument 'cmake_target' from command line to 'None'
[1.473s] Level 5:colcon.colcon_core.verb:set package 'dynamixel_workbench_msgs' build argument 'cmake_target_skip_unavailable' from command line to 'False'
[1.473s] Level 5:colcon.colcon_core.verb:set package 'dynamixel_workbench_msgs' build argument 'cmake_clean_cache' from command line to 'False'
[1.473s] Level 5:colcon.colcon_core.verb:set package 'dynamixel_workbench_msgs' build argument 'cmake_clean_first' from command line to 'False'
[1.473s] Level 5:colcon.colcon_core.verb:set package 'dynamixel_workbench_msgs' build argument 'cmake_force_configure' from command line to 'False'
[1.473s] Level 5:colcon.colcon_core.verb:set package 'dynamixel_workbench_msgs' build argument 'ament_cmake_args' from command line to 'None'
[1.473s] Level 5:colcon.colcon_core.verb:set package 'dynamixel_workbench_msgs' build argument 'catkin_cmake_args' from command line to 'None'
[1.473s] Level 5:colcon.colcon_core.verb:set package 'dynamixel_workbench_msgs' build argument 'catkin_skip_building_tests' from command line to 'False'
[1.474s] DEBUG:colcon.colcon_core.verb:Building package 'dynamixel_workbench_msgs' with the following arguments: {'ament_cmake_args': None, 'build_base': '/home/jetson/ros2_ws/build/dynamixel_workbench_msgs', 'catkin_cmake_args': None, 'catkin_skip_building_tests': False, 'cmake_args': None, 'cmake_clean_cache': False, 'cmake_clean_first': False, 'cmake_force_configure': False, 'cmake_target': None, 'cmake_target_skip_unavailable': False, 'install_base': '/home/jetson/ros2_ws/install/dynamixel_workbench_msgs', 'merge_install': False, 'path': '/home/jetson/ros2_ws/src/dynamixel-workbench-msgs/dynamixel_workbench_msgs', 'symlink_install': True, 'test_result_base': None}
[1.475s] Level 5:colcon.colcon_core.verb:set package 'dynamixel_workbench_operators' build argument 'cmake_args' from command line to 'None'
[1.475s] Level 5:colcon.colcon_core.verb:set package 'dynamixel_workbench_operators' build argument 'cmake_target' from command line to 'None'
[1.475s] Level 5:colcon.colcon_core.verb:set package 'dynamixel_workbench_operators' build argument 'cmake_target_skip_unavailable' from command line to 'False'
[1.475s] Level 5:colcon.colcon_core.verb:set package 'dynamixel_workbench_operators' build argument 'cmake_clean_cache' from command line to 'False'
[1.475s] Level 5:colcon.colcon_core.verb:set package 'dynamixel_workbench_operators' build argument 'cmake_clean_first' from command line to 'False'
[1.475s] Level 5:colcon.colcon_core.verb:set package 'dynamixel_workbench_operators' build argument 'cmake_force_configure' from command line to 'False'
[1.476s] Level 5:colcon.colcon_core.verb:set package 'dynamixel_workbench_operators' build argument 'ament_cmake_args' from command line to 'None'
[1.476s] Level 5:colcon.colcon_core.verb:set package 'dynamixel_workbench_operators' build argument 'catkin_cmake_args' from command line to 'None'
[1.476s] Level 5:colcon.colcon_core.verb:set package 'dynamixel_workbench_operators' build argument 'catkin_skip_building_tests' from command line to 'False'
[1.476s] DEBUG:colcon.colcon_core.verb:Building package 'dynamixel_workbench_operators' with the following arguments: {'ament_cmake_args': None, 'build_base': '/home/jetson/ros2_ws/build/dynamixel_workbench_operators', 'catkin_cmake_args': None, 'catkin_skip_building_tests': False, 'cmake_args': None, 'cmake_clean_cache': False, 'cmake_clean_first': False, 'cmake_force_configure': False, 'cmake_target': None, 'cmake_target_skip_unavailable': False, 'install_base': '/home/jetson/ros2_ws/install/dynamixel_workbench_operators', 'merge_install': False, 'path': '/home/jetson/ros2_ws/src/dynamixel_workbench_operators', 'symlink_install': True, 'test_result_base': None}
[1.477s] Level 5:colcon.colcon_core.verb:set package 'inital_pose' build argument 'cmake_args' from command line to 'None'
[1.477s] Level 5:colcon.colcon_core.verb:set package 'inital_pose' build argument 'cmake_target' from command line to 'None'
[1.477s] Level 5:colcon.colcon_core.verb:set package 'inital_pose' build argument 'cmake_target_skip_unavailable' from command line to 'False'
[1.477s] Level 5:colcon.colcon_core.verb:set package 'inital_pose' build argument 'cmake_clean_cache' from command line to 'False'
[1.477s] Level 5:colcon.colcon_core.verb:set package 'inital_pose' build argument 'cmake_clean_first' from command line to 'False'
[1.478s] Level 5:colcon.colcon_core.verb:set package 'inital_pose' build argument 'cmake_force_configure' from command line to 'False'
[1.478s] Level 5:colcon.colcon_core.verb:set package 'inital_pose' build argument 'ament_cmake_args' from command line to 'None'
[1.478s] Level 5:colcon.colcon_core.verb:set package 'inital_pose' build argument 'catkin_cmake_args' from command line to 'None'
[1.478s] Level 5:colcon.colcon_core.verb:set package 'inital_pose' build argument 'catkin_skip_building_tests' from command line to 'False'
[1.478s] DEBUG:colcon.colcon_core.verb:Building package 'inital_pose' with the following arguments: {'ament_cmake_args': None, 'build_base': '/home/jetson/ros2_ws/build/inital_pose', 'catkin_cmake_args': None, 'catkin_skip_building_tests': False, 'cmake_args': None, 'cmake_clean_cache': False, 'cmake_clean_first': False, 'cmake_force_configure': False, 'cmake_target': None, 'cmake_target_skip_unavailable': False, 'install_base': '/home/jetson/ros2_ws/install/inital_pose', 'merge_install': False, 'path': '/home/jetson/ros2_ws/src/inital_pose', 'symlink_install': True, 'test_result_base': None}
[1.479s] Level 5:colcon.colcon_core.verb:set package 'sllidar_ros2' build argument 'cmake_args' from command line to 'None'
[1.479s] Level 5:colcon.colcon_core.verb:set package 'sllidar_ros2' build argument 'cmake_target' from command line to 'None'
[1.479s] Level 5:colcon.colcon_core.verb:set package 'sllidar_ros2' build argument 'cmake_target_skip_unavailable' from command line to 'False'
[1.480s] Level 5:colcon.colcon_core.verb:set package 'sllidar_ros2' build argument 'cmake_clean_cache' from command line to 'False'
[1.480s] Level 5:colcon.colcon_core.verb:set package 'sllidar_ros2' build argument 'cmake_clean_first' from command line to 'False'
[1.480s] Level 5:colcon.colcon_core.verb:set package 'sllidar_ros2' build argument 'cmake_force_configure' from command line to 'False'
[1.480s] Level 5:colcon.colcon_core.verb:set package 'sllidar_ros2' build argument 'ament_cmake_args' from command line to 'None'
[1.480s] Level 5:colcon.colcon_core.verb:set package 'sllidar_ros2' build argument 'catkin_cmake_args' from command line to 'None'
[1.480s] Level 5:colcon.colcon_core.verb:set package 'sllidar_ros2' build argument 'catkin_skip_building_tests' from command line to 'False'
[1.480s] DEBUG:colcon.colcon_core.verb:Building package 'sllidar_ros2' with the following arguments: {'ament_cmake_args': None, 'build_base': '/home/jetson/ros2_ws/build/sllidar_ros2', 'catkin_cmake_args': None, 'catkin_skip_building_tests': False, 'cmake_args': None, 'cmake_clean_cache': False, 'cmake_clean_first': False, 'cmake_force_configure': False, 'cmake_target': None, 'cmake_target_skip_unavailable': False, 'install_base': '/home/jetson/ros2_ws/install/sllidar_ros2', 'merge_install': False, 'path': '/home/jetson/ros2_ws/src/sllidar_ros2', 'symlink_install': True, 'test_result_base': None}
[1.481s] Level 5:colcon.colcon_core.verb:set package 'turtlebot3_navigation2' build argument 'cmake_args' from command line to 'None'
[1.481s] Level 5:colcon.colcon_core.verb:set package 'turtlebot3_navigation2' build argument 'cmake_target' from command line to 'None'
[1.481s] Level 5:colcon.colcon_core.verb:set package 'turtlebot3_navigation2' build argument 'cmake_target_skip_unavailable' from command line to 'False'
[1.482s] Level 5:colcon.colcon_core.verb:set package 'turtlebot3_navigation2' build argument 'cmake_clean_cache' from command line to 'False'
[1.482s] Level 5:colcon.colcon_core.verb:set package 'turtlebot3_navigation2' build argument 'cmake_clean_first' from command line to 'False'
[1.482s] Level 5:colcon.colcon_core.verb:set package 'turtlebot3_navigation2' build argument 'cmake_force_configure' from command line to 'False'
[1.482s] Level 5:colcon.colcon_core.verb:set package 'turtlebot3_navigation2' build argument 'ament_cmake_args' from command line to 'None'
[1.482s] Level 5:colcon.colcon_core.verb:set package 'turtlebot3_navigation2' build argument 'catkin_cmake_args' from command line to 'None'
[1.482s] Level 5:colcon.colcon_core.verb:set package 'turtlebot3_navigation2' build argument 'catkin_skip_building_tests' from command line to 'False'
[1.482s] DEBUG:colcon.colcon_core.verb:Building package 'turtlebot3_navigation2' with the following arguments: {'ament_cmake_args': None, 'build_base': '/home/jetson/ros2_ws/build/turtlebot3_navigation2', 'catkin_cmake_args': None, 'catkin_skip_building_tests': False, 'cmake_args': None, 'cmake_clean_cache': False, 'cmake_clean_first': False, 'cmake_force_configure': False, 'cmake_target': None, 'cmake_target_skip_unavailable': False, 'install_base': '/home/jetson/ros2_ws/install/turtlebot3_navigation2', 'merge_install': False, 'path': '/home/jetson/ros2_ws/src/turtlebot3_navigation2', 'symlink_install': True, 'test_result_base': None}
[1.483s] INFO:colcon.colcon_core.executor:Executing jobs using 'parallel' executor
[1.486s] DEBUG:colcon.colcon_parallel_executor.executor.parallel:run_until_complete
[1.487s] INFO:colcon.colcon_ros.task.ament_cmake.build:Building ROS package in '/home/jetson/ros2_ws/src/dynamixel-workbench-msgs/dynamixel_workbench_msgs' with build type 'ament_cmake'
[1.488s] INFO:colcon.colcon_cmake.task.cmake.build:Building CMake package in '/home/jetson/ros2_ws/src/dynamixel-workbench-msgs/dynamixel_workbench_msgs'
[1.494s] INFO:colcon.colcon_core.plugin_system:Skipping extension 'colcon_core.shell.bat': Not used on non-Windows systems
[1.495s] INFO:colcon.colcon_core.shell:Skip shell extension 'powershell' for command environment: Not usable outside of PowerShell
[1.495s] DEBUG:colcon.colcon_core.shell:Skip shell extension 'dsv' for command environment
[1.519s] INFO:colcon.colcon_ros.task.ament_cmake.build:Building ROS package in '/home/jetson/ros2_ws/src/dynamixel_workbench_operators' with build type 'ament_cmake'
[1.521s] INFO:colcon.colcon_cmake.task.cmake.build:Building CMake package in '/home/jetson/ros2_ws/src/dynamixel_workbench_operators'
[1.524s] INFO:colcon.colcon_core.shell:Skip shell extension 'powershell' for command environment: Not usable outside of PowerShell
[1.525s] DEBUG:colcon.colcon_core.shell:Skip shell extension 'dsv' for command environment
[1.545s] INFO:colcon.colcon_ros.task.ament_cmake.build:Building ROS package in '/home/jetson/ros2_ws/src/inital_pose' with build type 'ament_cmake'
[1.548s] INFO:colcon.colcon_cmake.task.cmake.build:Building CMake package in '/home/jetson/ros2_ws/src/inital_pose'
[1.550s] INFO:colcon.colcon_core.shell:Skip shell extension 'powershell' for command environment: Not usable outside of PowerShell
[1.551s] DEBUG:colcon.colcon_core.shell:Skip shell extension 'dsv' for command environment
[1.571s] INFO:colcon.colcon_ros.task.ament_cmake.build:Building ROS package in '/home/jetson/ros2_ws/src/sllidar_ros2' with build type 'ament_cmake'
[1.573s] INFO:colcon.colcon_cmake.task.cmake.build:Building CMake package in '/home/jetson/ros2_ws/src/sllidar_ros2'
[1.576s] INFO:colcon.colcon_core.shell:Skip shell extension 'powershell' for command environment: Not usable outside of PowerShell
[1.577s] DEBUG:colcon.colcon_core.shell:Skip shell extension 'dsv' for command environment
[1.598s] INFO:colcon.colcon_ros.task.ament_cmake.build:Building ROS package in '/home/jetson/ros2_ws/src/turtlebot3_navigation2' with build type 'ament_cmake'
[1.601s] INFO:colcon.colcon_cmake.task.cmake.build:Building CMake package in '/home/jetson/ros2_ws/src/turtlebot3_navigation2'
[1.603s] INFO:colcon.colcon_core.shell:Skip shell extension 'powershell' for command environment: Not usable outside of PowerShell
[1.604s] DEBUG:colcon.colcon_core.shell:Skip shell extension 'dsv' for command environment
[1.663s] DEBUG:colcon.colcon_core.event_handler.log_command:Invoking command in '/home/jetson/ros2_ws/build/dynamixel_workbench_msgs': CMAKE_PREFIX_PATH=${CMAKE_PREFIX_PATH}:/opt/ros/foxy /usr/bin/cmake --build /home/jetson/ros2_ws/build/dynamixel_workbench_msgs -- -j8 -l8
[1.682s] DEBUG:colcon.colcon_core.event_handler.log_command:Invoking command in '/home/jetson/ros2_ws/build/dynamixel_workbench_operators': CMAKE_PREFIX_PATH=${CMAKE_PREFIX_PATH}:/opt/ros/foxy /usr/bin/cmake --build /home/jetson/ros2_ws/build/dynamixel_workbench_operators -- -j8 -l8
[1.704s] DEBUG:colcon.colcon_core.event_handler.log_command:Invoking command in '/home/jetson/ros2_ws/build/inital_pose': CMAKE_PREFIX_PATH=${CMAKE_PREFIX_PATH}:/opt/ros/foxy /usr/bin/cmake --build /home/jetson/ros2_ws/build/inital_pose -- -j8 -l8
[1.729s] DEBUG:colcon.colcon_core.event_handler.log_command:Invoking command in '/home/jetson/ros2_ws/build/sllidar_ros2': CMAKE_PREFIX_PATH=${CMAKE_PREFIX_PATH}:/opt/ros/foxy /usr/bin/cmake --build /home/jetson/ros2_ws/build/sllidar_ros2 -- -j8 -l8
[1.750s] DEBUG:colcon.colcon_core.event_handler.log_command:Invoking command in '/home/jetson/ros2_ws/build/turtlebot3_navigation2': CMAKE_PREFIX_PATH=${CMAKE_PREFIX_PATH}:/opt/ros/foxy /usr/bin/cmake --build /home/jetson/ros2_ws/build/turtlebot3_navigation2 -- -j8 -l8
[1.920s] DEBUG:colcon.colcon_core.event_handler.log_command:Invoked command in '/home/jetson/ros2_ws/build/turtlebot3_navigation2' returned '0': CMAKE_PREFIX_PATH=${CMAKE_PREFIX_PATH}:/opt/ros/foxy /usr/bin/cmake --build /home/jetson/ros2_ws/build/turtlebot3_navigation2 -- -j8 -l8
[2.059s] DEBUG:colcon.colcon_core.event_handler.log_command:Invoked command in '/home/jetson/ros2_ws/build/dynamixel_workbench_operators' returned '0': CMAKE_PREFIX_PATH=${CMAKE_PREFIX_PATH}:/opt/ros/foxy /usr/bin/cmake --build /home/jetson/ros2_ws/build/dynamixel_workbench_operators -- -j8 -l8
[2.157s] DEBUG:colcon.colcon_core.event_handler.log_command:Invoking command in '/home/jetson/ros2_ws/build/turtlebot3_navigation2': CMAKE_PREFIX_PATH=${CMAKE_PREFIX_PATH}:/opt/ros/foxy /usr/bin/cmake --install /home/jetson/ros2_ws/build/turtlebot3_navigation2
[2.167s] DEBUG:colcon.colcon_core.event_handler.log_command:Invoked command in '/home/jetson/ros2_ws/build/sllidar_ros2' returned '0': CMAKE_PREFIX_PATH=${CMAKE_PREFIX_PATH}:/opt/ros/foxy /usr/bin/cmake --build /home/jetson/ros2_ws/build/sllidar_ros2 -- -j8 -l8
[2.240s] DEBUG:colcon.colcon_core.event_handler.log_command:Invoking command in '/home/jetson/ros2_ws/build/dynamixel_workbench_operators': CMAKE_PREFIX_PATH=${CMAKE_PREFIX_PATH}:/opt/ros/foxy /usr/bin/cmake --install /home/jetson/ros2_ws/build/dynamixel_workbench_operators
[2.285s] Level 1:colcon.colcon_core.environment:create_environment_scripts_only(turtlebot3_navigation2)
[2.288s] DEBUG:colcon.colcon_core.event_handler.log_command:Invoked command in '/home/jetson/ros2_ws/build/turtlebot3_navigation2' returned '0': CMAKE_PREFIX_PATH=${CMAKE_PREFIX_PATH}:/opt/ros/foxy /usr/bin/cmake --install /home/jetson/ros2_ws/build/turtlebot3_navigation2
[2.301s] Level 1:colcon.colcon_core.environment:checking '/home/jetson/ros2_ws/install/turtlebot3_navigation2' for CMake module files
[2.304s] Level 1:colcon.colcon_core.environment:checking '/home/jetson/ros2_ws/install/turtlebot3_navigation2' for CMake config files
[2.306s] Level 1:colcon.colcon_core.shell:create_environment_hook('turtlebot3_navigation2', 'cmake_prefix_path')
[2.307s] INFO:colcon.colcon_core.shell:Creating environment hook '/home/jetson/ros2_ws/install/turtlebot3_navigation2/share/turtlebot3_navigation2/hook/cmake_prefix_path.ps1'
[2.310s] INFO:colcon.colcon_core.shell:Creating environment descriptor '/home/jetson/ros2_ws/install/turtlebot3_navigation2/share/turtlebot3_navigation2/hook/cmake_prefix_path.dsv'
[2.316s] INFO:colcon.colcon_core.shell:Creating environment hook '/home/jetson/ros2_ws/install/turtlebot3_navigation2/share/turtlebot3_navigation2/hook/cmake_prefix_path.sh'
[2.321s] Level 1:colcon.colcon_core.environment:checking '/home/jetson/ros2_ws/install/turtlebot3_navigation2/bin'
[2.322s] Level 1:colcon.colcon_core.environment:checking '/home/jetson/ros2_ws/install/turtlebot3_navigation2/lib/pkgconfig/turtlebot3_navigation2.pc'
[2.323s] Level 1:colcon.colcon_core.environment:checking '/home/jetson/ros2_ws/install/turtlebot3_navigation2/lib/python3.8/site-packages'
[2.324s] Level 1:colcon.colcon_core.environment:checking '/home/jetson/ros2_ws/install/turtlebot3_navigation2/bin'
[2.326s] INFO:colcon.colcon_core.shell:Creating package script '/home/jetson/ros2_ws/install/turtlebot3_navigation2/share/turtlebot3_navigation2/package.ps1'
[2.333s] INFO:colcon.colcon_core.shell:Creating package descriptor '/home/jetson/ros2_ws/install/turtlebot3_navigation2/share/turtlebot3_navigation2/package.dsv'
[2.335s] INFO:colcon.colcon_core.shell:Creating package script '/home/jetson/ros2_ws/install/turtlebot3_navigation2/share/turtlebot3_navigation2/package.sh'
[2.338s] INFO:colcon.colcon_core.shell:Creating package script '/home/jetson/ros2_ws/install/turtlebot3_navigation2/share/turtlebot3_navigation2/package.bash'
[2.341s] INFO:colcon.colcon_core.shell:Creating package script '/home/jetson/ros2_ws/install/turtlebot3_navigation2/share/turtlebot3_navigation2/package.zsh'
[2.344s] Level 1:colcon.colcon_core.environment:create_file_with_runtime_dependencies(/home/jetson/ros2_ws/install/turtlebot3_navigation2/share/colcon-core/packages/turtlebot3_navigation2)
[2.360s] Level 1:colcon.colcon_core.environment:create_environment_scripts_only(dynamixel_workbench_operators)
[2.365s] DEBUG:colcon.colcon_core.event_handler.log_command:Invoked command in '/home/jetson/ros2_ws/build/dynamixel_workbench_operators' returned '0': CMAKE_PREFIX_PATH=${CMAKE_PREFIX_PATH}:/opt/ros/foxy /usr/bin/cmake --install /home/jetson/ros2_ws/build/dynamixel_workbench_operators
[2.367s] Level 1:colcon.colcon_core.environment:checking '/home/jetson/ros2_ws/install/dynamixel_workbench_operators' for CMake module files
[2.370s] Level 1:colcon.colcon_core.environment:checking '/home/jetson/ros2_ws/install/dynamixel_workbench_operators' for CMake config files
[2.372s] Level 1:colcon.colcon_core.shell:create_environment_hook('dynamixel_workbench_operators', 'cmake_prefix_path')
[2.373s] INFO:colcon.colcon_core.shell:Creating environment hook '/home/jetson/ros2_ws/install/dynamixel_workbench_operators/share/dynamixel_workbench_operators/hook/cmake_prefix_path.ps1'
[2.376s] INFO:colcon.colcon_core.shell:Creating environment descriptor '/home/jetson/ros2_ws/install/dynamixel_workbench_operators/share/dynamixel_workbench_operators/hook/cmake_prefix_path.dsv'
[2.379s] INFO:colcon.colcon_core.shell:Creating environment hook '/home/jetson/ros2_ws/install/dynamixel_workbench_operators/share/dynamixel_workbench_operators/hook/cmake_prefix_path.sh'
[2.382s] Level 1:colcon.colcon_core.environment:checking '/home/jetson/ros2_ws/install/dynamixel_workbench_operators/lib'
[2.383s] Level 1:colcon.colcon_core.environment:checking '/home/jetson/ros2_ws/install/dynamixel_workbench_operators/bin'
[2.384s] Level 1:colcon.colcon_core.environment:checking '/home/jetson/ros2_ws/install/dynamixel_workbench_operators/lib/pkgconfig/dynamixel_workbench_operators.pc'
[2.386s] Level 1:colcon.colcon_core.environment:checking '/home/jetson/ros2_ws/install/dynamixel_workbench_operators/lib/python3.8/site-packages'
[2.386s] Level 1:colcon.colcon_core.environment:checking '/home/jetson/ros2_ws/install/dynamixel_workbench_operators/bin'
[2.388s] INFO:colcon.colcon_core.shell:Creating package script '/home/jetson/ros2_ws/install/dynamixel_workbench_operators/share/dynamixel_workbench_operators/package.ps1'
[2.390s] INFO:colcon.colcon_core.shell:Creating package descriptor '/home/jetson/ros2_ws/install/dynamixel_workbench_operators/share/dynamixel_workbench_operators/package.dsv'
[2.392s] INFO:colcon.colcon_core.shell:Creating package script '/home/jetson/ros2_ws/install/dynamixel_workbench_operators/share/dynamixel_workbench_operators/package.sh'
[2.393s] INFO:colcon.colcon_core.shell:Creating package script '/home/jetson/ros2_ws/install/dynamixel_workbench_operators/share/dynamixel_workbench_operators/package.bash'
[2.395s] INFO:colcon.colcon_core.shell:Creating package script '/home/jetson/ros2_ws/install/dynamixel_workbench_operators/share/dynamixel_workbench_operators/package.zsh'
[2.396s] Level 1:colcon.colcon_core.environment:create_file_with_runtime_dependencies(/home/jetson/ros2_ws/install/dynamixel_workbench_operators/share/colcon-core/packages/dynamixel_workbench_operators)
[2.435s] DEBUG:colcon.colcon_core.event_handler.log_command:Invoking command in '/home/jetson/ros2_ws/build/sllidar_ros2': CMAKE_PREFIX_PATH=${CMAKE_PREFIX_PATH}:/opt/ros/foxy /usr/bin/cmake --install /home/jetson/ros2_ws/build/sllidar_ros2
[2.453s] Level 1:colcon.colcon_core.environment:create_environment_scripts_only(turtlebot3_navigation2)
[2.455s] Level 1:colcon.colcon_core.environment:checking '/home/jetson/ros2_ws/install/turtlebot3_navigation2' for CMake module files
[2.458s] Level 1:colcon.colcon_core.environment:checking '/home/jetson/ros2_ws/install/turtlebot3_navigation2' for CMake config files
[2.459s] Level 1:colcon.colcon_core.shell:create_environment_hook('turtlebot3_navigation2', 'cmake_prefix_path')
[2.460s] INFO:colcon.colcon_core.shell:Creating environment hook '/home/jetson/ros2_ws/install/turtlebot3_navigation2/share/turtlebot3_navigation2/hook/cmake_prefix_path.ps1'
[2.463s] INFO:colcon.colcon_core.shell:Creating environment descriptor '/home/jetson/ros2_ws/install/turtlebot3_navigation2/share/turtlebot3_navigation2/hook/cmake_prefix_path.dsv'
[2.466s] INFO:colcon.colcon_core.shell:Creating environment hook '/home/jetson/ros2_ws/install/turtlebot3_navigation2/share/turtlebot3_navigation2/hook/cmake_prefix_path.sh'
[2.481s] Level 1:colcon.colcon_core.environment:checking '/home/jetson/ros2_ws/install/turtlebot3_navigation2/bin'
[2.483s] Level 1:colcon.colcon_core.environment:checking '/home/jetson/ros2_ws/install/turtlebot3_navigation2/lib/pkgconfig/turtlebot3_navigation2.pc'
[2.485s] Level 1:colcon.colcon_core.environment:checking '/home/jetson/ros2_ws/install/turtlebot3_navigation2/lib/python3.8/site-packages'
[2.487s] Level 1:colcon.colcon_core.environment:checking '/home/jetson/ros2_ws/install/turtlebot3_navigation2/bin'
[2.490s] INFO:colcon.colcon_core.shell:Creating package script '/home/jetson/ros2_ws/install/turtlebot3_navigation2/share/turtlebot3_navigation2/package.ps1'
[2.502s] INFO:colcon.colcon_core.shell:Creating package descriptor '/home/jetson/ros2_ws/install/turtlebot3_navigation2/share/turtlebot3_navigation2/package.dsv'
[2.508s] INFO:colcon.colcon_core.shell:Creating package script '/home/jetson/ros2_ws/install/turtlebot3_navigation2/share/turtlebot3_navigation2/package.sh'
[2.511s] INFO:colcon.colcon_core.shell:Creating package script '/home/jetson/ros2_ws/install/turtlebot3_navigation2/share/turtlebot3_navigation2/package.bash'
[2.515s] INFO:colcon.colcon_core.shell:Creating package script '/home/jetson/ros2_ws/install/turtlebot3_navigation2/share/turtlebot3_navigation2/package.zsh'
[2.518s] Level 1:colcon.colcon_core.environment:create_file_with_runtime_dependencies(/home/jetson/ros2_ws/install/turtlebot3_navigation2/share/colcon-core/packages/turtlebot3_navigation2)
[2.529s] Level 1:colcon.colcon_core.environment:create_environment_scripts_only(dynamixel_workbench_operators)
[2.530s] Level 1:colcon.colcon_core.environment:checking '/home/jetson/ros2_ws/install/dynamixel_workbench_operators' for CMake module files
[2.533s] Level 1:colcon.colcon_core.environment:checking '/home/jetson/ros2_ws/install/dynamixel_workbench_operators' for CMake config files
[2.534s] Level 1:colcon.colcon_core.shell:create_environment_hook('dynamixel_workbench_operators', 'cmake_prefix_path')
[2.535s] INFO:colcon.colcon_core.shell:Creating environment hook '/home/jetson/ros2_ws/install/dynamixel_workbench_operators/share/dynamixel_workbench_operators/hook/cmake_prefix_path.ps1'
[2.537s] INFO:colcon.colcon_core.shell:Creating environment descriptor '/home/jetson/ros2_ws/install/dynamixel_workbench_operators/share/dynamixel_workbench_operators/hook/cmake_prefix_path.dsv'
[2.538s] INFO:colcon.colcon_core.shell:Creating environment hook '/home/jetson/ros2_ws/install/dynamixel_workbench_operators/share/dynamixel_workbench_operators/hook/cmake_prefix_path.sh'
[2.541s] Level 1:colcon.colcon_core.environment:checking '/home/jetson/ros2_ws/install/dynamixel_workbench_operators/lib'
[2.541s] Level 1:colcon.colcon_core.environment:checking '/home/jetson/ros2_ws/install/dynamixel_workbench_operators/bin'
[2.541s] Level 1:colcon.colcon_core.environment:checking '/home/jetson/ros2_ws/install/dynamixel_workbench_operators/lib/pkgconfig/dynamixel_workbench_operators.pc'
[2.542s] Level 1:colcon.colcon_core.environment:checking '/home/jetson/ros2_ws/install/dynamixel_workbench_operators/lib/python3.8/site-packages'
[2.543s] Level 1:colcon.colcon_core.environment:checking '/home/jetson/ros2_ws/install/dynamixel_workbench_operators/bin'
[2.544s] INFO:colcon.colcon_core.shell:Creating package script '/home/jetson/ros2_ws/install/dynamixel_workbench_operators/share/dynamixel_workbench_operators/package.ps1'
[2.546s] INFO:colcon.colcon_core.shell:Creating package descriptor '/home/jetson/ros2_ws/install/dynamixel_workbench_operators/share/dynamixel_workbench_operators/package.dsv'
[2.548s] INFO:colcon.colcon_core.shell:Creating package script '/home/jetson/ros2_ws/install/dynamixel_workbench_operators/share/dynamixel_workbench_operators/package.sh'
[2.549s] INFO:colcon.colcon_core.shell:Creating package script '/home/jetson/ros2_ws/install/dynamixel_workbench_operators/share/dynamixel_workbench_operators/package.bash'
[2.551s] INFO:colcon.colcon_core.shell:Creating package script '/home/jetson/ros2_ws/install/dynamixel_workbench_operators/share/dynamixel_workbench_operators/package.zsh'
[2.552s] Level 1:colcon.colcon_core.environment:create_file_with_runtime_dependencies(/home/jetson/ros2_ws/install/dynamixel_workbench_operators/share/colcon-core/packages/dynamixel_workbench_operators)
[2.581s] Level 1:colcon.colcon_core.environment:create_environment_scripts_only(sllidar_ros2)
[2.583s] Level 1:colcon.colcon_core.environment:checking '/home/jetson/ros2_ws/install/sllidar_ros2' for CMake module files
[2.584s] DEBUG:colcon.colcon_core.event_handler.log_command:Invoked command in '/home/jetson/ros2_ws/build/sllidar_ros2' returned '0': CMAKE_PREFIX_PATH=${CMAKE_PREFIX_PATH}:/opt/ros/foxy /usr/bin/cmake --install /home/jetson/ros2_ws/build/sllidar_ros2
[2.589s] Level 1:colcon.colcon_core.environment:checking '/home/jetson/ros2_ws/install/sllidar_ros2' for CMake config files
[2.591s] Level 1:colcon.colcon_core.shell:create_environment_hook('sllidar_ros2', 'cmake_prefix_path')
[2.592s] INFO:colcon.colcon_core.shell:Creating environment hook '/home/jetson/ros2_ws/install/sllidar_ros2/share/sllidar_ros2/hook/cmake_prefix_path.ps1'
[2.593s] INFO:colcon.colcon_core.shell:Creating environment descriptor '/home/jetson/ros2_ws/install/sllidar_ros2/share/sllidar_ros2/hook/cmake_prefix_path.dsv'
[2.594s] INFO:colcon.colcon_core.shell:Creating environment hook '/home/jetson/ros2_ws/install/sllidar_ros2/share/sllidar_ros2/hook/cmake_prefix_path.sh'
[2.596s] Level 1:colcon.colcon_core.environment:checking '/home/jetson/ros2_ws/install/sllidar_ros2/lib'
[2.597s] Level 1:colcon.colcon_core.environment:checking '/home/jetson/ros2_ws/install/sllidar_ros2/bin'
[2.597s] Level 1:colcon.colcon_core.environment:checking '/home/jetson/ros2_ws/install/sllidar_ros2/lib/pkgconfig/sllidar_ros2.pc'
[2.598s] Level 1:colcon.colcon_core.environment:checking '/home/jetson/ros2_ws/install/sllidar_ros2/lib/python3.8/site-packages'
[2.598s] Level 1:colcon.colcon_core.environment:checking '/home/jetson/ros2_ws/install/sllidar_ros2/bin'
[2.600s] INFO:colcon.colcon_core.shell:Creating package script '/home/jetson/ros2_ws/install/sllidar_ros2/share/sllidar_ros2/package.ps1'
[2.602s] INFO:colcon.colcon_core.shell:Creating package descriptor '/home/jetson/ros2_ws/install/sllidar_ros2/share/sllidar_ros2/package.dsv'
[2.603s] INFO:colcon.colcon_core.shell:Creating package script '/home/jetson/ros2_ws/install/sllidar_ros2/share/sllidar_ros2/package.sh'
[2.604s] INFO:colcon.colcon_core.shell:Creating package script '/home/jetson/ros2_ws/install/sllidar_ros2/share/sllidar_ros2/package.bash'
[2.605s] INFO:colcon.colcon_core.shell:Creating package script '/home/jetson/ros2_ws/install/sllidar_ros2/share/sllidar_ros2/package.zsh'
[2.606s] Level 1:colcon.colcon_core.environment:create_file_with_runtime_dependencies(/home/jetson/ros2_ws/install/sllidar_ros2/share/colcon-core/packages/sllidar_ros2)
[2.785s] DEBUG:colcon.colcon_core.event_handler.log_command:Invoked command in '/home/jetson/ros2_ws/build/dynamixel_workbench_msgs' returned '0': CMAKE_PREFIX_PATH=${CMAKE_PREFIX_PATH}:/opt/ros/foxy /usr/bin/cmake --build /home/jetson/ros2_ws/build/dynamixel_workbench_msgs -- -j8 -l8
[2.854s] Level 1:colcon.colcon_core.environment:create_environment_scripts_only(sllidar_ros2)
[2.856s] Level 1:colcon.colcon_core.environment:checking '/home/jetson/ros2_ws/install/sllidar_ros2' for CMake module files
[2.858s] Level 1:colcon.colcon_core.environment:checking '/home/jetson/ros2_ws/install/sllidar_ros2' for CMake config files
[2.860s] Level 1:colcon.colcon_core.shell:create_environment_hook('sllidar_ros2', 'cmake_prefix_path')
[2.861s] INFO:colcon.colcon_core.shell:Creating environment hook '/home/jetson/ros2_ws/install/sllidar_ros2/share/sllidar_ros2/hook/cmake_prefix_path.ps1'
[2.864s] INFO:colcon.colcon_core.shell:Creating environment descriptor '/home/jetson/ros2_ws/install/sllidar_ros2/share/sllidar_ros2/hook/cmake_prefix_path.dsv'
[2.866s] INFO:colcon.colcon_core.shell:Creating environment hook '/home/jetson/ros2_ws/install/sllidar_ros2/share/sllidar_ros2/hook/cmake_prefix_path.sh'
[2.870s] Level 1:colcon.colcon_core.environment:checking '/home/jetson/ros2_ws/install/sllidar_ros2/lib'
[2.870s] Level 1:colcon.colcon_core.environment:checking '/home/jetson/ros2_ws/install/sllidar_ros2/bin'
[2.871s] Level 1:colcon.colcon_core.environment:checking '/home/jetson/ros2_ws/install/sllidar_ros2/lib/pkgconfig/sllidar_ros2.pc'
[2.872s] Level 1:colcon.colcon_core.environment:checking '/home/jetson/ros2_ws/install/sllidar_ros2/lib/python3.8/site-packages'
[2.872s] Level 1:colcon.colcon_core.environment:checking '/home/jetson/ros2_ws/install/sllidar_ros2/bin'
[2.873s] INFO:colcon.colcon_core.shell:Creating package script '/home/jetson/ros2_ws/install/sllidar_ros2/share/sllidar_ros2/package.ps1'
[2.876s] INFO:colcon.colcon_core.shell:Creating package descriptor '/home/jetson/ros2_ws/install/sllidar_ros2/share/sllidar_ros2/package.dsv'
[2.877s] INFO:colcon.colcon_core.shell:Creating package script '/home/jetson/ros2_ws/install/sllidar_ros2/share/sllidar_ros2/package.sh'
[2.879s] INFO:colcon.colcon_core.shell:Creating package script '/home/jetson/ros2_ws/install/sllidar_ros2/share/sllidar_ros2/package.bash'
[2.880s] INFO:colcon.colcon_core.shell:Creating package script '/home/jetson/ros2_ws/install/sllidar_ros2/share/sllidar_ros2/package.zsh'
[2.882s] Level 1:colcon.colcon_core.environment:create_file_with_runtime_dependencies(/home/jetson/ros2_ws/install/sllidar_ros2/share/colcon-core/packages/sllidar_ros2)
[4.136s] DEBUG:colcon.colcon_core.event_handler.log_command:Invoking command in '/home/jetson/ros2_ws/build/dynamixel_workbench_msgs': CMAKE_PREFIX_PATH=${CMAKE_PREFIX_PATH}:/opt/ros/foxy /usr/bin/cmake --install /home/jetson/ros2_ws/build/dynamixel_workbench_msgs
[4.688s] Level 1:colcon.colcon_core.environment:create_environment_scripts_only(dynamixel_workbench_msgs)
[4.691s] Level 1:colcon.colcon_core.environment:checking '/home/jetson/ros2_ws/install/dynamixel_workbench_msgs' for CMake module files
[4.694s] DEBUG:colcon.colcon_core.event_handler.log_command:Invoked command in '/home/jetson/ros2_ws/build/dynamixel_workbench_msgs' returned '0': CMAKE_PREFIX_PATH=${CMAKE_PREFIX_PATH}:/opt/ros/foxy /usr/bin/cmake --install /home/jetson/ros2_ws/build/dynamixel_workbench_msgs
[4.697s] Level 1:colcon.colcon_core.environment:checking '/home/jetson/ros2_ws/install/dynamixel_workbench_msgs' for CMake config files
[4.699s] Level 1:colcon.colcon_core.shell:create_environment_hook('dynamixel_workbench_msgs', 'cmake_prefix_path')
[4.700s] INFO:colcon.colcon_core.shell:Creating environment hook '/home/jetson/ros2_ws/install/dynamixel_workbench_msgs/share/dynamixel_workbench_msgs/hook/cmake_prefix_path.ps1'
[4.703s] INFO:colcon.colcon_core.shell:Creating environment descriptor '/home/jetson/ros2_ws/install/dynamixel_workbench_msgs/share/dynamixel_workbench_msgs/hook/cmake_prefix_path.dsv'
[4.704s] INFO:colcon.colcon_core.shell:Creating environment hook '/home/jetson/ros2_ws/install/dynamixel_workbench_msgs/share/dynamixel_workbench_msgs/hook/cmake_prefix_path.sh'
[4.707s] Level 1:colcon.colcon_core.environment:checking '/home/jetson/ros2_ws/install/dynamixel_workbench_msgs/lib'
[4.707s] Level 1:colcon.colcon_core.shell:create_environment_hook('dynamixel_workbench_msgs', 'ld_library_path_lib')
[4.708s] INFO:colcon.colcon_core.shell:Creating environment hook '/home/jetson/ros2_ws/install/dynamixel_workbench_msgs/share/dynamixel_workbench_msgs/hook/ld_library_path_lib.ps1'
[4.710s] INFO:colcon.colcon_core.shell:Creating environment descriptor '/home/jetson/ros2_ws/install/dynamixel_workbench_msgs/share/dynamixel_workbench_msgs/hook/ld_library_path_lib.dsv'
[4.711s] INFO:colcon.colcon_core.shell:Creating environment hook '/home/jetson/ros2_ws/install/dynamixel_workbench_msgs/share/dynamixel_workbench_msgs/hook/ld_library_path_lib.sh'
[4.713s] Level 1:colcon.colcon_core.environment:checking '/home/jetson/ros2_ws/install/dynamixel_workbench_msgs/bin'
[4.713s] Level 1:colcon.colcon_core.environment:checking '/home/jetson/ros2_ws/install/dynamixel_workbench_msgs/lib/pkgconfig/dynamixel_workbench_msgs.pc'
[4.714s] Level 1:colcon.colcon_core.environment:checking '/home/jetson/ros2_ws/install/dynamixel_workbench_msgs/lib/python3.8/site-packages'
[4.714s] Level 1:colcon.colcon_core.shell:create_environment_hook('dynamixel_workbench_msgs', 'pythonpath')
[4.715s] INFO:colcon.colcon_core.shell:Creating environment hook '/home/jetson/ros2_ws/install/dynamixel_workbench_msgs/share/dynamixel_workbench_msgs/hook/pythonpath.ps1'
[4.716s] INFO:colcon.colcon_core.shell:Creating environment descriptor '/home/jetson/ros2_ws/install/dynamixel_workbench_msgs/share/dynamixel_workbench_msgs/hook/pythonpath.dsv'
[4.718s] INFO:colcon.colcon_core.shell:Creating environment hook '/home/jetson/ros2_ws/install/dynamixel_workbench_msgs/share/dynamixel_workbench_msgs/hook/pythonpath.sh'
[4.719s] Level 1:colcon.colcon_core.environment:checking '/home/jetson/ros2_ws/install/dynamixel_workbench_msgs/bin'
[4.721s] INFO:colcon.colcon_core.shell:Creating package script '/home/jetson/ros2_ws/install/dynamixel_workbench_msgs/share/dynamixel_workbench_msgs/package.ps1'
[4.723s] INFO:colcon.colcon_core.shell:Creating package descriptor '/home/jetson/ros2_ws/install/dynamixel_workbench_msgs/share/dynamixel_workbench_msgs/package.dsv'
[4.725s] INFO:colcon.colcon_core.shell:Creating package script '/home/jetson/ros2_ws/install/dynamixel_workbench_msgs/share/dynamixel_workbench_msgs/package.sh'
[4.727s] INFO:colcon.colcon_core.shell:Creating package script '/home/jetson/ros2_ws/install/dynamixel_workbench_msgs/share/dynamixel_workbench_msgs/package.bash'
[4.728s] INFO:colcon.colcon_core.shell:Creating package script '/home/jetson/ros2_ws/install/dynamixel_workbench_msgs/share/dynamixel_workbench_msgs/package.zsh'
[4.729s] Level 1:colcon.colcon_core.environment:create_file_with_runtime_dependencies(/home/jetson/ros2_ws/install/dynamixel_workbench_msgs/share/colcon-core/packages/dynamixel_workbench_msgs)
[6.075s] Level 1:colcon.colcon_core.environment:create_environment_scripts_only(dynamixel_workbench_msgs)
[6.076s] Level 1:colcon.colcon_core.environment:checking '/home/jetson/ros2_ws/install/dynamixel_workbench_msgs' for CMake module files
[6.079s] Level 1:colcon.colcon_core.environment:checking '/home/jetson/ros2_ws/install/dynamixel_workbench_msgs' for CMake config files
[6.082s] Level 1:colcon.colcon_core.shell:create_environment_hook('dynamixel_workbench_msgs', 'cmake_prefix_path')
[6.083s] INFO:colcon.colcon_core.shell:Creating environment hook '/home/jetson/ros2_ws/install/dynamixel_workbench_msgs/share/dynamixel_workbench_msgs/hook/cmake_prefix_path.ps1'
[6.085s] INFO:colcon.colcon_core.shell:Creating environment descriptor '/home/jetson/ros2_ws/install/dynamixel_workbench_msgs/share/dynamixel_workbench_msgs/hook/cmake_prefix_path.dsv'
[6.087s] INFO:colcon.colcon_core.shell:Creating environment hook '/home/jetson/ros2_ws/install/dynamixel_workbench_msgs/share/dynamixel_workbench_msgs/hook/cmake_prefix_path.sh'
[6.101s] Level 1:colcon.colcon_core.environment:checking '/home/jetson/ros2_ws/install/dynamixel_workbench_msgs/lib'
[6.102s] Level 1:colcon.colcon_core.shell:create_environment_hook('dynamixel_workbench_msgs', 'ld_library_path_lib')
[6.103s] INFO:colcon.colcon_core.shell:Creating environment hook '/home/jetson/ros2_ws/install/dynamixel_workbench_msgs/share/dynamixel_workbench_msgs/hook/ld_library_path_lib.ps1'
[6.104s] INFO:colcon.colcon_core.shell:Creating environment descriptor '/home/jetson/ros2_ws/install/dynamixel_workbench_msgs/share/dynamixel_workbench_msgs/hook/ld_library_path_lib.dsv'
[6.106s] INFO:colcon.colcon_core.shell:Creating environment hook '/home/jetson/ros2_ws/install/dynamixel_workbench_msgs/share/dynamixel_workbench_msgs/hook/ld_library_path_lib.sh'
[6.107s] Level 1:colcon.colcon_core.environment:checking '/home/jetson/ros2_ws/install/dynamixel_workbench_msgs/bin'
[6.107s] Level 1:colcon.colcon_core.environment:checking '/home/jetson/ros2_ws/install/dynamixel_workbench_msgs/lib/pkgconfig/dynamixel_workbench_msgs.pc'
[6.108s] Level 1:colcon.colcon_core.environment:checking '/home/jetson/ros2_ws/install/dynamixel_workbench_msgs/lib/python3.8/site-packages'
[6.108s] Level 1:colcon.colcon_core.shell:create_environment_hook('dynamixel_workbench_msgs', 'pythonpath')
[6.109s] INFO:colcon.colcon_core.shell:Creating environment hook '/home/jetson/ros2_ws/install/dynamixel_workbench_msgs/share/dynamixel_workbench_msgs/hook/pythonpath.ps1'
[6.110s] INFO:colcon.colcon_core.shell:Creating environment descriptor '/home/jetson/ros2_ws/install/dynamixel_workbench_msgs/share/dynamixel_workbench_msgs/hook/pythonpath.dsv'
[6.111s] INFO:colcon.colcon_core.shell:Creating environment hook '/home/jetson/ros2_ws/install/dynamixel_workbench_msgs/share/dynamixel_workbench_msgs/hook/pythonpath.sh'
[6.113s] Level 1:colcon.colcon_core.environment:checking '/home/jetson/ros2_ws/install/dynamixel_workbench_msgs/bin'
[6.114s] INFO:colcon.colcon_core.shell:Creating package script '/home/jetson/ros2_ws/install/dynamixel_workbench_msgs/share/dynamixel_workbench_msgs/package.ps1'
[6.116s] INFO:colcon.colcon_core.shell:Creating package descriptor '/home/jetson/ros2_ws/install/dynamixel_workbench_msgs/share/dynamixel_workbench_msgs/package.dsv'
[6.118s] INFO:colcon.colcon_core.shell:Creating package script '/home/jetson/ros2_ws/install/dynamixel_workbench_msgs/share/dynamixel_workbench_msgs/package.sh'
[6.120s] INFO:colcon.colcon_core.shell:Creating package script '/home/jetson/ros2_ws/install/dynamixel_workbench_msgs/share/dynamixel_workbench_msgs/package.bash'
[6.121s] INFO:colcon.colcon_core.shell:Creating package script '/home/jetson/ros2_ws/install/dynamixel_workbench_msgs/share/dynamixel_workbench_msgs/package.zsh'
[6.123s] Level 1:colcon.colcon_core.environment:create_file_with_runtime_dependencies(/home/jetson/ros2_ws/install/dynamixel_workbench_msgs/share/colcon-core/packages/dynamixel_workbench_msgs)
[8.927s] DEBUG:colcon.colcon_core.event_handler.log_command:Invoked command in '/home/jetson/ros2_ws/build/inital_pose' returned '2': CMAKE_PREFIX_PATH=${CMAKE_PREFIX_PATH}:/opt/ros/foxy /usr/bin/cmake --build /home/jetson/ros2_ws/build/inital_pose -- -j8 -l8
[9.012s] Level 1:colcon.colcon_core.environment:create_environment_scripts_only(inital_pose)
[9.014s] Level 1:colcon.colcon_core.environment:checking '/home/jetson/ros2_ws/install/inital_pose' for CMake module files
[9.016s] Level 1:colcon.colcon_core.environment:checking '/home/jetson/ros2_ws/install/inital_pose' for CMake config files
[9.021s] Level 1:colcon.colcon_core.environment:checking '/home/jetson/ros2_ws/install/inital_pose/bin'
[9.022s] Level 1:colcon.colcon_core.environment:checking '/home/jetson/ros2_ws/install/inital_pose/lib/pkgconfig/inital_pose.pc'
[9.025s] Level 1:colcon.colcon_core.environment:checking '/home/jetson/ros2_ws/install/inital_pose/lib/python3.8/site-packages'
[9.027s] Level 1:colcon.colcon_core.environment:checking '/home/jetson/ros2_ws/install/inital_pose/bin'
[9.029s] INFO:colcon.colcon_core.shell:Creating package script '/home/jetson/ros2_ws/install/inital_pose/share/inital_pose/package.ps1'
[9.038s] INFO:colcon.colcon_core.shell:Creating package descriptor '/home/jetson/ros2_ws/install/inital_pose/share/inital_pose/package.dsv'
[9.041s] INFO:colcon.colcon_core.shell:Creating package script '/home/jetson/ros2_ws/install/inital_pose/share/inital_pose/package.sh'
[9.043s] INFO:colcon.colcon_core.shell:Creating package script '/home/jetson/ros2_ws/install/inital_pose/share/inital_pose/package.bash'
[9.045s] INFO:colcon.colcon_core.shell:Creating package script '/home/jetson/ros2_ws/install/inital_pose/share/inital_pose/package.zsh'
[9.048s] Level 1:colcon.colcon_core.environment:create_file_with_runtime_dependencies(/home/jetson/ros2_ws/install/inital_pose/share/colcon-core/packages/inital_pose)
[9.061s] DEBUG:colcon.colcon_parallel_executor.executor.parallel:closing loop
[9.065s] DEBUG:colcon.colcon_parallel_executor.executor.parallel:loop closed
[9.065s] DEBUG:colcon.colcon_parallel_executor.executor.parallel:run_until_complete finished with '2'
[9.066s] DEBUG:colcon.colcon_core.event_reactor:joining thread
[9.092s] INFO:colcon.colcon_core.plugin_system:Skipping extension 'colcon_notification.desktop_notification.terminal_notifier': Not used on non-Darwin systems
[9.092s] INFO:colcon.colcon_core.plugin_system:Skipping extension 'colcon_notification.desktop_notification.win32': Not used on non-Windows systems
[9.092s] INFO:colcon.colcon_notification.desktop_notification:Sending desktop notification using 'notify2'
[9.129s] DEBUG:colcon.colcon_notification.desktop_notification.notify2:Failed to initialize notify2: org.freedesktop.DBus.Error.Spawn.ChildExited: Process org.freedesktop.Notifications exited with status 1
[9.129s] DEBUG:colcon.colcon_core.event_reactor:joined thread
[9.131s] INFO:colcon.colcon_core.shell:Creating prefix script '/home/jetson/ros2_ws/install/local_setup.ps1'
[9.134s] INFO:colcon.colcon_core.shell:Creating prefix util module '/home/jetson/ros2_ws/install/_local_setup_util_ps1.py'
[9.137s] INFO:colcon.colcon_core.shell:Creating prefix chain script '/home/jetson/ros2_ws/install/setup.ps1'
[9.141s] INFO:colcon.colcon_core.shell:Creating prefix script '/home/jetson/ros2_ws/install/local_setup.sh'
[9.143s] INFO:colcon.colcon_core.shell:Creating prefix util module '/home/jetson/ros2_ws/install/_local_setup_util_sh.py'
[9.144s] INFO:colcon.colcon_core.shell:Creating prefix chain script '/home/jetson/ros2_ws/install/setup.sh'
[9.149s] INFO:colcon.colcon_core.shell:Creating prefix script '/home/jetson/ros2_ws/install/local_setup.bash'
[9.150s] INFO:colcon.colcon_core.shell:Creating prefix chain script '/home/jetson/ros2_ws/install/setup.bash'
[9.154s] INFO:colcon.colcon_core.shell:Creating prefix script '/home/jetson/ros2_ws/install/local_setup.zsh'
[9.156s] INFO:colcon.colcon_core.shell:Creating prefix chain script '/home/jetson/ros2_ws/install/setup.zsh'
