[0.173s] Invoking command in '/home/jetsonnx/ros2_ws/build/sllidar_ros2': CMAKE_PREFIX_PATH=${CMAKE_PREFIX_PATH}:/opt/ros/foxy /usr/bin/cmake --build /home/jetsonnx/ros2_ws/build/sllidar_ros2 -- -j4 -l4
[0.643s] [ 10%] Built target sllidar_client
[0.726s] [100%] Built target sllidar_node
[0.827s] Invoked command in '/home/jetsonnx/ros2_ws/build/sllidar_ros2' returned '0': CMAKE_PREFIX_PATH=${CMAKE_PREFIX_PATH}:/opt/ros/foxy /usr/bin/cmake --build /home/jetsonnx/ros2_ws/build/sllidar_ros2 -- -j4 -l4
[1.248s] Invoking command in '/home/jetsonnx/ros2_ws/build/sllidar_ros2': CMAKE_PREFIX_PATH=${CMAKE_PREFIX_PATH}:/opt/ros/foxy /usr/bin/cmake --install /home/jetsonnx/ros2_ws/build/sllidar_ros2
[1.313s] -- Install configuration: ""
[1.313s] -- Execute custom install script
[1.314s] -- Up-to-date symlink: /home/jetsonnx/ros2_ws/install/sllidar_ros2/share/sllidar_ros2/launch/sllidar_a1_launch.py
[1.318s] -- Up-to-date symlink: /home/jetsonnx/ros2_ws/install/sllidar_ros2/share/sllidar_ros2/launch/sllidar_a2m12_launch .py
[1.318s] -- Up-to-date symlink: /home/jetsonnx/ros2_ws/install/sllidar_ros2/share/sllidar_ros2/launch/sllidar_a2m7_launch.py
[1.319s] -- Up-to-date symlink: /home/jetsonnx/ros2_ws/install/sllidar_ros2/share/sllidar_ros2/launch/sllidar_a2m8_launch.py
[1.322s] -- Up-to-date symlink: /home/jetsonnx/ros2_ws/install/sllidar_ros2/share/sllidar_ros2/launch/sllidar_a3_launch.py
[1.322s] -- Up-to-date symlink: /home/jetsonnx/ros2_ws/install/sllidar_ros2/share/sllidar_ros2/launch/sllidar_c1_launch.py
[1.331s] -- Up-to-date symlink: /home/jetsonnx/ros2_ws/install/sllidar_ros2/share/sllidar_ros2/launch/sllidar_s1_launch.py
[1.332s] -- Up-to-date symlink: /home/jetsonnx/ros2_ws/install/sllidar_ros2/share/sllidar_ros2/launch/sllidar_s1_tcp_launch.py
[1.332s] -- Up-to-date symlink: /home/jetsonnx/ros2_ws/install/sllidar_ros2/share/sllidar_ros2/launch/sllidar_s2_launch.py
[1.333s] -- Up-to-date symlink: /home/jetsonnx/ros2_ws/install/sllidar_ros2/share/sllidar_ros2/launch/sllidar_s2e_launch.py
[1.333s] -- Up-to-date symlink: /home/jetsonnx/ros2_ws/install/sllidar_ros2/share/sllidar_ros2/launch/sllidar_s3_launch.py
[1.333s] -- Up-to-date symlink: /home/jetsonnx/ros2_ws/install/sllidar_ros2/share/sllidar_ros2/launch/sllidar_t1_launch.py
[1.334s] -- Up-to-date symlink: /home/jetsonnx/ros2_ws/install/sllidar_ros2/share/sllidar_ros2/launch/view_sllidar_a1_launch.py
[1.334s] -- Up-to-date symlink: /home/jetsonnx/ros2_ws/install/sllidar_ros2/share/sllidar_ros2/launch/view_sllidar_a2m12_launch.py
[1.335s] -- Up-to-date symlink: /home/jetsonnx/ros2_ws/install/sllidar_ros2/share/sllidar_ros2/launch/view_sllidar_a2m7_launch.py
[1.335s] -- Up-to-date symlink: /home/jetsonnx/ros2_ws/install/sllidar_ros2/share/sllidar_ros2/launch/view_sllidar_a2m8_launch.py
[1.336s] -- Up-to-date symlink: /home/jetsonnx/ros2_ws/install/sllidar_ros2/share/sllidar_ros2/launch/view_sllidar_a3_launch.py
[1.337s] -- Up-to-date symlink: /home/jetsonnx/ros2_ws/install/sllidar_ros2/share/sllidar_ros2/launch/view_sllidar_c1_launch.py
[1.339s] -- Up-to-date symlink: /home/jetsonnx/ros2_ws/install/sllidar_ros2/share/sllidar_ros2/launch/view_sllidar_s1_launch.py
[1.340s] -- Up-to-date symlink: /home/jetsonnx/ros2_ws/install/sllidar_ros2/share/sllidar_ros2/launch/view_sllidar_s1_tcp_launch.py
[1.349s] -- Up-to-date symlink: /home/jetsonnx/ros2_ws/install/sllidar_ros2/share/sllidar_ros2/launch/view_sllidar_s2_launch.py
[1.351s] -- Up-to-date symlink: /home/jetsonnx/ros2_ws/install/sllidar_ros2/share/sllidar_ros2/launch/view_sllidar_s2e_launch.py
[1.352s] -- Up-to-date symlink: /home/jetsonnx/ros2_ws/install/sllidar_ros2/share/sllidar_ros2/launch/view_sllidar_s3_launch.py
[1.354s] -- Up-to-date symlink: /home/jetsonnx/ros2_ws/install/sllidar_ros2/share/sllidar_ros2/launch/view_sllidar_t1_launch.py
[1.357s] -- Up-to-date symlink: /home/jetsonnx/ros2_ws/install/sllidar_ros2/share/sllidar_ros2/rviz/sllidar_ros2.rviz
[1.362s] -- Up-to-date symlink: /home/jetsonnx/ros2_ws/install/sllidar_ros2/lib/sllidar_ros2/sllidar_node
[1.365s] -- Up-to-date symlink: /home/jetsonnx/ros2_ws/install/sllidar_ros2/lib/sllidar_ros2/sllidar_client
[1.366s] -- Up-to-date symlink: /home/jetsonnx/ros2_ws/install/sllidar_ros2/share/ament_index/resource_index/package_run_dependencies/sllidar_ros2
[1.369s] -- Up-to-date symlink: /home/jetsonnx/ros2_ws/install/sllidar_ros2/share/ament_index/resource_index/parent_prefix_path/sllidar_ros2
[1.370s] -- Up-to-date symlink: /home/jetsonnx/ros2_ws/install/sllidar_ros2/share/sllidar_ros2/environment/ament_prefix_path.sh
[1.371s] -- Up-to-date symlink: /home/jetsonnx/ros2_ws/install/sllidar_ros2/share/sllidar_ros2/environment/ament_prefix_path.dsv
[1.374s] -- Up-to-date symlink: /home/jetsonnx/ros2_ws/install/sllidar_ros2/share/sllidar_ros2/environment/path.sh
[1.374s] -- Up-to-date symlink: /home/jetsonnx/ros2_ws/install/sllidar_ros2/share/sllidar_ros2/environment/path.dsv
[1.380s] -- Up-to-date symlink: /home/jetsonnx/ros2_ws/install/sllidar_ros2/share/sllidar_ros2/local_setup.bash
[1.381s] -- Up-to-date symlink: /home/jetsonnx/ros2_ws/install/sllidar_ros2/share/sllidar_ros2/local_setup.sh
[1.381s] -- Up-to-date symlink: /home/jetsonnx/ros2_ws/install/sllidar_ros2/share/sllidar_ros2/local_setup.zsh
[1.381s] -- Up-to-date symlink: /home/jetsonnx/ros2_ws/install/sllidar_ros2/share/sllidar_ros2/local_setup.dsv
[1.382s] -- Symlinking: /home/jetsonnx/ros2_ws/install/sllidar_ros2/share/sllidar_ros2/package.dsv
[1.456s] -- Up-to-date symlink: /home/jetsonnx/ros2_ws/install/sllidar_ros2/share/ament_index/resource_index/packages/sllidar_ros2
[1.461s] -- Up-to-date symlink: /home/jetsonnx/ros2_ws/install/sllidar_ros2/share/sllidar_ros2/cmake/ament_cmake_export_dependencies-extras.cmake
[1.465s] -- Up-to-date symlink: /home/jetsonnx/ros2_ws/install/sllidar_ros2/share/sllidar_ros2/cmake/ament_cmake_export_include_directories-extras.cmake
[1.478s] -- Up-to-date symlink: /home/jetsonnx/ros2_ws/install/sllidar_ros2/share/sllidar_ros2/cmake/sllidar_ros2Config.cmake
[1.482s] -- Up-to-date symlink: /home/jetsonnx/ros2_ws/install/sllidar_ros2/share/sllidar_ros2/cmake/sllidar_ros2Config-version.cmake
[1.485s] -- Up-to-date symlink: /home/jetsonnx/ros2_ws/install/sllidar_ros2/share/sllidar_ros2/package.xml
[1.532s] Invoked command in '/home/jetsonnx/ros2_ws/build/sllidar_ros2' returned '0': CMAKE_PREFIX_PATH=${CMAKE_PREFIX_PATH}:/opt/ros/foxy /usr/bin/cmake --install /home/jetsonnx/ros2_ws/build/sllidar_ros2
