[0.090s] Invoking command in '/home/jetsonnx/ros2_ws/build/turtlebot3_bringup': CMAKE_PREFIX_PATH=${CMAKE_PREFIX_PATH}:/opt/ros/foxy /usr/bin/cmake --build /home/jetsonnx/ros2_ws/build/turtlebot3_bringup -- -j4 -l4
[0.306s] Invoked command in '/home/jetsonnx/ros2_ws/build/turtlebot3_bringup' returned '0': CMAKE_PREFIX_PATH=${CMAKE_PREFIX_PATH}:/opt/ros/foxy /usr/bin/cmake --build /home/jetsonnx/ros2_ws/build/turtlebot3_bringup -- -j4 -l4
[0.515s] Invoking command in '/home/jetsonnx/ros2_ws/build/turtlebot3_bringup': CMAKE_PREFIX_PATH=${CMAKE_PREFIX_PATH}:/opt/ros/foxy /usr/bin/cmake --install /home/jetsonnx/ros2_ws/build/turtlebot3_bringup
[0.596s] -- Install configuration: ""
[0.605s] -- Execute custom install script
[0.612s] -- Up-to-date symlink: /home/jetsonnx/ros2_ws/install/turtlebot3_bringup/share/turtlebot3_bringup/launch/nav2_launch.py
[0.617s] -- Up-to-date symlink: /home/jetsonnx/ros2_ws/install/turtlebot3_bringup/share/ament_index/resource_index/package_run_dependencies/turtlebot3_bringup
[0.622s] -- Up-to-date symlink: /home/jetsonnx/ros2_ws/install/turtlebot3_bringup/share/ament_index/resource_index/parent_prefix_path/turtlebot3_bringup
[0.628s] -- Up-to-date symlink: /home/jetsonnx/ros2_ws/install/turtlebot3_bringup/share/turtlebot3_bringup/environment/ament_prefix_path.sh
[0.633s] -- Up-to-date symlink: /home/jetsonnx/ros2_ws/install/turtlebot3_bringup/share/turtlebot3_bringup/environment/ament_prefix_path.dsv
[0.639s] -- Up-to-date symlink: /home/jetsonnx/ros2_ws/install/turtlebot3_bringup/share/turtlebot3_bringup/environment/path.sh
[0.643s] -- Up-to-date symlink: /home/jetsonnx/ros2_ws/install/turtlebot3_bringup/share/turtlebot3_bringup/environment/path.dsv
[0.649s] -- Up-to-date symlink: /home/jetsonnx/ros2_ws/install/turtlebot3_bringup/share/turtlebot3_bringup/local_setup.bash
[0.652s] -- Up-to-date symlink: /home/jetsonnx/ros2_ws/install/turtlebot3_bringup/share/turtlebot3_bringup/local_setup.sh
[0.654s] -- Up-to-date symlink: /home/jetsonnx/ros2_ws/install/turtlebot3_bringup/share/turtlebot3_bringup/local_setup.zsh
[0.656s] -- Up-to-date symlink: /home/jetsonnx/ros2_ws/install/turtlebot3_bringup/share/turtlebot3_bringup/local_setup.dsv
[0.660s] -- Symlinking: /home/jetsonnx/ros2_ws/install/turtlebot3_bringup/share/turtlebot3_bringup/package.dsv
[0.704s] -- Up-to-date symlink: /home/jetsonnx/ros2_ws/install/turtlebot3_bringup/share/ament_index/resource_index/packages/turtlebot3_bringup
[0.706s] -- Up-to-date symlink: /home/jetsonnx/ros2_ws/install/turtlebot3_bringup/share/turtlebot3_bringup/cmake/turtlebot3_bringupConfig.cmake
[0.709s] -- Up-to-date symlink: /home/jetsonnx/ros2_ws/install/turtlebot3_bringup/share/turtlebot3_bringup/cmake/turtlebot3_bringupConfig-version.cmake
[0.709s] -- Up-to-date symlink: /home/jetsonnx/ros2_ws/install/turtlebot3_bringup/share/turtlebot3_bringup/package.xml
[0.722s] Invoked command in '/home/jetsonnx/ros2_ws/build/turtlebot3_bringup' returned '0': CMAKE_PREFIX_PATH=${CMAKE_PREFIX_PATH}:/opt/ros/foxy /usr/bin/cmake --install /home/jetsonnx/ros2_ws/build/turtlebot3_bringup
