[2.046s] DEBUG:colcon:Command line arguments: ['/usr/bin/colcon', 'build', '--symlink-install']
[2.046s] DEBUG:colcon:Parsed command line arguments: Namespace(allow_overriding=[], ament_cmake_args=None, base_paths=['.'], build_base='build', catkin_cmake_args=None, catkin_skip_building_tests=False, cmake_args=None, cmake_clean_cache=False, cmake_clean_first=False, cmake_force_configure=False, cmake_target=None, cmake_target_skip_unavailable=False, continue_on_error=False, event_handlers=None, executor='parallel', ignore_user_meta=False, install_base='install', log_base=None, log_level=None, main=<bound method BuildVerb.main of <colcon_core.verb.build.BuildVerb object at 0xffff986054c0>>, merge_install=False, metas=['./colcon.meta'], packages_above=None, packages_above_and_dependencies=None, packages_above_depth=None, packages_end=None, packages_ignore=None, packages_ignore_regex=None, packages_select=None, packages_select_build_failed=False, packages_select_by_dep=None, packages_select_regex=None, packages_select_test_failures=False, packages_skip=None, packages_skip_build_finished=False, packages_skip_by_dep=None, packages_skip_regex=None, packages_skip_test_passed=False, packages_skip_up_to=None, packages_start=None, packages_up_to=None, packages_up_to_regex=None, parallel_workers=8, paths=None, symlink_install=True, test_result_base=None, verb_extension=<colcon_core.verb.build.BuildVerb object at 0xffff986054c0>, verb_name='build', verb_parser=<colcon_defaults.argument_parser.defaults.DefaultArgumentsDecorator object at 0xffff984b0c70>)
[2.829s] Level 1:colcon.colcon_core.package_discovery:discover_packages(colcon_meta) check parameters
[2.829s] Level 1:colcon.colcon_core.package_discovery:discover_packages(recursive) check parameters
[2.829s] Level 1:colcon.colcon_core.package_discovery:discover_packages(ignore) check parameters
[2.829s] Level 1:colcon.colcon_core.package_discovery:discover_packages(path) check parameters
[2.830s] Level 1:colcon.colcon_core.package_discovery:discover_packages(colcon_meta) discover
[2.830s] Level 1:colcon.colcon_core.package_discovery:discover_packages(recursive) discover
[2.830s] INFO:colcon.colcon_core.package_discovery:Crawling recursively for packages in '/home/jetson/ros2_ws'
[2.830s] Level 1:colcon.colcon_core.package_identification:_identify(.) by extensions ['ignore', 'ignore_ament_install']
[2.831s] Level 1:colcon.colcon_core.package_identification:_identify(.) by extension 'ignore'
[2.831s] Level 1:colcon.colcon_core.package_identification:_identify(.) by extension 'ignore_ament_install'
[2.831s] Level 1:colcon.colcon_core.package_identification:_identify(.) by extensions ['colcon_pkg']
[2.831s] Level 1:colcon.colcon_core.package_identification:_identify(.) by extension 'colcon_pkg'
[2.832s] Level 1:colcon.colcon_core.package_identification:_identify(.) by extensions ['colcon_meta']
[2.832s] Level 1:colcon.colcon_core.package_identification:_identify(.) by extension 'colcon_meta'
[2.832s] Level 1:colcon.colcon_core.package_identification:_identify(.) by extensions ['ros']
[2.832s] Level 1:colcon.colcon_core.package_identification:_identify(.) by extension 'ros'
[2.881s] Level 1:colcon.colcon_core.package_identification:_identify(.) by extensions ['cmake', 'python']
[2.881s] Level 1:colcon.colcon_core.package_identification:_identify(.) by extension 'cmake'
[2.882s] Level 1:colcon.colcon_core.package_identification:_identify(.) by extension 'python'
[2.882s] Level 1:colcon.colcon_core.package_identification:_identify(.) by extensions ['python_setup_py']
[2.882s] Level 1:colcon.colcon_core.package_identification:_identify(.) by extension 'python_setup_py'
[2.883s] Level 1:colcon.colcon_core.package_identification:_identify(build) by extensions ['ignore', 'ignore_ament_install']
[2.883s] Level 1:colcon.colcon_core.package_identification:_identify(build) by extension 'ignore'
[2.883s] Level 1:colcon.colcon_core.package_identification:_identify(build) ignored
[2.883s] Level 1:colcon.colcon_core.package_identification:_identify(install) by extensions ['ignore', 'ignore_ament_install']
[2.884s] Level 1:colcon.colcon_core.package_identification:_identify(install) by extension 'ignore'
[2.884s] Level 1:colcon.colcon_core.package_identification:_identify(install) ignored
[2.884s] Level 1:colcon.colcon_core.package_identification:_identify(log) by extensions ['ignore', 'ignore_ament_install']
[2.884s] Level 1:colcon.colcon_core.package_identification:_identify(log) by extension 'ignore'
[2.885s] Level 1:colcon.colcon_core.package_identification:_identify(log) ignored
[2.885s] Level 1:colcon.colcon_core.package_identification:_identify(src) by extensions ['ignore', 'ignore_ament_install']
[2.885s] Level 1:colcon.colcon_core.package_identification:_identify(src) by extension 'ignore'
[2.885s] Level 1:colcon.colcon_core.package_identification:_identify(src) by extension 'ignore_ament_install'
[2.885s] Level 1:colcon.colcon_core.package_identification:_identify(src) by extensions ['colcon_pkg']
[2.886s] Level 1:colcon.colcon_core.package_identification:_identify(src) by extension 'colcon_pkg'
[2.886s] Level 1:colcon.colcon_core.package_identification:_identify(src) by extensions ['colcon_meta']
[2.886s] Level 1:colcon.colcon_core.package_identification:_identify(src) by extension 'colcon_meta'
[2.886s] Level 1:colcon.colcon_core.package_identification:_identify(src) by extensions ['ros']
[2.886s] Level 1:colcon.colcon_core.package_identification:_identify(src) by extension 'ros'
[2.886s] Level 1:colcon.colcon_core.package_identification:_identify(src) by extensions ['cmake', 'python']
[2.887s] Level 1:colcon.colcon_core.package_identification:_identify(src) by extension 'cmake'
[2.887s] Level 1:colcon.colcon_core.package_identification:_identify(src) by extension 'python'
[2.887s] Level 1:colcon.colcon_core.package_identification:_identify(src) by extensions ['python_setup_py']
[2.887s] Level 1:colcon.colcon_core.package_identification:_identify(src) by extension 'python_setup_py'
[2.887s] Level 1:colcon.colcon_core.package_identification:_identify(src/dynamixel-workbench-msgs) by extensions ['ignore', 'ignore_ament_install']
[2.888s] Level 1:colcon.colcon_core.package_identification:_identify(src/dynamixel-workbench-msgs) by extension 'ignore'
[2.888s] Level 1:colcon.colcon_core.package_identification:_identify(src/dynamixel-workbench-msgs) by extension 'ignore_ament_install'
[2.888s] Level 1:colcon.colcon_core.package_identification:_identify(src/dynamixel-workbench-msgs) by extensions ['colcon_pkg']
[2.888s] Level 1:colcon.colcon_core.package_identification:_identify(src/dynamixel-workbench-msgs) by extension 'colcon_pkg'
[2.888s] Level 1:colcon.colcon_core.package_identification:_identify(src/dynamixel-workbench-msgs) by extensions ['colcon_meta']
[2.888s] Level 1:colcon.colcon_core.package_identification:_identify(src/dynamixel-workbench-msgs) by extension 'colcon_meta'
[2.888s] Level 1:colcon.colcon_core.package_identification:_identify(src/dynamixel-workbench-msgs) by extensions ['ros']
[2.889s] Level 1:colcon.colcon_core.package_identification:_identify(src/dynamixel-workbench-msgs) by extension 'ros'
[2.889s] Level 1:colcon.colcon_core.package_identification:_identify(src/dynamixel-workbench-msgs) by extensions ['cmake', 'python']
[2.889s] Level 1:colcon.colcon_core.package_identification:_identify(src/dynamixel-workbench-msgs) by extension 'cmake'
[2.889s] Level 1:colcon.colcon_core.package_identification:_identify(src/dynamixel-workbench-msgs) by extension 'python'
[2.889s] Level 1:colcon.colcon_core.package_identification:_identify(src/dynamixel-workbench-msgs) by extensions ['python_setup_py']
[2.889s] Level 1:colcon.colcon_core.package_identification:_identify(src/dynamixel-workbench-msgs) by extension 'python_setup_py'
[2.890s] Level 1:colcon.colcon_core.package_identification:_identify(src/dynamixel-workbench-msgs/dynamixel_workbench_msgs) by extensions ['ignore', 'ignore_ament_install']
[2.890s] Level 1:colcon.colcon_core.package_identification:_identify(src/dynamixel-workbench-msgs/dynamixel_workbench_msgs) by extension 'ignore'
[2.890s] Level 1:colcon.colcon_core.package_identification:_identify(src/dynamixel-workbench-msgs/dynamixel_workbench_msgs) by extension 'ignore_ament_install'
[2.890s] Level 1:colcon.colcon_core.package_identification:_identify(src/dynamixel-workbench-msgs/dynamixel_workbench_msgs) by extensions ['colcon_pkg']
[2.891s] Level 1:colcon.colcon_core.package_identification:_identify(src/dynamixel-workbench-msgs/dynamixel_workbench_msgs) by extension 'colcon_pkg'
[2.891s] Level 1:colcon.colcon_core.package_identification:_identify(src/dynamixel-workbench-msgs/dynamixel_workbench_msgs) by extensions ['colcon_meta']
[2.891s] Level 1:colcon.colcon_core.package_identification:_identify(src/dynamixel-workbench-msgs/dynamixel_workbench_msgs) by extension 'colcon_meta'
[2.891s] Level 1:colcon.colcon_core.package_identification:_identify(src/dynamixel-workbench-msgs/dynamixel_workbench_msgs) by extensions ['ros']
[2.891s] Level 1:colcon.colcon_core.package_identification:_identify(src/dynamixel-workbench-msgs/dynamixel_workbench_msgs) by extension 'ros'
[3.040s] DEBUG:colcon.colcon_core.package_identification:Package 'src/dynamixel-workbench-msgs/dynamixel_workbench_msgs' with type 'ros.ament_cmake' and name 'dynamixel_workbench_msgs'
[3.040s] Level 1:colcon.colcon_core.package_identification:_identify(src/dynamixel_workbench_operators) by extensions ['ignore', 'ignore_ament_install']
[3.041s] Level 1:colcon.colcon_core.package_identification:_identify(src/dynamixel_workbench_operators) by extension 'ignore'
[3.041s] Level 1:colcon.colcon_core.package_identification:_identify(src/dynamixel_workbench_operators) by extension 'ignore_ament_install'
[3.041s] Level 1:colcon.colcon_core.package_identification:_identify(src/dynamixel_workbench_operators) by extensions ['colcon_pkg']
[3.041s] Level 1:colcon.colcon_core.package_identification:_identify(src/dynamixel_workbench_operators) by extension 'colcon_pkg'
[3.041s] Level 1:colcon.colcon_core.package_identification:_identify(src/dynamixel_workbench_operators) by extensions ['colcon_meta']
[3.042s] Level 1:colcon.colcon_core.package_identification:_identify(src/dynamixel_workbench_operators) by extension 'colcon_meta'
[3.042s] Level 1:colcon.colcon_core.package_identification:_identify(src/dynamixel_workbench_operators) by extensions ['ros']
[3.042s] Level 1:colcon.colcon_core.package_identification:_identify(src/dynamixel_workbench_operators) by extension 'ros'
[3.045s] DEBUG:colcon.colcon_core.package_identification:Package 'src/dynamixel_workbench_operators' with type 'ros.ament_cmake' and name 'dynamixel_workbench_operators'
[3.046s] Level 1:colcon.colcon_core.package_identification:_identify(src/sllidar_ros2) by extensions ['ignore', 'ignore_ament_install']
[3.046s] Level 1:colcon.colcon_core.package_identification:_identify(src/sllidar_ros2) by extension 'ignore'
[3.046s] Level 1:colcon.colcon_core.package_identification:_identify(src/sllidar_ros2) by extension 'ignore_ament_install'
[3.047s] Level 1:colcon.colcon_core.package_identification:_identify(src/sllidar_ros2) by extensions ['colcon_pkg']
[3.047s] Level 1:colcon.colcon_core.package_identification:_identify(src/sllidar_ros2) by extension 'colcon_pkg'
[3.047s] Level 1:colcon.colcon_core.package_identification:_identify(src/sllidar_ros2) by extensions ['colcon_meta']
[3.047s] Level 1:colcon.colcon_core.package_identification:_identify(src/sllidar_ros2) by extension 'colcon_meta'
[3.047s] Level 1:colcon.colcon_core.package_identification:_identify(src/sllidar_ros2) by extensions ['ros']
[3.047s] Level 1:colcon.colcon_core.package_identification:_identify(src/sllidar_ros2) by extension 'ros'
[3.049s] DEBUG:colcon.colcon_core.package_identification:Package 'src/sllidar_ros2' with type 'ros.ament_cmake' and name 'sllidar_ros2'
[3.050s] Level 1:colcon.colcon_core.package_identification:_identify(src/turtlebot3_navigation2) by extensions ['ignore', 'ignore_ament_install']
[3.050s] Level 1:colcon.colcon_core.package_identification:_identify(src/turtlebot3_navigation2) by extension 'ignore'
[3.050s] Level 1:colcon.colcon_core.package_identification:_identify(src/turtlebot3_navigation2) by extension 'ignore_ament_install'
[3.051s] Level 1:colcon.colcon_core.package_identification:_identify(src/turtlebot3_navigation2) by extensions ['colcon_pkg']
[3.051s] Level 1:colcon.colcon_core.package_identification:_identify(src/turtlebot3_navigation2) by extension 'colcon_pkg'
[3.051s] Level 1:colcon.colcon_core.package_identification:_identify(src/turtlebot3_navigation2) by extensions ['colcon_meta']
[3.051s] Level 1:colcon.colcon_core.package_identification:_identify(src/turtlebot3_navigation2) by extension 'colcon_meta'
[3.051s] Level 1:colcon.colcon_core.package_identification:_identify(src/turtlebot3_navigation2) by extensions ['ros']
[3.051s] Level 1:colcon.colcon_core.package_identification:_identify(src/turtlebot3_navigation2) by extension 'ros'
[3.053s] DEBUG:colcon.colcon_core.package_identification:Package 'src/turtlebot3_navigation2' with type 'ros.ament_cmake' and name 'turtlebot3_navigation2'
[3.053s] Level 1:colcon.colcon_core.package_discovery:discover_packages(recursive) using defaults
[3.053s] Level 1:colcon.colcon_core.package_discovery:discover_packages(ignore) discover
[3.053s] Level 1:colcon.colcon_core.package_discovery:discover_packages(ignore) using defaults
[3.054s] Level 1:colcon.colcon_core.package_discovery:discover_packages(path) discover
[3.054s] Level 1:colcon.colcon_core.package_discovery:discover_packages(path) using defaults
[3.388s] Level 1:colcon.colcon_core.package_discovery:discover_packages(prefix_path) check parameters
[3.388s] Level 1:colcon.colcon_core.package_discovery:discover_packages(prefix_path) discover
[3.398s] DEBUG:colcon.colcon_installed_package_information.package_discovery:Found 4 installed packages in /home/jetson/ros2_ws/install
[3.404s] DEBUG:colcon.colcon_installed_package_information.package_discovery:Found 293 installed packages in /opt/ros/foxy
[3.438s] Level 1:colcon.colcon_core.package_discovery:discover_packages(prefix_path) using defaults
[4.237s] Level 5:colcon.colcon_core.verb:set package 'dynamixel_workbench_msgs' build argument 'cmake_args' from command line to 'None'
[4.238s] Level 5:colcon.colcon_core.verb:set package 'dynamixel_workbench_msgs' build argument 'cmake_target' from command line to 'None'
[4.238s] Level 5:colcon.colcon_core.verb:set package 'dynamixel_workbench_msgs' build argument 'cmake_target_skip_unavailable' from command line to 'False'
[4.238s] Level 5:colcon.colcon_core.verb:set package 'dynamixel_workbench_msgs' build argument 'cmake_clean_cache' from command line to 'False'
[4.238s] Level 5:colcon.colcon_core.verb:set package 'dynamixel_workbench_msgs' build argument 'cmake_clean_first' from command line to 'False'
[4.238s] Level 5:colcon.colcon_core.verb:set package 'dynamixel_workbench_msgs' build argument 'cmake_force_configure' from command line to 'False'
[4.238s] Level 5:colcon.colcon_core.verb:set package 'dynamixel_workbench_msgs' build argument 'ament_cmake_args' from command line to 'None'
[4.238s] Level 5:colcon.colcon_core.verb:set package 'dynamixel_workbench_msgs' build argument 'catkin_cmake_args' from command line to 'None'
[4.238s] Level 5:colcon.colcon_core.verb:set package 'dynamixel_workbench_msgs' build argument 'catkin_skip_building_tests' from command line to 'False'
[4.239s] DEBUG:colcon.colcon_core.verb:Building package 'dynamixel_workbench_msgs' with the following arguments: {'ament_cmake_args': None, 'build_base': '/home/jetson/ros2_ws/build/dynamixel_workbench_msgs', 'catkin_cmake_args': None, 'catkin_skip_building_tests': False, 'cmake_args': None, 'cmake_clean_cache': False, 'cmake_clean_first': False, 'cmake_force_configure': False, 'cmake_target': None, 'cmake_target_skip_unavailable': False, 'install_base': '/home/jetson/ros2_ws/install/dynamixel_workbench_msgs', 'merge_install': False, 'path': '/home/jetson/ros2_ws/src/dynamixel-workbench-msgs/dynamixel_workbench_msgs', 'symlink_install': True, 'test_result_base': None}
[4.240s] Level 5:colcon.colcon_core.verb:set package 'dynamixel_workbench_operators' build argument 'cmake_args' from command line to 'None'
[4.240s] Level 5:colcon.colcon_core.verb:set package 'dynamixel_workbench_operators' build argument 'cmake_target' from command line to 'None'
[4.240s] Level 5:colcon.colcon_core.verb:set package 'dynamixel_workbench_operators' build argument 'cmake_target_skip_unavailable' from command line to 'False'
[4.241s] Level 5:colcon.colcon_core.verb:set package 'dynamixel_workbench_operators' build argument 'cmake_clean_cache' from command line to 'False'
[4.241s] Level 5:colcon.colcon_core.verb:set package 'dynamixel_workbench_operators' build argument 'cmake_clean_first' from command line to 'False'
[4.241s] Level 5:colcon.colcon_core.verb:set package 'dynamixel_workbench_operators' build argument 'cmake_force_configure' from command line to 'False'
[4.241s] Level 5:colcon.colcon_core.verb:set package 'dynamixel_workbench_operators' build argument 'ament_cmake_args' from command line to 'None'
[4.241s] Level 5:colcon.colcon_core.verb:set package 'dynamixel_workbench_operators' build argument 'catkin_cmake_args' from command line to 'None'
[4.241s] Level 5:colcon.colcon_core.verb:set package 'dynamixel_workbench_operators' build argument 'catkin_skip_building_tests' from command line to 'False'
[4.241s] DEBUG:colcon.colcon_core.verb:Building package 'dynamixel_workbench_operators' with the following arguments: {'ament_cmake_args': None, 'build_base': '/home/jetson/ros2_ws/build/dynamixel_workbench_operators', 'catkin_cmake_args': None, 'catkin_skip_building_tests': False, 'cmake_args': None, 'cmake_clean_cache': False, 'cmake_clean_first': False, 'cmake_force_configure': False, 'cmake_target': None, 'cmake_target_skip_unavailable': False, 'install_base': '/home/jetson/ros2_ws/install/dynamixel_workbench_operators', 'merge_install': False, 'path': '/home/jetson/ros2_ws/src/dynamixel_workbench_operators', 'symlink_install': True, 'test_result_base': None}
[4.243s] Level 5:colcon.colcon_core.verb:set package 'sllidar_ros2' build argument 'cmake_args' from command line to 'None'
[4.243s] Level 5:colcon.colcon_core.verb:set package 'sllidar_ros2' build argument 'cmake_target' from command line to 'None'
[4.243s] Level 5:colcon.colcon_core.verb:set package 'sllidar_ros2' build argument 'cmake_target_skip_unavailable' from command line to 'False'
[4.243s] Level 5:colcon.colcon_core.verb:set package 'sllidar_ros2' build argument 'cmake_clean_cache' from command line to 'False'
[4.243s] Level 5:colcon.colcon_core.verb:set package 'sllidar_ros2' build argument 'cmake_clean_first' from command line to 'False'
[4.243s] Level 5:colcon.colcon_core.verb:set package 'sllidar_ros2' build argument 'cmake_force_configure' from command line to 'False'
[4.244s] Level 5:colcon.colcon_core.verb:set package 'sllidar_ros2' build argument 'ament_cmake_args' from command line to 'None'
[4.244s] Level 5:colcon.colcon_core.verb:set package 'sllidar_ros2' build argument 'catkin_cmake_args' from command line to 'None'
[4.244s] Level 5:colcon.colcon_core.verb:set package 'sllidar_ros2' build argument 'catkin_skip_building_tests' from command line to 'False'
[4.244s] DEBUG:colcon.colcon_core.verb:Building package 'sllidar_ros2' with the following arguments: {'ament_cmake_args': None, 'build_base': '/home/jetson/ros2_ws/build/sllidar_ros2', 'catkin_cmake_args': None, 'catkin_skip_building_tests': False, 'cmake_args': None, 'cmake_clean_cache': False, 'cmake_clean_first': False, 'cmake_force_configure': False, 'cmake_target': None, 'cmake_target_skip_unavailable': False, 'install_base': '/home/jetson/ros2_ws/install/sllidar_ros2', 'merge_install': False, 'path': '/home/jetson/ros2_ws/src/sllidar_ros2', 'symlink_install': True, 'test_result_base': None}
[4.246s] Level 5:colcon.colcon_core.verb:set package 'turtlebot3_navigation2' build argument 'cmake_args' from command line to 'None'
[4.246s] Level 5:colcon.colcon_core.verb:set package 'turtlebot3_navigation2' build argument 'cmake_target' from command line to 'None'
[4.246s] Level 5:colcon.colcon_core.verb:set package 'turtlebot3_navigation2' build argument 'cmake_target_skip_unavailable' from command line to 'False'
[4.246s] Level 5:colcon.colcon_core.verb:set package 'turtlebot3_navigation2' build argument 'cmake_clean_cache' from command line to 'False'
[4.246s] Level 5:colcon.colcon_core.verb:set package 'turtlebot3_navigation2' build argument 'cmake_clean_first' from command line to 'False'
[4.246s] Level 5:colcon.colcon_core.verb:set package 'turtlebot3_navigation2' build argument 'cmake_force_configure' from command line to 'False'
[4.246s] Level 5:colcon.colcon_core.verb:set package 'turtlebot3_navigation2' build argument 'ament_cmake_args' from command line to 'None'
[4.246s] Level 5:colcon.colcon_core.verb:set package 'turtlebot3_navigation2' build argument 'catkin_cmake_args' from command line to 'None'
[4.247s] Level 5:colcon.colcon_core.verb:set package 'turtlebot3_navigation2' build argument 'catkin_skip_building_tests' from command line to 'False'
[4.247s] DEBUG:colcon.colcon_core.verb:Building package 'turtlebot3_navigation2' with the following arguments: {'ament_cmake_args': None, 'build_base': '/home/jetson/ros2_ws/build/turtlebot3_navigation2', 'catkin_cmake_args': None, 'catkin_skip_building_tests': False, 'cmake_args': None, 'cmake_clean_cache': False, 'cmake_clean_first': False, 'cmake_force_configure': False, 'cmake_target': None, 'cmake_target_skip_unavailable': False, 'install_base': '/home/jetson/ros2_ws/install/turtlebot3_navigation2', 'merge_install': False, 'path': '/home/jetson/ros2_ws/src/turtlebot3_navigation2', 'symlink_install': True, 'test_result_base': None}
[4.247s] INFO:colcon.colcon_core.executor:Executing jobs using 'parallel' executor
[4.251s] DEBUG:colcon.colcon_parallel_executor.executor.parallel:run_until_complete
[4.252s] INFO:colcon.colcon_ros.task.ament_cmake.build:Building ROS package in '/home/jetson/ros2_ws/src/dynamixel-workbench-msgs/dynamixel_workbench_msgs' with build type 'ament_cmake'
[4.253s] INFO:colcon.colcon_cmake.task.cmake.build:Building CMake package in '/home/jetson/ros2_ws/src/dynamixel-workbench-msgs/dynamixel_workbench_msgs'
[4.405s] INFO:colcon.colcon_core.plugin_system:Skipping extension 'colcon_core.shell.bat': Not used on non-Windows systems
[4.406s] INFO:colcon.colcon_core.shell:Skip shell extension 'powershell' for command environment: Not usable outside of PowerShell
[4.406s] DEBUG:colcon.colcon_core.shell:Skip shell extension 'dsv' for command environment
[4.428s] INFO:colcon.colcon_ros.task.ament_cmake.build:Building ROS package in '/home/jetson/ros2_ws/src/dynamixel_workbench_operators' with build type 'ament_cmake'
[4.430s] INFO:colcon.colcon_cmake.task.cmake.build:Building CMake package in '/home/jetson/ros2_ws/src/dynamixel_workbench_operators'
[4.433s] INFO:colcon.colcon_core.shell:Skip shell extension 'powershell' for command environment: Not usable outside of PowerShell
[4.434s] DEBUG:colcon.colcon_core.shell:Skip shell extension 'dsv' for command environment
[4.459s] INFO:colcon.colcon_ros.task.ament_cmake.build:Building ROS package in '/home/jetson/ros2_ws/src/sllidar_ros2' with build type 'ament_cmake'
[4.463s] INFO:colcon.colcon_cmake.task.cmake.build:Building CMake package in '/home/jetson/ros2_ws/src/sllidar_ros2'
[4.465s] INFO:colcon.colcon_core.shell:Skip shell extension 'powershell' for command environment: Not usable outside of PowerShell
[4.465s] DEBUG:colcon.colcon_core.shell:Skip shell extension 'dsv' for command environment
[4.488s] INFO:colcon.colcon_ros.task.ament_cmake.build:Building ROS package in '/home/jetson/ros2_ws/src/turtlebot3_navigation2' with build type 'ament_cmake'
[4.490s] INFO:colcon.colcon_cmake.task.cmake.build:Building CMake package in '/home/jetson/ros2_ws/src/turtlebot3_navigation2'
[4.493s] INFO:colcon.colcon_core.shell:Skip shell extension 'powershell' for command environment: Not usable outside of PowerShell
[4.494s] DEBUG:colcon.colcon_core.shell:Skip shell extension 'dsv' for command environment
[4.598s] DEBUG:colcon.colcon_core.event_handler.log_command:Invoking command in '/home/jetson/ros2_ws/build/dynamixel_workbench_msgs': CMAKE_PREFIX_PATH=${CMAKE_PREFIX_PATH}:/opt/ros/foxy /usr/bin/cmake --build /home/jetson/ros2_ws/build/dynamixel_workbench_msgs -- -j8 -l8
[4.810s] DEBUG:colcon.colcon_core.event_handler.log_command:Invoking command in '/home/jetson/ros2_ws/build/dynamixel_workbench_operators': CMAKE_PREFIX_PATH=${CMAKE_PREFIX_PATH}:/opt/ros/foxy /usr/bin/cmake --build /home/jetson/ros2_ws/build/dynamixel_workbench_operators -- -j8 -l8
[4.825s] DEBUG:colcon.colcon_core.event_handler.log_command:Invoking command in '/home/jetson/ros2_ws/build/sllidar_ros2': CMAKE_PREFIX_PATH=${CMAKE_PREFIX_PATH}:/opt/ros/foxy /usr/bin/cmake --build /home/jetson/ros2_ws/build/sllidar_ros2 -- -j8 -l8
[5.018s] DEBUG:colcon.colcon_core.event_handler.log_command:Invoking command in '/home/jetson/ros2_ws/build/turtlebot3_navigation2': CMAKE_PREFIX_PATH=${CMAKE_PREFIX_PATH}:/opt/ros/foxy /usr/bin/cmake --build /home/jetson/ros2_ws/build/turtlebot3_navigation2 -- -j8 -l8
[5.483s] DEBUG:colcon.colcon_core.event_handler.log_command:Invoked command in '/home/jetson/ros2_ws/build/turtlebot3_navigation2' returned '0': CMAKE_PREFIX_PATH=${CMAKE_PREFIX_PATH}:/opt/ros/foxy /usr/bin/cmake --build /home/jetson/ros2_ws/build/turtlebot3_navigation2 -- -j8 -l8
[5.610s] DEBUG:colcon.colcon_core.event_handler.log_command:Invoking command in '/home/jetson/ros2_ws/build/turtlebot3_navigation2': CMAKE_PREFIX_PATH=${CMAKE_PREFIX_PATH}:/opt/ros/foxy /usr/bin/cmake --install /home/jetson/ros2_ws/build/turtlebot3_navigation2
[5.734s] Level 1:colcon.colcon_core.environment:create_environment_scripts_only(turtlebot3_navigation2)
[5.738s] DEBUG:colcon.colcon_core.event_handler.log_command:Invoked command in '/home/jetson/ros2_ws/build/turtlebot3_navigation2' returned '0': CMAKE_PREFIX_PATH=${CMAKE_PREFIX_PATH}:/opt/ros/foxy /usr/bin/cmake --install /home/jetson/ros2_ws/build/turtlebot3_navigation2
[5.902s] Level 1:colcon.colcon_core.environment:checking '/home/jetson/ros2_ws/install/turtlebot3_navigation2' for CMake module files
[5.904s] Level 1:colcon.colcon_core.environment:checking '/home/jetson/ros2_ws/install/turtlebot3_navigation2' for CMake config files
[5.906s] Level 1:colcon.colcon_core.shell:create_environment_hook('turtlebot3_navigation2', 'cmake_prefix_path')
[5.907s] INFO:colcon.colcon_core.shell:Creating environment hook '/home/jetson/ros2_ws/install/turtlebot3_navigation2/share/turtlebot3_navigation2/hook/cmake_prefix_path.ps1'
[5.912s] INFO:colcon.colcon_core.shell:Creating environment descriptor '/home/jetson/ros2_ws/install/turtlebot3_navigation2/share/turtlebot3_navigation2/hook/cmake_prefix_path.dsv'
[5.915s] INFO:colcon.colcon_core.shell:Creating environment hook '/home/jetson/ros2_ws/install/turtlebot3_navigation2/share/turtlebot3_navigation2/hook/cmake_prefix_path.sh'
[5.920s] Level 1:colcon.colcon_core.environment:checking '/home/jetson/ros2_ws/install/turtlebot3_navigation2/bin'
[5.920s] Level 1:colcon.colcon_core.environment:checking '/home/jetson/ros2_ws/install/turtlebot3_navigation2/lib/pkgconfig/turtlebot3_navigation2.pc'
[5.921s] Level 1:colcon.colcon_core.environment:checking '/home/jetson/ros2_ws/install/turtlebot3_navigation2/lib/python3.8/site-packages'
[5.922s] Level 1:colcon.colcon_core.environment:checking '/home/jetson/ros2_ws/install/turtlebot3_navigation2/bin'
[5.923s] INFO:colcon.colcon_core.shell:Creating package script '/home/jetson/ros2_ws/install/turtlebot3_navigation2/share/turtlebot3_navigation2/package.ps1'
[5.928s] INFO:colcon.colcon_core.shell:Creating package descriptor '/home/jetson/ros2_ws/install/turtlebot3_navigation2/share/turtlebot3_navigation2/package.dsv'
[5.931s] INFO:colcon.colcon_core.shell:Creating package script '/home/jetson/ros2_ws/install/turtlebot3_navigation2/share/turtlebot3_navigation2/package.sh'
[5.935s] INFO:colcon.colcon_core.shell:Creating package script '/home/jetson/ros2_ws/install/turtlebot3_navigation2/share/turtlebot3_navigation2/package.bash'
[5.939s] INFO:colcon.colcon_core.shell:Creating package script '/home/jetson/ros2_ws/install/turtlebot3_navigation2/share/turtlebot3_navigation2/package.zsh'
[5.944s] Level 1:colcon.colcon_core.environment:create_file_with_runtime_dependencies(/home/jetson/ros2_ws/install/turtlebot3_navigation2/share/colcon-core/packages/turtlebot3_navigation2)
[5.965s] DEBUG:colcon.colcon_core.event_handler.log_command:Invoked command in '/home/jetson/ros2_ws/build/dynamixel_workbench_operators' returned '0': CMAKE_PREFIX_PATH=${CMAKE_PREFIX_PATH}:/opt/ros/foxy /usr/bin/cmake --build /home/jetson/ros2_ws/build/dynamixel_workbench_operators -- -j8 -l8
[5.981s] DEBUG:colcon.colcon_core.event_handler.log_command:Invoked command in '/home/jetson/ros2_ws/build/sllidar_ros2' returned '0': CMAKE_PREFIX_PATH=${CMAKE_PREFIX_PATH}:/opt/ros/foxy /usr/bin/cmake --build /home/jetson/ros2_ws/build/sllidar_ros2 -- -j8 -l8
[6.041s] Level 1:colcon.colcon_core.environment:create_environment_scripts_only(turtlebot3_navigation2)
[6.043s] Level 1:colcon.colcon_core.environment:checking '/home/jetson/ros2_ws/install/turtlebot3_navigation2' for CMake module files
[6.045s] Level 1:colcon.colcon_core.environment:checking '/home/jetson/ros2_ws/install/turtlebot3_navigation2' for CMake config files
[6.047s] Level 1:colcon.colcon_core.shell:create_environment_hook('turtlebot3_navigation2', 'cmake_prefix_path')
[6.047s] INFO:colcon.colcon_core.shell:Creating environment hook '/home/jetson/ros2_ws/install/turtlebot3_navigation2/share/turtlebot3_navigation2/hook/cmake_prefix_path.ps1'
[6.050s] INFO:colcon.colcon_core.shell:Creating environment descriptor '/home/jetson/ros2_ws/install/turtlebot3_navigation2/share/turtlebot3_navigation2/hook/cmake_prefix_path.dsv'
[6.052s] INFO:colcon.colcon_core.shell:Creating environment hook '/home/jetson/ros2_ws/install/turtlebot3_navigation2/share/turtlebot3_navigation2/hook/cmake_prefix_path.sh'
[6.054s] Level 1:colcon.colcon_core.environment:checking '/home/jetson/ros2_ws/install/turtlebot3_navigation2/bin'
[6.054s] Level 1:colcon.colcon_core.environment:checking '/home/jetson/ros2_ws/install/turtlebot3_navigation2/lib/pkgconfig/turtlebot3_navigation2.pc'
[6.055s] Level 1:colcon.colcon_core.environment:checking '/home/jetson/ros2_ws/install/turtlebot3_navigation2/lib/python3.8/site-packages'
[6.056s] Level 1:colcon.colcon_core.environment:checking '/home/jetson/ros2_ws/install/turtlebot3_navigation2/bin'
[6.057s] INFO:colcon.colcon_core.shell:Creating package script '/home/jetson/ros2_ws/install/turtlebot3_navigation2/share/turtlebot3_navigation2/package.ps1'
[6.059s] INFO:colcon.colcon_core.shell:Creating package descriptor '/home/jetson/ros2_ws/install/turtlebot3_navigation2/share/turtlebot3_navigation2/package.dsv'
[6.061s] INFO:colcon.colcon_core.shell:Creating package script '/home/jetson/ros2_ws/install/turtlebot3_navigation2/share/turtlebot3_navigation2/package.sh'
[6.062s] INFO:colcon.colcon_core.shell:Creating package script '/home/jetson/ros2_ws/install/turtlebot3_navigation2/share/turtlebot3_navigation2/package.bash'
[6.064s] INFO:colcon.colcon_core.shell:Creating package script '/home/jetson/ros2_ws/install/turtlebot3_navigation2/share/turtlebot3_navigation2/package.zsh'
[6.065s] Level 1:colcon.colcon_core.environment:create_file_with_runtime_dependencies(/home/jetson/ros2_ws/install/turtlebot3_navigation2/share/colcon-core/packages/turtlebot3_navigation2)
[6.084s] DEBUG:colcon.colcon_core.event_handler.log_command:Invoking command in '/home/jetson/ros2_ws/build/dynamixel_workbench_operators': CMAKE_PREFIX_PATH=${CMAKE_PREFIX_PATH}:/opt/ros/foxy /usr/bin/cmake --install /home/jetson/ros2_ws/build/dynamixel_workbench_operators
[6.188s] Level 1:colcon.colcon_core.environment:create_environment_scripts_only(dynamixel_workbench_operators)
[6.190s] Level 1:colcon.colcon_core.environment:checking '/home/jetson/ros2_ws/install/dynamixel_workbench_operators' for CMake module files
[6.192s] DEBUG:colcon.colcon_core.event_handler.log_command:Invoked command in '/home/jetson/ros2_ws/build/dynamixel_workbench_operators' returned '0': CMAKE_PREFIX_PATH=${CMAKE_PREFIX_PATH}:/opt/ros/foxy /usr/bin/cmake --install /home/jetson/ros2_ws/build/dynamixel_workbench_operators
[6.194s] Level 1:colcon.colcon_core.environment:checking '/home/jetson/ros2_ws/install/dynamixel_workbench_operators' for CMake config files
[6.195s] Level 1:colcon.colcon_core.shell:create_environment_hook('dynamixel_workbench_operators', 'cmake_prefix_path')
[6.196s] INFO:colcon.colcon_core.shell:Creating environment hook '/home/jetson/ros2_ws/install/dynamixel_workbench_operators/share/dynamixel_workbench_operators/hook/cmake_prefix_path.ps1'
[6.199s] INFO:colcon.colcon_core.shell:Creating environment descriptor '/home/jetson/ros2_ws/install/dynamixel_workbench_operators/share/dynamixel_workbench_operators/hook/cmake_prefix_path.dsv'
[6.200s] INFO:colcon.colcon_core.shell:Creating environment hook '/home/jetson/ros2_ws/install/dynamixel_workbench_operators/share/dynamixel_workbench_operators/hook/cmake_prefix_path.sh'
[6.202s] Level 1:colcon.colcon_core.environment:checking '/home/jetson/ros2_ws/install/dynamixel_workbench_operators/lib'
[6.204s] Level 1:colcon.colcon_core.environment:checking '/home/jetson/ros2_ws/install/dynamixel_workbench_operators/bin'
[6.204s] Level 1:colcon.colcon_core.environment:checking '/home/jetson/ros2_ws/install/dynamixel_workbench_operators/lib/pkgconfig/dynamixel_workbench_operators.pc'
[6.205s] Level 1:colcon.colcon_core.environment:checking '/home/jetson/ros2_ws/install/dynamixel_workbench_operators/lib/python3.8/site-packages'
[6.206s] Level 1:colcon.colcon_core.environment:checking '/home/jetson/ros2_ws/install/dynamixel_workbench_operators/bin'
[6.207s] INFO:colcon.colcon_core.shell:Creating package script '/home/jetson/ros2_ws/install/dynamixel_workbench_operators/share/dynamixel_workbench_operators/package.ps1'
[6.209s] INFO:colcon.colcon_core.shell:Creating package descriptor '/home/jetson/ros2_ws/install/dynamixel_workbench_operators/share/dynamixel_workbench_operators/package.dsv'
[6.210s] INFO:colcon.colcon_core.shell:Creating package script '/home/jetson/ros2_ws/install/dynamixel_workbench_operators/share/dynamixel_workbench_operators/package.sh'
[6.211s] INFO:colcon.colcon_core.shell:Creating package script '/home/jetson/ros2_ws/install/dynamixel_workbench_operators/share/dynamixel_workbench_operators/package.bash'
[6.212s] INFO:colcon.colcon_core.shell:Creating package script '/home/jetson/ros2_ws/install/dynamixel_workbench_operators/share/dynamixel_workbench_operators/package.zsh'
[6.214s] Level 1:colcon.colcon_core.environment:create_file_with_runtime_dependencies(/home/jetson/ros2_ws/install/dynamixel_workbench_operators/share/colcon-core/packages/dynamixel_workbench_operators)
[6.235s] DEBUG:colcon.colcon_core.event_handler.log_command:Invoking command in '/home/jetson/ros2_ws/build/sllidar_ros2': CMAKE_PREFIX_PATH=${CMAKE_PREFIX_PATH}:/opt/ros/foxy /usr/bin/cmake --install /home/jetson/ros2_ws/build/sllidar_ros2
[6.315s] Level 1:colcon.colcon_core.environment:create_environment_scripts_only(dynamixel_workbench_operators)
[6.317s] Level 1:colcon.colcon_core.environment:checking '/home/jetson/ros2_ws/install/dynamixel_workbench_operators' for CMake module files
[6.325s] Level 1:colcon.colcon_core.environment:checking '/home/jetson/ros2_ws/install/dynamixel_workbench_operators' for CMake config files
[6.330s] Level 1:colcon.colcon_core.shell:create_environment_hook('dynamixel_workbench_operators', 'cmake_prefix_path')
[6.331s] INFO:colcon.colcon_core.shell:Creating environment hook '/home/jetson/ros2_ws/install/dynamixel_workbench_operators/share/dynamixel_workbench_operators/hook/cmake_prefix_path.ps1'
[6.337s] INFO:colcon.colcon_core.shell:Creating environment descriptor '/home/jetson/ros2_ws/install/dynamixel_workbench_operators/share/dynamixel_workbench_operators/hook/cmake_prefix_path.dsv'
[6.342s] INFO:colcon.colcon_core.shell:Creating environment hook '/home/jetson/ros2_ws/install/dynamixel_workbench_operators/share/dynamixel_workbench_operators/hook/cmake_prefix_path.sh'
[6.345s] Level 1:colcon.colcon_core.environment:checking '/home/jetson/ros2_ws/install/dynamixel_workbench_operators/lib'
[6.345s] Level 1:colcon.colcon_core.environment:checking '/home/jetson/ros2_ws/install/dynamixel_workbench_operators/bin'
[6.345s] Level 1:colcon.colcon_core.environment:checking '/home/jetson/ros2_ws/install/dynamixel_workbench_operators/lib/pkgconfig/dynamixel_workbench_operators.pc'
[6.347s] Level 1:colcon.colcon_core.environment:checking '/home/jetson/ros2_ws/install/dynamixel_workbench_operators/lib/python3.8/site-packages'
[6.347s] Level 1:colcon.colcon_core.environment:checking '/home/jetson/ros2_ws/install/dynamixel_workbench_operators/bin'
[6.348s] INFO:colcon.colcon_core.shell:Creating package script '/home/jetson/ros2_ws/install/dynamixel_workbench_operators/share/dynamixel_workbench_operators/package.ps1'
[6.350s] INFO:colcon.colcon_core.shell:Creating package descriptor '/home/jetson/ros2_ws/install/dynamixel_workbench_operators/share/dynamixel_workbench_operators/package.dsv'
[6.352s] INFO:colcon.colcon_core.shell:Creating package script '/home/jetson/ros2_ws/install/dynamixel_workbench_operators/share/dynamixel_workbench_operators/package.sh'
[6.353s] INFO:colcon.colcon_core.shell:Creating package script '/home/jetson/ros2_ws/install/dynamixel_workbench_operators/share/dynamixel_workbench_operators/package.bash'
[6.355s] INFO:colcon.colcon_core.shell:Creating package script '/home/jetson/ros2_ws/install/dynamixel_workbench_operators/share/dynamixel_workbench_operators/package.zsh'
[6.356s] Level 1:colcon.colcon_core.environment:create_file_with_runtime_dependencies(/home/jetson/ros2_ws/install/dynamixel_workbench_operators/share/colcon-core/packages/dynamixel_workbench_operators)
[6.541s] Level 1:colcon.colcon_core.environment:create_environment_scripts_only(sllidar_ros2)
[6.542s] Level 1:colcon.colcon_core.environment:checking '/home/jetson/ros2_ws/install/sllidar_ros2' for CMake module files
[6.544s] DEBUG:colcon.colcon_core.event_handler.log_command:Invoked command in '/home/jetson/ros2_ws/build/sllidar_ros2' returned '0': CMAKE_PREFIX_PATH=${CMAKE_PREFIX_PATH}:/opt/ros/foxy /usr/bin/cmake --install /home/jetson/ros2_ws/build/sllidar_ros2
[6.546s] Level 1:colcon.colcon_core.environment:checking '/home/jetson/ros2_ws/install/sllidar_ros2' for CMake config files
[6.548s] Level 1:colcon.colcon_core.shell:create_environment_hook('sllidar_ros2', 'cmake_prefix_path')
[6.549s] INFO:colcon.colcon_core.shell:Creating environment hook '/home/jetson/ros2_ws/install/sllidar_ros2/share/sllidar_ros2/hook/cmake_prefix_path.ps1'
[6.550s] INFO:colcon.colcon_core.shell:Creating environment descriptor '/home/jetson/ros2_ws/install/sllidar_ros2/share/sllidar_ros2/hook/cmake_prefix_path.dsv'
[6.551s] INFO:colcon.colcon_core.shell:Creating environment hook '/home/jetson/ros2_ws/install/sllidar_ros2/share/sllidar_ros2/hook/cmake_prefix_path.sh'
[6.553s] Level 1:colcon.colcon_core.environment:checking '/home/jetson/ros2_ws/install/sllidar_ros2/lib'
[6.553s] Level 1:colcon.colcon_core.environment:checking '/home/jetson/ros2_ws/install/sllidar_ros2/bin'
[6.553s] Level 1:colcon.colcon_core.environment:checking '/home/jetson/ros2_ws/install/sllidar_ros2/lib/pkgconfig/sllidar_ros2.pc'
[6.554s] Level 1:colcon.colcon_core.environment:checking '/home/jetson/ros2_ws/install/sllidar_ros2/lib/python3.8/site-packages'
[6.554s] Level 1:colcon.colcon_core.environment:checking '/home/jetson/ros2_ws/install/sllidar_ros2/bin'
[6.555s] INFO:colcon.colcon_core.shell:Creating package script '/home/jetson/ros2_ws/install/sllidar_ros2/share/sllidar_ros2/package.ps1'
[6.557s] INFO:colcon.colcon_core.shell:Creating package descriptor '/home/jetson/ros2_ws/install/sllidar_ros2/share/sllidar_ros2/package.dsv'
[6.558s] INFO:colcon.colcon_core.shell:Creating package script '/home/jetson/ros2_ws/install/sllidar_ros2/share/sllidar_ros2/package.sh'
[6.559s] INFO:colcon.colcon_core.shell:Creating package script '/home/jetson/ros2_ws/install/sllidar_ros2/share/sllidar_ros2/package.bash'
[6.560s] INFO:colcon.colcon_core.shell:Creating package script '/home/jetson/ros2_ws/install/sllidar_ros2/share/sllidar_ros2/package.zsh'
[6.561s] Level 1:colcon.colcon_core.environment:create_file_with_runtime_dependencies(/home/jetson/ros2_ws/install/sllidar_ros2/share/colcon-core/packages/sllidar_ros2)
[6.795s] Level 1:colcon.colcon_core.environment:create_environment_scripts_only(sllidar_ros2)
[6.796s] Level 1:colcon.colcon_core.environment:checking '/home/jetson/ros2_ws/install/sllidar_ros2' for CMake module files
[6.799s] Level 1:colcon.colcon_core.environment:checking '/home/jetson/ros2_ws/install/sllidar_ros2' for CMake config files
[6.800s] Level 1:colcon.colcon_core.shell:create_environment_hook('sllidar_ros2', 'cmake_prefix_path')
[6.801s] INFO:colcon.colcon_core.shell:Creating environment hook '/home/jetson/ros2_ws/install/sllidar_ros2/share/sllidar_ros2/hook/cmake_prefix_path.ps1'
[6.804s] INFO:colcon.colcon_core.shell:Creating environment descriptor '/home/jetson/ros2_ws/install/sllidar_ros2/share/sllidar_ros2/hook/cmake_prefix_path.dsv'
[6.805s] INFO:colcon.colcon_core.shell:Creating environment hook '/home/jetson/ros2_ws/install/sllidar_ros2/share/sllidar_ros2/hook/cmake_prefix_path.sh'
[6.807s] Level 1:colcon.colcon_core.environment:checking '/home/jetson/ros2_ws/install/sllidar_ros2/lib'
[6.807s] Level 1:colcon.colcon_core.environment:checking '/home/jetson/ros2_ws/install/sllidar_ros2/bin'
[6.807s] Level 1:colcon.colcon_core.environment:checking '/home/jetson/ros2_ws/install/sllidar_ros2/lib/pkgconfig/sllidar_ros2.pc'
[6.808s] Level 1:colcon.colcon_core.environment:checking '/home/jetson/ros2_ws/install/sllidar_ros2/lib/python3.8/site-packages'
[6.809s] Level 1:colcon.colcon_core.environment:checking '/home/jetson/ros2_ws/install/sllidar_ros2/bin'
[6.810s] INFO:colcon.colcon_core.shell:Creating package script '/home/jetson/ros2_ws/install/sllidar_ros2/share/sllidar_ros2/package.ps1'
[6.812s] INFO:colcon.colcon_core.shell:Creating package descriptor '/home/jetson/ros2_ws/install/sllidar_ros2/share/sllidar_ros2/package.dsv'
[6.814s] INFO:colcon.colcon_core.shell:Creating package script '/home/jetson/ros2_ws/install/sllidar_ros2/share/sllidar_ros2/package.sh'
[6.816s] INFO:colcon.colcon_core.shell:Creating package script '/home/jetson/ros2_ws/install/sllidar_ros2/share/sllidar_ros2/package.bash'
[6.817s] INFO:colcon.colcon_core.shell:Creating package script '/home/jetson/ros2_ws/install/sllidar_ros2/share/sllidar_ros2/package.zsh'
[6.818s] Level 1:colcon.colcon_core.environment:create_file_with_runtime_dependencies(/home/jetson/ros2_ws/install/sllidar_ros2/share/colcon-core/packages/sllidar_ros2)
[8.094s] DEBUG:colcon.colcon_core.event_handler.log_command:Invoked command in '/home/jetson/ros2_ws/build/dynamixel_workbench_msgs' returned '0': CMAKE_PREFIX_PATH=${CMAKE_PREFIX_PATH}:/opt/ros/foxy /usr/bin/cmake --build /home/jetson/ros2_ws/build/dynamixel_workbench_msgs -- -j8 -l8
[9.659s] DEBUG:colcon.colcon_core.event_handler.log_command:Invoking command in '/home/jetson/ros2_ws/build/dynamixel_workbench_msgs': CMAKE_PREFIX_PATH=${CMAKE_PREFIX_PATH}:/opt/ros/foxy /usr/bin/cmake --install /home/jetson/ros2_ws/build/dynamixel_workbench_msgs
[11.231s] Level 1:colcon.colcon_core.environment:create_environment_scripts_only(dynamixel_workbench_msgs)
[11.233s] Level 1:colcon.colcon_core.environment:checking '/home/jetson/ros2_ws/install/dynamixel_workbench_msgs' for CMake module files
[11.235s] DEBUG:colcon.colcon_core.event_handler.log_command:Invoked command in '/home/jetson/ros2_ws/build/dynamixel_workbench_msgs' returned '0': CMAKE_PREFIX_PATH=${CMAKE_PREFIX_PATH}:/opt/ros/foxy /usr/bin/cmake --install /home/jetson/ros2_ws/build/dynamixel_workbench_msgs
[11.238s] Level 1:colcon.colcon_core.environment:checking '/home/jetson/ros2_ws/install/dynamixel_workbench_msgs' for CMake config files
[11.240s] Level 1:colcon.colcon_core.shell:create_environment_hook('dynamixel_workbench_msgs', 'cmake_prefix_path')
[11.242s] INFO:colcon.colcon_core.shell:Creating environment hook '/home/jetson/ros2_ws/install/dynamixel_workbench_msgs/share/dynamixel_workbench_msgs/hook/cmake_prefix_path.ps1'
[11.245s] INFO:colcon.colcon_core.shell:Creating environment descriptor '/home/jetson/ros2_ws/install/dynamixel_workbench_msgs/share/dynamixel_workbench_msgs/hook/cmake_prefix_path.dsv'
[11.247s] INFO:colcon.colcon_core.shell:Creating environment hook '/home/jetson/ros2_ws/install/dynamixel_workbench_msgs/share/dynamixel_workbench_msgs/hook/cmake_prefix_path.sh'
[11.250s] Level 1:colcon.colcon_core.environment:checking '/home/jetson/ros2_ws/install/dynamixel_workbench_msgs/lib'
[11.250s] Level 1:colcon.colcon_core.shell:create_environment_hook('dynamixel_workbench_msgs', 'ld_library_path_lib')
[11.251s] INFO:colcon.colcon_core.shell:Creating environment hook '/home/jetson/ros2_ws/install/dynamixel_workbench_msgs/share/dynamixel_workbench_msgs/hook/ld_library_path_lib.ps1'
[11.252s] INFO:colcon.colcon_core.shell:Creating environment descriptor '/home/jetson/ros2_ws/install/dynamixel_workbench_msgs/share/dynamixel_workbench_msgs/hook/ld_library_path_lib.dsv'
[11.254s] INFO:colcon.colcon_core.shell:Creating environment hook '/home/jetson/ros2_ws/install/dynamixel_workbench_msgs/share/dynamixel_workbench_msgs/hook/ld_library_path_lib.sh'
[11.256s] Level 1:colcon.colcon_core.environment:checking '/home/jetson/ros2_ws/install/dynamixel_workbench_msgs/bin'
[11.257s] Level 1:colcon.colcon_core.environment:checking '/home/jetson/ros2_ws/install/dynamixel_workbench_msgs/lib/pkgconfig/dynamixel_workbench_msgs.pc'
[11.259s] Level 1:colcon.colcon_core.environment:checking '/home/jetson/ros2_ws/install/dynamixel_workbench_msgs/lib/python3.8/site-packages'
[11.259s] Level 1:colcon.colcon_core.shell:create_environment_hook('dynamixel_workbench_msgs', 'pythonpath')
[11.261s] INFO:colcon.colcon_core.shell:Creating environment hook '/home/jetson/ros2_ws/install/dynamixel_workbench_msgs/share/dynamixel_workbench_msgs/hook/pythonpath.ps1'
[11.264s] INFO:colcon.colcon_core.shell:Creating environment descriptor '/home/jetson/ros2_ws/install/dynamixel_workbench_msgs/share/dynamixel_workbench_msgs/hook/pythonpath.dsv'
[11.266s] INFO:colcon.colcon_core.shell:Creating environment hook '/home/jetson/ros2_ws/install/dynamixel_workbench_msgs/share/dynamixel_workbench_msgs/hook/pythonpath.sh'
[11.269s] Level 1:colcon.colcon_core.environment:checking '/home/jetson/ros2_ws/install/dynamixel_workbench_msgs/bin'
[11.271s] INFO:colcon.colcon_core.shell:Creating package script '/home/jetson/ros2_ws/install/dynamixel_workbench_msgs/share/dynamixel_workbench_msgs/package.ps1'
[11.274s] INFO:colcon.colcon_core.shell:Creating package descriptor '/home/jetson/ros2_ws/install/dynamixel_workbench_msgs/share/dynamixel_workbench_msgs/package.dsv'
[11.276s] INFO:colcon.colcon_core.shell:Creating package script '/home/jetson/ros2_ws/install/dynamixel_workbench_msgs/share/dynamixel_workbench_msgs/package.sh'
[11.286s] INFO:colcon.colcon_core.shell:Creating package script '/home/jetson/ros2_ws/install/dynamixel_workbench_msgs/share/dynamixel_workbench_msgs/package.bash'
[11.289s] INFO:colcon.colcon_core.shell:Creating package script '/home/jetson/ros2_ws/install/dynamixel_workbench_msgs/share/dynamixel_workbench_msgs/package.zsh'
[11.293s] Level 1:colcon.colcon_core.environment:create_file_with_runtime_dependencies(/home/jetson/ros2_ws/install/dynamixel_workbench_msgs/share/colcon-core/packages/dynamixel_workbench_msgs)
[12.846s] Level 1:colcon.colcon_core.environment:create_environment_scripts_only(dynamixel_workbench_msgs)
[12.887s] Level 1:colcon.colcon_core.environment:checking '/home/jetson/ros2_ws/install/dynamixel_workbench_msgs' for CMake module files
[12.891s] Level 1:colcon.colcon_core.environment:checking '/home/jetson/ros2_ws/install/dynamixel_workbench_msgs' for CMake config files
[12.893s] Level 1:colcon.colcon_core.shell:create_environment_hook('dynamixel_workbench_msgs', 'cmake_prefix_path')
[12.894s] INFO:colcon.colcon_core.shell:Creating environment hook '/home/jetson/ros2_ws/install/dynamixel_workbench_msgs/share/dynamixel_workbench_msgs/hook/cmake_prefix_path.ps1'
[12.897s] INFO:colcon.colcon_core.shell:Creating environment descriptor '/home/jetson/ros2_ws/install/dynamixel_workbench_msgs/share/dynamixel_workbench_msgs/hook/cmake_prefix_path.dsv'
[12.898s] INFO:colcon.colcon_core.shell:Creating environment hook '/home/jetson/ros2_ws/install/dynamixel_workbench_msgs/share/dynamixel_workbench_msgs/hook/cmake_prefix_path.sh'
[12.901s] Level 1:colcon.colcon_core.environment:checking '/home/jetson/ros2_ws/install/dynamixel_workbench_msgs/lib'
[12.901s] Level 1:colcon.colcon_core.shell:create_environment_hook('dynamixel_workbench_msgs', 'ld_library_path_lib')
[12.902s] INFO:colcon.colcon_core.shell:Creating environment hook '/home/jetson/ros2_ws/install/dynamixel_workbench_msgs/share/dynamixel_workbench_msgs/hook/ld_library_path_lib.ps1'
[12.904s] INFO:colcon.colcon_core.shell:Creating environment descriptor '/home/jetson/ros2_ws/install/dynamixel_workbench_msgs/share/dynamixel_workbench_msgs/hook/ld_library_path_lib.dsv'
[12.905s] INFO:colcon.colcon_core.shell:Creating environment hook '/home/jetson/ros2_ws/install/dynamixel_workbench_msgs/share/dynamixel_workbench_msgs/hook/ld_library_path_lib.sh'
[12.906s] Level 1:colcon.colcon_core.environment:checking '/home/jetson/ros2_ws/install/dynamixel_workbench_msgs/bin'
[12.907s] Level 1:colcon.colcon_core.environment:checking '/home/jetson/ros2_ws/install/dynamixel_workbench_msgs/lib/pkgconfig/dynamixel_workbench_msgs.pc'
[12.908s] Level 1:colcon.colcon_core.environment:checking '/home/jetson/ros2_ws/install/dynamixel_workbench_msgs/lib/python3.8/site-packages'
[12.908s] Level 1:colcon.colcon_core.shell:create_environment_hook('dynamixel_workbench_msgs', 'pythonpath')
[12.909s] INFO:colcon.colcon_core.shell:Creating environment hook '/home/jetson/ros2_ws/install/dynamixel_workbench_msgs/share/dynamixel_workbench_msgs/hook/pythonpath.ps1'
[12.910s] INFO:colcon.colcon_core.shell:Creating environment descriptor '/home/jetson/ros2_ws/install/dynamixel_workbench_msgs/share/dynamixel_workbench_msgs/hook/pythonpath.dsv'
[12.911s] INFO:colcon.colcon_core.shell:Creating environment hook '/home/jetson/ros2_ws/install/dynamixel_workbench_msgs/share/dynamixel_workbench_msgs/hook/pythonpath.sh'
[12.913s] Level 1:colcon.colcon_core.environment:checking '/home/jetson/ros2_ws/install/dynamixel_workbench_msgs/bin'
[12.914s] INFO:colcon.colcon_core.shell:Creating package script '/home/jetson/ros2_ws/install/dynamixel_workbench_msgs/share/dynamixel_workbench_msgs/package.ps1'
[12.917s] INFO:colcon.colcon_core.shell:Creating package descriptor '/home/jetson/ros2_ws/install/dynamixel_workbench_msgs/share/dynamixel_workbench_msgs/package.dsv'
[12.919s] INFO:colcon.colcon_core.shell:Creating package script '/home/jetson/ros2_ws/install/dynamixel_workbench_msgs/share/dynamixel_workbench_msgs/package.sh'
[12.921s] INFO:colcon.colcon_core.shell:Creating package script '/home/jetson/ros2_ws/install/dynamixel_workbench_msgs/share/dynamixel_workbench_msgs/package.bash'
[12.922s] INFO:colcon.colcon_core.shell:Creating package script '/home/jetson/ros2_ws/install/dynamixel_workbench_msgs/share/dynamixel_workbench_msgs/package.zsh'
[12.924s] Level 1:colcon.colcon_core.environment:create_file_with_runtime_dependencies(/home/jetson/ros2_ws/install/dynamixel_workbench_msgs/share/colcon-core/packages/dynamixel_workbench_msgs)
[12.925s] DEBUG:colcon.colcon_parallel_executor.executor.parallel:closing loop
[12.927s] DEBUG:colcon.colcon_parallel_executor.executor.parallel:loop closed
[12.928s] DEBUG:colcon.colcon_parallel_executor.executor.parallel:run_until_complete finished with '0'
[12.928s] DEBUG:colcon.colcon_core.event_reactor:joining thread
[12.956s] INFO:colcon.colcon_core.plugin_system:Skipping extension 'colcon_notification.desktop_notification.terminal_notifier': Not used on non-Darwin systems
[12.956s] INFO:colcon.colcon_core.plugin_system:Skipping extension 'colcon_notification.desktop_notification.win32': Not used on non-Windows systems
[12.957s] INFO:colcon.colcon_notification.desktop_notification:Sending desktop notification using 'notify2'
[13.303s] DEBUG:colcon.colcon_notification.desktop_notification.notify2:Failed to initialize notify2: org.freedesktop.DBus.Error.Spawn.ChildExited: Process org.freedesktop.Notifications exited with status 1
[13.304s] DEBUG:colcon.colcon_core.event_reactor:joined thread
[13.306s] INFO:colcon.colcon_core.shell:Creating prefix script '/home/jetson/ros2_ws/install/local_setup.ps1'
[13.460s] INFO:colcon.colcon_core.shell:Creating prefix util module '/home/jetson/ros2_ws/install/_local_setup_util_ps1.py'
[13.465s] INFO:colcon.colcon_core.shell:Creating prefix chain script '/home/jetson/ros2_ws/install/setup.ps1'
[13.470s] INFO:colcon.colcon_core.shell:Creating prefix script '/home/jetson/ros2_ws/install/local_setup.sh'
[13.473s] INFO:colcon.colcon_core.shell:Creating prefix util module '/home/jetson/ros2_ws/install/_local_setup_util_sh.py'
[13.475s] INFO:colcon.colcon_core.shell:Creating prefix chain script '/home/jetson/ros2_ws/install/setup.sh'
[13.479s] INFO:colcon.colcon_core.shell:Creating prefix script '/home/jetson/ros2_ws/install/local_setup.bash'
[13.481s] INFO:colcon.colcon_core.shell:Creating prefix chain script '/home/jetson/ros2_ws/install/setup.bash'
[13.486s] INFO:colcon.colcon_core.shell:Creating prefix script '/home/jetson/ros2_ws/install/local_setup.zsh'
[13.488s] INFO:colcon.colcon_core.shell:Creating prefix chain script '/home/jetson/ros2_ws/install/setup.zsh'
