[01m[K/home/jetson/ros2_ws/src/initial_pose/src/initialpose.cpp:[m[K In constructor ‘[01m[KInitalposePublisher::InitalposePublisher()[m[K’:
[01m[K/home/jetson/ros2_ws/src/initial_pose/src/initialpose.cpp:31:13:[m[K [01;31m[Kerror: [m[Krequest for member ‘[01m[Kqos_profile[m[K’ in ‘[01m[K"msg"[m[K’, which is of non-class type ‘[01m[Kconst char [4][m[K’
   31 |             [01;31m[Kqos_profile[m[K,
      |             [01;31m[K^~~~~~~~~~~[m[K
[01m[K/home/jetson/ros2_ws/src/initial_pose/src/initialpose.cpp:32:24:[m[K [01;31m[Kerror: [m[K‘[01m[Kinitalpose_publisher[m[K’ has not been declared
   32 |             std::bind(&[01;31m[Kinitalpose_publisher[m[K::subscribe_topic_message,this,_1));
      |                        [01;31m[K^~~~~~~~~~~~~~~~~~~~[m[K
[01m[K/home/jetson/ros2_ws/src/initial_pose/src/initialpose.cpp:[m[K In member function ‘[01m[Kvoid InitalposePublisher::subscribe_topic_message(std_msgs::msg::String_<std::allocator<void> >::SharedPtr) const[m[K’:
[01m[K/home/jetson/ros2_ws/src/initial_pose/src/initialpose.cpp:37:29:[m[K [01;31m[Kerror: [m[Kpassing ‘[01m[Kconst string[m[K’ {aka ‘[01m[Kconst std::__cxx11::basic_string<char>[m[K’} as ‘[01m[Kthis[m[K’ argument discards qualifiers [[01;31m[K-fpermissive[m[K]
   37 |         str=msg->data.c_str([01;31m[K)[m[K;
      |                             [01;31m[K^[m[K
In file included from [01m[K/usr/include/c++/9/string:55[m[K,
                 from [01m[K/usr/include/c++/9/stdexcept:39[m[K,
                 from [01m[K/usr/include/c++/9/array:39[m[K,
                 from [01m[K/usr/include/c++/9/tuple:39[m[K,
                 from [01m[K/usr/include/c++/9/functional:54[m[K,
                 from [01m[K/home/jetson/ros2_ws/src/initial_pose/src/initialpose.cpp:2[m[K:
[01m[K/usr/include/c++/9/bits/basic_string.h:708:7:[m[K [01;36m[Knote: [m[K  in call to ‘[01m[Kstd::__cxx11::basic_string<_CharT, _Traits, _Alloc>& std::__cxx11::basic_string<_CharT, _Traits, _Alloc>::operator=(const _CharT*) [with _CharT = char; _Traits = std::char_traits<char>; _Alloc = std::allocator<char>][m[K’
  708 |       [01;36m[Koperator[m[K=(const _CharT* __s)
      |       [01;36m[K^~~~~~~~[m[K
make[2]: *** [CMakeFiles/initialpose.dir/build.make:63: CMakeFiles/initialpose.dir/src/initialpose.cpp.o] Error 1
make[1]: *** [CMakeFiles/Makefile2:78: CMakeFiles/initialpose.dir/all] Error 2
make: *** [Makefile:141: all] Error 2
