[0.184s] Invoking command in '/home/jetson/ros2_ws/build/initial_pose': CMAKE_PREFIX_PATH=${CMAKE_PREFIX_PATH}:/opt/ros/foxy /usr/bin/cmake --build /home/jetson/ros2_ws/build/initial_pose -- -j8 -l8
[0.435s] [100%] Built target initialpose
[0.531s] Invoked command in '/home/jetson/ros2_ws/build/initial_pose' returned '0': CMAKE_PREFIX_PATH=${CMAKE_PREFIX_PATH}:/opt/ros/foxy /usr/bin/cmake --build /home/jetson/ros2_ws/build/initial_pose -- -j8 -l8
[0.664s] Invoking command in '/home/jetson/ros2_ws/build/initial_pose': CMAKE_PREFIX_PATH=${CMAKE_PREFIX_PATH}:/opt/ros/foxy /usr/bin/cmake --install /home/jetson/ros2_ws/build/initial_pose
[0.714s] -- Install configuration: ""
[0.716s] -- Execute custom install script
[0.719s] -- Up-to-date symlink: /home/jetson/ros2_ws/install/initial_pose/lib/initial_pose/initialpose
[0.720s] -- Up-to-date symlink: /home/jetson/ros2_ws/install/initial_pose/share/ament_index/resource_index/package_run_dependencies/initial_pose
[0.726s] -- Up-to-date symlink: /home/jetson/ros2_ws/install/initial_pose/share/ament_index/resource_index/parent_prefix_path/initial_pose
[0.732s] -- Up-to-date symlink: /home/jetson/ros2_ws/install/initial_pose/share/initial_pose/environment/ament_prefix_path.sh
[0.733s] -- Up-to-date symlink: /home/jetson/ros2_ws/install/initial_pose/share/initial_pose/environment/ament_prefix_path.dsv
[0.735s] -- Up-to-date symlink: /home/jetson/ros2_ws/install/initial_pose/share/initial_pose/environment/path.sh
[0.735s] -- Up-to-date symlink: /home/jetson/ros2_ws/install/initial_pose/share/initial_pose/environment/path.dsv
[0.735s] -- Up-to-date symlink: /home/jetson/ros2_ws/install/initial_pose/share/initial_pose/local_setup.bash
[0.736s] -- Up-to-date symlink: /home/jetson/ros2_ws/install/initial_pose/share/initial_pose/local_setup.sh
[0.736s] -- Up-to-date symlink: /home/jetson/ros2_ws/install/initial_pose/share/initial_pose/local_setup.zsh
[0.736s] -- Up-to-date symlink: /home/jetson/ros2_ws/install/initial_pose/share/initial_pose/local_setup.dsv
[0.737s] -- Symlinking: /home/jetson/ros2_ws/install/initial_pose/share/initial_pose/package.dsv
[0.774s] -- Up-to-date symlink: /home/jetson/ros2_ws/install/initial_pose/share/ament_index/resource_index/packages/initial_pose
[0.775s] -- Up-to-date symlink: /home/jetson/ros2_ws/install/initial_pose/share/initial_pose/cmake/ament_cmake_export_dependencies-extras.cmake
[0.780s] -- Up-to-date symlink: /home/jetson/ros2_ws/install/initial_pose/share/initial_pose/cmake/initial_poseConfig.cmake
[0.780s] -- Up-to-date symlink: /home/jetson/ros2_ws/install/initial_pose/share/initial_pose/cmake/initial_poseConfig-version.cmake
[0.781s] -- Up-to-date symlink: /home/jetson/ros2_ws/install/initial_pose/share/initial_pose/package.xml
[0.816s] Invoked command in '/home/jetson/ros2_ws/build/initial_pose' returned '0': CMAKE_PREFIX_PATH=${CMAKE_PREFIX_PATH}:/opt/ros/foxy /usr/bin/cmake --install /home/jetson/ros2_ws/build/initial_pose
