[0.171s] Invoking command in '/home/jetson/ros2_ws/build/inital_pose': CMAKE_PREFIX_PATH=${CMAKE_PREFIX_PATH}:/opt/ros/foxy /usr/bin/cmake --build /home/jetson/ros2_ws/build/inital_pose -- -j8 -l8
[0.356s] [35m[1mScanning dependencies of target initialpose[0m
[0.592s] [ 50%] [32mBuilding CXX object CMakeFiles/initialpose.dir/src/initialpose.cpp.o[0m
[9.722s] [100%] [32m[1mLinking CXX executable initialpose[0m
[10.230s] [100%] Built target initialpose
[10.380s] Invoked command in '/home/jetson/ros2_ws/build/inital_pose' returned '0': CMAKE_PREFIX_PATH=${CMAKE_PREFIX_PATH}:/opt/ros/foxy /usr/bin/cmake --build /home/jetson/ros2_ws/build/inital_pose -- -j8 -l8
[10.490s] Invoking command in '/home/jetson/ros2_ws/build/inital_pose': CMAKE_PREFIX_PATH=${CMAKE_PREFIX_PATH}:/opt/ros/foxy /usr/bin/cmake --install /home/jetson/ros2_ws/build/inital_pose
[10.520s] -- Install configuration: ""
[10.522s] -- Execute custom install script
[10.524s] -- Up-to-date symlink: /home/jetson/ros2_ws/install/inital_pose/lib/inital_pose/initialpose
[10.525s] -- Up-to-date symlink: /home/jetson/ros2_ws/install/inital_pose/share/ament_index/resource_index/package_run_dependencies/inital_pose
[10.527s] -- Up-to-date symlink: /home/jetson/ros2_ws/install/inital_pose/share/ament_index/resource_index/parent_prefix_path/inital_pose
[10.528s] -- Up-to-date symlink: /home/jetson/ros2_ws/install/inital_pose/share/inital_pose/environment/ament_prefix_path.sh
[10.529s] -- Up-to-date symlink: /home/jetson/ros2_ws/install/inital_pose/share/inital_pose/environment/ament_prefix_path.dsv
[10.530s] -- Up-to-date symlink: /home/jetson/ros2_ws/install/inital_pose/share/inital_pose/environment/path.sh
[10.532s] -- Up-to-date symlink: /home/jetson/ros2_ws/install/inital_pose/share/inital_pose/environment/path.dsv
[10.532s] -- Up-to-date symlink: /home/jetson/ros2_ws/install/inital_pose/share/inital_pose/local_setup.bash
[10.534s] -- Up-to-date symlink: /home/jetson/ros2_ws/install/inital_pose/share/inital_pose/local_setup.sh
[10.535s] -- Up-to-date symlink: /home/jetson/ros2_ws/install/inital_pose/share/inital_pose/local_setup.zsh
[10.536s] -- Up-to-date symlink: /home/jetson/ros2_ws/install/inital_pose/share/inital_pose/local_setup.dsv
[10.536s] -- Symlinking: /home/jetson/ros2_ws/install/inital_pose/share/inital_pose/package.dsv
[10.572s] -- Up-to-date symlink: /home/jetson/ros2_ws/install/inital_pose/share/ament_index/resource_index/packages/inital_pose
[10.573s] -- Up-to-date symlink: /home/jetson/ros2_ws/install/inital_pose/share/inital_pose/cmake/ament_cmake_export_dependencies-extras.cmake
[10.574s] -- Up-to-date symlink: /home/jetson/ros2_ws/install/inital_pose/share/inital_pose/cmake/inital_poseConfig.cmake
[10.575s] -- Up-to-date symlink: /home/jetson/ros2_ws/install/inital_pose/share/inital_pose/cmake/inital_poseConfig-version.cmake
[10.576s] -- Up-to-date symlink: /home/jetson/ros2_ws/install/inital_pose/share/inital_pose/package.xml
[10.590s] Invoked command in '/home/jetson/ros2_ws/build/inital_pose' returned '0': CMAKE_PREFIX_PATH=${CMAKE_PREFIX_PATH}:/opt/ros/foxy /usr/bin/cmake --install /home/jetson/ros2_ws/build/inital_pose
