-- The C compiler identification is GNU 9.4.0
-- The CXX compiler identification is GNU 9.4.0
-- Check for working C compiler: /usr/bin/cc
-- Check for working C compiler: /usr/bin/cc -- works
-- Detecting C compiler ABI info
-- Detecting C compiler ABI info - done
-- Detecting C compile features
-- Detecting C compile features - done
-- Check for working CXX compiler: /usr/bin/c++
-- Check for working CXX compiler: /usr/bin/c++ -- works
-- Detecting CXX compiler ABI info
-- Detecting CXX compiler ABI info - done
-- Detecting CXX compile features
-- Detecting CXX compile features - done
-- Found ament_cmake: 0.9.12 (/opt/ros/foxy/share/ament_cmake/cmake)
-- Found PythonInterp: /usr/bin/python3 (found suitable version "3.8.10", minimum required is "3") 
-- Using PYTHON_EXECUTABLE: /usr/bin/python3
-- Override CMake install command with custom implementation using symlinks instead of copying resources
-- Found rclcpp: 2.4.3 (/opt/ros/foxy/share/rclcpp/cmake)
-- Using all available rosidl_typesupport_c: rosidl_typesupport_fastrtps_c;rosidl_typesupport_introspection_c
-- Found rosidl_adapter: 1.3.1 (/opt/ros/foxy/share/rosidl_adapter/cmake)
-- Found OpenSSL: /usr/lib/aarch64-linux-gnu/libcrypto.so (found version "1.1.1f")  
-- Found FastRTPS: /opt/ros/foxy/include  
-- Using all available rosidl_typesupport_cpp: rosidl_typesupport_fastrtps_cpp;rosidl_typesupport_introspection_cpp
-- Found rmw_implementation_cmake: 1.0.4 (/opt/ros/foxy/share/rmw_implementation_cmake/cmake)
-- Using RMW implementation 'rmw_fastrtps_cpp' as default
-- Looking for pthread.h
-- Looking for pthread.h - found
-- Performing Test CMAKE_HAVE_LIBC_PTHREAD
-- Performing Test CMAKE_HAVE_LIBC_PTHREAD - Failed
-- Looking for pthread_create in pthreads
-- Looking for pthread_create in pthreads - not found
-- Looking for pthread_create in pthread
-- Looking for pthread_create in pthread - found
-- Found Threads: TRUE  
-- Found message_filters: 3.2.7 (/opt/ros/foxy/share/message_filters/cmake)
-- Found sensor_msgs: 2.0.5 (/opt/ros/foxy/share/sensor_msgs/cmake)
-- Found nav_msgs: 2.0.5 (/opt/ros/foxy/share/nav_msgs/cmake)
-- Found tf2: 0.13.14 (/opt/ros/foxy/share/tf2/cmake)
-- Found tf2_ros: 0.13.14 (/opt/ros/foxy/share/tf2_ros/cmake)
-- Found ament_lint_auto: 0.9.8 (/opt/ros/foxy/share/ament_lint_auto/cmake)
-- Added test 'copyright' to check source files copyright and LICENSE
-- Added test 'cppcheck' to perform static code analysis on C / C++ code
-- Configured cppcheck include dirs: /home/jetsonnx/ros2_ws/src/odometry_ros2/include
-- Configured cppcheck exclude dirs and/or files: 
-- Added test 'cpplint' to check C / C++ code against the Google style
-- Configured cpplint exclude dirs and/or files: 
-- Added test 'lint_cmake' to check CMake code style
-- Added test 'uncrustify' to check C / C++ code style
-- Configured uncrustify additional arguments: 
-- Added test 'xmllint' to check XML markup files
-- Configuring done
-- Generating done
-- Build files have been written to: /home/jetsonnx/ros2_ws/build/odometry_ros2
[35m[1mScanning dependencies of target odometry_ros2[0m
[ 25%] [32mBuilding CXX object CMakeFiles/odometry_ros2.dir/src/odometry.cpp.o[0m
[ 50%] [32mBuilding CXX object CMakeFiles/odometry_ros2.dir/src/diff_drive_controller.cpp.o[0m
[ 75%] [32mBuilding CXX object CMakeFiles/odometry_ros2.dir/src/main.cpp.o[0m
[100%] [32m[1mLinking CXX executable odometry_ros2[0m
[100%] Built target odometry_ros2
-- Install configuration: ""
-- Execute custom install script
-- Symlinking: /home/jetsonnx/ros2_ws/install/odometry_ros2/lib/odometry_ros2/odometry_ros2
-- Symlinking: /home/jetsonnx/ros2_ws/install/odometry_ros2/share/ament_index/resource_index/package_run_dependencies/odometry_ros2
-- Symlinking: /home/jetsonnx/ros2_ws/install/odometry_ros2/share/ament_index/resource_index/parent_prefix_path/odometry_ros2
-- Symlinking: /home/jetsonnx/ros2_ws/install/odometry_ros2/share/odometry_ros2/environment/ament_prefix_path.sh
-- Symlinking: /home/jetsonnx/ros2_ws/install/odometry_ros2/share/odometry_ros2/environment/ament_prefix_path.dsv
-- Symlinking: /home/jetsonnx/ros2_ws/install/odometry_ros2/share/odometry_ros2/environment/path.sh
-- Symlinking: /home/jetsonnx/ros2_ws/install/odometry_ros2/share/odometry_ros2/environment/path.dsv
-- Symlinking: /home/jetsonnx/ros2_ws/install/odometry_ros2/share/odometry_ros2/local_setup.bash
-- Symlinking: /home/jetsonnx/ros2_ws/install/odometry_ros2/share/odometry_ros2/local_setup.sh
-- Symlinking: /home/jetsonnx/ros2_ws/install/odometry_ros2/share/odometry_ros2/local_setup.zsh
-- Symlinking: /home/jetsonnx/ros2_ws/install/odometry_ros2/share/odometry_ros2/local_setup.dsv
-- Symlinking: /home/jetsonnx/ros2_ws/install/odometry_ros2/share/odometry_ros2/package.dsv
-- Symlinking: /home/jetsonnx/ros2_ws/install/odometry_ros2/share/ament_index/resource_index/packages/odometry_ros2
-- Symlinking: /home/jetsonnx/ros2_ws/install/odometry_ros2/share/odometry_ros2/cmake/ament_cmake_export_include_directories-extras.cmake
-- Symlinking: /home/jetsonnx/ros2_ws/install/odometry_ros2/share/odometry_ros2/cmake/odometry_ros2Config.cmake
-- Symlinking: /home/jetsonnx/ros2_ws/install/odometry_ros2/share/odometry_ros2/cmake/odometry_ros2Config-version.cmake
-- Symlinking: /home/jetsonnx/ros2_ws/install/odometry_ros2/share/odometry_ros2/package.xml
