[0.236s] Invoking command in '/home/jetsonnx/ros2_ws/build/odometry_ros2': CMAKE_PREFIX_PATH=${CMAKE_PREFIX_PATH}:/opt/ros/foxy /usr/bin/cmake /home/jetsonnx/ros2_ws/src/odometry_ros2 -DAMENT_CMAKE_SYMLINK_INSTALL=1 -DCMAKE_INSTALL_PREFIX=/home/jetsonnx/ros2_ws/install/odometry_ros2
[1.369s] -- The C compiler identification is GNU 9.4.0
[2.463s] -- The CXX compiler identification is GNU 9.4.0
[2.608s] -- Check for working C compiler: /usr/bin/cc
[3.047s] -- Check for working C compiler: /usr/bin/cc -- works
[3.178s] -- Detecting C compiler ABI info
[4.046s] -- Detecting C compiler ABI info - done
[4.279s] -- Detecting C compile features
[4.279s] -- Detecting C compile features - done
[4.296s] -- Check for working CXX compiler: /usr/bin/c++
[4.767s] -- Check for working CXX compiler: /usr/bin/c++ -- works
[4.772s] -- Detecting CXX compiler ABI info
[5.347s] -- Detecting CXX compiler ABI info - done
[5.415s] -- Detecting CXX compile features
[5.419s] -- Detecting CXX compile features - done
[5.560s] -- Found ament_cmake: 0.9.12 (/opt/ros/foxy/share/ament_cmake/cmake)
[5.796s] -- Found PythonInterp: /usr/bin/python3 (found suitable version "3.8.10", minimum required is "3") 
[5.801s] -- Using PYTHON_EXECUTABLE: /usr/bin/python3
[7.012s] -- Override CMake install command with custom implementation using symlinks instead of copying resources
[7.194s] -- Found rclcpp: 2.4.3 (/opt/ros/foxy/share/rclcpp/cmake)
[7.768s] -- Using all available rosidl_typesupport_c: rosidl_typesupport_fastrtps_c;rosidl_typesupport_introspection_c
[7.952s] -- Found rosidl_adapter: 1.3.1 (/opt/ros/foxy/share/rosidl_adapter/cmake)
[8.854s] -- Found OpenSSL: /usr/lib/aarch64-linux-gnu/libcrypto.so (found version "1.1.1f")  
[9.074s] -- Found FastRTPS: /opt/ros/foxy/include  
[10.318s] -- Using all available rosidl_typesupport_cpp: rosidl_typesupport_fastrtps_cpp;rosidl_typesupport_introspection_cpp
[11.470s] -- Found rmw_implementation_cmake: 1.0.4 (/opt/ros/foxy/share/rmw_implementation_cmake/cmake)
[11.480s] -- Using RMW implementation 'rmw_fastrtps_cpp' as default
[11.488s] -- Looking for pthread.h
[12.053s] -- Looking for pthread.h - found
[12.055s] -- Performing Test CMAKE_HAVE_LIBC_PTHREAD
[12.560s] -- Performing Test CMAKE_HAVE_LIBC_PTHREAD - Failed
[12.562s] -- Looking for pthread_create in pthreads
[13.164s] -- Looking for pthread_create in pthreads - not found
[13.164s] -- Looking for pthread_create in pthread
[13.504s] -- Looking for pthread_create in pthread - found
[13.522s] -- Found Threads: TRUE  
[15.584s] -- Found message_filters: 3.2.7 (/opt/ros/foxy/share/message_filters/cmake)
[15.603s] -- Found sensor_msgs: 2.0.5 (/opt/ros/foxy/share/sensor_msgs/cmake)
[16.339s] -- Found nav_msgs: 2.0.5 (/opt/ros/foxy/share/nav_msgs/cmake)
[16.785s] -- Found tf2: 0.13.14 (/opt/ros/foxy/share/tf2/cmake)
[16.990s] -- Found tf2_ros: 0.13.14 (/opt/ros/foxy/share/tf2_ros/cmake)
[19.431s] -- Found ament_lint_auto: 0.9.8 (/opt/ros/foxy/share/ament_lint_auto/cmake)
[19.754s] -- Added test 'copyright' to check source files copyright and LICENSE
[19.790s] -- Added test 'cppcheck' to perform static code analysis on C / C++ code
[19.791s] -- Configured cppcheck include dirs: /home/jetsonnx/ros2_ws/src/odometry_ros2/include
[19.791s] -- Configured cppcheck exclude dirs and/or files: 
[19.825s] -- Added test 'cpplint' to check C / C++ code against the Google style
[19.826s] -- Configured cpplint exclude dirs and/or files: 
[19.840s] -- Added test 'lint_cmake' to check CMake code style
[19.879s] -- Added test 'uncrustify' to check C / C++ code style
[19.880s] -- Configured uncrustify additional arguments: 
[19.885s] -- Added test 'xmllint' to check XML markup files
[20.054s] -- Configuring done
[20.124s] -- Generating done
[20.132s] -- Build files have been written to: /home/jetsonnx/ros2_ws/build/odometry_ros2
[20.179s] Invoked command in '/home/jetsonnx/ros2_ws/build/odometry_ros2' returned '0': CMAKE_PREFIX_PATH=${CMAKE_PREFIX_PATH}:/opt/ros/foxy /usr/bin/cmake /home/jetsonnx/ros2_ws/src/odometry_ros2 -DAMENT_CMAKE_SYMLINK_INSTALL=1 -DCMAKE_INSTALL_PREFIX=/home/jetsonnx/ros2_ws/install/odometry_ros2
[20.191s] Invoking command in '/home/jetsonnx/ros2_ws/build/odometry_ros2': CMAKE_PREFIX_PATH=${CMAKE_PREFIX_PATH}:/opt/ros/foxy /usr/bin/cmake --build /home/jetsonnx/ros2_ws/build/odometry_ros2 -- -j4 -l4
[20.363s] [35m[1mScanning dependencies of target odometry_ros2[0m
[21.132s] [ 25%] [32mBuilding CXX object CMakeFiles/odometry_ros2.dir/src/odometry.cpp.o[0m
[21.166s] [ 50%] [32mBuilding CXX object CMakeFiles/odometry_ros2.dir/src/diff_drive_controller.cpp.o[0m
[21.178s] [ 75%] [32mBuilding CXX object CMakeFiles/odometry_ros2.dir/src/main.cpp.o[0m
[29.374s] [01m[K/home/jetsonnx/ros2_ws/src/odometry_ros2/src/odometry.cpp:[m[K In member function ‘[01m[Kbool robotis::turtlebot3::Odometry::calculate_odometry(const rclcpp::Duration&)[m[K’:
[29.375s] [01m[K/home/jetsonnx/ros2_ws/src/odometry_ros2/src/odometry.cpp:244:17:[m[K [01;35m[Kwarning: [m[Kvariable ‘[01m[Klast_theta[m[K’ set but not used [[01;35m[K-Wunused-but-set-variable[m[K]
[29.376s]   244 |   static double [01;35m[Klast_theta[m[K = 0.0;
[29.376s]       |                 [01;35m[K^~~~~~~~~~[m[K
[57.883s] [100%] [32m[1mLinking CXX executable odometry_ros2[0m
[60.415s] [100%] Built target odometry_ros2
[60.566s] Invoked command in '/home/jetsonnx/ros2_ws/build/odometry_ros2' returned '0': CMAKE_PREFIX_PATH=${CMAKE_PREFIX_PATH}:/opt/ros/foxy /usr/bin/cmake --build /home/jetsonnx/ros2_ws/build/odometry_ros2 -- -j4 -l4
[60.706s] Invoking command in '/home/jetsonnx/ros2_ws/build/odometry_ros2': CMAKE_PREFIX_PATH=${CMAKE_PREFIX_PATH}:/opt/ros/foxy /usr/bin/cmake --install /home/jetsonnx/ros2_ws/build/odometry_ros2
[60.744s] -- Install configuration: ""
[60.746s] -- Execute custom install script
[60.749s] -- Symlinking: /home/jetsonnx/ros2_ws/install/odometry_ros2/lib/odometry_ros2/odometry_ros2
[60.787s] -- Symlinking: /home/jetsonnx/ros2_ws/install/odometry_ros2/share/ament_index/resource_index/package_run_dependencies/odometry_ros2
[60.824s] -- Symlinking: /home/jetsonnx/ros2_ws/install/odometry_ros2/share/ament_index/resource_index/parent_prefix_path/odometry_ros2
[60.862s] -- Symlinking: /home/jetsonnx/ros2_ws/install/odometry_ros2/share/odometry_ros2/environment/ament_prefix_path.sh
[60.899s] -- Symlinking: /home/jetsonnx/ros2_ws/install/odometry_ros2/share/odometry_ros2/environment/ament_prefix_path.dsv
[60.947s] -- Symlinking: /home/jetsonnx/ros2_ws/install/odometry_ros2/share/odometry_ros2/environment/path.sh
[60.986s] -- Symlinking: /home/jetsonnx/ros2_ws/install/odometry_ros2/share/odometry_ros2/environment/path.dsv
[61.032s] -- Symlinking: /home/jetsonnx/ros2_ws/install/odometry_ros2/share/odometry_ros2/local_setup.bash
[61.079s] -- Symlinking: /home/jetsonnx/ros2_ws/install/odometry_ros2/share/odometry_ros2/local_setup.sh
[61.126s] -- Symlinking: /home/jetsonnx/ros2_ws/install/odometry_ros2/share/odometry_ros2/local_setup.zsh
[61.171s] -- Symlinking: /home/jetsonnx/ros2_ws/install/odometry_ros2/share/odometry_ros2/local_setup.dsv
[61.218s] -- Symlinking: /home/jetsonnx/ros2_ws/install/odometry_ros2/share/odometry_ros2/package.dsv
[61.260s] -- Symlinking: /home/jetsonnx/ros2_ws/install/odometry_ros2/share/ament_index/resource_index/packages/odometry_ros2
[61.303s] -- Symlinking: /home/jetsonnx/ros2_ws/install/odometry_ros2/share/odometry_ros2/cmake/ament_cmake_export_include_directories-extras.cmake
[61.346s] -- Symlinking: /home/jetsonnx/ros2_ws/install/odometry_ros2/share/odometry_ros2/cmake/odometry_ros2Config.cmake
[61.389s] -- Symlinking: /home/jetsonnx/ros2_ws/install/odometry_ros2/share/odometry_ros2/cmake/odometry_ros2Config-version.cmake
[61.435s] -- Symlinking: /home/jetsonnx/ros2_ws/install/odometry_ros2/share/odometry_ros2/package.xml
[61.512s] Invoked command in '/home/jetsonnx/ros2_ws/build/odometry_ros2' returned '0': CMAKE_PREFIX_PATH=${CMAKE_PREFIX_PATH}:/opt/ros/foxy /usr/bin/cmake --install /home/jetsonnx/ros2_ws/build/odometry_ros2
