[0.156s] Invoking command in '/home/jetsonnx/ros2_ws/build/odometry_ros2': CMAKE_PREFIX_PATH=${CMAKE_PREFIX_PATH}:/opt/ros/foxy /usr/bin/cmake --build /home/jetsonnx/ros2_ws/build/odometry_ros2 -- -j4 -l4
[0.594s] [100%] Built target odometry_ros2
[0.816s] Invoked command in '/home/jetsonnx/ros2_ws/build/odometry_ros2' returned '0': CMAKE_PREFIX_PATH=${CMAKE_PREFIX_PATH}:/opt/ros/foxy /usr/bin/cmake --build /home/jetsonnx/ros2_ws/build/odometry_ros2 -- -j4 -l4
[1.045s] Invoking command in '/home/jetsonnx/ros2_ws/build/odometry_ros2': CMAKE_PREFIX_PATH=${CMAKE_PREFIX_PATH}:/opt/ros/foxy /usr/bin/cmake --install /home/jetsonnx/ros2_ws/build/odometry_ros2
[1.100s] -- Install configuration: ""
[1.104s] -- Execute custom install script
[1.107s] -- Up-to-date symlink: /home/jetsonnx/ros2_ws/install/odometry_ros2/lib/odometry_ros2/odometry_ros2
[1.108s] -- Up-to-date symlink: /home/jetsonnx/ros2_ws/install/odometry_ros2/share/ament_index/resource_index/package_run_dependencies/odometry_ros2
[1.111s] -- Up-to-date symlink: /home/jetsonnx/ros2_ws/install/odometry_ros2/share/ament_index/resource_index/parent_prefix_path/odometry_ros2
[1.112s] -- Up-to-date symlink: /home/jetsonnx/ros2_ws/install/odometry_ros2/share/odometry_ros2/environment/ament_prefix_path.sh
[1.113s] -- Up-to-date symlink: /home/jetsonnx/ros2_ws/install/odometry_ros2/share/odometry_ros2/environment/ament_prefix_path.dsv
[1.120s] -- Up-to-date symlink: /home/jetsonnx/ros2_ws/install/odometry_ros2/share/odometry_ros2/environment/path.sh
[1.122s] -- Up-to-date symlink: /home/jetsonnx/ros2_ws/install/odometry_ros2/share/odometry_ros2/environment/path.dsv
[1.123s] -- Up-to-date symlink: /home/jetsonnx/ros2_ws/install/odometry_ros2/share/odometry_ros2/local_setup.bash
[1.129s] -- Up-to-date symlink: /home/jetsonnx/ros2_ws/install/odometry_ros2/share/odometry_ros2/local_setup.sh
[1.129s] -- Up-to-date symlink: /home/jetsonnx/ros2_ws/install/odometry_ros2/share/odometry_ros2/local_setup.zsh
[1.129s] -- Up-to-date symlink: /home/jetsonnx/ros2_ws/install/odometry_ros2/share/odometry_ros2/local_setup.dsv
[1.133s] -- Symlinking: /home/jetsonnx/ros2_ws/install/odometry_ros2/share/odometry_ros2/package.dsv
[1.193s] -- Up-to-date symlink: /home/jetsonnx/ros2_ws/install/odometry_ros2/share/ament_index/resource_index/packages/odometry_ros2
[1.193s] -- Up-to-date symlink: /home/jetsonnx/ros2_ws/install/odometry_ros2/share/odometry_ros2/cmake/ament_cmake_export_include_directories-extras.cmake
[1.194s] -- Up-to-date symlink: /home/jetsonnx/ros2_ws/install/odometry_ros2/share/odometry_ros2/cmake/odometry_ros2Config.cmake
[1.195s] -- Up-to-date symlink: /home/jetsonnx/ros2_ws/install/odometry_ros2/share/odometry_ros2/cmake/odometry_ros2Config-version.cmake
[1.195s] -- Up-to-date symlink: /home/jetsonnx/ros2_ws/install/odometry_ros2/share/odometry_ros2/package.xml
[1.303s] Invoked command in '/home/jetsonnx/ros2_ws/build/odometry_ros2' returned '0': CMAKE_PREFIX_PATH=${CMAKE_PREFIX_PATH}:/opt/ros/foxy /usr/bin/cmake --install /home/jetsonnx/ros2_ws/build/odometry_ros2
